[0.025s] Invoking command in '/home/rm_autoaim/suep2026/2025_ws/build/buff_detector': CMAKE_PREFIX_PATH=/home/rm_autoaim/suep2026/2025_ws/install/buff_interfaces:/home/rm_autoaim/suep2026/2025_ws/install/rm_vision_bringup:/home/rm_autoaim/suep2026/2025_ws/install/rm_buff_bringup:/home/rm_autoaim/suep2026/2025_ws/install/rm_serial_driver:/home/rm_autoaim/suep2026/2025_ws/install/rm_gimbal_description:/home/rm_autoaim/suep2026/2025_ws/install/rm_buff:/home/rm_autoaim/suep2026/2025_ws/install/rm_auto_record:/home/rm_autoaim/suep2026/2025_ws/install/rm_auto_aim:/home/rm_autoaim/suep2026/2025_ws/install/hik_camera:/home/rm_autoaim/suep2026/2025_ws/install/buff_tracker:/home/rm_autoaim/suep2026/2025_ws/install/buff_detector:/home/rm_autoaim/suep2026/2025_ws/install/armor_tracker:/home/rm_autoaim/suep2026/2025_ws/install/armor_detector:/home/rm_autoaim/suep2026/2025_ws/install/auto_aim_interfaces:/opt/ros/humble LD_LIBRARY_PATH=/home/rm_autoaim/suep2026/2025_ws/install/buff_interfaces/lib:/home/rm_autoaim/suep2026/2025_ws/install/rm_serial_driver/lib:/home/rm_autoaim/suep2026/2025_ws/install/rm_auto_record/lib:/home/rm_autoaim/suep2026/2025_ws/install/hik_camera/lib:/home/rm_autoaim/suep2026/2025_ws/install/buff_tracker/lib:/home/rm_autoaim/suep2026/2025_ws/install/buff_detector/lib:/home/rm_autoaim/suep2026/2025_ws/install/armor_tracker/lib:/home/rm_autoaim/suep2026/2025_ws/install/armor_detector/lib:/home/rm_autoaim/suep2026/2025_ws/install/auto_aim_interfaces/lib:/opt/ros/humble/opt/rviz_ogre_vendor/lib:/opt/ros/humble/lib/x86_64-linux-gnu:/opt/ros/humble/lib:/opt/MVS/lib/64:/opt/MVS/lib/32 /usr/bin/cmake --build /home/rm_autoaim/suep2026/2025_ws/build/buff_detector -- -j8 -l8
[0.121s] [100%] Built target buff_detector_node
[0.121s] [100%] Built target buff_detector
[0.142s] Invoked command in '/home/rm_autoaim/suep2026/2025_ws/build/buff_detector' returned '0': CMAKE_PREFIX_PATH=/home/rm_autoaim/suep2026/2025_ws/install/buff_interfaces:/home/rm_autoaim/suep2026/2025_ws/install/rm_vision_bringup:/home/rm_autoaim/suep2026/2025_ws/install/rm_buff_bringup:/home/rm_autoaim/suep2026/2025_ws/install/rm_serial_driver:/home/rm_autoaim/suep2026/2025_ws/install/rm_gimbal_description:/home/rm_autoaim/suep2026/2025_ws/install/rm_buff:/home/rm_autoaim/suep2026/2025_ws/install/rm_auto_record:/home/rm_autoaim/suep2026/2025_ws/install/rm_auto_aim:/home/rm_autoaim/suep2026/2025_ws/install/hik_camera:/home/rm_autoaim/suep2026/2025_ws/install/buff_tracker:/home/rm_autoaim/suep2026/2025_ws/install/buff_detector:/home/rm_autoaim/suep2026/2025_ws/install/armor_tracker:/home/rm_autoaim/suep2026/2025_ws/install/armor_detector:/home/rm_autoaim/suep2026/2025_ws/install/auto_aim_interfaces:/opt/ros/humble LD_LIBRARY_PATH=/home/rm_autoaim/suep2026/2025_ws/install/buff_interfaces/lib:/home/rm_autoaim/suep2026/2025_ws/install/rm_serial_driver/lib:/home/rm_autoaim/suep2026/2025_ws/install/rm_auto_record/lib:/home/rm_autoaim/suep2026/2025_ws/install/hik_camera/lib:/home/rm_autoaim/suep2026/2025_ws/install/buff_tracker/lib:/home/rm_autoaim/suep2026/2025_ws/install/buff_detector/lib:/home/rm_autoaim/suep2026/2025_ws/install/armor_tracker/lib:/home/rm_autoaim/suep2026/2025_ws/install/armor_detector/lib:/home/rm_autoaim/suep2026/2025_ws/install/auto_aim_interfaces/lib:/opt/ros/humble/opt/rviz_ogre_vendor/lib:/opt/ros/humble/lib/x86_64-linux-gnu:/opt/ros/humble/lib:/opt/MVS/lib/64:/opt/MVS/lib/32 /usr/bin/cmake --build /home/rm_autoaim/suep2026/2025_ws/build/buff_detector -- -j8 -l8
[0.143s] Invoking command in '/home/rm_autoaim/suep2026/2025_ws/build/buff_detector': CMAKE_PREFIX_PATH=/home/rm_autoaim/suep2026/2025_ws/install/buff_interfaces:/home/rm_autoaim/suep2026/2025_ws/install/rm_vision_bringup:/home/rm_autoaim/suep2026/2025_ws/install/rm_buff_bringup:/home/rm_autoaim/suep2026/2025_ws/install/rm_serial_driver:/home/rm_autoaim/suep2026/2025_ws/install/rm_gimbal_description:/home/rm_autoaim/suep2026/2025_ws/install/rm_buff:/home/rm_autoaim/suep2026/2025_ws/install/rm_auto_record:/home/rm_autoaim/suep2026/2025_ws/install/rm_auto_aim:/home/rm_autoaim/suep2026/2025_ws/install/hik_camera:/home/rm_autoaim/suep2026/2025_ws/install/buff_tracker:/home/rm_autoaim/suep2026/2025_ws/install/buff_detector:/home/rm_autoaim/suep2026/2025_ws/install/armor_tracker:/home/rm_autoaim/suep2026/2025_ws/install/armor_detector:/home/rm_autoaim/suep2026/2025_ws/install/auto_aim_interfaces:/opt/ros/humble LD_LIBRARY_PATH=/home/rm_autoaim/suep2026/2025_ws/install/buff_interfaces/lib:/home/rm_autoaim/suep2026/2025_ws/install/rm_serial_driver/lib:/home/rm_autoaim/suep2026/2025_ws/install/rm_auto_record/lib:/home/rm_autoaim/suep2026/2025_ws/install/hik_camera/lib:/home/rm_autoaim/suep2026/2025_ws/install/buff_tracker/lib:/home/rm_autoaim/suep2026/2025_ws/install/buff_detector/lib:/home/rm_autoaim/suep2026/2025_ws/install/armor_tracker/lib:/home/rm_autoaim/suep2026/2025_ws/install/armor_detector/lib:/home/rm_autoaim/suep2026/2025_ws/install/auto_aim_interfaces/lib:/opt/ros/humble/opt/rviz_ogre_vendor/lib:/opt/ros/humble/lib/x86_64-linux-gnu:/opt/ros/humble/lib:/opt/MVS/lib/64:/opt/MVS/lib/32 /usr/bin/cmake --install /home/rm_autoaim/suep2026/2025_ws/build/buff_detector
[0.156s] -- Install configuration: ""
[0.156s] -- Up-to-date: /home/rm_autoaim/suep2026/2025_ws/install/buff_detector/lib/buff_detector/buff_detector_node
[0.157s] -- Up-to-date: /home/rm_autoaim/suep2026/2025_ws/install/buff_detector/include
[0.158s] -- Up-to-date: /home/rm_autoaim/suep2026/2025_ws/install/buff_detector/include/buff_detector
[0.159s] -- Up-to-date: /home/rm_autoaim/suep2026/2025_ws/install/buff_detector/include/buff_detector/detector_node.hpp
[0.159s] -- Up-to-date: /home/rm_autoaim/suep2026/2025_ws/install/buff_detector/include/buff_detector/pnp_solver.hpp
[0.159s] -- Up-to-date: /home/rm_autoaim/suep2026/2025_ws/install/buff_detector/include/buff_detector/blade.hpp
[0.159s] -- Up-to-date: /home/rm_autoaim/suep2026/2025_ws/install/buff_detector/include/buff_detector/detector.hpp
[0.159s] -- Up-to-date: /home/rm_autoaim/suep2026/2025_ws/install/buff_detector/share/buff_detector/environment/library_path.sh
[0.159s] -- Up-to-date: /home/rm_autoaim/suep2026/2025_ws/install/buff_detector/share/buff_detector/environment/library_path.dsv
[0.159s] -- Up-to-date: /home/rm_autoaim/suep2026/2025_ws/install/buff_detector/lib/libbuff_detector.so
[0.159s] -- Up-to-date: /home/rm_autoaim/suep2026/2025_ws/install/buff_detector/share/buff_detector/models
[0.159s] -- Up-to-date: /home/rm_autoaim/suep2026/2025_ws/install/buff_detector/share/buff_detector/models/buff_quantized.bin
[0.159s] -- Up-to-date: /home/rm_autoaim/suep2026/2025_ws/install/buff_detector/share/buff_detector/models/buff_quantized.xml
[0.159s] -- Up-to-date: /home/rm_autoaim/suep2026/2025_ws/install/buff_detector/share/buff_detector/launch
[0.159s] -- Up-to-date: /home/rm_autoaim/suep2026/2025_ws/install/buff_detector/share/buff_detector/launch/buff_detector.launch.py
[0.159s] -- Up-to-date: /home/rm_autoaim/suep2026/2025_ws/install/buff_detector/share/ament_index/resource_index/package_run_dependencies/buff_detector
[0.160s] -- Up-to-date: /home/rm_autoaim/suep2026/2025_ws/install/buff_detector/share/ament_index/resource_index/parent_prefix_path/buff_detector
[0.160s] -- Up-to-date: /home/rm_autoaim/suep2026/2025_ws/install/buff_detector/share/buff_detector/environment/ament_prefix_path.sh
[0.160s] -- Up-to-date: /home/rm_autoaim/suep2026/2025_ws/install/buff_detector/share/buff_detector/environment/ament_prefix_path.dsv
[0.160s] -- Up-to-date: /home/rm_autoaim/suep2026/2025_ws/install/buff_detector/share/buff_detector/environment/path.sh
[0.160s] -- Up-to-date: /home/rm_autoaim/suep2026/2025_ws/install/buff_detector/share/buff_detector/environment/path.dsv
[0.161s] -- Up-to-date: /home/rm_autoaim/suep2026/2025_ws/install/buff_detector/share/buff_detector/local_setup.bash
[0.161s] -- Up-to-date: /home/rm_autoaim/suep2026/2025_ws/install/buff_detector/share/buff_detector/local_setup.sh
[0.161s] -- Up-to-date: /home/rm_autoaim/suep2026/2025_ws/install/buff_detector/share/buff_detector/local_setup.zsh
[0.161s] -- Up-to-date: /home/rm_autoaim/suep2026/2025_ws/install/buff_detector/share/buff_detector/local_setup.dsv
[0.161s] -- Installing: /home/rm_autoaim/suep2026/2025_ws/install/buff_detector/share/buff_detector/package.dsv
[0.163s] -- Up-to-date: /home/rm_autoaim/suep2026/2025_ws/install/buff_detector/share/ament_index/resource_index/packages/buff_detector
[0.164s] -- Up-to-date: /home/rm_autoaim/suep2026/2025_ws/install/buff_detector/share/ament_index/resource_index/rclcpp_components/buff_detector
[0.164s] -- Up-to-date: /home/rm_autoaim/suep2026/2025_ws/install/buff_detector/share/buff_detector/cmake/ament_cmake_export_dependencies-extras.cmake
[0.164s] -- Up-to-date: /home/rm_autoaim/suep2026/2025_ws/install/buff_detector/share/buff_detector/cmake/ament_cmake_export_include_directories-extras.cmake
[0.164s] -- Up-to-date: /home/rm_autoaim/suep2026/2025_ws/install/buff_detector/share/buff_detector/cmake/ament_cmake_export_libraries-extras.cmake
[0.165s] -- Up-to-date: /home/rm_autoaim/suep2026/2025_ws/install/buff_detector/share/buff_detector/cmake/buff_detectorConfig.cmake
[0.165s] -- Up-to-date: /home/rm_autoaim/suep2026/2025_ws/install/buff_detector/share/buff_detector/cmake/buff_detectorConfig-version.cmake
[0.165s] -- Up-to-date: /home/rm_autoaim/suep2026/2025_ws/install/buff_detector/share/buff_detector/package.xml
[0.194s] Invoked command in '/home/rm_autoaim/suep2026/2025_ws/build/buff_detector' returned '0': CMAKE_PREFIX_PATH=/home/rm_autoaim/suep2026/2025_ws/install/buff_interfaces:/home/rm_autoaim/suep2026/2025_ws/install/rm_vision_bringup:/home/rm_autoaim/suep2026/2025_ws/install/rm_buff_bringup:/home/rm_autoaim/suep2026/2025_ws/install/rm_serial_driver:/home/rm_autoaim/suep2026/2025_ws/install/rm_gimbal_description:/home/rm_autoaim/suep2026/2025_ws/install/rm_buff:/home/rm_autoaim/suep2026/2025_ws/install/rm_auto_record:/home/rm_autoaim/suep2026/2025_ws/install/rm_auto_aim:/home/rm_autoaim/suep2026/2025_ws/install/hik_camera:/home/rm_autoaim/suep2026/2025_ws/install/buff_tracker:/home/rm_autoaim/suep2026/2025_ws/install/buff_detector:/home/rm_autoaim/suep2026/2025_ws/install/armor_tracker:/home/rm_autoaim/suep2026/2025_ws/install/armor_detector:/home/rm_autoaim/suep2026/2025_ws/install/auto_aim_interfaces:/opt/ros/humble LD_LIBRARY_PATH=/home/rm_autoaim/suep2026/2025_ws/install/buff_interfaces/lib:/home/rm_autoaim/suep2026/2025_ws/install/rm_serial_driver/lib:/home/rm_autoaim/suep2026/2025_ws/install/rm_auto_record/lib:/home/rm_autoaim/suep2026/2025_ws/install/hik_camera/lib:/home/rm_autoaim/suep2026/2025_ws/install/buff_tracker/lib:/home/rm_autoaim/suep2026/2025_ws/install/buff_detector/lib:/home/rm_autoaim/suep2026/2025_ws/install/armor_tracker/lib:/home/rm_autoaim/suep2026/2025_ws/install/armor_detector/lib:/home/rm_autoaim/suep2026/2025_ws/install/auto_aim_interfaces/lib:/opt/ros/humble/opt/rviz_ogre_vendor/lib:/opt/ros/humble/lib/x86_64-linux-gnu:/opt/ros/humble/lib:/opt/MVS/lib/64:/opt/MVS/lib/32 /usr/bin/cmake --install /home/rm_autoaim/suep2026/2025_ws/build/buff_detector
