[0.009s] Invoking command in '/home/rm_autoaim/suep2026/rm_ws/build/rm_serial_driver': AMENT_PREFIX_PATH=/home/rm_autoaim/suep2026/rm_ws/install/auto_aim_interfaces:${AMENT_PREFIX_PATH} CMAKE_PREFIX_PATH=/home/rm_autoaim/suep2026/rm_ws/install/auto_aim_interfaces:/opt/ros/humble LD_LIBRARY_PATH=/home/rm_autoaim/suep2026/rm_ws/install/auto_aim_interfaces/lib:/opt/ros/humble/opt/rviz_ogre_vendor/lib:/opt/ros/humble/lib/x86_64-linux-gnu:/opt/ros/humble/lib:/opt/MVS/lib/64:/opt/MVS/lib/32 PYTHONPATH=/home/rm_autoaim/suep2026/rm_ws/install/auto_aim_interfaces/local/lib/python3.10/dist-packages:${PYTHONPATH} /usr/bin/cmake /home/rm_autoaim/suep2026/rm_ws/src/rm_serial_driver -DCMAKE_INSTALL_PREFIX=/home/rm_autoaim/suep2026/rm_ws/install/rm_serial_driver
[0.060s] -- The C compiler identification is GNU 11.4.0
[0.109s] -- The CXX compiler identification is GNU 11.4.0
[0.116s] -- Detecting C compiler ABI info
[0.176s] -- Detecting C compiler ABI info - done
[0.181s] -- Check for working C compiler: /usr/bin/cc - skipped
[0.182s] -- Detecting C compile features
[0.182s] -- Detecting C compile features - done
[0.184s] -- Detecting CXX compiler ABI info
[0.252s] -- Detecting CXX compiler ABI info - done
[0.257s] -- Check for working CXX compiler: /usr/bin/c++ - skipped
[0.257s] -- Detecting CXX compile features
[0.258s] -- Detecting CXX compile features - done
[0.264s] -- Found OpenCV: /usr (found version "4.5.4") 
[0.265s] -- Found ament_cmake_auto: 1.3.12 (/opt/ros/humble/share/ament_cmake_auto/cmake)
[0.398s] -- Found Python3: /usr/bin/python3 (found version "3.10.12") found components: Interpreter 
[0.560s] -- Found rosidl_generator_c: 3.1.7 (/opt/ros/humble/share/rosidl_generator_c/cmake)
[0.564s] -- Found rosidl_adapter: 3.1.7 (/opt/ros/humble/share/rosidl_adapter/cmake)
[0.570s] -- Found rosidl_generator_cpp: 3.1.7 (/opt/ros/humble/share/rosidl_generator_cpp/cmake)
[0.579s] -- Using all available rosidl_typesupport_c: rosidl_typesupport_fastrtps_c;rosidl_typesupport_introspection_c
[0.592s] -- Using all available rosidl_typesupport_cpp: rosidl_typesupport_fastrtps_cpp;rosidl_typesupport_introspection_cpp
[0.623s] -- Found rmw_implementation_cmake: 6.1.2 (/opt/ros/humble/share/rmw_implementation_cmake/cmake)
[0.625s] -- Found rmw_fastrtps_cpp: 6.2.8 (/opt/ros/humble/share/rmw_fastrtps_cpp/cmake)
[0.704s] -- Found OpenSSL: /usr/lib/x86_64-linux-gnu/libcrypto.so (found version "3.0.2")  
[0.725s] -- Found FastRTPS: /opt/ros/humble/include  
[0.758s] -- Using RMW implementation 'rmw_fastrtps_cpp' as default
[0.764s] -- Looking for pthread.h
[0.824s] -- Looking for pthread.h - found
[0.824s] -- Performing Test CMAKE_HAVE_LIBC_PTHREAD
[0.888s] -- Performing Test CMAKE_HAVE_LIBC_PTHREAD - Success
[0.889s] -- Found Threads: TRUE  
[0.968s] -- Found asio_cmake_module: 1.2.0 (/opt/ros/humble/share/asio_cmake_module/cmake)
[0.969s] -- Found ASIO: /usr/include  
[1.085s] -- Found eigen3_cmake_module: 0.1.1 (/opt/ros/humble/share/eigen3_cmake_module/cmake)
[1.086s] -- Found Eigen3: TRUE (found version "3.4.0") 
[1.086s] -- Ensuring Eigen3 include directory is part of orocos-kdl CMake target
[1.194s] [0mIn this package, headers install destination is set to `include` by ament_auto_package. It is recommended to install `include/rm_serial_driver` instead and will be the default behavior of ament_auto_package from ROS 2 Kilted Kaiju. On distributions before Kilted, ament_auto_package behaves the same way when you use USE_SCOPED_HEADER_INSTALL_DIR option.[0m
[1.200s] -- Configuring done
[1.240s] -- Generating done
[1.250s] -- Build files have been written to: /home/rm_autoaim/suep2026/rm_ws/build/rm_serial_driver
[1.266s] Invoked command in '/home/rm_autoaim/suep2026/rm_ws/build/rm_serial_driver' returned '0': AMENT_PREFIX_PATH=/home/rm_autoaim/suep2026/rm_ws/install/auto_aim_interfaces:${AMENT_PREFIX_PATH} CMAKE_PREFIX_PATH=/home/rm_autoaim/suep2026/rm_ws/install/auto_aim_interfaces:/opt/ros/humble LD_LIBRARY_PATH=/home/rm_autoaim/suep2026/rm_ws/install/auto_aim_interfaces/lib:/opt/ros/humble/opt/rviz_ogre_vendor/lib:/opt/ros/humble/lib/x86_64-linux-gnu:/opt/ros/humble/lib:/opt/MVS/lib/64:/opt/MVS/lib/32 PYTHONPATH=/home/rm_autoaim/suep2026/rm_ws/install/auto_aim_interfaces/local/lib/python3.10/dist-packages:${PYTHONPATH} /usr/bin/cmake /home/rm_autoaim/suep2026/rm_ws/src/rm_serial_driver -DCMAKE_INSTALL_PREFIX=/home/rm_autoaim/suep2026/rm_ws/install/rm_serial_driver
[1.266s] Invoking command in '/home/rm_autoaim/suep2026/rm_ws/build/rm_serial_driver': AMENT_PREFIX_PATH=/home/rm_autoaim/suep2026/rm_ws/install/auto_aim_interfaces:${AMENT_PREFIX_PATH} CMAKE_PREFIX_PATH=/home/rm_autoaim/suep2026/rm_ws/install/auto_aim_interfaces:/opt/ros/humble LD_LIBRARY_PATH=/home/rm_autoaim/suep2026/rm_ws/install/auto_aim_interfaces/lib:/opt/ros/humble/opt/rviz_ogre_vendor/lib:/opt/ros/humble/lib/x86_64-linux-gnu:/opt/ros/humble/lib:/opt/MVS/lib/64:/opt/MVS/lib/32 PYTHONPATH=/home/rm_autoaim/suep2026/rm_ws/install/auto_aim_interfaces/local/lib/python3.10/dist-packages:${PYTHONPATH} /usr/bin/cmake --build /home/rm_autoaim/suep2026/rm_ws/build/rm_serial_driver -- -j8 -l8
[1.328s] [ 20%] [32mBuilding CXX object CMakeFiles/rm_serial_driver.dir/src/rm_serial_driver.cpp.o[0m
[1.328s] [ 40%] [32mBuilding CXX object CMakeFiles/rm_serial_driver_node.dir/rclcpp_components/node_main_rm_serial_driver_node.cpp.o[0m
[1.329s] [ 60%] [32mBuilding CXX object CMakeFiles/rm_serial_driver.dir/src/crc.cpp.o[0m
[6.927s] [ 80%] [32m[1mLinking CXX executable rm_serial_driver_node[0m
[7.329s] [ 80%] Built target rm_serial_driver_node
[21.007s] [100%] [32m[1mLinking CXX shared library librm_serial_driver.so[0m
[22.291s] [100%] Built target rm_serial_driver
[22.303s] Invoked command in '/home/rm_autoaim/suep2026/rm_ws/build/rm_serial_driver' returned '0': AMENT_PREFIX_PATH=/home/rm_autoaim/suep2026/rm_ws/install/auto_aim_interfaces:${AMENT_PREFIX_PATH} CMAKE_PREFIX_PATH=/home/rm_autoaim/suep2026/rm_ws/install/auto_aim_interfaces:/opt/ros/humble LD_LIBRARY_PATH=/home/rm_autoaim/suep2026/rm_ws/install/auto_aim_interfaces/lib:/opt/ros/humble/opt/rviz_ogre_vendor/lib:/opt/ros/humble/lib/x86_64-linux-gnu:/opt/ros/humble/lib:/opt/MVS/lib/64:/opt/MVS/lib/32 PYTHONPATH=/home/rm_autoaim/suep2026/rm_ws/install/auto_aim_interfaces/local/lib/python3.10/dist-packages:${PYTHONPATH} /usr/bin/cmake --build /home/rm_autoaim/suep2026/rm_ws/build/rm_serial_driver -- -j8 -l8
[22.304s] Invoking command in '/home/rm_autoaim/suep2026/rm_ws/build/rm_serial_driver': AMENT_PREFIX_PATH=/home/rm_autoaim/suep2026/rm_ws/install/auto_aim_interfaces:${AMENT_PREFIX_PATH} CMAKE_PREFIX_PATH=/home/rm_autoaim/suep2026/rm_ws/install/auto_aim_interfaces:/opt/ros/humble LD_LIBRARY_PATH=/home/rm_autoaim/suep2026/rm_ws/install/auto_aim_interfaces/lib:/opt/ros/humble/opt/rviz_ogre_vendor/lib:/opt/ros/humble/lib/x86_64-linux-gnu:/opt/ros/humble/lib:/opt/MVS/lib/64:/opt/MVS/lib/32 PYTHONPATH=/home/rm_autoaim/suep2026/rm_ws/install/auto_aim_interfaces/local/lib/python3.10/dist-packages:${PYTHONPATH} /usr/bin/cmake --install /home/rm_autoaim/suep2026/rm_ws/build/rm_serial_driver
[22.310s] -- Install configuration: ""
[22.310s] -- Installing: /home/rm_autoaim/suep2026/rm_ws/install/rm_serial_driver/lib/rm_serial_driver/rm_serial_driver_node
[22.311s] -- Set runtime path of "/home/rm_autoaim/suep2026/rm_ws/install/rm_serial_driver/lib/rm_serial_driver/rm_serial_driver_node" to ""
[22.311s] -- Installing: /home/rm_autoaim/suep2026/rm_ws/install/rm_serial_driver/include
[22.311s] -- Installing: /home/rm_autoaim/suep2026/rm_ws/install/rm_serial_driver/include/rm_serial_driver
[22.311s] -- Installing: /home/rm_autoaim/suep2026/rm_ws/install/rm_serial_driver/include/rm_serial_driver/fake.hpp
[22.311s] -- Installing: /home/rm_autoaim/suep2026/rm_ws/install/rm_serial_driver/include/rm_serial_driver/rm_serial_driver.hpp
[22.311s] -- Installing: /home/rm_autoaim/suep2026/rm_ws/install/rm_serial_driver/include/rm_serial_driver/packet.hpp
[22.311s] -- Installing: /home/rm_autoaim/suep2026/rm_ws/install/rm_serial_driver/include/rm_serial_driver/crc.hpp
[22.311s] -- Installing: /home/rm_autoaim/suep2026/rm_ws/install/rm_serial_driver/share/rm_serial_driver/environment/library_path.sh
[22.311s] -- Installing: /home/rm_autoaim/suep2026/rm_ws/install/rm_serial_driver/share/rm_serial_driver/environment/library_path.dsv
[22.312s] -- Installing: /home/rm_autoaim/suep2026/rm_ws/install/rm_serial_driver/lib/librm_serial_driver.so
[22.319s] -- Set runtime path of "/home/rm_autoaim/suep2026/rm_ws/install/rm_serial_driver/lib/librm_serial_driver.so" to ""
[22.319s] -- Installing: /home/rm_autoaim/suep2026/rm_ws/install/rm_serial_driver/share/rm_serial_driver/config
[22.319s] -- Installing: /home/rm_autoaim/suep2026/rm_ws/install/rm_serial_driver/share/rm_serial_driver/config/serial_driver.yaml
[22.319s] -- Installing: /home/rm_autoaim/suep2026/rm_ws/install/rm_serial_driver/share/rm_serial_driver/launch
[22.320s] -- Installing: /home/rm_autoaim/suep2026/rm_ws/install/rm_serial_driver/share/rm_serial_driver/launch/serial_driver.launch.py
[22.320s] -- Installing: /home/rm_autoaim/suep2026/rm_ws/install/rm_serial_driver/share/ament_index/resource_index/package_run_dependencies/rm_serial_driver
[22.320s] -- Installing: /home/rm_autoaim/suep2026/rm_ws/install/rm_serial_driver/share/ament_index/resource_index/parent_prefix_path/rm_serial_driver
[22.320s] -- Installing: /home/rm_autoaim/suep2026/rm_ws/install/rm_serial_driver/share/rm_serial_driver/environment/ament_prefix_path.sh
[22.320s] -- Installing: /home/rm_autoaim/suep2026/rm_ws/install/rm_serial_driver/share/rm_serial_driver/environment/ament_prefix_path.dsv
[22.320s] -- Installing: /home/rm_autoaim/suep2026/rm_ws/install/rm_serial_driver/share/rm_serial_driver/environment/path.sh
[22.320s] -- Installing: /home/rm_autoaim/suep2026/rm_ws/install/rm_serial_driver/share/rm_serial_driver/environment/path.dsv
[22.320s] -- Installing: /home/rm_autoaim/suep2026/rm_ws/install/rm_serial_driver/share/rm_serial_driver/local_setup.bash
[22.320s] -- Installing: /home/rm_autoaim/suep2026/rm_ws/install/rm_serial_driver/share/rm_serial_driver/local_setup.sh
[22.321s] -- Installing: /home/rm_autoaim/suep2026/rm_ws/install/rm_serial_driver/share/rm_serial_driver/local_setup.zsh
[22.321s] -- Installing: /home/rm_autoaim/suep2026/rm_ws/install/rm_serial_driver/share/rm_serial_driver/local_setup.dsv
[22.321s] -- Installing: /home/rm_autoaim/suep2026/rm_ws/install/rm_serial_driver/share/rm_serial_driver/package.dsv
[22.321s] -- Installing: /home/rm_autoaim/suep2026/rm_ws/install/rm_serial_driver/share/ament_index/resource_index/packages/rm_serial_driver
[22.321s] -- Installing: /home/rm_autoaim/suep2026/rm_ws/install/rm_serial_driver/share/ament_index/resource_index/rclcpp_components/rm_serial_driver
[22.321s] -- Installing: /home/rm_autoaim/suep2026/rm_ws/install/rm_serial_driver/share/rm_serial_driver/cmake/ament_cmake_export_dependencies-extras.cmake
[22.321s] -- Installing: /home/rm_autoaim/suep2026/rm_ws/install/rm_serial_driver/share/rm_serial_driver/cmake/ament_cmake_export_include_directories-extras.cmake
[22.321s] -- Installing: /home/rm_autoaim/suep2026/rm_ws/install/rm_serial_driver/share/rm_serial_driver/cmake/ament_cmake_export_libraries-extras.cmake
[22.321s] -- Installing: /home/rm_autoaim/suep2026/rm_ws/install/rm_serial_driver/share/rm_serial_driver/cmake/rm_serial_driverConfig.cmake
[22.322s] -- Installing: /home/rm_autoaim/suep2026/rm_ws/install/rm_serial_driver/share/rm_serial_driver/cmake/rm_serial_driverConfig-version.cmake
[22.322s] -- Installing: /home/rm_autoaim/suep2026/rm_ws/install/rm_serial_driver/share/rm_serial_driver/package.xml
[22.324s] Invoked command in '/home/rm_autoaim/suep2026/rm_ws/build/rm_serial_driver' returned '0': AMENT_PREFIX_PATH=/home/rm_autoaim/suep2026/rm_ws/install/auto_aim_interfaces:${AMENT_PREFIX_PATH} CMAKE_PREFIX_PATH=/home/rm_autoaim/suep2026/rm_ws/install/auto_aim_interfaces:/opt/ros/humble LD_LIBRARY_PATH=/home/rm_autoaim/suep2026/rm_ws/install/auto_aim_interfaces/lib:/opt/ros/humble/opt/rviz_ogre_vendor/lib:/opt/ros/humble/lib/x86_64-linux-gnu:/opt/ros/humble/lib:/opt/MVS/lib/64:/opt/MVS/lib/32 PYTHONPATH=/home/rm_autoaim/suep2026/rm_ws/install/auto_aim_interfaces/local/lib/python3.10/dist-packages:${PYTHONPATH} /usr/bin/cmake --install /home/rm_autoaim/suep2026/rm_ws/build/rm_serial_driver
