-- The C compiler identification is GNU 11.4.0
-- The CXX compiler identification is GNU 11.4.0
-- Detecting C compiler ABI info
-- Detecting C compiler ABI info - done
-- Check for working C compiler: /usr/bin/cc - skipped
-- Detecting C compile features
-- Detecting C compile features - done
-- Detecting CXX compiler ABI info
-- Detecting CXX compiler ABI info - done
-- Check for working CXX compiler: /usr/bin/c++ - skipped
-- Detecting CXX compile features
-- Detecting CXX compile features - done
-- Looking for pthread.h
-- Looking for pthread.h - found
-- Performing Test CMAKE_HAVE_LIBC_PTHREAD
-- Performing Test CMAKE_HAVE_LIBC_PTHREAD - Success
-- Found Threads: TRUE  
-- Found ament_cmake_auto: 1.3.12 (/opt/ros/humble/share/ament_cmake_auto/cmake)
-- Found Python3: /usr/bin/python3 (found version "3.10.12") found components: Interpreter 
-- Found OpenCV: /usr (found version "4.5.4") 
-- Found rosidl_generator_c: 3.1.7 (/opt/ros/humble/share/rosidl_generator_c/cmake)
-- Found rosidl_adapter: 3.1.7 (/opt/ros/humble/share/rosidl_adapter/cmake)
-- Found rosidl_generator_cpp: 3.1.7 (/opt/ros/humble/share/rosidl_generator_cpp/cmake)
-- Using all available rosidl_typesupport_c: rosidl_typesupport_fastrtps_c;rosidl_typesupport_introspection_c
-- Using all available rosidl_typesupport_cpp: rosidl_typesupport_fastrtps_cpp;rosidl_typesupport_introspection_cpp
-- Found rmw_implementation_cmake: 6.1.2 (/opt/ros/humble/share/rmw_implementation_cmake/cmake)
-- Found rmw_fastrtps_cpp: 6.2.8 (/opt/ros/humble/share/rmw_fastrtps_cpp/cmake)
-- Found OpenSSL: /usr/lib/x86_64-linux-gnu/libcrypto.so (found version "3.0.2")  
-- Found FastRTPS: /opt/ros/humble/include  
-- Using RMW implementation 'rmw_fastrtps_cpp' as default
-- Found eigen3_cmake_module: 0.1.1 (/opt/ros/humble/share/eigen3_cmake_module/cmake)
-- Found Eigen3: TRUE (found version "3.4.0") 
-- Ensuring Eigen3 include directory is part of orocos-kdl CMake target
-- Found ament_lint_auto: 0.12.14 (/opt/ros/humble/share/ament_lint_auto/cmake)
-- Found ament_cmake_gtest: 1.3.12 (/opt/ros/humble/share/ament_cmake_gtest/cmake)
-- Found gtest sources under '/opt/ros/humble/src/gtest_vendor': C++ tests using 'Google Test' will be built
[0mIn this package, headers install destination is set to `include` by ament_auto_package. It is recommended to install `include/armor_detector` instead and will be the default behavior of ament_auto_package from ROS 2 Kilted Kaiju. On distributions before Kilted, ament_auto_package behaves the same way when you use USE_SCOPED_HEADER_INSTALL_DIR option.[0m
-- Added test 'cppcheck' to perform static code analysis on C / C++ code
-- Configured cppcheck include dirs: /home/rm_autoaim/suep2026/2025_ws/src/rm_auto_aim/armor_detector/include
-- Configured cppcheck exclude dirs and/or files: 
-- Added test 'lint_cmake' to check CMake code style
-- Added test 'xmllint' to check XML markup files
-- Configuring done
-- Generating done
-- Build files have been written to: /home/rm_autoaim/suep2026/2025_ws/build/armor_detector
[  5%] [32mBuilding CXX object CMakeFiles/armor_detector.dir/src/detector.cpp.o[0m
[ 11%] [32mBuilding CXX object gtest/CMakeFiles/gtest.dir/src/gtest-all.cc.o[0m
[ 17%] [32mBuilding CXX object CMakeFiles/armor_detector_node.dir/rclcpp_components/node_main_armor_detector_node.cpp.o[0m
[ 23%] [32mBuilding CXX object gtest/CMakeFiles/gtest_main.dir/src/gtest_main.cc.o[0m
[ 29%] [32m[1mLinking CXX static library libgtest_main.a[0m
[ 29%] Built target gtest_main
[ 35%] [32m[1mLinking CXX static library libgtest.a[0m
[ 35%] Built target gtest
[ 41%] [32m[1mLinking CXX executable armor_detector_node[0m
[ 41%] Built target armor_detector_node
[ 47%] [32mBuilding CXX object CMakeFiles/armor_detector.dir/src/tradition.cpp.o[0m
[ 52%] [32mBuilding CXX object CMakeFiles/armor_detector.dir/src/pnp_solver.cpp.o[0m
[ 58%] [32mBuilding CXX object CMakeFiles/armor_detector.dir/src/number_classifier.cpp.o[0m
[ 64%] [32mBuilding CXX object CMakeFiles/armor_detector.dir/src/inference.cpp.o[0m
In file included from [01m[K/home/rm_autoaim/suep2026/2025_ws/src/rm_auto_aim/armor_detector/src/inference.cpp:1[m[K:
[01m[K/opt/intel/openvino_2023.3.0/runtime/include/ie/ie_core.hpp:18:10:[m[K [01;35m[Kwarning: [m[K#warning ("The Inference Engine API is deprecated and will be removed in the 2024.0 release. For instructions on transitioning to the new API, please refer to https://docs.openvino.ai/latest/openvino_2_0_transition_guide.html") [[01;35m[K]8;;https://gcc.gnu.org/onlinedocs/gcc/Warning-Options.html#index-Wcpp-Wcpp]8;;[m[K]
   18 | #        [01;35m[Kwarning[m[K("The Inference Engine API is deprecated and will be removed in the 2024.0 release. For instructions on transitioning to the new API, please refer to https://docs.openvino.ai/latest/openvino_2_0_transition_guide.html")
      |          [01;35m[K^~~~~~~[m[K
In file included from [01m[K/opt/intel/openvino_2023.3.0/runtime/include/ie/ie_icnn_network.hpp:30[m[K,
                 from [01m[K/opt/intel/openvino_2023.3.0/runtime/include/ie/cpp/ie_cnn_network.h:31[m[K,
                 from [01m[K/opt/intel/openvino_2023.3.0/runtime/include/ie/cpp/ie_executable_network.hpp:29[m[K,
                 from [01m[K/opt/intel/openvino_2023.3.0/runtime/include/ie/ie_core.hpp:28[m[K,
                 from [01m[K/home/rm_autoaim/suep2026/2025_ws/src/rm_auto_aim/armor_detector/src/inference.cpp:1[m[K:
[01m[K/opt/intel/openvino_2023.3.0/runtime/include/ngraph/function.hpp:13:10:[m[K [01;35m[Kwarning: [m[K#warning ("The nGraph API is deprecated and will be removed in the 2024.0 release. For instructions on transitioning to the new API, please refer to https://docs.openvino.ai/latest/openvino_2_0_transition_guide.html") [[01;35m[K]8;;https://gcc.gnu.org/onlinedocs/gcc/Warning-Options.html#index-Wcpp-Wcpp]8;;[m[K]
   13 | #        [01;35m[Kwarning[m[K("The nGraph API is deprecated and will be removed in the 2024.0 release. For instructions on transitioning to the new API, please refer to https://docs.openvino.ai/latest/openvino_2_0_transition_guide.html")
      |          [01;35m[K^~~~~~~[m[K
[ 70%] [32mBuilding CXX object CMakeFiles/armor_detector.dir/src/detector_node.cpp.o[0m
[ 76%] [32m[1mLinking CXX shared library libarmor_detector.so[0m
[ 76%] Built target armor_detector
[ 88%] [32mBuilding CXX object CMakeFiles/test_number_cls.dir/test/test_number_cls.cpp.o[0m
[ 88%] [32mBuilding CXX object CMakeFiles/test_node_startup.dir/test/test_node_startup.cpp.o[0m
[ 94%] [32m[1mLinking CXX executable test_number_cls[0m
[ 94%] Built target test_number_cls
[100%] [32m[1mLinking CXX executable test_node_startup[0m
[100%] Built target test_node_startup
-- Install configuration: ""
-- Installing: /home/rm_autoaim/suep2026/2025_ws/install/armor_detector/lib/armor_detector/armor_detector_node
-- Set runtime path of "/home/rm_autoaim/suep2026/2025_ws/install/armor_detector/lib/armor_detector/armor_detector_node" to ""
-- Installing: /home/rm_autoaim/suep2026/2025_ws/install/armor_detector/include
-- Installing: /home/rm_autoaim/suep2026/2025_ws/install/armor_detector/include/armor_detector
-- Installing: /home/rm_autoaim/suep2026/2025_ws/install/armor_detector/include/armor_detector/armor.hpp
-- Installing: /home/rm_autoaim/suep2026/2025_ws/install/armor_detector/include/armor_detector/tradition.hpp
-- Installing: /home/rm_autoaim/suep2026/2025_ws/install/armor_detector/include/armor_detector/detector_node.hpp
-- Installing: /home/rm_autoaim/suep2026/2025_ws/install/armor_detector/include/armor_detector/pnp_solver.hpp
-- Installing: /home/rm_autoaim/suep2026/2025_ws/install/armor_detector/include/armor_detector/detector.hpp
-- Installing: /home/rm_autoaim/suep2026/2025_ws/install/armor_detector/include/armor_detector/number_classifier.hpp
-- Installing: /home/rm_autoaim/suep2026/2025_ws/install/armor_detector/share/armor_detector/environment/library_path.sh
-- Installing: /home/rm_autoaim/suep2026/2025_ws/install/armor_detector/share/armor_detector/environment/library_path.dsv
-- Installing: /home/rm_autoaim/suep2026/2025_ws/install/armor_detector/lib/libarmor_detector.so
-- Set runtime path of "/home/rm_autoaim/suep2026/2025_ws/install/armor_detector/lib/libarmor_detector.so" to ""
-- Installing: /home/rm_autoaim/suep2026/2025_ws/install/armor_detector/share/armor_detector/model
-- Installing: /home/rm_autoaim/suep2026/2025_ws/install/armor_detector/share/armor_detector/model/mobilenetv3_last_int_all_new
-- Installing: /home/rm_autoaim/suep2026/2025_ws/install/armor_detector/share/armor_detector/model/mobilenetv3_last_int_all_new/last.xml
-- Installing: /home/rm_autoaim/suep2026/2025_ws/install/armor_detector/share/armor_detector/model/mobilenetv3_last_int_all_new/last.bin
-- Installing: /home/rm_autoaim/suep2026/2025_ws/install/armor_detector/share/armor_detector/model/mobilenetv3_last_int_all_new/metadata.yaml
-- Installing: /home/rm_autoaim/suep2026/2025_ws/install/armor_detector/share/armor_detector/model/label.txt
-- Installing: /home/rm_autoaim/suep2026/2025_ws/install/armor_detector/share/armor_detector/model/mlp.onnx
-- Installing: /home/rm_autoaim/suep2026/2025_ws/install/armor_detector/share/ament_index/resource_index/package_run_dependencies/armor_detector
-- Installing: /home/rm_autoaim/suep2026/2025_ws/install/armor_detector/share/ament_index/resource_index/parent_prefix_path/armor_detector
-- Installing: /home/rm_autoaim/suep2026/2025_ws/install/armor_detector/share/armor_detector/environment/ament_prefix_path.sh
-- Installing: /home/rm_autoaim/suep2026/2025_ws/install/armor_detector/share/armor_detector/environment/ament_prefix_path.dsv
-- Installing: /home/rm_autoaim/suep2026/2025_ws/install/armor_detector/share/armor_detector/environment/path.sh
-- Installing: /home/rm_autoaim/suep2026/2025_ws/install/armor_detector/share/armor_detector/environment/path.dsv
-- Installing: /home/rm_autoaim/suep2026/2025_ws/install/armor_detector/share/armor_detector/local_setup.bash
-- Installing: /home/rm_autoaim/suep2026/2025_ws/install/armor_detector/share/armor_detector/local_setup.sh
-- Installing: /home/rm_autoaim/suep2026/2025_ws/install/armor_detector/share/armor_detector/local_setup.zsh
-- Installing: /home/rm_autoaim/suep2026/2025_ws/install/armor_detector/share/armor_detector/local_setup.dsv
-- Installing: /home/rm_autoaim/suep2026/2025_ws/install/armor_detector/share/armor_detector/package.dsv
-- Installing: /home/rm_autoaim/suep2026/2025_ws/install/armor_detector/share/ament_index/resource_index/packages/armor_detector
-- Installing: /home/rm_autoaim/suep2026/2025_ws/install/armor_detector/share/ament_index/resource_index/rclcpp_components/armor_detector
-- Installing: /home/rm_autoaim/suep2026/2025_ws/install/armor_detector/share/armor_detector/cmake/ament_cmake_export_dependencies-extras.cmake
-- Installing: /home/rm_autoaim/suep2026/2025_ws/install/armor_detector/share/armor_detector/cmake/ament_cmake_export_include_directories-extras.cmake
-- Installing: /home/rm_autoaim/suep2026/2025_ws/install/armor_detector/share/armor_detector/cmake/ament_cmake_export_libraries-extras.cmake
-- Installing: /home/rm_autoaim/suep2026/2025_ws/install/armor_detector/share/armor_detector/cmake/armor_detectorConfig.cmake
-- Installing: /home/rm_autoaim/suep2026/2025_ws/install/armor_detector/share/armor_detector/cmake/armor_detectorConfig-version.cmake
-- Installing: /home/rm_autoaim/suep2026/2025_ws/install/armor_detector/share/armor_detector/package.xml
