[0.024s] Invoking command in '/home/rm_autoaim/suep2026/2025_ws/build/buff_tracker': CMAKE_PREFIX_PATH=/home/rm_autoaim/suep2026/2025_ws/install/buff_interfaces:/home/rm_autoaim/suep2026/2025_ws/install/rm_vision_bringup:/home/rm_autoaim/suep2026/2025_ws/install/rm_buff_bringup:/home/rm_autoaim/suep2026/2025_ws/install/rm_serial_driver:/home/rm_autoaim/suep2026/2025_ws/install/rm_gimbal_description:/home/rm_autoaim/suep2026/2025_ws/install/rm_buff:/home/rm_autoaim/suep2026/2025_ws/install/rm_auto_record:/home/rm_autoaim/suep2026/2025_ws/install/rm_auto_aim:/home/rm_autoaim/suep2026/2025_ws/install/hik_camera:/home/rm_autoaim/suep2026/2025_ws/install/buff_tracker:/home/rm_autoaim/suep2026/2025_ws/install/buff_detector:/home/rm_autoaim/suep2026/2025_ws/install/armor_tracker:/home/rm_autoaim/suep2026/2025_ws/install/armor_detector:/home/rm_autoaim/suep2026/2025_ws/install/auto_aim_interfaces:/opt/ros/humble LD_LIBRARY_PATH=/home/rm_autoaim/suep2026/2025_ws/install/buff_interfaces/lib:/home/rm_autoaim/suep2026/2025_ws/install/rm_serial_driver/lib:/home/rm_autoaim/suep2026/2025_ws/install/rm_auto_record/lib:/home/rm_autoaim/suep2026/2025_ws/install/hik_camera/lib:/home/rm_autoaim/suep2026/2025_ws/install/buff_tracker/lib:/home/rm_autoaim/suep2026/2025_ws/install/buff_detector/lib:/home/rm_autoaim/suep2026/2025_ws/install/armor_tracker/lib:/home/rm_autoaim/suep2026/2025_ws/install/armor_detector/lib:/home/rm_autoaim/suep2026/2025_ws/install/auto_aim_interfaces/lib:/opt/ros/humble/opt/rviz_ogre_vendor/lib:/opt/ros/humble/lib/x86_64-linux-gnu:/opt/ros/humble/lib:/opt/MVS/lib/64:/opt/MVS/lib/32 /usr/bin/cmake --build /home/rm_autoaim/suep2026/2025_ws/build/buff_tracker -- -j8 -l8
[0.114s] [ 28%] Built target buff_tracker_node
[0.135s] [100%] Built target buff_tracker
[0.171s] Invoked command in '/home/rm_autoaim/suep2026/2025_ws/build/buff_tracker' returned '0': CMAKE_PREFIX_PATH=/home/rm_autoaim/suep2026/2025_ws/install/buff_interfaces:/home/rm_autoaim/suep2026/2025_ws/install/rm_vision_bringup:/home/rm_autoaim/suep2026/2025_ws/install/rm_buff_bringup:/home/rm_autoaim/suep2026/2025_ws/install/rm_serial_driver:/home/rm_autoaim/suep2026/2025_ws/install/rm_gimbal_description:/home/rm_autoaim/suep2026/2025_ws/install/rm_buff:/home/rm_autoaim/suep2026/2025_ws/install/rm_auto_record:/home/rm_autoaim/suep2026/2025_ws/install/rm_auto_aim:/home/rm_autoaim/suep2026/2025_ws/install/hik_camera:/home/rm_autoaim/suep2026/2025_ws/install/buff_tracker:/home/rm_autoaim/suep2026/2025_ws/install/buff_detector:/home/rm_autoaim/suep2026/2025_ws/install/armor_tracker:/home/rm_autoaim/suep2026/2025_ws/install/armor_detector:/home/rm_autoaim/suep2026/2025_ws/install/auto_aim_interfaces:/opt/ros/humble LD_LIBRARY_PATH=/home/rm_autoaim/suep2026/2025_ws/install/buff_interfaces/lib:/home/rm_autoaim/suep2026/2025_ws/install/rm_serial_driver/lib:/home/rm_autoaim/suep2026/2025_ws/install/rm_auto_record/lib:/home/rm_autoaim/suep2026/2025_ws/install/hik_camera/lib:/home/rm_autoaim/suep2026/2025_ws/install/buff_tracker/lib:/home/rm_autoaim/suep2026/2025_ws/install/buff_detector/lib:/home/rm_autoaim/suep2026/2025_ws/install/armor_tracker/lib:/home/rm_autoaim/suep2026/2025_ws/install/armor_detector/lib:/home/rm_autoaim/suep2026/2025_ws/install/auto_aim_interfaces/lib:/opt/ros/humble/opt/rviz_ogre_vendor/lib:/opt/ros/humble/lib/x86_64-linux-gnu:/opt/ros/humble/lib:/opt/MVS/lib/64:/opt/MVS/lib/32 /usr/bin/cmake --build /home/rm_autoaim/suep2026/2025_ws/build/buff_tracker -- -j8 -l8
[0.173s] Invoking command in '/home/rm_autoaim/suep2026/2025_ws/build/buff_tracker': CMAKE_PREFIX_PATH=/home/rm_autoaim/suep2026/2025_ws/install/buff_interfaces:/home/rm_autoaim/suep2026/2025_ws/install/rm_vision_bringup:/home/rm_autoaim/suep2026/2025_ws/install/rm_buff_bringup:/home/rm_autoaim/suep2026/2025_ws/install/rm_serial_driver:/home/rm_autoaim/suep2026/2025_ws/install/rm_gimbal_description:/home/rm_autoaim/suep2026/2025_ws/install/rm_buff:/home/rm_autoaim/suep2026/2025_ws/install/rm_auto_record:/home/rm_autoaim/suep2026/2025_ws/install/rm_auto_aim:/home/rm_autoaim/suep2026/2025_ws/install/hik_camera:/home/rm_autoaim/suep2026/2025_ws/install/buff_tracker:/home/rm_autoaim/suep2026/2025_ws/install/buff_detector:/home/rm_autoaim/suep2026/2025_ws/install/armor_tracker:/home/rm_autoaim/suep2026/2025_ws/install/armor_detector:/home/rm_autoaim/suep2026/2025_ws/install/auto_aim_interfaces:/opt/ros/humble LD_LIBRARY_PATH=/home/rm_autoaim/suep2026/2025_ws/install/buff_interfaces/lib:/home/rm_autoaim/suep2026/2025_ws/install/rm_serial_driver/lib:/home/rm_autoaim/suep2026/2025_ws/install/rm_auto_record/lib:/home/rm_autoaim/suep2026/2025_ws/install/hik_camera/lib:/home/rm_autoaim/suep2026/2025_ws/install/buff_tracker/lib:/home/rm_autoaim/suep2026/2025_ws/install/buff_detector/lib:/home/rm_autoaim/suep2026/2025_ws/install/armor_tracker/lib:/home/rm_autoaim/suep2026/2025_ws/install/armor_detector/lib:/home/rm_autoaim/suep2026/2025_ws/install/auto_aim_interfaces/lib:/opt/ros/humble/opt/rviz_ogre_vendor/lib:/opt/ros/humble/lib/x86_64-linux-gnu:/opt/ros/humble/lib:/opt/MVS/lib/64:/opt/MVS/lib/32 /usr/bin/cmake --install /home/rm_autoaim/suep2026/2025_ws/build/buff_tracker
[0.183s] -- Install configuration: ""
[0.184s] -- Up-to-date: /home/rm_autoaim/suep2026/2025_ws/install/buff_tracker/lib/buff_tracker/buff_tracker_node
[0.184s] -- Up-to-date: /home/rm_autoaim/suep2026/2025_ws/install/buff_tracker/include
[0.184s] -- Up-to-date: /home/rm_autoaim/suep2026/2025_ws/install/buff_tracker/include/buff_tracker
[0.184s] -- Up-to-date: /home/rm_autoaim/suep2026/2025_ws/install/buff_tracker/include/buff_tracker/tracker.hpp
[0.184s] -- Up-to-date: /home/rm_autoaim/suep2026/2025_ws/install/buff_tracker/include/buff_tracker/tracker_node.hpp
[0.184s] -- Up-to-date: /home/rm_autoaim/suep2026/2025_ws/install/buff_tracker/include/buff_tracker/gauss_newton_solver.hpp
[0.184s] -- Up-to-date: /home/rm_autoaim/suep2026/2025_ws/install/buff_tracker/include/buff_tracker/extended_kalman_filter.hpp
[0.184s] -- Up-to-date: /home/rm_autoaim/suep2026/2025_ws/install/buff_tracker/share/buff_tracker/environment/library_path.sh
[0.184s] -- Up-to-date: /home/rm_autoaim/suep2026/2025_ws/install/buff_tracker/share/buff_tracker/environment/library_path.dsv
[0.184s] -- Up-to-date: /home/rm_autoaim/suep2026/2025_ws/install/buff_tracker/lib/libbuff_tracker.so
[0.185s] -- Up-to-date: /home/rm_autoaim/suep2026/2025_ws/install/buff_tracker/share/ament_index/resource_index/package_run_dependencies/buff_tracker
[0.185s] -- Up-to-date: /home/rm_autoaim/suep2026/2025_ws/install/buff_tracker/share/ament_index/resource_index/parent_prefix_path/buff_tracker
[0.185s] -- Up-to-date: /home/rm_autoaim/suep2026/2025_ws/install/buff_tracker/share/buff_tracker/environment/ament_prefix_path.sh
[0.185s] -- Up-to-date: /home/rm_autoaim/suep2026/2025_ws/install/buff_tracker/share/buff_tracker/environment/ament_prefix_path.dsv
[0.186s] -- Up-to-date: /home/rm_autoaim/suep2026/2025_ws/install/buff_tracker/share/buff_tracker/environment/path.sh
[0.186s] -- Up-to-date: /home/rm_autoaim/suep2026/2025_ws/install/buff_tracker/share/buff_tracker/environment/path.dsv
[0.186s] -- Up-to-date: /home/rm_autoaim/suep2026/2025_ws/install/buff_tracker/share/buff_tracker/local_setup.bash
[0.186s] -- Up-to-date: /home/rm_autoaim/suep2026/2025_ws/install/buff_tracker/share/buff_tracker/local_setup.sh
[0.186s] -- Up-to-date: /home/rm_autoaim/suep2026/2025_ws/install/buff_tracker/share/buff_tracker/local_setup.zsh
[0.186s] -- Up-to-date: /home/rm_autoaim/suep2026/2025_ws/install/buff_tracker/share/buff_tracker/local_setup.dsv
[0.186s] -- Installing: /home/rm_autoaim/suep2026/2025_ws/install/buff_tracker/share/buff_tracker/package.dsv
[0.186s] -- Up-to-date: /home/rm_autoaim/suep2026/2025_ws/install/buff_tracker/share/ament_index/resource_index/packages/buff_tracker
[0.186s] -- Up-to-date: /home/rm_autoaim/suep2026/2025_ws/install/buff_tracker/share/ament_index/resource_index/rclcpp_components/buff_tracker
[0.186s] -- Up-to-date: /home/rm_autoaim/suep2026/2025_ws/install/buff_tracker/share/buff_tracker/cmake/ament_cmake_export_dependencies-extras.cmake
[0.186s] -- Up-to-date: /home/rm_autoaim/suep2026/2025_ws/install/buff_tracker/share/buff_tracker/cmake/ament_cmake_export_include_directories-extras.cmake
[0.186s] -- Up-to-date: /home/rm_autoaim/suep2026/2025_ws/install/buff_tracker/share/buff_tracker/cmake/ament_cmake_export_libraries-extras.cmake
[0.186s] -- Up-to-date: /home/rm_autoaim/suep2026/2025_ws/install/buff_tracker/share/buff_tracker/cmake/buff_trackerConfig.cmake
[0.186s] -- Up-to-date: /home/rm_autoaim/suep2026/2025_ws/install/buff_tracker/share/buff_tracker/cmake/buff_trackerConfig-version.cmake
[0.186s] -- Up-to-date: /home/rm_autoaim/suep2026/2025_ws/install/buff_tracker/share/buff_tracker/package.xml
[0.215s] Invoked command in '/home/rm_autoaim/suep2026/2025_ws/build/buff_tracker' returned '0': CMAKE_PREFIX_PATH=/home/rm_autoaim/suep2026/2025_ws/install/buff_interfaces:/home/rm_autoaim/suep2026/2025_ws/install/rm_vision_bringup:/home/rm_autoaim/suep2026/2025_ws/install/rm_buff_bringup:/home/rm_autoaim/suep2026/2025_ws/install/rm_serial_driver:/home/rm_autoaim/suep2026/2025_ws/install/rm_gimbal_description:/home/rm_autoaim/suep2026/2025_ws/install/rm_buff:/home/rm_autoaim/suep2026/2025_ws/install/rm_auto_record:/home/rm_autoaim/suep2026/2025_ws/install/rm_auto_aim:/home/rm_autoaim/suep2026/2025_ws/install/hik_camera:/home/rm_autoaim/suep2026/2025_ws/install/buff_tracker:/home/rm_autoaim/suep2026/2025_ws/install/buff_detector:/home/rm_autoaim/suep2026/2025_ws/install/armor_tracker:/home/rm_autoaim/suep2026/2025_ws/install/armor_detector:/home/rm_autoaim/suep2026/2025_ws/install/auto_aim_interfaces:/opt/ros/humble LD_LIBRARY_PATH=/home/rm_autoaim/suep2026/2025_ws/install/buff_interfaces/lib:/home/rm_autoaim/suep2026/2025_ws/install/rm_serial_driver/lib:/home/rm_autoaim/suep2026/2025_ws/install/rm_auto_record/lib:/home/rm_autoaim/suep2026/2025_ws/install/hik_camera/lib:/home/rm_autoaim/suep2026/2025_ws/install/buff_tracker/lib:/home/rm_autoaim/suep2026/2025_ws/install/buff_detector/lib:/home/rm_autoaim/suep2026/2025_ws/install/armor_tracker/lib:/home/rm_autoaim/suep2026/2025_ws/install/armor_detector/lib:/home/rm_autoaim/suep2026/2025_ws/install/auto_aim_interfaces/lib:/opt/ros/humble/opt/rviz_ogre_vendor/lib:/opt/ros/humble/lib/x86_64-linux-gnu:/opt/ros/humble/lib:/opt/MVS/lib/64:/opt/MVS/lib/32 /usr/bin/cmake --install /home/rm_autoaim/suep2026/2025_ws/build/buff_tracker
