[0.014s] Invoking command in '/home/rm_autoaim/suep2026/rm_ws/build/armor_detector': AMENT_PREFIX_PATH=/home/rm_autoaim/suep2026/rm_ws/install/auto_aim_interfaces:${AMENT_PREFIX_PATH} CMAKE_PREFIX_PATH=/home/rm_autoaim/suep2026/rm_ws/install/auto_aim_interfaces:/opt/ros/humble LD_LIBRARY_PATH=/home/rm_autoaim/suep2026/rm_ws/install/auto_aim_interfaces/lib:/opt/ros/humble/opt/rviz_ogre_vendor/lib:/opt/ros/humble/lib/x86_64-linux-gnu:/opt/ros/humble/lib:/opt/MVS/lib/64:/opt/MVS/lib/32 PYTHONPATH=/home/rm_autoaim/suep2026/rm_ws/install/auto_aim_interfaces/local/lib/python3.10/dist-packages:${PYTHONPATH} /usr/bin/cmake --build /home/rm_autoaim/suep2026/rm_ws/build/armor_detector -- -j8 -l8
[0.062s] [35m[1mConsolidate compiler generated dependencies of target armor_detector[0m
[0.098s] [ 71%] Built target armor_detector
[0.114s] [35m[1mConsolidate compiler generated dependencies of target armor_detector_node[0m
[0.140s] [100%] Built target armor_detector_node
[0.161s] Invoked command in '/home/rm_autoaim/suep2026/rm_ws/build/armor_detector' returned '0': AMENT_PREFIX_PATH=/home/rm_autoaim/suep2026/rm_ws/install/auto_aim_interfaces:${AMENT_PREFIX_PATH} CMAKE_PREFIX_PATH=/home/rm_autoaim/suep2026/rm_ws/install/auto_aim_interfaces:/opt/ros/humble LD_LIBRARY_PATH=/home/rm_autoaim/suep2026/rm_ws/install/auto_aim_interfaces/lib:/opt/ros/humble/opt/rviz_ogre_vendor/lib:/opt/ros/humble/lib/x86_64-linux-gnu:/opt/ros/humble/lib:/opt/MVS/lib/64:/opt/MVS/lib/32 PYTHONPATH=/home/rm_autoaim/suep2026/rm_ws/install/auto_aim_interfaces/local/lib/python3.10/dist-packages:${PYTHONPATH} /usr/bin/cmake --build /home/rm_autoaim/suep2026/rm_ws/build/armor_detector -- -j8 -l8
[0.168s] Invoking command in '/home/rm_autoaim/suep2026/rm_ws/build/armor_detector': AMENT_PREFIX_PATH=/home/rm_autoaim/suep2026/rm_ws/install/auto_aim_interfaces:${AMENT_PREFIX_PATH} CMAKE_PREFIX_PATH=/home/rm_autoaim/suep2026/rm_ws/install/auto_aim_interfaces:/opt/ros/humble LD_LIBRARY_PATH=/home/rm_autoaim/suep2026/rm_ws/install/auto_aim_interfaces/lib:/opt/ros/humble/opt/rviz_ogre_vendor/lib:/opt/ros/humble/lib/x86_64-linux-gnu:/opt/ros/humble/lib:/opt/MVS/lib/64:/opt/MVS/lib/32 PYTHONPATH=/home/rm_autoaim/suep2026/rm_ws/install/auto_aim_interfaces/local/lib/python3.10/dist-packages:${PYTHONPATH} /usr/bin/cmake --install /home/rm_autoaim/suep2026/rm_ws/build/armor_detector
[0.175s] -- Install configuration: ""
[0.176s] -- Up-to-date: /home/rm_autoaim/suep2026/rm_ws/install/armor_detector/lib/armor_detector/armor_detector_node
[0.176s] -- Up-to-date: /home/rm_autoaim/suep2026/rm_ws/install/armor_detector/include
[0.176s] -- Up-to-date: /home/rm_autoaim/suep2026/rm_ws/install/armor_detector/include/armor.hpp
[0.177s] -- Up-to-date: /home/rm_autoaim/suep2026/rm_ws/install/armor_detector/include/detector_node.hpp
[0.178s] -- Up-to-date: /home/rm_autoaim/suep2026/rm_ws/install/armor_detector/include/pnp_solver.hpp
[0.178s] -- Up-to-date: /home/rm_autoaim/suep2026/rm_ws/install/armor_detector/include/detector.hpp
[0.178s] -- Up-to-date: /home/rm_autoaim/suep2026/rm_ws/install/armor_detector/include/number_classifier.hpp
[0.178s] -- Up-to-date: /home/rm_autoaim/suep2026/rm_ws/install/armor_detector/share/armor_detector/environment/library_path.sh
[0.178s] -- Up-to-date: /home/rm_autoaim/suep2026/rm_ws/install/armor_detector/share/armor_detector/environment/library_path.dsv
[0.178s] -- Up-to-date: /home/rm_autoaim/suep2026/rm_ws/install/armor_detector/lib/libarmor_detector.so
[0.179s] -- Up-to-date: /home/rm_autoaim/suep2026/rm_ws/install/armor_detector/share/armor_detector/model
[0.179s] -- Up-to-date: /home/rm_autoaim/suep2026/rm_ws/install/armor_detector/share/armor_detector/model/mobilenetv3_last_int_all_new
[0.179s] -- Up-to-date: /home/rm_autoaim/suep2026/rm_ws/install/armor_detector/share/armor_detector/model/mobilenetv3_last_int_all_new/last.xml
[0.179s] -- Up-to-date: /home/rm_autoaim/suep2026/rm_ws/install/armor_detector/share/armor_detector/model/mobilenetv3_last_int_all_new/last.bin
[0.180s] -- Up-to-date: /home/rm_autoaim/suep2026/rm_ws/install/armor_detector/share/armor_detector/model/label.txt
[0.180s] -- Up-to-date: /home/rm_autoaim/suep2026/rm_ws/install/armor_detector/share/armor_detector/model/mlp.onnx
[0.180s] -- Up-to-date: /home/rm_autoaim/suep2026/rm_ws/install/armor_detector/share/armor_detector/model/number_classifier.onnx
[0.180s] -- Up-to-date: /home/rm_autoaim/suep2026/rm_ws/install/armor_detector/share/armor_detector/test
[0.181s] -- Up-to-date: /home/rm_autoaim/suep2026/rm_ws/install/armor_detector/share/armor_detector/test/test.mp4
[0.181s] -- Up-to-date: /home/rm_autoaim/suep2026/rm_ws/install/armor_detector/share/ament_index/resource_index/package_run_dependencies/armor_detector
[0.181s] -- Up-to-date: /home/rm_autoaim/suep2026/rm_ws/install/armor_detector/share/ament_index/resource_index/parent_prefix_path/armor_detector
[0.181s] -- Up-to-date: /home/rm_autoaim/suep2026/rm_ws/install/armor_detector/share/armor_detector/environment/ament_prefix_path.sh
[0.181s] -- Up-to-date: /home/rm_autoaim/suep2026/rm_ws/install/armor_detector/share/armor_detector/environment/ament_prefix_path.dsv
[0.181s] -- Up-to-date: /home/rm_autoaim/suep2026/rm_ws/install/armor_detector/share/armor_detector/environment/path.sh
[0.181s] -- Up-to-date: /home/rm_autoaim/suep2026/rm_ws/install/armor_detector/share/armor_detector/environment/path.dsv
[0.181s] -- Up-to-date: /home/rm_autoaim/suep2026/rm_ws/install/armor_detector/share/armor_detector/local_setup.bash
[0.182s] -- Up-to-date: /home/rm_autoaim/suep2026/rm_ws/install/armor_detector/share/armor_detector/local_setup.sh
[0.182s] -- Up-to-date: /home/rm_autoaim/suep2026/rm_ws/install/armor_detector/share/armor_detector/local_setup.zsh
[0.182s] -- Up-to-date: /home/rm_autoaim/suep2026/rm_ws/install/armor_detector/share/armor_detector/local_setup.dsv
[0.182s] -- Installing: /home/rm_autoaim/suep2026/rm_ws/install/armor_detector/share/armor_detector/package.dsv
[0.182s] -- Up-to-date: /home/rm_autoaim/suep2026/rm_ws/install/armor_detector/share/ament_index/resource_index/packages/armor_detector
[0.182s] -- Up-to-date: /home/rm_autoaim/suep2026/rm_ws/install/armor_detector/share/ament_index/resource_index/rclcpp_components/armor_detector
[0.182s] -- Up-to-date: /home/rm_autoaim/suep2026/rm_ws/install/armor_detector/share/armor_detector/cmake/ament_cmake_export_dependencies-extras.cmake
[0.182s] -- Up-to-date: /home/rm_autoaim/suep2026/rm_ws/install/armor_detector/share/armor_detector/cmake/ament_cmake_export_include_directories-extras.cmake
[0.182s] -- Up-to-date: /home/rm_autoaim/suep2026/rm_ws/install/armor_detector/share/armor_detector/cmake/ament_cmake_export_libraries-extras.cmake
[0.182s] -- Up-to-date: /home/rm_autoaim/suep2026/rm_ws/install/armor_detector/share/armor_detector/cmake/armor_detectorConfig.cmake
[0.182s] -- Up-to-date: /home/rm_autoaim/suep2026/rm_ws/install/armor_detector/share/armor_detector/cmake/armor_detectorConfig-version.cmake
[0.182s] -- Up-to-date: /home/rm_autoaim/suep2026/rm_ws/install/armor_detector/share/armor_detector/package.xml
[0.200s] Invoked command in '/home/rm_autoaim/suep2026/rm_ws/build/armor_detector' returned '0': AMENT_PREFIX_PATH=/home/rm_autoaim/suep2026/rm_ws/install/auto_aim_interfaces:${AMENT_PREFIX_PATH} CMAKE_PREFIX_PATH=/home/rm_autoaim/suep2026/rm_ws/install/auto_aim_interfaces:/opt/ros/humble LD_LIBRARY_PATH=/home/rm_autoaim/suep2026/rm_ws/install/auto_aim_interfaces/lib:/opt/ros/humble/opt/rviz_ogre_vendor/lib:/opt/ros/humble/lib/x86_64-linux-gnu:/opt/ros/humble/lib:/opt/MVS/lib/64:/opt/MVS/lib/32 PYTHONPATH=/home/rm_autoaim/suep2026/rm_ws/install/auto_aim_interfaces/local/lib/python3.10/dist-packages:${PYTHONPATH} /usr/bin/cmake --install /home/rm_autoaim/suep2026/rm_ws/build/armor_detector
