[0.023s] Invoking command in '/home/rm_autoaim/suep2026/2025_ws/build/buff_interfaces': CMAKE_PREFIX_PATH=${CMAKE_PREFIX_PATH}:/opt/ros/humble /usr/bin/cmake --build /home/rm_autoaim/suep2026/2025_ws/build/buff_interfaces -- -j8 -l8
[0.096s] [  1%] Built target buff_interfaces__cpp
[0.102s] [ 12%] Built target buff_interfaces__rosidl_generator_c
[0.137s] [ 12%] Built target ament_cmake_python_copy_buff_interfaces
[0.159s] [ 24%] Built target buff_interfaces__rosidl_typesupport_fastrtps_cpp
[0.172s] [ 35%] Built target buff_interfaces__rosidl_typesupport_introspection_c
[0.176s] [ 46%] Built target buff_interfaces__rosidl_typesupport_fastrtps_c
[0.184s] [ 58%] Built target buff_interfaces__rosidl_typesupport_introspection_cpp
[0.194s] [ 69%] Built target buff_interfaces__rosidl_typesupport_c
[0.202s] [ 81%] Built target buff_interfaces__rosidl_typesupport_cpp
[0.235s] [ 81%] Built target buff_interfaces
[0.265s] [ 82%] Built target buff_interfaces__py
[0.293s] [ 92%] Built target buff_interfaces__rosidl_generator_py
[0.329s] [ 94%] Built target buff_interfaces__rosidl_typesupport_c__pyext
[0.330s] [ 97%] Built target buff_interfaces__rosidl_typesupport_introspection_c__pyext
[0.333s] [100%] Built target buff_interfaces__rosidl_typesupport_fastrtps_c__pyext
[0.456s] running egg_info
[0.456s] writing buff_interfaces.egg-info/PKG-INFO
[0.456s] writing dependency_links to buff_interfaces.egg-info/dependency_links.txt
[0.457s] writing top-level names to buff_interfaces.egg-info/top_level.txt
[0.459s] reading manifest file 'buff_interfaces.egg-info/SOURCES.txt'
[0.460s] writing manifest file 'buff_interfaces.egg-info/SOURCES.txt'
[0.495s] [100%] Built target ament_cmake_python_build_buff_interfaces_egg
[0.507s] Invoked command in '/home/rm_autoaim/suep2026/2025_ws/build/buff_interfaces' returned '0': CMAKE_PREFIX_PATH=${CMAKE_PREFIX_PATH}:/opt/ros/humble /usr/bin/cmake --build /home/rm_autoaim/suep2026/2025_ws/build/buff_interfaces -- -j8 -l8
[0.509s] Invoking command in '/home/rm_autoaim/suep2026/2025_ws/build/buff_interfaces': CMAKE_PREFIX_PATH=${CMAKE_PREFIX_PATH}:/opt/ros/humble /usr/bin/cmake --install /home/rm_autoaim/suep2026/2025_ws/build/buff_interfaces
[0.517s] -- Install configuration: ""
[0.517s] -- Up-to-date: /home/rm_autoaim/suep2026/2025_ws/install/buff_interfaces/share/ament_index/resource_index/rosidl_interfaces/buff_interfaces
[0.517s] -- Up-to-date: /home/rm_autoaim/suep2026/2025_ws/install/buff_interfaces/include/buff_interfaces/buff_interfaces
[0.517s] -- Up-to-date: /home/rm_autoaim/suep2026/2025_ws/install/buff_interfaces/include/buff_interfaces/buff_interfaces/msg
[0.518s] -- Up-to-date: /home/rm_autoaim/suep2026/2025_ws/install/buff_interfaces/include/buff_interfaces/buff_interfaces/msg/blade_array.h
[0.518s] -- Up-to-date: /home/rm_autoaim/suep2026/2025_ws/install/buff_interfaces/include/buff_interfaces/buff_interfaces/msg/rune.h
[0.518s] -- Up-to-date: /home/rm_autoaim/suep2026/2025_ws/install/buff_interfaces/include/buff_interfaces/buff_interfaces/msg/rosidl_generator_c__visibility_control.h
[0.518s] -- Up-to-date: /home/rm_autoaim/suep2026/2025_ws/install/buff_interfaces/include/buff_interfaces/buff_interfaces/msg/time_info.h
[0.518s] -- Up-to-date: /home/rm_autoaim/suep2026/2025_ws/install/buff_interfaces/include/buff_interfaces/buff_interfaces/msg/debug_blade.h
[0.518s] -- Up-to-date: /home/rm_autoaim/suep2026/2025_ws/install/buff_interfaces/include/buff_interfaces/buff_interfaces/msg/debug_blade_array.h
[0.518s] -- Up-to-date: /home/rm_autoaim/suep2026/2025_ws/install/buff_interfaces/include/buff_interfaces/buff_interfaces/msg/blade.h
[0.518s] -- Up-to-date: /home/rm_autoaim/suep2026/2025_ws/install/buff_interfaces/include/buff_interfaces/buff_interfaces/msg/rune_info.h
[0.518s] -- Up-to-date: /home/rm_autoaim/suep2026/2025_ws/install/buff_interfaces/include/buff_interfaces/buff_interfaces/msg/detail
[0.518s] -- Up-to-date: /home/rm_autoaim/suep2026/2025_ws/install/buff_interfaces/include/buff_interfaces/buff_interfaces/msg/detail/debug_blade_array__functions.c
[0.518s] -- Up-to-date: /home/rm_autoaim/suep2026/2025_ws/install/buff_interfaces/include/buff_interfaces/buff_interfaces/msg/detail/time_info__functions.h
[0.518s] -- Up-to-date: /home/rm_autoaim/suep2026/2025_ws/install/buff_interfaces/include/buff_interfaces/buff_interfaces/msg/detail/blade_array__struct.h
[0.518s] -- Up-to-date: /home/rm_autoaim/suep2026/2025_ws/install/buff_interfaces/include/buff_interfaces/buff_interfaces/msg/detail/debug_blade__type_support.h
[0.518s] -- Up-to-date: /home/rm_autoaim/suep2026/2025_ws/install/buff_interfaces/include/buff_interfaces/buff_interfaces/msg/detail/rune_info__struct.h
[0.519s] -- Up-to-date: /home/rm_autoaim/suep2026/2025_ws/install/buff_interfaces/include/buff_interfaces/buff_interfaces/msg/detail/rune__functions.h
[0.519s] -- Up-to-date: /home/rm_autoaim/suep2026/2025_ws/install/buff_interfaces/include/buff_interfaces/buff_interfaces/msg/detail/debug_blade_array__struct.h
[0.519s] -- Up-to-date: /home/rm_autoaim/suep2026/2025_ws/install/buff_interfaces/include/buff_interfaces/buff_interfaces/msg/detail/blade__type_support.h
[0.519s] -- Up-to-date: /home/rm_autoaim/suep2026/2025_ws/install/buff_interfaces/include/buff_interfaces/buff_interfaces/msg/detail/time_info__struct.h
[0.519s] -- Up-to-date: /home/rm_autoaim/suep2026/2025_ws/install/buff_interfaces/include/buff_interfaces/buff_interfaces/msg/detail/time_info__type_support.h
[0.520s] -- Up-to-date: /home/rm_autoaim/suep2026/2025_ws/install/buff_interfaces/include/buff_interfaces/buff_interfaces/msg/detail/debug_blade__struct.h
[0.520s] -- Up-to-date: /home/rm_autoaim/suep2026/2025_ws/install/buff_interfaces/include/buff_interfaces/buff_interfaces/msg/detail/rune_info__functions.c
[0.520s] -- Up-to-date: /home/rm_autoaim/suep2026/2025_ws/install/buff_interfaces/include/buff_interfaces/buff_interfaces/msg/detail/blade_array__functions.h
[0.520s] -- Up-to-date: /home/rm_autoaim/suep2026/2025_ws/install/buff_interfaces/include/buff_interfaces/buff_interfaces/msg/detail/rune__type_support.h
[0.521s] -- Up-to-date: /home/rm_autoaim/suep2026/2025_ws/install/buff_interfaces/include/buff_interfaces/buff_interfaces/msg/detail/blade__struct.h
[0.521s] -- Up-to-date: /home/rm_autoaim/suep2026/2025_ws/install/buff_interfaces/include/buff_interfaces/buff_interfaces/msg/detail/debug_blade_array__type_support.h
[0.521s] -- Up-to-date: /home/rm_autoaim/suep2026/2025_ws/install/buff_interfaces/include/buff_interfaces/buff_interfaces/msg/detail/time_info__functions.c
[0.522s] -- Up-to-date: /home/rm_autoaim/suep2026/2025_ws/install/buff_interfaces/include/buff_interfaces/buff_interfaces/msg/detail/debug_blade__functions.c
[0.522s] -- Up-to-date: /home/rm_autoaim/suep2026/2025_ws/install/buff_interfaces/include/buff_interfaces/buff_interfaces/msg/detail/blade__functions.h
[0.523s] -- Up-to-date: /home/rm_autoaim/suep2026/2025_ws/install/buff_interfaces/include/buff_interfaces/buff_interfaces/msg/detail/rune__struct.h
[0.523s] -- Up-to-date: /home/rm_autoaim/suep2026/2025_ws/install/buff_interfaces/include/buff_interfaces/buff_interfaces/msg/detail/debug_blade__functions.h
[0.523s] -- Up-to-date: /home/rm_autoaim/suep2026/2025_ws/install/buff_interfaces/include/buff_interfaces/buff_interfaces/msg/detail/debug_blade_array__functions.h
[0.523s] -- Up-to-date: /home/rm_autoaim/suep2026/2025_ws/install/buff_interfaces/include/buff_interfaces/buff_interfaces/msg/detail/blade_array__type_support.h
[0.523s] -- Up-to-date: /home/rm_autoaim/suep2026/2025_ws/install/buff_interfaces/include/buff_interfaces/buff_interfaces/msg/detail/blade__functions.c
[0.523s] -- Up-to-date: /home/rm_autoaim/suep2026/2025_ws/install/buff_interfaces/include/buff_interfaces/buff_interfaces/msg/detail/blade_array__functions.c
[0.523s] -- Up-to-date: /home/rm_autoaim/suep2026/2025_ws/install/buff_interfaces/include/buff_interfaces/buff_interfaces/msg/detail/rune_info__type_support.h
[0.523s] -- Up-to-date: /home/rm_autoaim/suep2026/2025_ws/install/buff_interfaces/include/buff_interfaces/buff_interfaces/msg/detail/rune__functions.c
[0.523s] -- Up-to-date: /home/rm_autoaim/suep2026/2025_ws/install/buff_interfaces/include/buff_interfaces/buff_interfaces/msg/detail/rune_info__functions.h
[0.524s] -- Up-to-date: /home/rm_autoaim/suep2026/2025_ws/install/buff_interfaces/share/buff_interfaces/environment/library_path.sh
[0.524s] -- Up-to-date: /home/rm_autoaim/suep2026/2025_ws/install/buff_interfaces/share/buff_interfaces/environment/library_path.dsv
[0.524s] -- Up-to-date: /home/rm_autoaim/suep2026/2025_ws/install/buff_interfaces/lib/libbuff_interfaces__rosidl_generator_c.so
[0.524s] -- Up-to-date: /home/rm_autoaim/suep2026/2025_ws/install/buff_interfaces/include/buff_interfaces/buff_interfaces
[0.524s] -- Up-to-date: /home/rm_autoaim/suep2026/2025_ws/install/buff_interfaces/include/buff_interfaces/buff_interfaces/msg
[0.524s] -- Up-to-date: /home/rm_autoaim/suep2026/2025_ws/install/buff_interfaces/include/buff_interfaces/buff_interfaces/msg/rosidl_typesupport_fastrtps_c__visibility_control.h
[0.524s] -- Up-to-date: /home/rm_autoaim/suep2026/2025_ws/install/buff_interfaces/include/buff_interfaces/buff_interfaces/msg/detail
[0.525s] -- Up-to-date: /home/rm_autoaim/suep2026/2025_ws/install/buff_interfaces/include/buff_interfaces/buff_interfaces/msg/detail/rune__rosidl_typesupport_fastrtps_c.h
[0.525s] -- Up-to-date: /home/rm_autoaim/suep2026/2025_ws/install/buff_interfaces/include/buff_interfaces/buff_interfaces/msg/detail/time_info__rosidl_typesupport_fastrtps_c.h
[0.525s] -- Up-to-date: /home/rm_autoaim/suep2026/2025_ws/install/buff_interfaces/include/buff_interfaces/buff_interfaces/msg/detail/rune_info__rosidl_typesupport_fastrtps_c.h
[0.525s] -- Up-to-date: /home/rm_autoaim/suep2026/2025_ws/install/buff_interfaces/include/buff_interfaces/buff_interfaces/msg/detail/blade_array__rosidl_typesupport_fastrtps_c.h
[0.525s] -- Up-to-date: /home/rm_autoaim/suep2026/2025_ws/install/buff_interfaces/include/buff_interfaces/buff_interfaces/msg/detail/debug_blade_array__rosidl_typesupport_fastrtps_c.h
[0.525s] -- Up-to-date: /home/rm_autoaim/suep2026/2025_ws/install/buff_interfaces/include/buff_interfaces/buff_interfaces/msg/detail/debug_blade__rosidl_typesupport_fastrtps_c.h
[0.525s] -- Up-to-date: /home/rm_autoaim/suep2026/2025_ws/install/buff_interfaces/include/buff_interfaces/buff_interfaces/msg/detail/blade__rosidl_typesupport_fastrtps_c.h
[0.525s] -- Up-to-date: /home/rm_autoaim/suep2026/2025_ws/install/buff_interfaces/lib/libbuff_interfaces__rosidl_typesupport_fastrtps_c.so
[0.525s] -- Up-to-date: /home/rm_autoaim/suep2026/2025_ws/install/buff_interfaces/include/buff_interfaces/buff_interfaces
[0.525s] -- Up-to-date: /home/rm_autoaim/suep2026/2025_ws/install/buff_interfaces/include/buff_interfaces/buff_interfaces/msg
[0.525s] -- Up-to-date: /home/rm_autoaim/suep2026/2025_ws/install/buff_interfaces/include/buff_interfaces/buff_interfaces/msg/rosidl_typesupport_introspection_c__visibility_control.h
[0.525s] -- Up-to-date: /home/rm_autoaim/suep2026/2025_ws/install/buff_interfaces/include/buff_interfaces/buff_interfaces/msg/detail
[0.525s] -- Up-to-date: /home/rm_autoaim/suep2026/2025_ws/install/buff_interfaces/include/buff_interfaces/buff_interfaces/msg/detail/blade_array__type_support.c
[0.525s] -- Up-to-date: /home/rm_autoaim/suep2026/2025_ws/install/buff_interfaces/include/buff_interfaces/buff_interfaces/msg/detail/time_info__type_support.c
[0.525s] -- Up-to-date: /home/rm_autoaim/suep2026/2025_ws/install/buff_interfaces/include/buff_interfaces/buff_interfaces/msg/detail/debug_blade_array__type_support.c
[0.525s] -- Up-to-date: /home/rm_autoaim/suep2026/2025_ws/install/buff_interfaces/include/buff_interfaces/buff_interfaces/msg/detail/debug_blade_array__rosidl_typesupport_introspection_c.h
[0.525s] -- Up-to-date: /home/rm_autoaim/suep2026/2025_ws/install/buff_interfaces/include/buff_interfaces/buff_interfaces/msg/detail/rune__rosidl_typesupport_introspection_c.h
[0.525s] -- Up-to-date: /home/rm_autoaim/suep2026/2025_ws/install/buff_interfaces/include/buff_interfaces/buff_interfaces/msg/detail/rune__type_support.c
[0.525s] -- Up-to-date: /home/rm_autoaim/suep2026/2025_ws/install/buff_interfaces/include/buff_interfaces/buff_interfaces/msg/detail/blade__rosidl_typesupport_introspection_c.h
[0.525s] -- Up-to-date: /home/rm_autoaim/suep2026/2025_ws/install/buff_interfaces/include/buff_interfaces/buff_interfaces/msg/detail/blade__type_support.c
[0.525s] -- Up-to-date: /home/rm_autoaim/suep2026/2025_ws/install/buff_interfaces/include/buff_interfaces/buff_interfaces/msg/detail/time_info__rosidl_typesupport_introspection_c.h
[0.525s] -- Up-to-date: /home/rm_autoaim/suep2026/2025_ws/install/buff_interfaces/include/buff_interfaces/buff_interfaces/msg/detail/blade_array__rosidl_typesupport_introspection_c.h
[0.525s] -- Up-to-date: /home/rm_autoaim/suep2026/2025_ws/install/buff_interfaces/include/buff_interfaces/buff_interfaces/msg/detail/debug_blade__rosidl_typesupport_introspection_c.h
[0.525s] -- Up-to-date: /home/rm_autoaim/suep2026/2025_ws/install/buff_interfaces/include/buff_interfaces/buff_interfaces/msg/detail/rune_info__rosidl_typesupport_introspection_c.h
[0.525s] -- Up-to-date: /home/rm_autoaim/suep2026/2025_ws/install/buff_interfaces/include/buff_interfaces/buff_interfaces/msg/detail/debug_blade__type_support.c
[0.525s] -- Up-to-date: /home/rm_autoaim/suep2026/2025_ws/install/buff_interfaces/include/buff_interfaces/buff_interfaces/msg/detail/rune_info__type_support.c
[0.526s] -- Up-to-date: /home/rm_autoaim/suep2026/2025_ws/install/buff_interfaces/lib/libbuff_interfaces__rosidl_typesupport_introspection_c.so
[0.526s] -- Up-to-date: /home/rm_autoaim/suep2026/2025_ws/install/buff_interfaces/lib/libbuff_interfaces__rosidl_typesupport_c.so
[0.526s] -- Up-to-date: /home/rm_autoaim/suep2026/2025_ws/install/buff_interfaces/include/buff_interfaces/buff_interfaces
[0.526s] -- Up-to-date: /home/rm_autoaim/suep2026/2025_ws/install/buff_interfaces/include/buff_interfaces/buff_interfaces/msg
[0.526s] -- Up-to-date: /home/rm_autoaim/suep2026/2025_ws/install/buff_interfaces/include/buff_interfaces/buff_interfaces/msg/time_info.hpp
[0.526s] -- Up-to-date: /home/rm_autoaim/suep2026/2025_ws/install/buff_interfaces/include/buff_interfaces/buff_interfaces/msg/rune_info.hpp
[0.526s] -- Up-to-date: /home/rm_autoaim/suep2026/2025_ws/install/buff_interfaces/include/buff_interfaces/buff_interfaces/msg/blade.hpp
[0.526s] -- Up-to-date: /home/rm_autoaim/suep2026/2025_ws/install/buff_interfaces/include/buff_interfaces/buff_interfaces/msg/debug_blade.hpp
[0.526s] -- Up-to-date: /home/rm_autoaim/suep2026/2025_ws/install/buff_interfaces/include/buff_interfaces/buff_interfaces/msg/debug_blade_array.hpp
[0.526s] -- Up-to-date: /home/rm_autoaim/suep2026/2025_ws/install/buff_interfaces/include/buff_interfaces/buff_interfaces/msg/blade_array.hpp
[0.526s] -- Up-to-date: /home/rm_autoaim/suep2026/2025_ws/install/buff_interfaces/include/buff_interfaces/buff_interfaces/msg/rune.hpp
[0.526s] -- Up-to-date: /home/rm_autoaim/suep2026/2025_ws/install/buff_interfaces/include/buff_interfaces/buff_interfaces/msg/rosidl_generator_cpp__visibility_control.hpp
[0.526s] -- Up-to-date: /home/rm_autoaim/suep2026/2025_ws/install/buff_interfaces/include/buff_interfaces/buff_interfaces/msg/detail
[0.526s] -- Up-to-date: /home/rm_autoaim/suep2026/2025_ws/install/buff_interfaces/include/buff_interfaces/buff_interfaces/msg/detail/debug_blade_array__type_support.hpp
[0.526s] -- Up-to-date: /home/rm_autoaim/suep2026/2025_ws/install/buff_interfaces/include/buff_interfaces/buff_interfaces/msg/detail/debug_blade__traits.hpp
[0.526s] -- Up-to-date: /home/rm_autoaim/suep2026/2025_ws/install/buff_interfaces/include/buff_interfaces/buff_interfaces/msg/detail/debug_blade_array__builder.hpp
[0.526s] -- Up-to-date: /home/rm_autoaim/suep2026/2025_ws/install/buff_interfaces/include/buff_interfaces/buff_interfaces/msg/detail/blade_array__builder.hpp
[0.526s] -- Up-to-date: /home/rm_autoaim/suep2026/2025_ws/install/buff_interfaces/include/buff_interfaces/buff_interfaces/msg/detail/rune__builder.hpp
[0.527s] -- Up-to-date: /home/rm_autoaim/suep2026/2025_ws/install/buff_interfaces/include/buff_interfaces/buff_interfaces/msg/detail/rune_info__struct.hpp
[0.527s] -- Up-to-date: /home/rm_autoaim/suep2026/2025_ws/install/buff_interfaces/include/buff_interfaces/buff_interfaces/msg/detail/blade_array__struct.hpp
[0.527s] -- Up-to-date: /home/rm_autoaim/suep2026/2025_ws/install/buff_interfaces/include/buff_interfaces/buff_interfaces/msg/detail/blade_array__type_support.hpp
[0.527s] -- Up-to-date: /home/rm_autoaim/suep2026/2025_ws/install/buff_interfaces/include/buff_interfaces/buff_interfaces/msg/detail/blade_array__traits.hpp
[0.527s] -- Up-to-date: /home/rm_autoaim/suep2026/2025_ws/install/buff_interfaces/include/buff_interfaces/buff_interfaces/msg/detail/debug_blade_array__struct.hpp
[0.527s] -- Up-to-date: /home/rm_autoaim/suep2026/2025_ws/install/buff_interfaces/include/buff_interfaces/buff_interfaces/msg/detail/rune__type_support.hpp
[0.527s] -- Up-to-date: /home/rm_autoaim/suep2026/2025_ws/install/buff_interfaces/include/buff_interfaces/buff_interfaces/msg/detail/rune__struct.hpp
[0.527s] -- Up-to-date: /home/rm_autoaim/suep2026/2025_ws/install/buff_interfaces/include/buff_interfaces/buff_interfaces/msg/detail/rune__traits.hpp
[0.527s] -- Up-to-date: /home/rm_autoaim/suep2026/2025_ws/install/buff_interfaces/include/buff_interfaces/buff_interfaces/msg/detail/debug_blade__struct.hpp
[0.527s] -- Up-to-date: /home/rm_autoaim/suep2026/2025_ws/install/buff_interfaces/include/buff_interfaces/buff_interfaces/msg/detail/debug_blade_array__traits.hpp
[0.527s] -- Up-to-date: /home/rm_autoaim/suep2026/2025_ws/install/buff_interfaces/include/buff_interfaces/buff_interfaces/msg/detail/blade__struct.hpp
[0.527s] -- Up-to-date: /home/rm_autoaim/suep2026/2025_ws/install/buff_interfaces/include/buff_interfaces/buff_interfaces/msg/detail/rune_info__type_support.hpp
[0.527s] -- Up-to-date: /home/rm_autoaim/suep2026/2025_ws/install/buff_interfaces/include/buff_interfaces/buff_interfaces/msg/detail/debug_blade__builder.hpp
[0.527s] -- Up-to-date: /home/rm_autoaim/suep2026/2025_ws/install/buff_interfaces/include/buff_interfaces/buff_interfaces/msg/detail/blade__builder.hpp
[0.527s] -- Up-to-date: /home/rm_autoaim/suep2026/2025_ws/install/buff_interfaces/include/buff_interfaces/buff_interfaces/msg/detail/time_info__builder.hpp
[0.527s] -- Up-to-date: /home/rm_autoaim/suep2026/2025_ws/install/buff_interfaces/include/buff_interfaces/buff_interfaces/msg/detail/blade__traits.hpp
[0.527s] -- Up-to-date: /home/rm_autoaim/suep2026/2025_ws/install/buff_interfaces/include/buff_interfaces/buff_interfaces/msg/detail/time_info__type_support.hpp
[0.527s] -- Up-to-date: /home/rm_autoaim/suep2026/2025_ws/install/buff_interfaces/include/buff_interfaces/buff_interfaces/msg/detail/rune_info__builder.hpp
[0.527s] -- Up-to-date: /home/rm_autoaim/suep2026/2025_ws/install/buff_interfaces/include/buff_interfaces/buff_interfaces/msg/detail/debug_blade__type_support.hpp
[0.527s] -- Up-to-date: /home/rm_autoaim/suep2026/2025_ws/install/buff_interfaces/include/buff_interfaces/buff_interfaces/msg/detail/blade__type_support.hpp
[0.527s] -- Up-to-date: /home/rm_autoaim/suep2026/2025_ws/install/buff_interfaces/include/buff_interfaces/buff_interfaces/msg/detail/time_info__struct.hpp
[0.527s] -- Up-to-date: /home/rm_autoaim/suep2026/2025_ws/install/buff_interfaces/include/buff_interfaces/buff_interfaces/msg/detail/time_info__traits.hpp
[0.527s] -- Up-to-date: /home/rm_autoaim/suep2026/2025_ws/install/buff_interfaces/include/buff_interfaces/buff_interfaces/msg/detail/rune_info__traits.hpp
[0.527s] -- Up-to-date: /home/rm_autoaim/suep2026/2025_ws/install/buff_interfaces/include/buff_interfaces/buff_interfaces
[0.527s] -- Up-to-date: /home/rm_autoaim/suep2026/2025_ws/install/buff_interfaces/include/buff_interfaces/buff_interfaces/msg
[0.528s] -- Up-to-date: /home/rm_autoaim/suep2026/2025_ws/install/buff_interfaces/include/buff_interfaces/buff_interfaces/msg/rosidl_typesupport_fastrtps_cpp__visibility_control.h
[0.528s] -- Up-to-date: /home/rm_autoaim/suep2026/2025_ws/install/buff_interfaces/include/buff_interfaces/buff_interfaces/msg/detail
[0.528s] -- Up-to-date: /home/rm_autoaim/suep2026/2025_ws/install/buff_interfaces/include/buff_interfaces/buff_interfaces/msg/detail/debug_blade__rosidl_typesupport_fastrtps_cpp.hpp
[0.528s] -- Up-to-date: /home/rm_autoaim/suep2026/2025_ws/install/buff_interfaces/include/buff_interfaces/buff_interfaces/msg/detail/blade__rosidl_typesupport_fastrtps_cpp.hpp
[0.528s] -- Up-to-date: /home/rm_autoaim/suep2026/2025_ws/install/buff_interfaces/include/buff_interfaces/buff_interfaces/msg/detail/dds_fastrtps
[0.528s] -- Up-to-date: /home/rm_autoaim/suep2026/2025_ws/install/buff_interfaces/include/buff_interfaces/buff_interfaces/msg/detail/debug_blade_array__rosidl_typesupport_fastrtps_cpp.hpp
[0.528s] -- Up-to-date: /home/rm_autoaim/suep2026/2025_ws/install/buff_interfaces/include/buff_interfaces/buff_interfaces/msg/detail/rune_info__rosidl_typesupport_fastrtps_cpp.hpp
[0.528s] -- Up-to-date: /home/rm_autoaim/suep2026/2025_ws/install/buff_interfaces/include/buff_interfaces/buff_interfaces/msg/detail/blade_array__rosidl_typesupport_fastrtps_cpp.hpp
[0.528s] -- Up-to-date: /home/rm_autoaim/suep2026/2025_ws/install/buff_interfaces/include/buff_interfaces/buff_interfaces/msg/detail/time_info__rosidl_typesupport_fastrtps_cpp.hpp
[0.528s] -- Up-to-date: /home/rm_autoaim/suep2026/2025_ws/install/buff_interfaces/include/buff_interfaces/buff_interfaces/msg/detail/rune__rosidl_typesupport_fastrtps_cpp.hpp
[0.528s] -- Up-to-date: /home/rm_autoaim/suep2026/2025_ws/install/buff_interfaces/lib/libbuff_interfaces__rosidl_typesupport_fastrtps_cpp.so
[0.528s] -- Up-to-date: /home/rm_autoaim/suep2026/2025_ws/install/buff_interfaces/include/buff_interfaces/buff_interfaces
[0.528s] -- Up-to-date: /home/rm_autoaim/suep2026/2025_ws/install/buff_interfaces/include/buff_interfaces/buff_interfaces/msg
[0.528s] -- Up-to-date: /home/rm_autoaim/suep2026/2025_ws/install/buff_interfaces/include/buff_interfaces/buff_interfaces/msg/detail
[0.528s] -- Up-to-date: /home/rm_autoaim/suep2026/2025_ws/install/buff_interfaces/include/buff_interfaces/buff_interfaces/msg/detail/blade__type_support.cpp
[0.528s] -- Up-to-date: /home/rm_autoaim/suep2026/2025_ws/install/buff_interfaces/include/buff_interfaces/buff_interfaces/msg/detail/blade__rosidl_typesupport_introspection_cpp.hpp
[0.528s] -- Up-to-date: /home/rm_autoaim/suep2026/2025_ws/install/buff_interfaces/include/buff_interfaces/buff_interfaces/msg/detail/rune_info__rosidl_typesupport_introspection_cpp.hpp
[0.528s] -- Up-to-date: /home/rm_autoaim/suep2026/2025_ws/install/buff_interfaces/include/buff_interfaces/buff_interfaces/msg/detail/debug_blade_array__type_support.cpp
[0.528s] -- Up-to-date: /home/rm_autoaim/suep2026/2025_ws/install/buff_interfaces/include/buff_interfaces/buff_interfaces/msg/detail/blade_array__rosidl_typesupport_introspection_cpp.hpp
[0.528s] -- Up-to-date: /home/rm_autoaim/suep2026/2025_ws/install/buff_interfaces/include/buff_interfaces/buff_interfaces/msg/detail/rune_info__type_support.cpp
[0.528s] -- Up-to-date: /home/rm_autoaim/suep2026/2025_ws/install/buff_interfaces/include/buff_interfaces/buff_interfaces/msg/detail/blade_array__type_support.cpp
[0.528s] -- Up-to-date: /home/rm_autoaim/suep2026/2025_ws/install/buff_interfaces/include/buff_interfaces/buff_interfaces/msg/detail/rune__rosidl_typesupport_introspection_cpp.hpp
[0.528s] -- Up-to-date: /home/rm_autoaim/suep2026/2025_ws/install/buff_interfaces/include/buff_interfaces/buff_interfaces/msg/detail/debug_blade__rosidl_typesupport_introspection_cpp.hpp
[0.528s] -- Up-to-date: /home/rm_autoaim/suep2026/2025_ws/install/buff_interfaces/include/buff_interfaces/buff_interfaces/msg/detail/time_info__rosidl_typesupport_introspection_cpp.hpp
[0.529s] -- Up-to-date: /home/rm_autoaim/suep2026/2025_ws/install/buff_interfaces/include/buff_interfaces/buff_interfaces/msg/detail/debug_blade_array__rosidl_typesupport_introspection_cpp.hpp
[0.529s] -- Up-to-date: /home/rm_autoaim/suep2026/2025_ws/install/buff_interfaces/include/buff_interfaces/buff_interfaces/msg/detail/debug_blade__type_support.cpp
[0.529s] -- Up-to-date: /home/rm_autoaim/suep2026/2025_ws/install/buff_interfaces/include/buff_interfaces/buff_interfaces/msg/detail/time_info__type_support.cpp
[0.529s] -- Up-to-date: /home/rm_autoaim/suep2026/2025_ws/install/buff_interfaces/include/buff_interfaces/buff_interfaces/msg/detail/rune__type_support.cpp
[0.529s] -- Up-to-date: /home/rm_autoaim/suep2026/2025_ws/install/buff_interfaces/lib/libbuff_interfaces__rosidl_typesupport_introspection_cpp.so
[0.529s] -- Up-to-date: /home/rm_autoaim/suep2026/2025_ws/install/buff_interfaces/lib/libbuff_interfaces__rosidl_typesupport_cpp.so
[0.529s] -- Up-to-date: /home/rm_autoaim/suep2026/2025_ws/install/buff_interfaces/share/buff_interfaces/environment/pythonpath.sh
[0.529s] -- Up-to-date: /home/rm_autoaim/suep2026/2025_ws/install/buff_interfaces/share/buff_interfaces/environment/pythonpath.dsv
[0.529s] -- Up-to-date: /home/rm_autoaim/suep2026/2025_ws/install/buff_interfaces/local/lib/python3.10/dist-packages/buff_interfaces-1.0.0-py3.10.egg-info
[0.529s] -- Installing: /home/rm_autoaim/suep2026/2025_ws/install/buff_interfaces/local/lib/python3.10/dist-packages/buff_interfaces-1.0.0-py3.10.egg-info/PKG-INFO
[0.529s] -- Installing: /home/rm_autoaim/suep2026/2025_ws/install/buff_interfaces/local/lib/python3.10/dist-packages/buff_interfaces-1.0.0-py3.10.egg-info/top_level.txt
[0.529s] -- Installing: /home/rm_autoaim/suep2026/2025_ws/install/buff_interfaces/local/lib/python3.10/dist-packages/buff_interfaces-1.0.0-py3.10.egg-info/dependency_links.txt
[0.529s] -- Installing: /home/rm_autoaim/suep2026/2025_ws/install/buff_interfaces/local/lib/python3.10/dist-packages/buff_interfaces-1.0.0-py3.10.egg-info/SOURCES.txt
[0.529s] -- Up-to-date: /home/rm_autoaim/suep2026/2025_ws/install/buff_interfaces/local/lib/python3.10/dist-packages/buff_interfaces
[0.529s] -- Up-to-date: /home/rm_autoaim/suep2026/2025_ws/install/buff_interfaces/local/lib/python3.10/dist-packages/buff_interfaces/libbuff_interfaces__rosidl_generator_py.so
[0.529s] -- Up-to-date: /home/rm_autoaim/suep2026/2025_ws/install/buff_interfaces/local/lib/python3.10/dist-packages/buff_interfaces/msg
[0.530s] -- Up-to-date: /home/rm_autoaim/suep2026/2025_ws/install/buff_interfaces/local/lib/python3.10/dist-packages/buff_interfaces/msg/_debug_blade_array.py
[0.530s] -- Up-to-date: /home/rm_autoaim/suep2026/2025_ws/install/buff_interfaces/local/lib/python3.10/dist-packages/buff_interfaces/msg/_time_info_s.c
[0.530s] -- Up-to-date: /home/rm_autoaim/suep2026/2025_ws/install/buff_interfaces/local/lib/python3.10/dist-packages/buff_interfaces/msg/_blade_array_s.c
[0.530s] -- Up-to-date: /home/rm_autoaim/suep2026/2025_ws/install/buff_interfaces/local/lib/python3.10/dist-packages/buff_interfaces/msg/_debug_blade_s.c
[0.530s] -- Up-to-date: /home/rm_autoaim/suep2026/2025_ws/install/buff_interfaces/local/lib/python3.10/dist-packages/buff_interfaces/msg/__init__.py
[0.530s] -- Up-to-date: /home/rm_autoaim/suep2026/2025_ws/install/buff_interfaces/local/lib/python3.10/dist-packages/buff_interfaces/msg/_rune_info.py
[0.530s] -- Up-to-date: /home/rm_autoaim/suep2026/2025_ws/install/buff_interfaces/local/lib/python3.10/dist-packages/buff_interfaces/msg/_debug_blade.py
[0.530s] -- Up-to-date: /home/rm_autoaim/suep2026/2025_ws/install/buff_interfaces/local/lib/python3.10/dist-packages/buff_interfaces/msg/_time_info.py
[0.530s] -- Up-to-date: /home/rm_autoaim/suep2026/2025_ws/install/buff_interfaces/local/lib/python3.10/dist-packages/buff_interfaces/msg/_blade_s.c
[0.530s] -- Up-to-date: /home/rm_autoaim/suep2026/2025_ws/install/buff_interfaces/local/lib/python3.10/dist-packages/buff_interfaces/msg/_rune_info_s.c
[0.530s] -- Up-to-date: /home/rm_autoaim/suep2026/2025_ws/install/buff_interfaces/local/lib/python3.10/dist-packages/buff_interfaces/msg/_rune_s.c
[0.530s] -- Up-to-date: /home/rm_autoaim/suep2026/2025_ws/install/buff_interfaces/local/lib/python3.10/dist-packages/buff_interfaces/msg/_rune.py
[0.530s] -- Up-to-date: /home/rm_autoaim/suep2026/2025_ws/install/buff_interfaces/local/lib/python3.10/dist-packages/buff_interfaces/msg/_blade.py
[0.530s] -- Up-to-date: /home/rm_autoaim/suep2026/2025_ws/install/buff_interfaces/local/lib/python3.10/dist-packages/buff_interfaces/msg/_debug_blade_array_s.c
[0.530s] -- Up-to-date: /home/rm_autoaim/suep2026/2025_ws/install/buff_interfaces/local/lib/python3.10/dist-packages/buff_interfaces/msg/_blade_array.py
[0.530s] -- Up-to-date: /home/rm_autoaim/suep2026/2025_ws/install/buff_interfaces/local/lib/python3.10/dist-packages/buff_interfaces/_buff_interfaces_s.ep.rosidl_typesupport_c.c
[0.530s] -- Up-to-date: /home/rm_autoaim/suep2026/2025_ws/install/buff_interfaces/local/lib/python3.10/dist-packages/buff_interfaces/__init__.py
[0.530s] -- Up-to-date: /home/rm_autoaim/suep2026/2025_ws/install/buff_interfaces/local/lib/python3.10/dist-packages/buff_interfaces/buff_interfaces_s__rosidl_typesupport_introspection_c.cpython-310-x86_64-linux-gnu.so
[0.530s] -- Up-to-date: /home/rm_autoaim/suep2026/2025_ws/install/buff_interfaces/local/lib/python3.10/dist-packages/buff_interfaces/_buff_interfaces_s.ep.rosidl_typesupport_introspection_c.c
[0.530s] -- Up-to-date: /home/rm_autoaim/suep2026/2025_ws/install/buff_interfaces/local/lib/python3.10/dist-packages/buff_interfaces/buff_interfaces_s__rosidl_typesupport_fastrtps_c.cpython-310-x86_64-linux-gnu.so
[0.530s] -- Up-to-date: /home/rm_autoaim/suep2026/2025_ws/install/buff_interfaces/local/lib/python3.10/dist-packages/buff_interfaces/_buff_interfaces_s.ep.rosidl_typesupport_fastrtps_c.c
[0.530s] -- Up-to-date: /home/rm_autoaim/suep2026/2025_ws/install/buff_interfaces/local/lib/python3.10/dist-packages/buff_interfaces/buff_interfaces_s__rosidl_typesupport_c.cpython-310-x86_64-linux-gnu.so
[0.550s] Listing '/home/rm_autoaim/suep2026/2025_ws/install/buff_interfaces/local/lib/python3.10/dist-packages/buff_interfaces'...
[0.550s] Listing '/home/rm_autoaim/suep2026/2025_ws/install/buff_interfaces/local/lib/python3.10/dist-packages/buff_interfaces/msg'...
[0.553s] -- Up-to-date: /home/rm_autoaim/suep2026/2025_ws/install/buff_interfaces/local/lib/python3.10/dist-packages/buff_interfaces/buff_interfaces_s__rosidl_typesupport_fastrtps_c.cpython-310-x86_64-linux-gnu.so
[0.554s] -- Up-to-date: /home/rm_autoaim/suep2026/2025_ws/install/buff_interfaces/local/lib/python3.10/dist-packages/buff_interfaces/buff_interfaces_s__rosidl_typesupport_introspection_c.cpython-310-x86_64-linux-gnu.so
[0.554s] -- Up-to-date: /home/rm_autoaim/suep2026/2025_ws/install/buff_interfaces/local/lib/python3.10/dist-packages/buff_interfaces/buff_interfaces_s__rosidl_typesupport_c.cpython-310-x86_64-linux-gnu.so
[0.554s] -- Up-to-date: /home/rm_autoaim/suep2026/2025_ws/install/buff_interfaces/lib/libbuff_interfaces__rosidl_generator_py.so
[0.554s] -- Up-to-date: /home/rm_autoaim/suep2026/2025_ws/install/buff_interfaces/share/buff_interfaces/msg/Blade.idl
[0.554s] -- Up-to-date: /home/rm_autoaim/suep2026/2025_ws/install/buff_interfaces/share/buff_interfaces/msg/BladeArray.idl
[0.554s] -- Up-to-date: /home/rm_autoaim/suep2026/2025_ws/install/buff_interfaces/share/buff_interfaces/msg/DebugBlade.idl
[0.554s] -- Up-to-date: /home/rm_autoaim/suep2026/2025_ws/install/buff_interfaces/share/buff_interfaces/msg/DebugBladeArray.idl
[0.555s] -- Up-to-date: /home/rm_autoaim/suep2026/2025_ws/install/buff_interfaces/share/buff_interfaces/msg/Rune.idl
[0.555s] -- Up-to-date: /home/rm_autoaim/suep2026/2025_ws/install/buff_interfaces/share/buff_interfaces/msg/RuneInfo.idl
[0.555s] -- Up-to-date: /home/rm_autoaim/suep2026/2025_ws/install/buff_interfaces/share/buff_interfaces/msg/TimeInfo.idl
[0.555s] -- Up-to-date: /home/rm_autoaim/suep2026/2025_ws/install/buff_interfaces/share/buff_interfaces/msg/Blade.msg
[0.555s] -- Up-to-date: /home/rm_autoaim/suep2026/2025_ws/install/buff_interfaces/share/buff_interfaces/msg/BladeArray.msg
[0.555s] -- Up-to-date: /home/rm_autoaim/suep2026/2025_ws/install/buff_interfaces/share/buff_interfaces/msg/DebugBlade.msg
[0.555s] -- Up-to-date: /home/rm_autoaim/suep2026/2025_ws/install/buff_interfaces/share/buff_interfaces/msg/DebugBladeArray.msg
[0.555s] -- Up-to-date: /home/rm_autoaim/suep2026/2025_ws/install/buff_interfaces/share/buff_interfaces/msg/Rune.msg
[0.555s] -- Up-to-date: /home/rm_autoaim/suep2026/2025_ws/install/buff_interfaces/share/buff_interfaces/msg/RuneInfo.msg
[0.555s] -- Up-to-date: /home/rm_autoaim/suep2026/2025_ws/install/buff_interfaces/share/buff_interfaces/msg/TimeInfo.msg
[0.555s] -- Up-to-date: /home/rm_autoaim/suep2026/2025_ws/install/buff_interfaces/share/ament_index/resource_index/package_run_dependencies/buff_interfaces
[0.555s] -- Up-to-date: /home/rm_autoaim/suep2026/2025_ws/install/buff_interfaces/share/ament_index/resource_index/parent_prefix_path/buff_interfaces
[0.556s] -- Up-to-date: /home/rm_autoaim/suep2026/2025_ws/install/buff_interfaces/share/buff_interfaces/environment/ament_prefix_path.sh
[0.556s] -- Up-to-date: /home/rm_autoaim/suep2026/2025_ws/install/buff_interfaces/share/buff_interfaces/environment/ament_prefix_path.dsv
[0.556s] -- Up-to-date: /home/rm_autoaim/suep2026/2025_ws/install/buff_interfaces/share/buff_interfaces/environment/path.sh
[0.556s] -- Up-to-date: /home/rm_autoaim/suep2026/2025_ws/install/buff_interfaces/share/buff_interfaces/environment/path.dsv
[0.556s] -- Up-to-date: /home/rm_autoaim/suep2026/2025_ws/install/buff_interfaces/share/buff_interfaces/local_setup.bash
[0.556s] -- Up-to-date: /home/rm_autoaim/suep2026/2025_ws/install/buff_interfaces/share/buff_interfaces/local_setup.sh
[0.556s] -- Up-to-date: /home/rm_autoaim/suep2026/2025_ws/install/buff_interfaces/share/buff_interfaces/local_setup.zsh
[0.556s] -- Up-to-date: /home/rm_autoaim/suep2026/2025_ws/install/buff_interfaces/share/buff_interfaces/local_setup.dsv
[0.556s] -- Installing: /home/rm_autoaim/suep2026/2025_ws/install/buff_interfaces/share/buff_interfaces/package.dsv
[0.556s] -- Up-to-date: /home/rm_autoaim/suep2026/2025_ws/install/buff_interfaces/share/ament_index/resource_index/packages/buff_interfaces
[0.556s] -- Up-to-date: /home/rm_autoaim/suep2026/2025_ws/install/buff_interfaces/share/buff_interfaces/cmake/export_buff_interfaces__rosidl_generator_cExport.cmake
[0.556s] -- Up-to-date: /home/rm_autoaim/suep2026/2025_ws/install/buff_interfaces/share/buff_interfaces/cmake/export_buff_interfaces__rosidl_generator_cExport-noconfig.cmake
[0.556s] -- Up-to-date: /home/rm_autoaim/suep2026/2025_ws/install/buff_interfaces/share/buff_interfaces/cmake/export_buff_interfaces__rosidl_typesupport_fastrtps_cExport.cmake
[0.557s] -- Up-to-date: /home/rm_autoaim/suep2026/2025_ws/install/buff_interfaces/share/buff_interfaces/cmake/export_buff_interfaces__rosidl_typesupport_fastrtps_cExport-noconfig.cmake
[0.557s] -- Up-to-date: /home/rm_autoaim/suep2026/2025_ws/install/buff_interfaces/share/buff_interfaces/cmake/buff_interfaces__rosidl_typesupport_introspection_cExport.cmake
[0.557s] -- Up-to-date: /home/rm_autoaim/suep2026/2025_ws/install/buff_interfaces/share/buff_interfaces/cmake/buff_interfaces__rosidl_typesupport_introspection_cExport-noconfig.cmake
[0.557s] -- Up-to-date: /home/rm_autoaim/suep2026/2025_ws/install/buff_interfaces/share/buff_interfaces/cmake/buff_interfaces__rosidl_typesupport_cExport.cmake
[0.557s] -- Up-to-date: /home/rm_autoaim/suep2026/2025_ws/install/buff_interfaces/share/buff_interfaces/cmake/buff_interfaces__rosidl_typesupport_cExport-noconfig.cmake
[0.557s] -- Up-to-date: /home/rm_autoaim/suep2026/2025_ws/install/buff_interfaces/share/buff_interfaces/cmake/export_buff_interfaces__rosidl_generator_cppExport.cmake
[0.557s] -- Up-to-date: /home/rm_autoaim/suep2026/2025_ws/install/buff_interfaces/share/buff_interfaces/cmake/export_buff_interfaces__rosidl_typesupport_fastrtps_cppExport.cmake
[0.557s] -- Up-to-date: /home/rm_autoaim/suep2026/2025_ws/install/buff_interfaces/share/buff_interfaces/cmake/export_buff_interfaces__rosidl_typesupport_fastrtps_cppExport-noconfig.cmake
[0.557s] -- Up-to-date: /home/rm_autoaim/suep2026/2025_ws/install/buff_interfaces/share/buff_interfaces/cmake/buff_interfaces__rosidl_typesupport_introspection_cppExport.cmake
[0.557s] -- Up-to-date: /home/rm_autoaim/suep2026/2025_ws/install/buff_interfaces/share/buff_interfaces/cmake/buff_interfaces__rosidl_typesupport_introspection_cppExport-noconfig.cmake
[0.557s] -- Up-to-date: /home/rm_autoaim/suep2026/2025_ws/install/buff_interfaces/share/buff_interfaces/cmake/buff_interfaces__rosidl_typesupport_cppExport.cmake
[0.557s] -- Up-to-date: /home/rm_autoaim/suep2026/2025_ws/install/buff_interfaces/share/buff_interfaces/cmake/buff_interfaces__rosidl_typesupport_cppExport-noconfig.cmake
[0.557s] -- Up-to-date: /home/rm_autoaim/suep2026/2025_ws/install/buff_interfaces/share/buff_interfaces/cmake/export_buff_interfaces__rosidl_generator_pyExport.cmake
[0.558s] -- Up-to-date: /home/rm_autoaim/suep2026/2025_ws/install/buff_interfaces/share/buff_interfaces/cmake/export_buff_interfaces__rosidl_generator_pyExport-noconfig.cmake
[0.558s] -- Up-to-date: /home/rm_autoaim/suep2026/2025_ws/install/buff_interfaces/share/buff_interfaces/cmake/rosidl_cmake-extras.cmake
[0.558s] -- Up-to-date: /home/rm_autoaim/suep2026/2025_ws/install/buff_interfaces/share/buff_interfaces/cmake/ament_cmake_export_dependencies-extras.cmake
[0.558s] -- Up-to-date: /home/rm_autoaim/suep2026/2025_ws/install/buff_interfaces/share/buff_interfaces/cmake/ament_cmake_export_include_directories-extras.cmake
[0.558s] -- Up-to-date: /home/rm_autoaim/suep2026/2025_ws/install/buff_interfaces/share/buff_interfaces/cmake/ament_cmake_export_libraries-extras.cmake
[0.558s] -- Up-to-date: /home/rm_autoaim/suep2026/2025_ws/install/buff_interfaces/share/buff_interfaces/cmake/ament_cmake_export_targets-extras.cmake
[0.558s] -- Up-to-date: /home/rm_autoaim/suep2026/2025_ws/install/buff_interfaces/share/buff_interfaces/cmake/rosidl_cmake_export_typesupport_targets-extras.cmake
[0.558s] -- Up-to-date: /home/rm_autoaim/suep2026/2025_ws/install/buff_interfaces/share/buff_interfaces/cmake/rosidl_cmake_export_typesupport_libraries-extras.cmake
[0.558s] -- Up-to-date: /home/rm_autoaim/suep2026/2025_ws/install/buff_interfaces/share/buff_interfaces/cmake/buff_interfacesConfig.cmake
[0.558s] -- Up-to-date: /home/rm_autoaim/suep2026/2025_ws/install/buff_interfaces/share/buff_interfaces/cmake/buff_interfacesConfig-version.cmake
[0.558s] -- Up-to-date: /home/rm_autoaim/suep2026/2025_ws/install/buff_interfaces/share/buff_interfaces/package.xml
[0.560s] Invoked command in '/home/rm_autoaim/suep2026/2025_ws/build/buff_interfaces' returned '0': CMAKE_PREFIX_PATH=${CMAKE_PREFIX_PATH}:/opt/ros/humble /usr/bin/cmake --install /home/rm_autoaim/suep2026/2025_ws/build/buff_interfaces
