[0.020s] Invoking command in '/home/rm_autoaim/suep2026/2025_ws/build/hik_camera': CMAKE_PREFIX_PATH=${CMAKE_PREFIX_PATH}:/opt/ros/humble /usr/bin/cmake /home/rm_autoaim/suep2026/2025_ws/src/ros2_hik_camera -DCMAKE_INSTALL_PREFIX=/home/rm_autoaim/suep2026/2025_ws/install/hik_camera
[0.091s] -- The C compiler identification is GNU 11.4.0
[0.146s] -- The CXX compiler identification is GNU 11.4.0
[0.156s] -- Detecting C compiler ABI info
[0.229s] -- Detecting C compiler ABI info - done
[0.239s] -- Check for working C compiler: /usr/bin/cc - skipped
[0.240s] -- Detecting C compile features
[0.240s] -- Detecting C compile features - done
[0.244s] -- Detecting CXX compiler ABI info
[0.329s] -- Detecting CXX compiler ABI info - done
[0.339s] -- Check for working CXX compiler: /usr/bin/c++ - skipped
[0.339s] -- Detecting CXX compile features
[0.340s] -- Detecting CXX compile features - done
[0.342s] -- Found ament_cmake_auto: 1.3.12 (/opt/ros/humble/share/ament_cmake_auto/cmake)
[0.519s] -- Found Python3: /usr/bin/python3 (found version "3.10.12") found components: Interpreter 
[0.716s] -- Found rosidl_generator_c: 3.1.7 (/opt/ros/humble/share/rosidl_generator_c/cmake)
[0.721s] -- Found rosidl_adapter: 3.1.7 (/opt/ros/humble/share/rosidl_adapter/cmake)
[0.730s] -- Found rosidl_generator_cpp: 3.1.7 (/opt/ros/humble/share/rosidl_generator_cpp/cmake)
[0.739s] -- Using all available rosidl_typesupport_c: rosidl_typesupport_fastrtps_c;rosidl_typesupport_introspection_c
[0.753s] -- Using all available rosidl_typesupport_cpp: rosidl_typesupport_fastrtps_cpp;rosidl_typesupport_introspection_cpp
[0.786s] -- Found rmw_implementation_cmake: 6.1.2 (/opt/ros/humble/share/rmw_implementation_cmake/cmake)
[0.788s] -- Found rmw_fastrtps_cpp: 6.2.8 (/opt/ros/humble/share/rmw_fastrtps_cpp/cmake)
[0.890s] -- Found OpenSSL: /usr/lib/x86_64-linux-gnu/libcrypto.so (found version "3.0.2")  
[0.914s] -- Found FastRTPS: /opt/ros/humble/include  
[0.962s] -- Using RMW implementation 'rmw_fastrtps_cpp' as default
[0.970s] -- Looking for pthread.h
[1.086s] -- Looking for pthread.h - found
[1.086s] -- Performing Test CMAKE_HAVE_LIBC_PTHREAD
[1.158s] -- Performing Test CMAKE_HAVE_LIBC_PTHREAD - Success
[1.159s] -- Found Threads: TRUE  
[1.323s] -- Found ament_lint_auto: 0.12.14 (/opt/ros/humble/share/ament_lint_auto/cmake)
[1.341s] -- Added test 'cppcheck' to perform static code analysis on C / C++ code
[1.341s] -- Configured cppcheck include dirs: /home/rm_autoaim/suep2026/2025_ws/src/ros2_hik_camera/hikSDK/include
[1.341s] -- Configured cppcheck exclude dirs and/or files: 
[1.342s] -- Added test 'flake8' to check Python code syntax and style conventions
[1.343s] -- Added test 'lint_cmake' to check CMake code style
[1.343s] -- Added test 'pep257' to check Python code against some of the docstring style conventions in PEP 257
[1.344s] -- Added test 'xmllint' to check XML markup files
[1.347s] -- Configuring done
[1.356s] [33mCMake Warning (dev):
[1.356s]   The library that is being linked to, yaml-cpp, is marked as being
[1.356s]   deprecated by the owner.  The message provided by the developer is:
[1.356s] 
[1.356s]   The target yaml-cpp is deprecated and will be removed in version 0.10.0.
[1.356s]   Use the yaml-cpp::yaml-cpp target instead.
[1.356s] 
[1.356s] This warning is for project developers.  Use -Wno-dev to suppress it.
[1.356s] [0m
[1.362s] -- Generating done
[1.368s] -- Build files have been written to: /home/rm_autoaim/suep2026/2025_ws/build/hik_camera
[1.379s] Invoked command in '/home/rm_autoaim/suep2026/2025_ws/build/hik_camera' returned '0': CMAKE_PREFIX_PATH=${CMAKE_PREFIX_PATH}:/opt/ros/humble /usr/bin/cmake /home/rm_autoaim/suep2026/2025_ws/src/ros2_hik_camera -DCMAKE_INSTALL_PREFIX=/home/rm_autoaim/suep2026/2025_ws/install/hik_camera
[1.381s] Invoking command in '/home/rm_autoaim/suep2026/2025_ws/build/hik_camera': CMAKE_PREFIX_PATH=${CMAKE_PREFIX_PATH}:/opt/ros/humble /usr/bin/cmake --build /home/rm_autoaim/suep2026/2025_ws/build/hik_camera -- -j8 -l8
[1.440s] [ 25%] [32mBuilding CXX object CMakeFiles/hik_camera_node.dir/rclcpp_components/node_main_hik_camera_node.cpp.o[0m
[1.441s] [ 50%] [32mBuilding CXX object CMakeFiles/hik_camera.dir/src/hik_camera_node.cpp.o[0m
[10.186s] [ 75%] [32m[1mLinking CXX executable hik_camera_node[0m
[10.812s] [ 75%] Built target hik_camera_node
[10.915s] [100%] [32m[1mLinking CXX shared library libhik_camera.so[0m
[11.341s] [100%] Built target hik_camera
[11.385s] Invoked command in '/home/rm_autoaim/suep2026/2025_ws/build/hik_camera' returned '0': CMAKE_PREFIX_PATH=${CMAKE_PREFIX_PATH}:/opt/ros/humble /usr/bin/cmake --build /home/rm_autoaim/suep2026/2025_ws/build/hik_camera -- -j8 -l8
[11.388s] Invoking command in '/home/rm_autoaim/suep2026/2025_ws/build/hik_camera': CMAKE_PREFIX_PATH=${CMAKE_PREFIX_PATH}:/opt/ros/humble /usr/bin/cmake --install /home/rm_autoaim/suep2026/2025_ws/build/hik_camera
[11.412s] -- Install configuration: ""
[11.412s] -- Installing: /home/rm_autoaim/suep2026/2025_ws/install/hik_camera/lib
[11.412s] -- Installing: /home/rm_autoaim/suep2026/2025_ws/install/hik_camera/lib/libMvUsb3vTL.so
[11.416s] -- Installing: /home/rm_autoaim/suep2026/2025_ws/install/hik_camera/lib/libFormatConversion.so
[11.417s] -- Installing: /home/rm_autoaim/suep2026/2025_ws/install/hik_camera/lib/libMVRender.so
[11.417s] -- Installing: /home/rm_autoaim/suep2026/2025_ws/install/hik_camera/lib/libMvCameraControl.so
[11.424s] -- Installing: /home/rm_autoaim/suep2026/2025_ws/install/hik_camera/lib/libMediaProcess.so
[11.430s] -- Installing: /home/rm_autoaim/suep2026/2025_ws/install/hik_camera/lib/hik_camera/hik_camera_node
[11.430s] -- Set runtime path of "/home/rm_autoaim/suep2026/2025_ws/install/hik_camera/lib/hik_camera/hik_camera_node" to ""
[11.430s] -- Installing: /home/rm_autoaim/suep2026/2025_ws/install/hik_camera/share/hik_camera/environment/library_path.sh
[11.430s] -- Installing: /home/rm_autoaim/suep2026/2025_ws/install/hik_camera/share/hik_camera/environment/library_path.dsv
[11.430s] -- Installing: /home/rm_autoaim/suep2026/2025_ws/install/hik_camera/lib/libhik_camera.so
[11.430s] -- Set runtime path of "/home/rm_autoaim/suep2026/2025_ws/install/hik_camera/lib/libhik_camera.so" to ""
[11.430s] -- Installing: /home/rm_autoaim/suep2026/2025_ws/install/hik_camera/share/hik_camera/config
[11.431s] -- Installing: /home/rm_autoaim/suep2026/2025_ws/install/hik_camera/share/hik_camera/config/camera_params.yaml
[11.431s] -- Installing: /home/rm_autoaim/suep2026/2025_ws/install/hik_camera/share/hik_camera/config/camera_info.yaml
[11.432s] -- Installing: /home/rm_autoaim/suep2026/2025_ws/install/hik_camera/share/hik_camera/launch
[11.432s] -- Installing: /home/rm_autoaim/suep2026/2025_ws/install/hik_camera/share/hik_camera/launch/hik_camera.launch.py
[11.433s] -- Installing: /home/rm_autoaim/suep2026/2025_ws/install/hik_camera/share/ament_index/resource_index/package_run_dependencies/hik_camera
[11.433s] -- Installing: /home/rm_autoaim/suep2026/2025_ws/install/hik_camera/share/ament_index/resource_index/parent_prefix_path/hik_camera
[11.433s] -- Installing: /home/rm_autoaim/suep2026/2025_ws/install/hik_camera/share/hik_camera/environment/ament_prefix_path.sh
[11.434s] -- Installing: /home/rm_autoaim/suep2026/2025_ws/install/hik_camera/share/hik_camera/environment/ament_prefix_path.dsv
[11.434s] -- Installing: /home/rm_autoaim/suep2026/2025_ws/install/hik_camera/share/hik_camera/environment/path.sh
[11.434s] -- Installing: /home/rm_autoaim/suep2026/2025_ws/install/hik_camera/share/hik_camera/environment/path.dsv
[11.435s] -- Installing: /home/rm_autoaim/suep2026/2025_ws/install/hik_camera/share/hik_camera/local_setup.bash
[11.435s] -- Installing: /home/rm_autoaim/suep2026/2025_ws/install/hik_camera/share/hik_camera/local_setup.sh
[11.436s] -- Installing: /home/rm_autoaim/suep2026/2025_ws/install/hik_camera/share/hik_camera/local_setup.zsh
[11.436s] -- Installing: /home/rm_autoaim/suep2026/2025_ws/install/hik_camera/share/hik_camera/local_setup.dsv
[11.436s] -- Installing: /home/rm_autoaim/suep2026/2025_ws/install/hik_camera/share/hik_camera/package.dsv
[11.437s] -- Installing: /home/rm_autoaim/suep2026/2025_ws/install/hik_camera/share/ament_index/resource_index/packages/hik_camera
[11.437s] -- Installing: /home/rm_autoaim/suep2026/2025_ws/install/hik_camera/share/ament_index/resource_index/rclcpp_components/hik_camera
[11.437s] -- Installing: /home/rm_autoaim/suep2026/2025_ws/install/hik_camera/share/hik_camera/cmake/ament_cmake_export_dependencies-extras.cmake
[11.438s] -- Installing: /home/rm_autoaim/suep2026/2025_ws/install/hik_camera/share/hik_camera/cmake/ament_cmake_export_libraries-extras.cmake
[11.438s] -- Installing: /home/rm_autoaim/suep2026/2025_ws/install/hik_camera/share/hik_camera/cmake/hik_cameraConfig.cmake
[11.442s] -- Installing: /home/rm_autoaim/suep2026/2025_ws/install/hik_camera/share/hik_camera/cmake/hik_cameraConfig-version.cmake
[11.442s] -- Installing: /home/rm_autoaim/suep2026/2025_ws/install/hik_camera/share/hik_camera/package.xml
[11.448s] Invoked command in '/home/rm_autoaim/suep2026/2025_ws/build/hik_camera' returned '0': CMAKE_PREFIX_PATH=${CMAKE_PREFIX_PATH}:/opt/ros/humble /usr/bin/cmake --install /home/rm_autoaim/suep2026/2025_ws/build/hik_camera
