[0.013s] Invoking command in '/home/rm_autoaim/suep2026/rm_ws/build/rm_serial_driver': AMENT_PREFIX_PATH=/home/rm_autoaim/suep2026/rm_ws/install/auto_aim_interfaces:${AMENT_PREFIX_PATH} CMAKE_PREFIX_PATH=/home/rm_autoaim/suep2026/rm_ws/install/auto_aim_interfaces:/opt/ros/humble LD_LIBRARY_PATH=/home/rm_autoaim/suep2026/rm_ws/install/auto_aim_interfaces/lib:/opt/ros/humble/opt/rviz_ogre_vendor/lib:/opt/ros/humble/lib/x86_64-linux-gnu:/opt/ros/humble/lib:/opt/MVS/lib/64:/opt/MVS/lib/32 PYTHONPATH=/home/rm_autoaim/suep2026/rm_ws/install/auto_aim_interfaces/local/lib/python3.10/dist-packages:${PYTHONPATH} /usr/bin/cmake --build /home/rm_autoaim/suep2026/rm_ws/build/rm_serial_driver -- -j8 -l8
[0.058s] [35m[1mConsolidate compiler generated dependencies of target rm_serial_driver[0m
[0.098s] [ 60%] Built target rm_serial_driver
[0.111s] [35m[1mConsolidate compiler generated dependencies of target rm_serial_driver_node[0m
[0.135s] [100%] Built target rm_serial_driver_node
[0.153s] Invoked command in '/home/rm_autoaim/suep2026/rm_ws/build/rm_serial_driver' returned '0': AMENT_PREFIX_PATH=/home/rm_autoaim/suep2026/rm_ws/install/auto_aim_interfaces:${AMENT_PREFIX_PATH} CMAKE_PREFIX_PATH=/home/rm_autoaim/suep2026/rm_ws/install/auto_aim_interfaces:/opt/ros/humble LD_LIBRARY_PATH=/home/rm_autoaim/suep2026/rm_ws/install/auto_aim_interfaces/lib:/opt/ros/humble/opt/rviz_ogre_vendor/lib:/opt/ros/humble/lib/x86_64-linux-gnu:/opt/ros/humble/lib:/opt/MVS/lib/64:/opt/MVS/lib/32 PYTHONPATH=/home/rm_autoaim/suep2026/rm_ws/install/auto_aim_interfaces/local/lib/python3.10/dist-packages:${PYTHONPATH} /usr/bin/cmake --build /home/rm_autoaim/suep2026/rm_ws/build/rm_serial_driver -- -j8 -l8
[0.155s] Invoking command in '/home/rm_autoaim/suep2026/rm_ws/build/rm_serial_driver': AMENT_PREFIX_PATH=/home/rm_autoaim/suep2026/rm_ws/install/auto_aim_interfaces:${AMENT_PREFIX_PATH} CMAKE_PREFIX_PATH=/home/rm_autoaim/suep2026/rm_ws/install/auto_aim_interfaces:/opt/ros/humble LD_LIBRARY_PATH=/home/rm_autoaim/suep2026/rm_ws/install/auto_aim_interfaces/lib:/opt/ros/humble/opt/rviz_ogre_vendor/lib:/opt/ros/humble/lib/x86_64-linux-gnu:/opt/ros/humble/lib:/opt/MVS/lib/64:/opt/MVS/lib/32 PYTHONPATH=/home/rm_autoaim/suep2026/rm_ws/install/auto_aim_interfaces/local/lib/python3.10/dist-packages:${PYTHONPATH} /usr/bin/cmake --install /home/rm_autoaim/suep2026/rm_ws/build/rm_serial_driver
[0.160s] -- Install configuration: ""
[0.161s] -- Up-to-date: /home/rm_autoaim/suep2026/rm_ws/install/rm_serial_driver/lib/rm_serial_driver/rm_serial_driver_node
[0.161s] -- Up-to-date: /home/rm_autoaim/suep2026/rm_ws/install/rm_serial_driver/include
[0.162s] -- Up-to-date: /home/rm_autoaim/suep2026/rm_ws/install/rm_serial_driver/include/rm_serial_driver
[0.162s] -- Up-to-date: /home/rm_autoaim/suep2026/rm_ws/install/rm_serial_driver/include/rm_serial_driver/fake.hpp
[0.162s] -- Up-to-date: /home/rm_autoaim/suep2026/rm_ws/install/rm_serial_driver/include/rm_serial_driver/rm_serial_driver.hpp
[0.162s] -- Up-to-date: /home/rm_autoaim/suep2026/rm_ws/install/rm_serial_driver/include/rm_serial_driver/packet.hpp
[0.162s] -- Up-to-date: /home/rm_autoaim/suep2026/rm_ws/install/rm_serial_driver/include/rm_serial_driver/crc.hpp
[0.162s] -- Up-to-date: /home/rm_autoaim/suep2026/rm_ws/install/rm_serial_driver/share/rm_serial_driver/environment/library_path.sh
[0.162s] -- Up-to-date: /home/rm_autoaim/suep2026/rm_ws/install/rm_serial_driver/share/rm_serial_driver/environment/library_path.dsv
[0.163s] -- Up-to-date: /home/rm_autoaim/suep2026/rm_ws/install/rm_serial_driver/lib/librm_serial_driver.so
[0.165s] -- Up-to-date: /home/rm_autoaim/suep2026/rm_ws/install/rm_serial_driver/share/rm_serial_driver/config
[0.166s] -- Up-to-date: /home/rm_autoaim/suep2026/rm_ws/install/rm_serial_driver/share/rm_serial_driver/config/serial_driver.yaml
[0.166s] -- Up-to-date: /home/rm_autoaim/suep2026/rm_ws/install/rm_serial_driver/share/rm_serial_driver/launch
[0.168s] -- Up-to-date: /home/rm_autoaim/suep2026/rm_ws/install/rm_serial_driver/share/rm_serial_driver/launch/serial_driver.launch.py
[0.168s] -- Up-to-date: /home/rm_autoaim/suep2026/rm_ws/install/rm_serial_driver/share/ament_index/resource_index/package_run_dependencies/rm_serial_driver
[0.168s] -- Up-to-date: /home/rm_autoaim/suep2026/rm_ws/install/rm_serial_driver/share/ament_index/resource_index/parent_prefix_path/rm_serial_driver
[0.168s] -- Up-to-date: /home/rm_autoaim/suep2026/rm_ws/install/rm_serial_driver/share/rm_serial_driver/environment/ament_prefix_path.sh
[0.168s] -- Up-to-date: /home/rm_autoaim/suep2026/rm_ws/install/rm_serial_driver/share/rm_serial_driver/environment/ament_prefix_path.dsv
[0.168s] -- Up-to-date: /home/rm_autoaim/suep2026/rm_ws/install/rm_serial_driver/share/rm_serial_driver/environment/path.sh
[0.168s] -- Up-to-date: /home/rm_autoaim/suep2026/rm_ws/install/rm_serial_driver/share/rm_serial_driver/environment/path.dsv
[0.168s] -- Up-to-date: /home/rm_autoaim/suep2026/rm_ws/install/rm_serial_driver/share/rm_serial_driver/local_setup.bash
[0.168s] -- Up-to-date: /home/rm_autoaim/suep2026/rm_ws/install/rm_serial_driver/share/rm_serial_driver/local_setup.sh
[0.169s] -- Up-to-date: /home/rm_autoaim/suep2026/rm_ws/install/rm_serial_driver/share/rm_serial_driver/local_setup.zsh
[0.169s] -- Up-to-date: /home/rm_autoaim/suep2026/rm_ws/install/rm_serial_driver/share/rm_serial_driver/local_setup.dsv
[0.169s] -- Installing: /home/rm_autoaim/suep2026/rm_ws/install/rm_serial_driver/share/rm_serial_driver/package.dsv
[0.169s] -- Up-to-date: /home/rm_autoaim/suep2026/rm_ws/install/rm_serial_driver/share/ament_index/resource_index/packages/rm_serial_driver
[0.169s] -- Up-to-date: /home/rm_autoaim/suep2026/rm_ws/install/rm_serial_driver/share/ament_index/resource_index/rclcpp_components/rm_serial_driver
[0.169s] -- Up-to-date: /home/rm_autoaim/suep2026/rm_ws/install/rm_serial_driver/share/rm_serial_driver/cmake/ament_cmake_export_dependencies-extras.cmake
[0.169s] -- Up-to-date: /home/rm_autoaim/suep2026/rm_ws/install/rm_serial_driver/share/rm_serial_driver/cmake/ament_cmake_export_include_directories-extras.cmake
[0.169s] -- Up-to-date: /home/rm_autoaim/suep2026/rm_ws/install/rm_serial_driver/share/rm_serial_driver/cmake/ament_cmake_export_libraries-extras.cmake
[0.169s] -- Up-to-date: /home/rm_autoaim/suep2026/rm_ws/install/rm_serial_driver/share/rm_serial_driver/cmake/rm_serial_driverConfig.cmake
[0.170s] -- Up-to-date: /home/rm_autoaim/suep2026/rm_ws/install/rm_serial_driver/share/rm_serial_driver/cmake/rm_serial_driverConfig-version.cmake
[0.170s] -- Up-to-date: /home/rm_autoaim/suep2026/rm_ws/install/rm_serial_driver/share/rm_serial_driver/package.xml
[0.174s] Invoked command in '/home/rm_autoaim/suep2026/rm_ws/build/rm_serial_driver' returned '0': AMENT_PREFIX_PATH=/home/rm_autoaim/suep2026/rm_ws/install/auto_aim_interfaces:${AMENT_PREFIX_PATH} CMAKE_PREFIX_PATH=/home/rm_autoaim/suep2026/rm_ws/install/auto_aim_interfaces:/opt/ros/humble LD_LIBRARY_PATH=/home/rm_autoaim/suep2026/rm_ws/install/auto_aim_interfaces/lib:/opt/ros/humble/opt/rviz_ogre_vendor/lib:/opt/ros/humble/lib/x86_64-linux-gnu:/opt/ros/humble/lib:/opt/MVS/lib/64:/opt/MVS/lib/32 PYTHONPATH=/home/rm_autoaim/suep2026/rm_ws/install/auto_aim_interfaces/local/lib/python3.10/dist-packages:${PYTHONPATH} /usr/bin/cmake --install /home/rm_autoaim/suep2026/rm_ws/build/rm_serial_driver
