[0.007s] Invoking command in '/home/rm_autoaim/suep2026/rm_ws/build/rm_gimbal_description': /usr/bin/cmake /home/rm_autoaim/suep2026/rm_ws/src/rm_gimbal_description -DCMAKE_INSTALL_PREFIX=/home/rm_autoaim/suep2026/rm_ws/install/rm_gimbal_description
[0.055s] -- The C compiler identification is GNU 11.4.0
[0.096s] -- The CXX compiler identification is GNU 11.4.0
[0.102s] -- Detecting C compiler ABI info
[0.155s] -- Detecting C compiler ABI info - done
[0.165s] -- Check for working C compiler: /usr/bin/cc - skipped
[0.165s] -- Detecting C compile features
[0.166s] -- Detecting C compile features - done
[0.169s] -- Detecting CXX compiler ABI info
[0.229s] -- Detecting CXX compiler ABI info - done
[0.235s] -- Check for working CXX compiler: /usr/bin/c++ - skipped
[0.235s] -- Detecting CXX compile features
[0.236s] -- Detecting CXX compile features - done
[0.242s] [31mCMake Error at CMakeLists.txt:5 (find_package):
[0.242s]   By not providing "Findament_cmake_auto.cmake" in CMAKE_MODULE_PATH this
[0.243s]   project has asked CMake to find a package configuration file provided by
[0.243s]   "ament_cmake_auto", but CMake did not find one.
[0.243s] 
[0.243s]   Could not find a package configuration file provided by "ament_cmake_auto"
[0.243s]   with any of the following names:
[0.243s] 
[0.243s]     ament_cmake_autoConfig.cmake
[0.243s]     ament_cmake_auto-config.cmake
[0.243s] 
[0.243s]   Add the installation prefix of "ament_cmake_auto" to CMAKE_PREFIX_PATH or
[0.243s]   set "ament_cmake_auto_DIR" to a directory containing one of the above
[0.243s]   files.  If "ament_cmake_auto" provides a separate development package or
[0.243s]   SDK, be sure it has been installed.
[0.243s] 
[0.243s] [0m
[0.244s] -- Configuring incomplete, errors occurred!
[0.244s] See also "/home/rm_autoaim/suep2026/rm_ws/build/rm_gimbal_description/CMakeFiles/CMakeOutput.log".
[0.246s] Invoked command in '/home/rm_autoaim/suep2026/rm_ws/build/rm_gimbal_description' returned '1': /usr/bin/cmake /home/rm_autoaim/suep2026/rm_ws/src/rm_gimbal_description -DCMAKE_INSTALL_PREFIX=/home/rm_autoaim/suep2026/rm_ws/install/rm_gimbal_description
