[0.019s] Invoking command in '/home/rm_autoaim/suep2026/2025_ws/build/rm_gimbal_description': CMAKE_PREFIX_PATH=${CMAKE_PREFIX_PATH}:/opt/ros/humble /usr/bin/cmake /home/rm_autoaim/suep2026/2025_ws/src/rm_gimbal_description -DCMAKE_INSTALL_PREFIX=/home/rm_autoaim/suep2026/2025_ws/install/rm_gimbal_description
[0.100s] -- The C compiler identification is GNU 11.4.0
[0.171s] -- The CXX compiler identification is GNU 11.4.0
[0.181s] -- Detecting C compiler ABI info
[0.263s] -- Detecting C compiler ABI info - done
[0.269s] -- Check for working C compiler: /usr/bin/cc - skipped
[0.269s] -- Detecting C compile features
[0.270s] -- Detecting C compile features - done
[0.272s] -- Detecting CXX compiler ABI info
[0.365s] -- Detecting CXX compiler ABI info - done
[0.371s] -- Check for working CXX compiler: /usr/bin/c++ - skipped
[0.371s] -- Detecting CXX compile features
[0.371s] -- Detecting CXX compile features - done
[0.373s] -- Found ament_cmake: 1.3.12 (/opt/ros/humble/share/ament_cmake/cmake)
[0.543s] -- Found Python3: /usr/bin/python3 (found version "3.10.12") found components: Interpreter 
[0.620s] -- Found ament_lint_auto: 0.12.14 (/opt/ros/humble/share/ament_lint_auto/cmake)
[0.719s] -- Added test 'lint_cmake' to check CMake code style
[0.723s] -- Added test 'xmllint' to check XML markup files
[0.725s] -- Configuring done
[0.728s] -- Generating done
[0.730s] -- Build files have been written to: /home/rm_autoaim/suep2026/2025_ws/build/rm_gimbal_description
[0.735s] Invoked command in '/home/rm_autoaim/suep2026/2025_ws/build/rm_gimbal_description' returned '0': CMAKE_PREFIX_PATH=${CMAKE_PREFIX_PATH}:/opt/ros/humble /usr/bin/cmake /home/rm_autoaim/suep2026/2025_ws/src/rm_gimbal_description -DCMAKE_INSTALL_PREFIX=/home/rm_autoaim/suep2026/2025_ws/install/rm_gimbal_description
[0.736s] Invoking command in '/home/rm_autoaim/suep2026/2025_ws/build/rm_gimbal_description': CMAKE_PREFIX_PATH=${CMAKE_PREFIX_PATH}:/opt/ros/humble /usr/bin/cmake --build /home/rm_autoaim/suep2026/2025_ws/build/rm_gimbal_description -- -j8 -l8
[0.787s] Invoked command in '/home/rm_autoaim/suep2026/2025_ws/build/rm_gimbal_description' returned '0': CMAKE_PREFIX_PATH=${CMAKE_PREFIX_PATH}:/opt/ros/humble /usr/bin/cmake --build /home/rm_autoaim/suep2026/2025_ws/build/rm_gimbal_description -- -j8 -l8
[0.798s] Invoking command in '/home/rm_autoaim/suep2026/2025_ws/build/rm_gimbal_description': CMAKE_PREFIX_PATH=${CMAKE_PREFIX_PATH}:/opt/ros/humble /usr/bin/cmake --install /home/rm_autoaim/suep2026/2025_ws/build/rm_gimbal_description
[0.808s] -- Install configuration: ""
[0.808s] -- Installing: /home/rm_autoaim/suep2026/2025_ws/install/rm_gimbal_description/share/rm_gimbal_description/urdf
[0.808s] -- Installing: /home/rm_autoaim/suep2026/2025_ws/install/rm_gimbal_description/share/rm_gimbal_description/urdf/rm_gimbal.urdf.xacro
[0.808s] -- Installing: /home/rm_autoaim/suep2026/2025_ws/install/rm_gimbal_description/share/ament_index/resource_index/package_run_dependencies/rm_gimbal_description
[0.809s] -- Installing: /home/rm_autoaim/suep2026/2025_ws/install/rm_gimbal_description/share/ament_index/resource_index/parent_prefix_path/rm_gimbal_description
[0.809s] -- Installing: /home/rm_autoaim/suep2026/2025_ws/install/rm_gimbal_description/share/rm_gimbal_description/environment/ament_prefix_path.sh
[0.809s] -- Installing: /home/rm_autoaim/suep2026/2025_ws/install/rm_gimbal_description/share/rm_gimbal_description/environment/ament_prefix_path.dsv
[0.809s] -- Installing: /home/rm_autoaim/suep2026/2025_ws/install/rm_gimbal_description/share/rm_gimbal_description/environment/path.sh
[0.810s] -- Installing: /home/rm_autoaim/suep2026/2025_ws/install/rm_gimbal_description/share/rm_gimbal_description/environment/path.dsv
[0.810s] -- Installing: /home/rm_autoaim/suep2026/2025_ws/install/rm_gimbal_description/share/rm_gimbal_description/local_setup.bash
[0.810s] -- Installing: /home/rm_autoaim/suep2026/2025_ws/install/rm_gimbal_description/share/rm_gimbal_description/local_setup.sh
[0.810s] -- Installing: /home/rm_autoaim/suep2026/2025_ws/install/rm_gimbal_description/share/rm_gimbal_description/local_setup.zsh
[0.810s] -- Installing: /home/rm_autoaim/suep2026/2025_ws/install/rm_gimbal_description/share/rm_gimbal_description/local_setup.dsv
[0.810s] -- Installing: /home/rm_autoaim/suep2026/2025_ws/install/rm_gimbal_description/share/rm_gimbal_description/package.dsv
[0.810s] -- Installing: /home/rm_autoaim/suep2026/2025_ws/install/rm_gimbal_description/share/ament_index/resource_index/packages/rm_gimbal_description
[0.810s] -- Installing: /home/rm_autoaim/suep2026/2025_ws/install/rm_gimbal_description/share/rm_gimbal_description/cmake/rm_gimbal_descriptionConfig.cmake
[0.811s] -- Installing: /home/rm_autoaim/suep2026/2025_ws/install/rm_gimbal_description/share/rm_gimbal_description/cmake/rm_gimbal_descriptionConfig-version.cmake
[0.811s] -- Installing: /home/rm_autoaim/suep2026/2025_ws/install/rm_gimbal_description/share/rm_gimbal_description/package.xml
[0.814s] Invoked command in '/home/rm_autoaim/suep2026/2025_ws/build/rm_gimbal_description' returned '0': CMAKE_PREFIX_PATH=${CMAKE_PREFIX_PATH}:/opt/ros/humble /usr/bin/cmake --install /home/rm_autoaim/suep2026/2025_ws/build/rm_gimbal_description
