[0.024s] Invoking command in '/home/rm_autoaim/suep2026/2025_ws/build/rm_serial_driver': CMAKE_PREFIX_PATH=/home/rm_autoaim/suep2026/2025_ws/install/buff_interfaces:/home/rm_autoaim/suep2026/2025_ws/install/auto_aim_interfaces:/home/rm_autoaim/suep2026/2025_ws/install/rm_vision_bringup:/home/rm_autoaim/suep2026/2025_ws/install/rm_buff_bringup:/home/rm_autoaim/suep2026/2025_ws/install/rm_serial_driver:/home/rm_autoaim/suep2026/2025_ws/install/rm_gimbal_description:/home/rm_autoaim/suep2026/2025_ws/install/rm_buff:/home/rm_autoaim/suep2026/2025_ws/install/rm_auto_record:/home/rm_autoaim/suep2026/2025_ws/install/rm_auto_aim:/home/rm_autoaim/suep2026/2025_ws/install/hik_camera:/home/rm_autoaim/suep2026/2025_ws/install/buff_tracker:/home/rm_autoaim/suep2026/2025_ws/install/buff_detector:/home/rm_autoaim/suep2026/2025_ws/install/armor_tracker:/home/rm_autoaim/suep2026/2025_ws/install/armor_detector:/opt/ros/humble LD_LIBRARY_PATH=/home/rm_autoaim/suep2026/2025_ws/install/buff_interfaces/lib:/home/rm_autoaim/suep2026/2025_ws/install/auto_aim_interfaces/lib:/home/rm_autoaim/suep2026/2025_ws/install/rm_serial_driver/lib:/home/rm_autoaim/suep2026/2025_ws/install/rm_auto_record/lib:/home/rm_autoaim/suep2026/2025_ws/install/hik_camera/lib:/home/rm_autoaim/suep2026/2025_ws/install/buff_tracker/lib:/home/rm_autoaim/suep2026/2025_ws/install/buff_detector/lib:/home/rm_autoaim/suep2026/2025_ws/install/armor_tracker/lib:/home/rm_autoaim/suep2026/2025_ws/install/armor_detector/lib:/opt/ros/humble/opt/rviz_ogre_vendor/lib:/opt/ros/humble/lib/x86_64-linux-gnu:/opt/ros/humble/lib:/opt/MVS/lib/64:/opt/MVS/lib/32 /usr/bin/cmake --build /home/rm_autoaim/suep2026/2025_ws/build/rm_serial_driver -- -j8 -l8
[0.123s] [ 40%] Built target rm_serial_driver_node
[0.131s] [100%] Built target rm_serial_driver
[0.159s] Invoked command in '/home/rm_autoaim/suep2026/2025_ws/build/rm_serial_driver' returned '0': CMAKE_PREFIX_PATH=/home/rm_autoaim/suep2026/2025_ws/install/buff_interfaces:/home/rm_autoaim/suep2026/2025_ws/install/auto_aim_interfaces:/home/rm_autoaim/suep2026/2025_ws/install/rm_vision_bringup:/home/rm_autoaim/suep2026/2025_ws/install/rm_buff_bringup:/home/rm_autoaim/suep2026/2025_ws/install/rm_serial_driver:/home/rm_autoaim/suep2026/2025_ws/install/rm_gimbal_description:/home/rm_autoaim/suep2026/2025_ws/install/rm_buff:/home/rm_autoaim/suep2026/2025_ws/install/rm_auto_record:/home/rm_autoaim/suep2026/2025_ws/install/rm_auto_aim:/home/rm_autoaim/suep2026/2025_ws/install/hik_camera:/home/rm_autoaim/suep2026/2025_ws/install/buff_tracker:/home/rm_autoaim/suep2026/2025_ws/install/buff_detector:/home/rm_autoaim/suep2026/2025_ws/install/armor_tracker:/home/rm_autoaim/suep2026/2025_ws/install/armor_detector:/opt/ros/humble LD_LIBRARY_PATH=/home/rm_autoaim/suep2026/2025_ws/install/buff_interfaces/lib:/home/rm_autoaim/suep2026/2025_ws/install/auto_aim_interfaces/lib:/home/rm_autoaim/suep2026/2025_ws/install/rm_serial_driver/lib:/home/rm_autoaim/suep2026/2025_ws/install/rm_auto_record/lib:/home/rm_autoaim/suep2026/2025_ws/install/hik_camera/lib:/home/rm_autoaim/suep2026/2025_ws/install/buff_tracker/lib:/home/rm_autoaim/suep2026/2025_ws/install/buff_detector/lib:/home/rm_autoaim/suep2026/2025_ws/install/armor_tracker/lib:/home/rm_autoaim/suep2026/2025_ws/install/armor_detector/lib:/opt/ros/humble/opt/rviz_ogre_vendor/lib:/opt/ros/humble/lib/x86_64-linux-gnu:/opt/ros/humble/lib:/opt/MVS/lib/64:/opt/MVS/lib/32 /usr/bin/cmake --build /home/rm_autoaim/suep2026/2025_ws/build/rm_serial_driver -- -j8 -l8
[0.160s] Invoking command in '/home/rm_autoaim/suep2026/2025_ws/build/rm_serial_driver': CMAKE_PREFIX_PATH=/home/rm_autoaim/suep2026/2025_ws/install/buff_interfaces:/home/rm_autoaim/suep2026/2025_ws/install/auto_aim_interfaces:/home/rm_autoaim/suep2026/2025_ws/install/rm_vision_bringup:/home/rm_autoaim/suep2026/2025_ws/install/rm_buff_bringup:/home/rm_autoaim/suep2026/2025_ws/install/rm_serial_driver:/home/rm_autoaim/suep2026/2025_ws/install/rm_gimbal_description:/home/rm_autoaim/suep2026/2025_ws/install/rm_buff:/home/rm_autoaim/suep2026/2025_ws/install/rm_auto_record:/home/rm_autoaim/suep2026/2025_ws/install/rm_auto_aim:/home/rm_autoaim/suep2026/2025_ws/install/hik_camera:/home/rm_autoaim/suep2026/2025_ws/install/buff_tracker:/home/rm_autoaim/suep2026/2025_ws/install/buff_detector:/home/rm_autoaim/suep2026/2025_ws/install/armor_tracker:/home/rm_autoaim/suep2026/2025_ws/install/armor_detector:/opt/ros/humble LD_LIBRARY_PATH=/home/rm_autoaim/suep2026/2025_ws/install/buff_interfaces/lib:/home/rm_autoaim/suep2026/2025_ws/install/auto_aim_interfaces/lib:/home/rm_autoaim/suep2026/2025_ws/install/rm_serial_driver/lib:/home/rm_autoaim/suep2026/2025_ws/install/rm_auto_record/lib:/home/rm_autoaim/suep2026/2025_ws/install/hik_camera/lib:/home/rm_autoaim/suep2026/2025_ws/install/buff_tracker/lib:/home/rm_autoaim/suep2026/2025_ws/install/buff_detector/lib:/home/rm_autoaim/suep2026/2025_ws/install/armor_tracker/lib:/home/rm_autoaim/suep2026/2025_ws/install/armor_detector/lib:/opt/ros/humble/opt/rviz_ogre_vendor/lib:/opt/ros/humble/lib/x86_64-linux-gnu:/opt/ros/humble/lib:/opt/MVS/lib/64:/opt/MVS/lib/32 /usr/bin/cmake --install /home/rm_autoaim/suep2026/2025_ws/build/rm_serial_driver
[0.170s] -- Install configuration: ""
[0.170s] -- Up-to-date: /home/rm_autoaim/suep2026/2025_ws/install/rm_serial_driver/lib/rm_serial_driver/rm_serial_driver_node
[0.170s] -- Up-to-date: /home/rm_autoaim/suep2026/2025_ws/install/rm_serial_driver/include
[0.170s] -- Up-to-date: /home/rm_autoaim/suep2026/2025_ws/install/rm_serial_driver/include/rm_serial_driver
[0.170s] -- Up-to-date: /home/rm_autoaim/suep2026/2025_ws/install/rm_serial_driver/include/rm_serial_driver/rm_serial_driver.hpp
[0.170s] -- Up-to-date: /home/rm_autoaim/suep2026/2025_ws/install/rm_serial_driver/include/rm_serial_driver/packet.hpp
[0.170s] -- Up-to-date: /home/rm_autoaim/suep2026/2025_ws/install/rm_serial_driver/include/rm_serial_driver/crc.hpp
[0.170s] -- Up-to-date: /home/rm_autoaim/suep2026/2025_ws/install/rm_serial_driver/share/rm_serial_driver/environment/library_path.sh
[0.170s] -- Up-to-date: /home/rm_autoaim/suep2026/2025_ws/install/rm_serial_driver/share/rm_serial_driver/environment/library_path.dsv
[0.170s] -- Up-to-date: /home/rm_autoaim/suep2026/2025_ws/install/rm_serial_driver/lib/librm_serial_driver.so
[0.170s] -- Up-to-date: /home/rm_autoaim/suep2026/2025_ws/install/rm_serial_driver/share/rm_serial_driver/config
[0.170s] -- Up-to-date: /home/rm_autoaim/suep2026/2025_ws/install/rm_serial_driver/share/rm_serial_driver/config/serial_driver.yaml
[0.170s] -- Up-to-date: /home/rm_autoaim/suep2026/2025_ws/install/rm_serial_driver/share/rm_serial_driver/launch
[0.171s] -- Up-to-date: /home/rm_autoaim/suep2026/2025_ws/install/rm_serial_driver/share/rm_serial_driver/launch/serial_driver.launch.py
[0.171s] -- Up-to-date: /home/rm_autoaim/suep2026/2025_ws/install/rm_serial_driver/share/ament_index/resource_index/package_run_dependencies/rm_serial_driver
[0.171s] -- Up-to-date: /home/rm_autoaim/suep2026/2025_ws/install/rm_serial_driver/share/ament_index/resource_index/parent_prefix_path/rm_serial_driver
[0.171s] -- Up-to-date: /home/rm_autoaim/suep2026/2025_ws/install/rm_serial_driver/share/rm_serial_driver/environment/ament_prefix_path.sh
[0.171s] -- Up-to-date: /home/rm_autoaim/suep2026/2025_ws/install/rm_serial_driver/share/rm_serial_driver/environment/ament_prefix_path.dsv
[0.171s] -- Up-to-date: /home/rm_autoaim/suep2026/2025_ws/install/rm_serial_driver/share/rm_serial_driver/environment/path.sh
[0.171s] -- Up-to-date: /home/rm_autoaim/suep2026/2025_ws/install/rm_serial_driver/share/rm_serial_driver/environment/path.dsv
[0.171s] -- Up-to-date: /home/rm_autoaim/suep2026/2025_ws/install/rm_serial_driver/share/rm_serial_driver/local_setup.bash
[0.171s] -- Up-to-date: /home/rm_autoaim/suep2026/2025_ws/install/rm_serial_driver/share/rm_serial_driver/local_setup.sh
[0.171s] -- Up-to-date: /home/rm_autoaim/suep2026/2025_ws/install/rm_serial_driver/share/rm_serial_driver/local_setup.zsh
[0.171s] -- Up-to-date: /home/rm_autoaim/suep2026/2025_ws/install/rm_serial_driver/share/rm_serial_driver/local_setup.dsv
[0.171s] -- Installing: /home/rm_autoaim/suep2026/2025_ws/install/rm_serial_driver/share/rm_serial_driver/package.dsv
[0.171s] -- Up-to-date: /home/rm_autoaim/suep2026/2025_ws/install/rm_serial_driver/share/ament_index/resource_index/packages/rm_serial_driver
[0.171s] -- Up-to-date: /home/rm_autoaim/suep2026/2025_ws/install/rm_serial_driver/share/ament_index/resource_index/rclcpp_components/rm_serial_driver
[0.171s] -- Up-to-date: /home/rm_autoaim/suep2026/2025_ws/install/rm_serial_driver/share/rm_serial_driver/cmake/ament_cmake_export_dependencies-extras.cmake
[0.172s] -- Up-to-date: /home/rm_autoaim/suep2026/2025_ws/install/rm_serial_driver/share/rm_serial_driver/cmake/ament_cmake_export_include_directories-extras.cmake
[0.172s] -- Up-to-date: /home/rm_autoaim/suep2026/2025_ws/install/rm_serial_driver/share/rm_serial_driver/cmake/ament_cmake_export_libraries-extras.cmake
[0.172s] -- Up-to-date: /home/rm_autoaim/suep2026/2025_ws/install/rm_serial_driver/share/rm_serial_driver/cmake/rm_serial_driverConfig.cmake
[0.172s] -- Up-to-date: /home/rm_autoaim/suep2026/2025_ws/install/rm_serial_driver/share/rm_serial_driver/cmake/rm_serial_driverConfig-version.cmake
[0.172s] -- Up-to-date: /home/rm_autoaim/suep2026/2025_ws/install/rm_serial_driver/share/rm_serial_driver/package.xml
[0.200s] Invoked command in '/home/rm_autoaim/suep2026/2025_ws/build/rm_serial_driver' returned '0': CMAKE_PREFIX_PATH=/home/rm_autoaim/suep2026/2025_ws/install/buff_interfaces:/home/rm_autoaim/suep2026/2025_ws/install/auto_aim_interfaces:/home/rm_autoaim/suep2026/2025_ws/install/rm_vision_bringup:/home/rm_autoaim/suep2026/2025_ws/install/rm_buff_bringup:/home/rm_autoaim/suep2026/2025_ws/install/rm_serial_driver:/home/rm_autoaim/suep2026/2025_ws/install/rm_gimbal_description:/home/rm_autoaim/suep2026/2025_ws/install/rm_buff:/home/rm_autoaim/suep2026/2025_ws/install/rm_auto_record:/home/rm_autoaim/suep2026/2025_ws/install/rm_auto_aim:/home/rm_autoaim/suep2026/2025_ws/install/hik_camera:/home/rm_autoaim/suep2026/2025_ws/install/buff_tracker:/home/rm_autoaim/suep2026/2025_ws/install/buff_detector:/home/rm_autoaim/suep2026/2025_ws/install/armor_tracker:/home/rm_autoaim/suep2026/2025_ws/install/armor_detector:/opt/ros/humble LD_LIBRARY_PATH=/home/rm_autoaim/suep2026/2025_ws/install/buff_interfaces/lib:/home/rm_autoaim/suep2026/2025_ws/install/auto_aim_interfaces/lib:/home/rm_autoaim/suep2026/2025_ws/install/rm_serial_driver/lib:/home/rm_autoaim/suep2026/2025_ws/install/rm_auto_record/lib:/home/rm_autoaim/suep2026/2025_ws/install/hik_camera/lib:/home/rm_autoaim/suep2026/2025_ws/install/buff_tracker/lib:/home/rm_autoaim/suep2026/2025_ws/install/buff_detector/lib:/home/rm_autoaim/suep2026/2025_ws/install/armor_tracker/lib:/home/rm_autoaim/suep2026/2025_ws/install/armor_detector/lib:/opt/ros/humble/opt/rviz_ogre_vendor/lib:/opt/ros/humble/lib/x86_64-linux-gnu:/opt/ros/humble/lib:/opt/MVS/lib/64:/opt/MVS/lib/32 /usr/bin/cmake --install /home/rm_autoaim/suep2026/2025_ws/build/rm_serial_driver
