[0.019s] Invoking command in '/home/rm_autoaim/suep2026/2025_ws/build/buff_interfaces': CMAKE_PREFIX_PATH=${CMAKE_PREFIX_PATH}:/opt/ros/humble /usr/bin/cmake /home/rm_autoaim/suep2026/2025_ws/src/rm_buff/buff_interfaces -DCMAKE_INSTALL_PREFIX=/home/rm_autoaim/suep2026/2025_ws/install/buff_interfaces
[0.105s] -- The C compiler identification is GNU 11.4.0
[0.174s] -- The CXX compiler identification is GNU 11.4.0
[0.184s] -- Detecting C compiler ABI info
[0.261s] -- Detecting C compiler ABI info - done
[0.270s] -- Check for working C compiler: /usr/bin/cc - skipped
[0.270s] -- Detecting C compile features
[0.270s] -- Detecting C compile features - done
[0.273s] -- Detecting CXX compiler ABI info
[0.357s] -- Detecting CXX compiler ABI info - done
[0.366s] -- Check for working CXX compiler: /usr/bin/c++ - skipped
[0.366s] -- Detecting CXX compile features
[0.366s] -- Detecting CXX compile features - done
[0.368s] -- Found ament_cmake: 1.3.12 (/opt/ros/humble/share/ament_cmake/cmake)
[0.548s] -- Found Python3: /usr/bin/python3 (found version "3.10.12") found components: Interpreter 
[0.651s] -- Found rosidl_default_generators: 1.2.0 (/opt/ros/humble/share/rosidl_default_generators/cmake)
[0.656s] -- Using all available rosidl_typesupport_c: rosidl_typesupport_fastrtps_c;rosidl_typesupport_introspection_c
[0.662s] -- Found rosidl_adapter: 3.1.7 (/opt/ros/humble/share/rosidl_adapter/cmake)
[0.705s] -- Using all available rosidl_typesupport_cpp: rosidl_typesupport_fastrtps_cpp;rosidl_typesupport_introspection_cpp
[0.734s] -- Found geometry_msgs: 4.9.0 (/opt/ros/humble/share/geometry_msgs/cmake)
[1.113s] -- Found ament_cmake_ros: 0.10.0 (/opt/ros/humble/share/ament_cmake_ros/cmake)
[1.355s] -- Using all available rosidl_typesupport_c: rosidl_typesupport_fastrtps_c;rosidl_typesupport_introspection_c
[1.782s] -- Using all available rosidl_typesupport_cpp: rosidl_typesupport_fastrtps_cpp;rosidl_typesupport_introspection_cpp
[1.814s] -- Found PythonInterp: /usr/bin/python3 (found suitable version "3.10.12", minimum required is "3.6") 
[1.818s] -- Found python_cmake_module: 0.10.0 (/opt/ros/humble/share/python_cmake_module/cmake)
[1.860s] -- Found PythonLibs: /usr/lib/x86_64-linux-gnu/libpython3.10.so (found suitable version "3.10.12", minimum required is "3.5") 
[1.860s] -- Using PYTHON_EXECUTABLE: /usr/bin/python3
[1.860s] -- Using PYTHON_INCLUDE_DIRS: /usr/include/python3.10
[1.860s] -- Using PYTHON_LIBRARIES: /usr/lib/x86_64-linux-gnu/libpython3.10.so
[1.890s] -- Found PythonExtra: .so  
[2.008s] -- Configuring done
[2.066s] -- Generating done
[2.084s] -- Build files have been written to: /home/rm_autoaim/suep2026/2025_ws/build/buff_interfaces
[2.099s] Invoked command in '/home/rm_autoaim/suep2026/2025_ws/build/buff_interfaces' returned '0': CMAKE_PREFIX_PATH=${CMAKE_PREFIX_PATH}:/opt/ros/humble /usr/bin/cmake /home/rm_autoaim/suep2026/2025_ws/src/rm_buff/buff_interfaces -DCMAKE_INSTALL_PREFIX=/home/rm_autoaim/suep2026/2025_ws/install/buff_interfaces
[2.101s] Invoking command in '/home/rm_autoaim/suep2026/2025_ws/build/buff_interfaces': CMAKE_PREFIX_PATH=${CMAKE_PREFIX_PATH}:/opt/ros/humble /usr/bin/cmake --build /home/rm_autoaim/suep2026/2025_ws/build/buff_interfaces -- -j8 -l8
[2.186s] [  1%] [34m[1mGenerating C code for ROS interfaces[0m
[2.208s] [  2%] [34m[1mGenerating C++ code for ROS interfaces[0m
[2.244s] [  2%] Built target ament_cmake_python_copy_buff_interfaces
[2.784s] running egg_info
[2.784s] creating buff_interfaces.egg-info
[2.785s] writing buff_interfaces.egg-info/PKG-INFO
[2.785s] writing dependency_links to buff_interfaces.egg-info/dependency_links.txt
[2.786s] writing top-level names to buff_interfaces.egg-info/top_level.txt
[2.786s] writing manifest file 'buff_interfaces.egg-info/SOURCES.txt'
[2.789s] reading manifest file 'buff_interfaces.egg-info/SOURCES.txt'
[2.790s] writing manifest file 'buff_interfaces.egg-info/SOURCES.txt'
[2.849s] [  2%] Built target ament_cmake_python_build_buff_interfaces_egg
[3.474s] [  2%] Built target buff_interfaces__cpp
[3.499s] [  3%] [34m[1mGenerating C++ type support dispatch for ROS interfaces[0m
[3.514s] [  5%] [34m[1mGenerating C++ type support for eProsima Fast-RTPS[0m
[3.516s] [  6%] [34m[1mGenerating C++ introspection for ROS interfaces[0m
[3.752s] [  7%] [32mBuilding C object CMakeFiles/buff_interfaces__rosidl_generator_c.dir/rosidl_generator_c/buff_interfaces/msg/detail/blade__functions.c.o[0m
[3.753s] [  8%] [32mBuilding C object CMakeFiles/buff_interfaces__rosidl_generator_c.dir/rosidl_generator_c/buff_interfaces/msg/detail/debug_blade__functions.c.o[0m
[3.764s] [ 10%] [32mBuilding C object CMakeFiles/buff_interfaces__rosidl_generator_c.dir/rosidl_generator_c/buff_interfaces/msg/detail/debug_blade_array__functions.c.o[0m
[3.766s] [ 11%] [32mBuilding C object CMakeFiles/buff_interfaces__rosidl_generator_c.dir/rosidl_generator_c/buff_interfaces/msg/detail/blade_array__functions.c.o[0m
[3.770s] [ 12%] [32mBuilding C object CMakeFiles/buff_interfaces__rosidl_generator_c.dir/rosidl_generator_c/buff_interfaces/msg/detail/rune__functions.c.o[0m
[3.930s] [ 13%] [32mBuilding C object CMakeFiles/buff_interfaces__rosidl_generator_c.dir/rosidl_generator_c/buff_interfaces/msg/detail/rune_info__functions.c.o[0m
[3.956s] [ 15%] [32mBuilding C object CMakeFiles/buff_interfaces__rosidl_generator_c.dir/rosidl_generator_c/buff_interfaces/msg/detail/time_info__functions.c.o[0m
[4.153s] [ 16%] [32m[1mLinking C shared library libbuff_interfaces__rosidl_generator_c.so[0m
[4.312s] [ 16%] Built target buff_interfaces__rosidl_generator_c
[4.349s] [ 17%] [34m[1mGenerating C introspection for ROS interfaces[0m
[4.355s] [ 18%] [34m[1mGenerating C type support for eProsima Fast-RTPS[0m
[4.355s] [ 20%] [34m[1mGenerating C type support dispatch for ROS interfaces[0m
[4.589s] [ 21%] [32mBuilding CXX object CMakeFiles/buff_interfaces__rosidl_typesupport_cpp.dir/rosidl_typesupport_cpp/buff_interfaces/msg/blade__type_support.cpp.o[0m
[4.598s] [ 22%] [32mBuilding CXX object CMakeFiles/buff_interfaces__rosidl_typesupport_cpp.dir/rosidl_typesupport_cpp/buff_interfaces/msg/blade_array__type_support.cpp.o[0m
[4.616s] [ 24%] [32mBuilding CXX object CMakeFiles/buff_interfaces__rosidl_typesupport_cpp.dir/rosidl_typesupport_cpp/buff_interfaces/msg/debug_blade__type_support.cpp.o[0m
[4.800s] [ 25%] [32mBuilding CXX object CMakeFiles/buff_interfaces__rosidl_typesupport_fastrtps_cpp.dir/rosidl_typesupport_fastrtps_cpp/buff_interfaces/msg/detail/dds_fastrtps/blade__type_support.cpp.o[0m
[5.153s] [ 26%] [32mBuilding CXX object CMakeFiles/buff_interfaces__rosidl_typesupport_introspection_cpp.dir/rosidl_typesupport_introspection_cpp/buff_interfaces/msg/detail/blade__type_support.cpp.o[0m
[5.517s] [ 27%] [32mBuilding CXX object CMakeFiles/buff_interfaces__rosidl_typesupport_fastrtps_cpp.dir/rosidl_typesupport_fastrtps_cpp/buff_interfaces/msg/detail/dds_fastrtps/blade_array__type_support.cpp.o[0m
[5.555s] [ 29%] [32mBuilding C object CMakeFiles/buff_interfaces__rosidl_typesupport_introspection_c.dir/rosidl_typesupport_introspection_c/buff_interfaces/msg/detail/blade__type_support.c.o[0m
[5.656s] [ 30%] [32mBuilding CXX object CMakeFiles/buff_interfaces__rosidl_typesupport_cpp.dir/rosidl_typesupport_cpp/buff_interfaces/msg/debug_blade_array__type_support.cpp.o[0m
[5.671s] [ 31%] [32mBuilding CXX object CMakeFiles/buff_interfaces__rosidl_typesupport_c.dir/rosidl_typesupport_c/buff_interfaces/msg/blade__type_support.cpp.o[0m
[5.693s] [ 32%] [32mBuilding C object CMakeFiles/buff_interfaces__rosidl_typesupport_introspection_c.dir/rosidl_typesupport_introspection_c/buff_interfaces/msg/detail/blade_array__type_support.c.o[0m
[5.775s] [ 34%] [32mBuilding CXX object CMakeFiles/buff_interfaces__rosidl_typesupport_c.dir/rosidl_typesupport_c/buff_interfaces/msg/blade_array__type_support.cpp.o[0m
[5.812s] [ 35%] [32mBuilding C object CMakeFiles/buff_interfaces__rosidl_typesupport_introspection_c.dir/rosidl_typesupport_introspection_c/buff_interfaces/msg/detail/debug_blade__type_support.c.o[0m
[5.851s] [ 36%] [32mBuilding CXX object CMakeFiles/buff_interfaces__rosidl_typesupport_fastrtps_cpp.dir/rosidl_typesupport_fastrtps_cpp/buff_interfaces/msg/detail/dds_fastrtps/debug_blade__type_support.cpp.o[0m
[5.854s] [ 37%] [32mBuilding CXX object CMakeFiles/buff_interfaces__rosidl_typesupport_introspection_cpp.dir/rosidl_typesupport_introspection_cpp/buff_interfaces/msg/detail/blade_array__type_support.cpp.o[0m
[5.923s] [ 39%] [32mBuilding C object CMakeFiles/buff_interfaces__rosidl_typesupport_introspection_c.dir/rosidl_typesupport_introspection_c/buff_interfaces/msg/detail/debug_blade_array__type_support.c.o[0m
[5.947s] [ 40%] [32mBuilding CXX object CMakeFiles/buff_interfaces__rosidl_typesupport_c.dir/rosidl_typesupport_c/buff_interfaces/msg/debug_blade__type_support.cpp.o[0m
[6.067s] [ 41%] [32mBuilding C object CMakeFiles/buff_interfaces__rosidl_typesupport_introspection_c.dir/rosidl_typesupport_introspection_c/buff_interfaces/msg/detail/rune__type_support.c.o[0m
[6.085s] [ 43%] [32mBuilding CXX object CMakeFiles/buff_interfaces__rosidl_typesupport_c.dir/rosidl_typesupport_c/buff_interfaces/msg/debug_blade_array__type_support.cpp.o[0m
[6.199s] [ 44%] [32mBuilding CXX object CMakeFiles/buff_interfaces__rosidl_typesupport_c.dir/rosidl_typesupport_c/buff_interfaces/msg/rune__type_support.cpp.o[0m
[6.201s] [ 45%] [32mBuilding C object CMakeFiles/buff_interfaces__rosidl_typesupport_introspection_c.dir/rosidl_typesupport_introspection_c/buff_interfaces/msg/detail/rune_info__type_support.c.o[0m
[6.331s] [ 46%] [32mBuilding CXX object CMakeFiles/buff_interfaces__rosidl_typesupport_c.dir/rosidl_typesupport_c/buff_interfaces/msg/rune_info__type_support.cpp.o[0m
[6.347s] [ 48%] [32mBuilding C object CMakeFiles/buff_interfaces__rosidl_typesupport_introspection_c.dir/rosidl_typesupport_introspection_c/buff_interfaces/msg/detail/time_info__type_support.c.o[0m
[6.441s] [ 49%] [32mBuilding CXX object CMakeFiles/buff_interfaces__rosidl_typesupport_c.dir/rosidl_typesupport_c/buff_interfaces/msg/time_info__type_support.cpp.o[0m
[6.489s] [ 50%] [32mBuilding CXX object CMakeFiles/buff_interfaces__rosidl_typesupport_fastrtps_cpp.dir/rosidl_typesupport_fastrtps_cpp/buff_interfaces/msg/detail/dds_fastrtps/debug_blade_array__type_support.cpp.o[0m
[6.528s] [ 51%] [32m[1mLinking C shared library libbuff_interfaces__rosidl_typesupport_introspection_c.so[0m
[6.554s] [ 53%] [32m[1mLinking CXX shared library libbuff_interfaces__rosidl_typesupport_c.so[0m
[6.655s] [ 53%] Built target buff_interfaces__rosidl_typesupport_introspection_c
[6.699s] [ 54%] [32mBuilding CXX object CMakeFiles/buff_interfaces__rosidl_typesupport_fastrtps_cpp.dir/rosidl_typesupport_fastrtps_cpp/buff_interfaces/msg/detail/dds_fastrtps/rune__type_support.cpp.o[0m
[6.748s] [ 54%] Built target buff_interfaces__rosidl_typesupport_c
[6.808s] [ 55%] [32mBuilding CXX object CMakeFiles/buff_interfaces__rosidl_typesupport_fastrtps_cpp.dir/rosidl_typesupport_fastrtps_cpp/buff_interfaces/msg/detail/dds_fastrtps/rune_info__type_support.cpp.o[0m
[7.020s] [ 56%] [32mBuilding CXX object CMakeFiles/buff_interfaces__rosidl_typesupport_cpp.dir/rosidl_typesupport_cpp/buff_interfaces/msg/rune__type_support.cpp.o[0m
[7.074s] [ 58%] [32mBuilding CXX object CMakeFiles/buff_interfaces__rosidl_typesupport_fastrtps_c.dir/rosidl_typesupport_fastrtps_c/buff_interfaces/msg/detail/blade__type_support_c.cpp.o[0m
[7.442s] [ 59%] [32mBuilding CXX object CMakeFiles/buff_interfaces__rosidl_typesupport_cpp.dir/rosidl_typesupport_cpp/buff_interfaces/msg/rune_info__type_support.cpp.o[0m
[7.523s] [ 60%] [32mBuilding CXX object CMakeFiles/buff_interfaces__rosidl_typesupport_fastrtps_cpp.dir/rosidl_typesupport_fastrtps_cpp/buff_interfaces/msg/detail/dds_fastrtps/time_info__type_support.cpp.o[0m
[7.705s] [ 62%] [32mBuilding CXX object CMakeFiles/buff_interfaces__rosidl_typesupport_introspection_cpp.dir/rosidl_typesupport_introspection_cpp/buff_interfaces/msg/detail/debug_blade__type_support.cpp.o[0m
[7.933s] [ 63%] [32mBuilding CXX object CMakeFiles/buff_interfaces__rosidl_typesupport_fastrtps_c.dir/rosidl_typesupport_fastrtps_c/buff_interfaces/msg/detail/blade_array__type_support_c.cpp.o[0m
[8.066s] [ 64%] [32mBuilding CXX object CMakeFiles/buff_interfaces__rosidl_typesupport_cpp.dir/rosidl_typesupport_cpp/buff_interfaces/msg/time_info__type_support.cpp.o[0m
[8.156s] [ 65%] [32mBuilding CXX object CMakeFiles/buff_interfaces__rosidl_typesupport_fastrtps_c.dir/rosidl_typesupport_fastrtps_c/buff_interfaces/msg/detail/debug_blade__type_support_c.cpp.o[0m
[8.372s] [ 67%] [32mBuilding CXX object CMakeFiles/buff_interfaces__rosidl_typesupport_introspection_cpp.dir/rosidl_typesupport_introspection_cpp/buff_interfaces/msg/detail/debug_blade_array__type_support.cpp.o[0m
[8.606s] [ 68%] [32mBuilding CXX object CMakeFiles/buff_interfaces__rosidl_typesupport_introspection_cpp.dir/rosidl_typesupport_introspection_cpp/buff_interfaces/msg/detail/rune__type_support.cpp.o[0m
[8.665s] [ 69%] [32mBuilding CXX object CMakeFiles/buff_interfaces__rosidl_typesupport_fastrtps_c.dir/rosidl_typesupport_fastrtps_c/buff_interfaces/msg/detail/debug_blade_array__type_support_c.cpp.o[0m
[8.834s] [ 70%] [32m[1mLinking CXX shared library libbuff_interfaces__rosidl_typesupport_fastrtps_cpp.so[0m
[9.088s] [ 70%] Built target buff_interfaces__rosidl_typesupport_fastrtps_cpp
[9.110s] [ 72%] [32mBuilding CXX object CMakeFiles/buff_interfaces__rosidl_typesupport_introspection_cpp.dir/rosidl_typesupport_introspection_cpp/buff_interfaces/msg/detail/rune_info__type_support.cpp.o[0m
[9.291s] [ 73%] [32mBuilding CXX object CMakeFiles/buff_interfaces__rosidl_typesupport_fastrtps_c.dir/rosidl_typesupport_fastrtps_c/buff_interfaces/msg/detail/rune__type_support_c.cpp.o[0m
[9.346s] [ 74%] [32m[1mLinking CXX shared library libbuff_interfaces__rosidl_typesupport_cpp.so[0m
[9.580s] [ 74%] Built target buff_interfaces__rosidl_typesupport_cpp
[9.616s] [ 75%] [32mBuilding CXX object CMakeFiles/buff_interfaces__rosidl_typesupport_fastrtps_c.dir/rosidl_typesupport_fastrtps_c/buff_interfaces/msg/detail/rune_info__type_support_c.cpp.o[0m
[9.663s] [ 77%] [32mBuilding CXX object CMakeFiles/buff_interfaces__rosidl_typesupport_introspection_cpp.dir/rosidl_typesupport_introspection_cpp/buff_interfaces/msg/detail/time_info__type_support.cpp.o[0m
[9.678s] [ 78%] [32mBuilding CXX object CMakeFiles/buff_interfaces__rosidl_typesupport_fastrtps_c.dir/rosidl_typesupport_fastrtps_c/buff_interfaces/msg/detail/time_info__type_support_c.cpp.o[0m
[10.422s] [ 79%] [32m[1mLinking CXX shared library libbuff_interfaces__rosidl_typesupport_introspection_cpp.so[0m
[10.741s] [ 79%] Built target buff_interfaces__rosidl_typesupport_introspection_cpp
[10.950s] [ 81%] [32m[1mLinking CXX shared library libbuff_interfaces__rosidl_typesupport_fastrtps_c.so[0m
[11.274s] [ 81%] Built target buff_interfaces__rosidl_typesupport_fastrtps_c
[11.343s] [ 81%] Built target buff_interfaces
[11.402s] [ 82%] [34m[1mGenerating Python code for ROS interfaces[0m
[12.967s] [ 82%] Built target buff_interfaces__py
[12.995s] [ 83%] [32mBuilding C object CMakeFiles/buff_interfaces__rosidl_generator_py.dir/rosidl_generator_py/buff_interfaces/msg/_debug_blade_array_s.c.o[0m
[12.996s] [ 84%] [32mBuilding C object CMakeFiles/buff_interfaces__rosidl_generator_py.dir/rosidl_generator_py/buff_interfaces/msg/_rune_s.c.o[0m
[12.996s] [ 86%] [32mBuilding C object CMakeFiles/buff_interfaces__rosidl_generator_py.dir/rosidl_generator_py/buff_interfaces/msg/_blade_s.c.o[0m
[12.996s] [ 87%] [32mBuilding C object CMakeFiles/buff_interfaces__rosidl_generator_py.dir/rosidl_generator_py/buff_interfaces/msg/_blade_array_s.c.o[0m
[12.999s] [ 88%] [32mBuilding C object CMakeFiles/buff_interfaces__rosidl_generator_py.dir/rosidl_generator_py/buff_interfaces/msg/_debug_blade_s.c.o[0m
[13.008s] [ 89%] [32mBuilding C object CMakeFiles/buff_interfaces__rosidl_generator_py.dir/rosidl_generator_py/buff_interfaces/msg/_rune_info_s.c.o[0m
[13.009s] [ 91%] [32mBuilding C object CMakeFiles/buff_interfaces__rosidl_generator_py.dir/rosidl_generator_py/buff_interfaces/msg/_time_info_s.c.o[0m
[13.202s] [ 92%] [32m[1mLinking C shared library rosidl_generator_py/buff_interfaces/libbuff_interfaces__rosidl_generator_py.so[0m
[13.247s] [ 92%] Built target buff_interfaces__rosidl_generator_py
[13.276s] [ 93%] [32mBuilding C object CMakeFiles/buff_interfaces__rosidl_typesupport_introspection_c__pyext.dir/rosidl_generator_py/buff_interfaces/_buff_interfaces_s.ep.rosidl_typesupport_introspection_c.c.o[0m
[13.276s] [ 94%] [32mBuilding C object CMakeFiles/buff_interfaces__rosidl_typesupport_fastrtps_c__pyext.dir/rosidl_generator_py/buff_interfaces/_buff_interfaces_s.ep.rosidl_typesupport_fastrtps_c.c.o[0m
[13.276s] [ 96%] [32mBuilding C object CMakeFiles/buff_interfaces__rosidl_typesupport_c__pyext.dir/rosidl_generator_py/buff_interfaces/_buff_interfaces_s.ep.rosidl_typesupport_c.c.o[0m
[13.414s] [ 97%] [32m[1mLinking C shared library rosidl_generator_py/buff_interfaces/buff_interfaces_s__rosidl_typesupport_c.cpython-310-x86_64-linux-gnu.so[0m
[13.419s] [ 98%] [32m[1mLinking C shared library rosidl_generator_py/buff_interfaces/buff_interfaces_s__rosidl_typesupport_fastrtps_c.cpython-310-x86_64-linux-gnu.so[0m
[13.445s] [100%] [32m[1mLinking C shared library rosidl_generator_py/buff_interfaces/buff_interfaces_s__rosidl_typesupport_introspection_c.cpython-310-x86_64-linux-gnu.so[0m
[13.457s] [100%] Built target buff_interfaces__rosidl_typesupport_c__pyext
[13.476s] [100%] Built target buff_interfaces__rosidl_typesupport_fastrtps_c__pyext
[13.488s] [100%] Built target buff_interfaces__rosidl_typesupport_introspection_c__pyext
[13.499s] Invoked command in '/home/rm_autoaim/suep2026/2025_ws/build/buff_interfaces' returned '0': CMAKE_PREFIX_PATH=${CMAKE_PREFIX_PATH}:/opt/ros/humble /usr/bin/cmake --build /home/rm_autoaim/suep2026/2025_ws/build/buff_interfaces -- -j8 -l8
[13.501s] Invoking command in '/home/rm_autoaim/suep2026/2025_ws/build/buff_interfaces': CMAKE_PREFIX_PATH=${CMAKE_PREFIX_PATH}:/opt/ros/humble /usr/bin/cmake --install /home/rm_autoaim/suep2026/2025_ws/build/buff_interfaces
[13.509s] -- Install configuration: ""
[13.509s] -- Installing: /home/rm_autoaim/suep2026/2025_ws/install/buff_interfaces/share/ament_index/resource_index/rosidl_interfaces/buff_interfaces
[13.509s] -- Installing: /home/rm_autoaim/suep2026/2025_ws/install/buff_interfaces/include/buff_interfaces/buff_interfaces
[13.509s] -- Installing: /home/rm_autoaim/suep2026/2025_ws/install/buff_interfaces/include/buff_interfaces/buff_interfaces/msg
[13.509s] -- Installing: /home/rm_autoaim/suep2026/2025_ws/install/buff_interfaces/include/buff_interfaces/buff_interfaces/msg/blade_array.h
[13.509s] -- Installing: /home/rm_autoaim/suep2026/2025_ws/install/buff_interfaces/include/buff_interfaces/buff_interfaces/msg/rune.h
[13.509s] -- Installing: /home/rm_autoaim/suep2026/2025_ws/install/buff_interfaces/include/buff_interfaces/buff_interfaces/msg/rosidl_generator_c__visibility_control.h
[13.509s] -- Installing: /home/rm_autoaim/suep2026/2025_ws/install/buff_interfaces/include/buff_interfaces/buff_interfaces/msg/time_info.h
[13.509s] -- Installing: /home/rm_autoaim/suep2026/2025_ws/install/buff_interfaces/include/buff_interfaces/buff_interfaces/msg/debug_blade.h
[13.510s] -- Installing: /home/rm_autoaim/suep2026/2025_ws/install/buff_interfaces/include/buff_interfaces/buff_interfaces/msg/debug_blade_array.h
[13.510s] -- Installing: /home/rm_autoaim/suep2026/2025_ws/install/buff_interfaces/include/buff_interfaces/buff_interfaces/msg/blade.h
[13.510s] -- Installing: /home/rm_autoaim/suep2026/2025_ws/install/buff_interfaces/include/buff_interfaces/buff_interfaces/msg/rune_info.h
[13.510s] -- Installing: /home/rm_autoaim/suep2026/2025_ws/install/buff_interfaces/include/buff_interfaces/buff_interfaces/msg/detail
[13.510s] -- Installing: /home/rm_autoaim/suep2026/2025_ws/install/buff_interfaces/include/buff_interfaces/buff_interfaces/msg/detail/debug_blade_array__functions.c
[13.510s] -- Installing: /home/rm_autoaim/suep2026/2025_ws/install/buff_interfaces/include/buff_interfaces/buff_interfaces/msg/detail/time_info__functions.h
[13.510s] -- Installing: /home/rm_autoaim/suep2026/2025_ws/install/buff_interfaces/include/buff_interfaces/buff_interfaces/msg/detail/blade_array__struct.h
[13.510s] -- Installing: /home/rm_autoaim/suep2026/2025_ws/install/buff_interfaces/include/buff_interfaces/buff_interfaces/msg/detail/debug_blade__type_support.h
[13.510s] -- Installing: /home/rm_autoaim/suep2026/2025_ws/install/buff_interfaces/include/buff_interfaces/buff_interfaces/msg/detail/rune_info__struct.h
[13.510s] -- Installing: /home/rm_autoaim/suep2026/2025_ws/install/buff_interfaces/include/buff_interfaces/buff_interfaces/msg/detail/rune__functions.h
[13.510s] -- Installing: /home/rm_autoaim/suep2026/2025_ws/install/buff_interfaces/include/buff_interfaces/buff_interfaces/msg/detail/debug_blade_array__struct.h
[13.510s] -- Installing: /home/rm_autoaim/suep2026/2025_ws/install/buff_interfaces/include/buff_interfaces/buff_interfaces/msg/detail/blade__type_support.h
[13.510s] -- Installing: /home/rm_autoaim/suep2026/2025_ws/install/buff_interfaces/include/buff_interfaces/buff_interfaces/msg/detail/time_info__struct.h
[13.510s] -- Installing: /home/rm_autoaim/suep2026/2025_ws/install/buff_interfaces/include/buff_interfaces/buff_interfaces/msg/detail/time_info__type_support.h
[13.511s] -- Installing: /home/rm_autoaim/suep2026/2025_ws/install/buff_interfaces/include/buff_interfaces/buff_interfaces/msg/detail/debug_blade__struct.h
[13.511s] -- Installing: /home/rm_autoaim/suep2026/2025_ws/install/buff_interfaces/include/buff_interfaces/buff_interfaces/msg/detail/rune_info__functions.c
[13.511s] -- Installing: /home/rm_autoaim/suep2026/2025_ws/install/buff_interfaces/include/buff_interfaces/buff_interfaces/msg/detail/blade_array__functions.h
[13.511s] -- Installing: /home/rm_autoaim/suep2026/2025_ws/install/buff_interfaces/include/buff_interfaces/buff_interfaces/msg/detail/rune__type_support.h
[13.511s] -- Installing: /home/rm_autoaim/suep2026/2025_ws/install/buff_interfaces/include/buff_interfaces/buff_interfaces/msg/detail/blade__struct.h
[13.511s] -- Installing: /home/rm_autoaim/suep2026/2025_ws/install/buff_interfaces/include/buff_interfaces/buff_interfaces/msg/detail/debug_blade_array__type_support.h
[13.511s] -- Installing: /home/rm_autoaim/suep2026/2025_ws/install/buff_interfaces/include/buff_interfaces/buff_interfaces/msg/detail/time_info__functions.c
[13.511s] -- Installing: /home/rm_autoaim/suep2026/2025_ws/install/buff_interfaces/include/buff_interfaces/buff_interfaces/msg/detail/debug_blade__functions.c
[13.511s] -- Installing: /home/rm_autoaim/suep2026/2025_ws/install/buff_interfaces/include/buff_interfaces/buff_interfaces/msg/detail/blade__functions.h
[13.511s] -- Installing: /home/rm_autoaim/suep2026/2025_ws/install/buff_interfaces/include/buff_interfaces/buff_interfaces/msg/detail/rune__struct.h
[13.511s] -- Installing: /home/rm_autoaim/suep2026/2025_ws/install/buff_interfaces/include/buff_interfaces/buff_interfaces/msg/detail/debug_blade__functions.h
[13.512s] -- Installing: /home/rm_autoaim/suep2026/2025_ws/install/buff_interfaces/include/buff_interfaces/buff_interfaces/msg/detail/debug_blade_array__functions.h
[13.512s] -- Installing: /home/rm_autoaim/suep2026/2025_ws/install/buff_interfaces/include/buff_interfaces/buff_interfaces/msg/detail/blade_array__type_support.h
[13.512s] -- Installing: /home/rm_autoaim/suep2026/2025_ws/install/buff_interfaces/include/buff_interfaces/buff_interfaces/msg/detail/blade__functions.c
[13.512s] -- Installing: /home/rm_autoaim/suep2026/2025_ws/install/buff_interfaces/include/buff_interfaces/buff_interfaces/msg/detail/blade_array__functions.c
[13.512s] -- Installing: /home/rm_autoaim/suep2026/2025_ws/install/buff_interfaces/include/buff_interfaces/buff_interfaces/msg/detail/rune_info__type_support.h
[13.512s] -- Installing: /home/rm_autoaim/suep2026/2025_ws/install/buff_interfaces/include/buff_interfaces/buff_interfaces/msg/detail/rune__functions.c
[13.512s] -- Installing: /home/rm_autoaim/suep2026/2025_ws/install/buff_interfaces/include/buff_interfaces/buff_interfaces/msg/detail/rune_info__functions.h
[13.512s] -- Installing: /home/rm_autoaim/suep2026/2025_ws/install/buff_interfaces/share/buff_interfaces/environment/library_path.sh
[13.512s] -- Installing: /home/rm_autoaim/suep2026/2025_ws/install/buff_interfaces/share/buff_interfaces/environment/library_path.dsv
[13.512s] -- Installing: /home/rm_autoaim/suep2026/2025_ws/install/buff_interfaces/lib/libbuff_interfaces__rosidl_generator_c.so
[13.512s] -- Set runtime path of "/home/rm_autoaim/suep2026/2025_ws/install/buff_interfaces/lib/libbuff_interfaces__rosidl_generator_c.so" to ""
[13.513s] -- Up-to-date: /home/rm_autoaim/suep2026/2025_ws/install/buff_interfaces/include/buff_interfaces/buff_interfaces
[13.513s] -- Up-to-date: /home/rm_autoaim/suep2026/2025_ws/install/buff_interfaces/include/buff_interfaces/buff_interfaces/msg
[13.513s] -- Installing: /home/rm_autoaim/suep2026/2025_ws/install/buff_interfaces/include/buff_interfaces/buff_interfaces/msg/rosidl_typesupport_fastrtps_c__visibility_control.h
[13.513s] -- Up-to-date: /home/rm_autoaim/suep2026/2025_ws/install/buff_interfaces/include/buff_interfaces/buff_interfaces/msg/detail
[13.513s] -- Installing: /home/rm_autoaim/suep2026/2025_ws/install/buff_interfaces/include/buff_interfaces/buff_interfaces/msg/detail/rune__rosidl_typesupport_fastrtps_c.h
[13.513s] -- Installing: /home/rm_autoaim/suep2026/2025_ws/install/buff_interfaces/include/buff_interfaces/buff_interfaces/msg/detail/time_info__rosidl_typesupport_fastrtps_c.h
[13.513s] -- Installing: /home/rm_autoaim/suep2026/2025_ws/install/buff_interfaces/include/buff_interfaces/buff_interfaces/msg/detail/rune_info__rosidl_typesupport_fastrtps_c.h
[13.513s] -- Installing: /home/rm_autoaim/suep2026/2025_ws/install/buff_interfaces/include/buff_interfaces/buff_interfaces/msg/detail/blade_array__rosidl_typesupport_fastrtps_c.h
[13.513s] -- Installing: /home/rm_autoaim/suep2026/2025_ws/install/buff_interfaces/include/buff_interfaces/buff_interfaces/msg/detail/debug_blade_array__rosidl_typesupport_fastrtps_c.h
[13.513s] -- Installing: /home/rm_autoaim/suep2026/2025_ws/install/buff_interfaces/include/buff_interfaces/buff_interfaces/msg/detail/debug_blade__rosidl_typesupport_fastrtps_c.h
[13.513s] -- Installing: /home/rm_autoaim/suep2026/2025_ws/install/buff_interfaces/include/buff_interfaces/buff_interfaces/msg/detail/blade__rosidl_typesupport_fastrtps_c.h
[13.513s] -- Installing: /home/rm_autoaim/suep2026/2025_ws/install/buff_interfaces/lib/libbuff_interfaces__rosidl_typesupport_fastrtps_c.so
[13.513s] -- Set runtime path of "/home/rm_autoaim/suep2026/2025_ws/install/buff_interfaces/lib/libbuff_interfaces__rosidl_typesupport_fastrtps_c.so" to ""
[13.514s] -- Up-to-date: /home/rm_autoaim/suep2026/2025_ws/install/buff_interfaces/include/buff_interfaces/buff_interfaces
[13.514s] -- Up-to-date: /home/rm_autoaim/suep2026/2025_ws/install/buff_interfaces/include/buff_interfaces/buff_interfaces/msg
[13.514s] -- Installing: /home/rm_autoaim/suep2026/2025_ws/install/buff_interfaces/include/buff_interfaces/buff_interfaces/msg/rosidl_typesupport_introspection_c__visibility_control.h
[13.514s] -- Up-to-date: /home/rm_autoaim/suep2026/2025_ws/install/buff_interfaces/include/buff_interfaces/buff_interfaces/msg/detail
[13.514s] -- Installing: /home/rm_autoaim/suep2026/2025_ws/install/buff_interfaces/include/buff_interfaces/buff_interfaces/msg/detail/blade_array__type_support.c
[13.514s] -- Installing: /home/rm_autoaim/suep2026/2025_ws/install/buff_interfaces/include/buff_interfaces/buff_interfaces/msg/detail/time_info__type_support.c
[13.514s] -- Installing: /home/rm_autoaim/suep2026/2025_ws/install/buff_interfaces/include/buff_interfaces/buff_interfaces/msg/detail/debug_blade_array__type_support.c
[13.514s] -- Installing: /home/rm_autoaim/suep2026/2025_ws/install/buff_interfaces/include/buff_interfaces/buff_interfaces/msg/detail/debug_blade_array__rosidl_typesupport_introspection_c.h
[13.514s] -- Installing: /home/rm_autoaim/suep2026/2025_ws/install/buff_interfaces/include/buff_interfaces/buff_interfaces/msg/detail/rune__rosidl_typesupport_introspection_c.h
[13.514s] -- Installing: /home/rm_autoaim/suep2026/2025_ws/install/buff_interfaces/include/buff_interfaces/buff_interfaces/msg/detail/rune__type_support.c
[13.514s] -- Installing: /home/rm_autoaim/suep2026/2025_ws/install/buff_interfaces/include/buff_interfaces/buff_interfaces/msg/detail/blade__rosidl_typesupport_introspection_c.h
[13.515s] -- Installing: /home/rm_autoaim/suep2026/2025_ws/install/buff_interfaces/include/buff_interfaces/buff_interfaces/msg/detail/blade__type_support.c
[13.515s] -- Installing: /home/rm_autoaim/suep2026/2025_ws/install/buff_interfaces/include/buff_interfaces/buff_interfaces/msg/detail/time_info__rosidl_typesupport_introspection_c.h
[13.515s] -- Installing: /home/rm_autoaim/suep2026/2025_ws/install/buff_interfaces/include/buff_interfaces/buff_interfaces/msg/detail/blade_array__rosidl_typesupport_introspection_c.h
[13.515s] -- Installing: /home/rm_autoaim/suep2026/2025_ws/install/buff_interfaces/include/buff_interfaces/buff_interfaces/msg/detail/debug_blade__rosidl_typesupport_introspection_c.h
[13.515s] -- Installing: /home/rm_autoaim/suep2026/2025_ws/install/buff_interfaces/include/buff_interfaces/buff_interfaces/msg/detail/rune_info__rosidl_typesupport_introspection_c.h
[13.515s] -- Installing: /home/rm_autoaim/suep2026/2025_ws/install/buff_interfaces/include/buff_interfaces/buff_interfaces/msg/detail/debug_blade__type_support.c
[13.515s] -- Installing: /home/rm_autoaim/suep2026/2025_ws/install/buff_interfaces/include/buff_interfaces/buff_interfaces/msg/detail/rune_info__type_support.c
[13.515s] -- Installing: /home/rm_autoaim/suep2026/2025_ws/install/buff_interfaces/lib/libbuff_interfaces__rosidl_typesupport_introspection_c.so
[13.515s] -- Set runtime path of "/home/rm_autoaim/suep2026/2025_ws/install/buff_interfaces/lib/libbuff_interfaces__rosidl_typesupport_introspection_c.so" to ""
[13.515s] -- Installing: /home/rm_autoaim/suep2026/2025_ws/install/buff_interfaces/lib/libbuff_interfaces__rosidl_typesupport_c.so
[13.515s] -- Set runtime path of "/home/rm_autoaim/suep2026/2025_ws/install/buff_interfaces/lib/libbuff_interfaces__rosidl_typesupport_c.so" to ""
[13.515s] -- Up-to-date: /home/rm_autoaim/suep2026/2025_ws/install/buff_interfaces/include/buff_interfaces/buff_interfaces
[13.515s] -- Up-to-date: /home/rm_autoaim/suep2026/2025_ws/install/buff_interfaces/include/buff_interfaces/buff_interfaces/msg
[13.516s] -- Installing: /home/rm_autoaim/suep2026/2025_ws/install/buff_interfaces/include/buff_interfaces/buff_interfaces/msg/time_info.hpp
[13.516s] -- Installing: /home/rm_autoaim/suep2026/2025_ws/install/buff_interfaces/include/buff_interfaces/buff_interfaces/msg/rune_info.hpp
[13.516s] -- Installing: /home/rm_autoaim/suep2026/2025_ws/install/buff_interfaces/include/buff_interfaces/buff_interfaces/msg/blade.hpp
[13.516s] -- Installing: /home/rm_autoaim/suep2026/2025_ws/install/buff_interfaces/include/buff_interfaces/buff_interfaces/msg/debug_blade.hpp
[13.516s] -- Installing: /home/rm_autoaim/suep2026/2025_ws/install/buff_interfaces/include/buff_interfaces/buff_interfaces/msg/debug_blade_array.hpp
[13.516s] -- Installing: /home/rm_autoaim/suep2026/2025_ws/install/buff_interfaces/include/buff_interfaces/buff_interfaces/msg/blade_array.hpp
[13.516s] -- Installing: /home/rm_autoaim/suep2026/2025_ws/install/buff_interfaces/include/buff_interfaces/buff_interfaces/msg/rune.hpp
[13.516s] -- Installing: /home/rm_autoaim/suep2026/2025_ws/install/buff_interfaces/include/buff_interfaces/buff_interfaces/msg/rosidl_generator_cpp__visibility_control.hpp
[13.516s] -- Up-to-date: /home/rm_autoaim/suep2026/2025_ws/install/buff_interfaces/include/buff_interfaces/buff_interfaces/msg/detail
[13.516s] -- Installing: /home/rm_autoaim/suep2026/2025_ws/install/buff_interfaces/include/buff_interfaces/buff_interfaces/msg/detail/debug_blade_array__type_support.hpp
[13.516s] -- Installing: /home/rm_autoaim/suep2026/2025_ws/install/buff_interfaces/include/buff_interfaces/buff_interfaces/msg/detail/debug_blade__traits.hpp
[13.516s] -- Installing: /home/rm_autoaim/suep2026/2025_ws/install/buff_interfaces/include/buff_interfaces/buff_interfaces/msg/detail/debug_blade_array__builder.hpp
[13.516s] -- Installing: /home/rm_autoaim/suep2026/2025_ws/install/buff_interfaces/include/buff_interfaces/buff_interfaces/msg/detail/blade_array__builder.hpp
[13.517s] -- Installing: /home/rm_autoaim/suep2026/2025_ws/install/buff_interfaces/include/buff_interfaces/buff_interfaces/msg/detail/rune__builder.hpp
[13.517s] -- Installing: /home/rm_autoaim/suep2026/2025_ws/install/buff_interfaces/include/buff_interfaces/buff_interfaces/msg/detail/rune_info__struct.hpp
[13.517s] -- Installing: /home/rm_autoaim/suep2026/2025_ws/install/buff_interfaces/include/buff_interfaces/buff_interfaces/msg/detail/blade_array__struct.hpp
[13.517s] -- Installing: /home/rm_autoaim/suep2026/2025_ws/install/buff_interfaces/include/buff_interfaces/buff_interfaces/msg/detail/blade_array__type_support.hpp
[13.517s] -- Installing: /home/rm_autoaim/suep2026/2025_ws/install/buff_interfaces/include/buff_interfaces/buff_interfaces/msg/detail/blade_array__traits.hpp
[13.517s] -- Installing: /home/rm_autoaim/suep2026/2025_ws/install/buff_interfaces/include/buff_interfaces/buff_interfaces/msg/detail/debug_blade_array__struct.hpp
[13.517s] -- Installing: /home/rm_autoaim/suep2026/2025_ws/install/buff_interfaces/include/buff_interfaces/buff_interfaces/msg/detail/rune__type_support.hpp
[13.517s] -- Installing: /home/rm_autoaim/suep2026/2025_ws/install/buff_interfaces/include/buff_interfaces/buff_interfaces/msg/detail/rune__struct.hpp
[13.517s] -- Installing: /home/rm_autoaim/suep2026/2025_ws/install/buff_interfaces/include/buff_interfaces/buff_interfaces/msg/detail/rune__traits.hpp
[13.517s] -- Installing: /home/rm_autoaim/suep2026/2025_ws/install/buff_interfaces/include/buff_interfaces/buff_interfaces/msg/detail/debug_blade__struct.hpp
[13.517s] -- Installing: /home/rm_autoaim/suep2026/2025_ws/install/buff_interfaces/include/buff_interfaces/buff_interfaces/msg/detail/debug_blade_array__traits.hpp
[13.517s] -- Installing: /home/rm_autoaim/suep2026/2025_ws/install/buff_interfaces/include/buff_interfaces/buff_interfaces/msg/detail/blade__struct.hpp
[13.518s] -- Installing: /home/rm_autoaim/suep2026/2025_ws/install/buff_interfaces/include/buff_interfaces/buff_interfaces/msg/detail/rune_info__type_support.hpp
[13.518s] -- Installing: /home/rm_autoaim/suep2026/2025_ws/install/buff_interfaces/include/buff_interfaces/buff_interfaces/msg/detail/debug_blade__builder.hpp
[13.518s] -- Installing: /home/rm_autoaim/suep2026/2025_ws/install/buff_interfaces/include/buff_interfaces/buff_interfaces/msg/detail/blade__builder.hpp
[13.518s] -- Installing: /home/rm_autoaim/suep2026/2025_ws/install/buff_interfaces/include/buff_interfaces/buff_interfaces/msg/detail/time_info__builder.hpp
[13.518s] -- Installing: /home/rm_autoaim/suep2026/2025_ws/install/buff_interfaces/include/buff_interfaces/buff_interfaces/msg/detail/blade__traits.hpp
[13.518s] -- Installing: /home/rm_autoaim/suep2026/2025_ws/install/buff_interfaces/include/buff_interfaces/buff_interfaces/msg/detail/time_info__type_support.hpp
[13.518s] -- Installing: /home/rm_autoaim/suep2026/2025_ws/install/buff_interfaces/include/buff_interfaces/buff_interfaces/msg/detail/rune_info__builder.hpp
[13.518s] -- Installing: /home/rm_autoaim/suep2026/2025_ws/install/buff_interfaces/include/buff_interfaces/buff_interfaces/msg/detail/debug_blade__type_support.hpp
[13.518s] -- Installing: /home/rm_autoaim/suep2026/2025_ws/install/buff_interfaces/include/buff_interfaces/buff_interfaces/msg/detail/blade__type_support.hpp
[13.518s] -- Installing: /home/rm_autoaim/suep2026/2025_ws/install/buff_interfaces/include/buff_interfaces/buff_interfaces/msg/detail/time_info__struct.hpp
[13.518s] -- Installing: /home/rm_autoaim/suep2026/2025_ws/install/buff_interfaces/include/buff_interfaces/buff_interfaces/msg/detail/time_info__traits.hpp
[13.519s] -- Installing: /home/rm_autoaim/suep2026/2025_ws/install/buff_interfaces/include/buff_interfaces/buff_interfaces/msg/detail/rune_info__traits.hpp
[13.519s] -- Up-to-date: /home/rm_autoaim/suep2026/2025_ws/install/buff_interfaces/include/buff_interfaces/buff_interfaces
[13.519s] -- Up-to-date: /home/rm_autoaim/suep2026/2025_ws/install/buff_interfaces/include/buff_interfaces/buff_interfaces/msg
[13.519s] -- Installing: /home/rm_autoaim/suep2026/2025_ws/install/buff_interfaces/include/buff_interfaces/buff_interfaces/msg/rosidl_typesupport_fastrtps_cpp__visibility_control.h
[13.519s] -- Up-to-date: /home/rm_autoaim/suep2026/2025_ws/install/buff_interfaces/include/buff_interfaces/buff_interfaces/msg/detail
[13.519s] -- Installing: /home/rm_autoaim/suep2026/2025_ws/install/buff_interfaces/include/buff_interfaces/buff_interfaces/msg/detail/debug_blade__rosidl_typesupport_fastrtps_cpp.hpp
[13.519s] -- Installing: /home/rm_autoaim/suep2026/2025_ws/install/buff_interfaces/include/buff_interfaces/buff_interfaces/msg/detail/blade__rosidl_typesupport_fastrtps_cpp.hpp
[13.519s] -- Installing: /home/rm_autoaim/suep2026/2025_ws/install/buff_interfaces/include/buff_interfaces/buff_interfaces/msg/detail/dds_fastrtps
[13.519s] -- Installing: /home/rm_autoaim/suep2026/2025_ws/install/buff_interfaces/include/buff_interfaces/buff_interfaces/msg/detail/debug_blade_array__rosidl_typesupport_fastrtps_cpp.hpp
[13.519s] -- Installing: /home/rm_autoaim/suep2026/2025_ws/install/buff_interfaces/include/buff_interfaces/buff_interfaces/msg/detail/rune_info__rosidl_typesupport_fastrtps_cpp.hpp
[13.519s] -- Installing: /home/rm_autoaim/suep2026/2025_ws/install/buff_interfaces/include/buff_interfaces/buff_interfaces/msg/detail/blade_array__rosidl_typesupport_fastrtps_cpp.hpp
[13.519s] -- Installing: /home/rm_autoaim/suep2026/2025_ws/install/buff_interfaces/include/buff_interfaces/buff_interfaces/msg/detail/time_info__rosidl_typesupport_fastrtps_cpp.hpp
[13.519s] -- Installing: /home/rm_autoaim/suep2026/2025_ws/install/buff_interfaces/include/buff_interfaces/buff_interfaces/msg/detail/rune__rosidl_typesupport_fastrtps_cpp.hpp
[13.520s] -- Installing: /home/rm_autoaim/suep2026/2025_ws/install/buff_interfaces/lib/libbuff_interfaces__rosidl_typesupport_fastrtps_cpp.so
[13.520s] -- Set runtime path of "/home/rm_autoaim/suep2026/2025_ws/install/buff_interfaces/lib/libbuff_interfaces__rosidl_typesupport_fastrtps_cpp.so" to ""
[13.520s] -- Up-to-date: /home/rm_autoaim/suep2026/2025_ws/install/buff_interfaces/include/buff_interfaces/buff_interfaces
[13.520s] -- Up-to-date: /home/rm_autoaim/suep2026/2025_ws/install/buff_interfaces/include/buff_interfaces/buff_interfaces/msg
[13.520s] -- Up-to-date: /home/rm_autoaim/suep2026/2025_ws/install/buff_interfaces/include/buff_interfaces/buff_interfaces/msg/detail
[13.520s] -- Installing: /home/rm_autoaim/suep2026/2025_ws/install/buff_interfaces/include/buff_interfaces/buff_interfaces/msg/detail/blade__type_support.cpp
[13.520s] -- Installing: /home/rm_autoaim/suep2026/2025_ws/install/buff_interfaces/include/buff_interfaces/buff_interfaces/msg/detail/blade__rosidl_typesupport_introspection_cpp.hpp
[13.520s] -- Installing: /home/rm_autoaim/suep2026/2025_ws/install/buff_interfaces/include/buff_interfaces/buff_interfaces/msg/detail/rune_info__rosidl_typesupport_introspection_cpp.hpp
[13.520s] -- Installing: /home/rm_autoaim/suep2026/2025_ws/install/buff_interfaces/include/buff_interfaces/buff_interfaces/msg/detail/debug_blade_array__type_support.cpp
[13.520s] -- Installing: /home/rm_autoaim/suep2026/2025_ws/install/buff_interfaces/include/buff_interfaces/buff_interfaces/msg/detail/blade_array__rosidl_typesupport_introspection_cpp.hpp
[13.520s] -- Installing: /home/rm_autoaim/suep2026/2025_ws/install/buff_interfaces/include/buff_interfaces/buff_interfaces/msg/detail/rune_info__type_support.cpp
[13.520s] -- Installing: /home/rm_autoaim/suep2026/2025_ws/install/buff_interfaces/include/buff_interfaces/buff_interfaces/msg/detail/blade_array__type_support.cpp
[13.521s] -- Installing: /home/rm_autoaim/suep2026/2025_ws/install/buff_interfaces/include/buff_interfaces/buff_interfaces/msg/detail/rune__rosidl_typesupport_introspection_cpp.hpp
[13.521s] -- Installing: /home/rm_autoaim/suep2026/2025_ws/install/buff_interfaces/include/buff_interfaces/buff_interfaces/msg/detail/debug_blade__rosidl_typesupport_introspection_cpp.hpp
[13.521s] -- Installing: /home/rm_autoaim/suep2026/2025_ws/install/buff_interfaces/include/buff_interfaces/buff_interfaces/msg/detail/time_info__rosidl_typesupport_introspection_cpp.hpp
[13.521s] -- Installing: /home/rm_autoaim/suep2026/2025_ws/install/buff_interfaces/include/buff_interfaces/buff_interfaces/msg/detail/debug_blade_array__rosidl_typesupport_introspection_cpp.hpp
[13.521s] -- Installing: /home/rm_autoaim/suep2026/2025_ws/install/buff_interfaces/include/buff_interfaces/buff_interfaces/msg/detail/debug_blade__type_support.cpp
[13.521s] -- Installing: /home/rm_autoaim/suep2026/2025_ws/install/buff_interfaces/include/buff_interfaces/buff_interfaces/msg/detail/time_info__type_support.cpp
[13.521s] -- Installing: /home/rm_autoaim/suep2026/2025_ws/install/buff_interfaces/include/buff_interfaces/buff_interfaces/msg/detail/rune__type_support.cpp
[13.521s] -- Installing: /home/rm_autoaim/suep2026/2025_ws/install/buff_interfaces/lib/libbuff_interfaces__rosidl_typesupport_introspection_cpp.so
[13.521s] -- Set runtime path of "/home/rm_autoaim/suep2026/2025_ws/install/buff_interfaces/lib/libbuff_interfaces__rosidl_typesupport_introspection_cpp.so" to ""
[13.521s] -- Installing: /home/rm_autoaim/suep2026/2025_ws/install/buff_interfaces/lib/libbuff_interfaces__rosidl_typesupport_cpp.so
[13.521s] -- Set runtime path of "/home/rm_autoaim/suep2026/2025_ws/install/buff_interfaces/lib/libbuff_interfaces__rosidl_typesupport_cpp.so" to ""
[13.522s] -- Installing: /home/rm_autoaim/suep2026/2025_ws/install/buff_interfaces/share/buff_interfaces/environment/pythonpath.sh
[13.522s] -- Installing: /home/rm_autoaim/suep2026/2025_ws/install/buff_interfaces/share/buff_interfaces/environment/pythonpath.dsv
[13.522s] -- Installing: /home/rm_autoaim/suep2026/2025_ws/install/buff_interfaces/local/lib/python3.10/dist-packages/buff_interfaces-1.0.0-py3.10.egg-info
[13.522s] -- Installing: /home/rm_autoaim/suep2026/2025_ws/install/buff_interfaces/local/lib/python3.10/dist-packages/buff_interfaces-1.0.0-py3.10.egg-info/PKG-INFO
[13.522s] -- Installing: /home/rm_autoaim/suep2026/2025_ws/install/buff_interfaces/local/lib/python3.10/dist-packages/buff_interfaces-1.0.0-py3.10.egg-info/top_level.txt
[13.522s] -- Installing: /home/rm_autoaim/suep2026/2025_ws/install/buff_interfaces/local/lib/python3.10/dist-packages/buff_interfaces-1.0.0-py3.10.egg-info/dependency_links.txt
[13.522s] -- Installing: /home/rm_autoaim/suep2026/2025_ws/install/buff_interfaces/local/lib/python3.10/dist-packages/buff_interfaces-1.0.0-py3.10.egg-info/SOURCES.txt
[13.522s] -- Installing: /home/rm_autoaim/suep2026/2025_ws/install/buff_interfaces/local/lib/python3.10/dist-packages/buff_interfaces
[13.522s] -- Installing: /home/rm_autoaim/suep2026/2025_ws/install/buff_interfaces/local/lib/python3.10/dist-packages/buff_interfaces/libbuff_interfaces__rosidl_generator_py.so
[13.522s] -- Installing: /home/rm_autoaim/suep2026/2025_ws/install/buff_interfaces/local/lib/python3.10/dist-packages/buff_interfaces/msg
[13.522s] -- Installing: /home/rm_autoaim/suep2026/2025_ws/install/buff_interfaces/local/lib/python3.10/dist-packages/buff_interfaces/msg/_debug_blade_array.py
[13.522s] -- Installing: /home/rm_autoaim/suep2026/2025_ws/install/buff_interfaces/local/lib/python3.10/dist-packages/buff_interfaces/msg/_time_info_s.c
[13.523s] -- Installing: /home/rm_autoaim/suep2026/2025_ws/install/buff_interfaces/local/lib/python3.10/dist-packages/buff_interfaces/msg/_blade_array_s.c
[13.523s] -- Installing: /home/rm_autoaim/suep2026/2025_ws/install/buff_interfaces/local/lib/python3.10/dist-packages/buff_interfaces/msg/_debug_blade_s.c
[13.523s] -- Installing: /home/rm_autoaim/suep2026/2025_ws/install/buff_interfaces/local/lib/python3.10/dist-packages/buff_interfaces/msg/__init__.py
[13.523s] -- Installing: /home/rm_autoaim/suep2026/2025_ws/install/buff_interfaces/local/lib/python3.10/dist-packages/buff_interfaces/msg/_rune_info.py
[13.523s] -- Installing: /home/rm_autoaim/suep2026/2025_ws/install/buff_interfaces/local/lib/python3.10/dist-packages/buff_interfaces/msg/_debug_blade.py
[13.523s] -- Installing: /home/rm_autoaim/suep2026/2025_ws/install/buff_interfaces/local/lib/python3.10/dist-packages/buff_interfaces/msg/_time_info.py
[13.523s] -- Installing: /home/rm_autoaim/suep2026/2025_ws/install/buff_interfaces/local/lib/python3.10/dist-packages/buff_interfaces/msg/_blade_s.c
[13.523s] -- Installing: /home/rm_autoaim/suep2026/2025_ws/install/buff_interfaces/local/lib/python3.10/dist-packages/buff_interfaces/msg/_rune_info_s.c
[13.523s] -- Installing: /home/rm_autoaim/suep2026/2025_ws/install/buff_interfaces/local/lib/python3.10/dist-packages/buff_interfaces/msg/_rune_s.c
[13.523s] -- Installing: /home/rm_autoaim/suep2026/2025_ws/install/buff_interfaces/local/lib/python3.10/dist-packages/buff_interfaces/msg/_rune.py
[13.523s] -- Installing: /home/rm_autoaim/suep2026/2025_ws/install/buff_interfaces/local/lib/python3.10/dist-packages/buff_interfaces/msg/_blade.py
[13.523s] -- Installing: /home/rm_autoaim/suep2026/2025_ws/install/buff_interfaces/local/lib/python3.10/dist-packages/buff_interfaces/msg/_debug_blade_array_s.c
[13.523s] -- Installing: /home/rm_autoaim/suep2026/2025_ws/install/buff_interfaces/local/lib/python3.10/dist-packages/buff_interfaces/msg/_blade_array.py
[13.523s] -- Installing: /home/rm_autoaim/suep2026/2025_ws/install/buff_interfaces/local/lib/python3.10/dist-packages/buff_interfaces/_buff_interfaces_s.ep.rosidl_typesupport_c.c
[13.524s] -- Installing: /home/rm_autoaim/suep2026/2025_ws/install/buff_interfaces/local/lib/python3.10/dist-packages/buff_interfaces/__init__.py
[13.524s] -- Installing: /home/rm_autoaim/suep2026/2025_ws/install/buff_interfaces/local/lib/python3.10/dist-packages/buff_interfaces/buff_interfaces_s__rosidl_typesupport_introspection_c.cpython-310-x86_64-linux-gnu.so
[13.524s] -- Installing: /home/rm_autoaim/suep2026/2025_ws/install/buff_interfaces/local/lib/python3.10/dist-packages/buff_interfaces/_buff_interfaces_s.ep.rosidl_typesupport_introspection_c.c
[13.524s] -- Installing: /home/rm_autoaim/suep2026/2025_ws/install/buff_interfaces/local/lib/python3.10/dist-packages/buff_interfaces/buff_interfaces_s__rosidl_typesupport_fastrtps_c.cpython-310-x86_64-linux-gnu.so
[13.524s] -- Installing: /home/rm_autoaim/suep2026/2025_ws/install/buff_interfaces/local/lib/python3.10/dist-packages/buff_interfaces/_buff_interfaces_s.ep.rosidl_typesupport_fastrtps_c.c
[13.524s] -- Installing: /home/rm_autoaim/suep2026/2025_ws/install/buff_interfaces/local/lib/python3.10/dist-packages/buff_interfaces/buff_interfaces_s__rosidl_typesupport_c.cpython-310-x86_64-linux-gnu.so
[13.560s] Listing '/home/rm_autoaim/suep2026/2025_ws/install/buff_interfaces/local/lib/python3.10/dist-packages/buff_interfaces'...
[13.560s] Compiling '/home/rm_autoaim/suep2026/2025_ws/install/buff_interfaces/local/lib/python3.10/dist-packages/buff_interfaces/__init__.py'...
[13.560s] Listing '/home/rm_autoaim/suep2026/2025_ws/install/buff_interfaces/local/lib/python3.10/dist-packages/buff_interfaces/msg'...
[13.560s] Compiling '/home/rm_autoaim/suep2026/2025_ws/install/buff_interfaces/local/lib/python3.10/dist-packages/buff_interfaces/msg/__init__.py'...
[13.561s] Compiling '/home/rm_autoaim/suep2026/2025_ws/install/buff_interfaces/local/lib/python3.10/dist-packages/buff_interfaces/msg/_blade.py'...
[13.561s] Compiling '/home/rm_autoaim/suep2026/2025_ws/install/buff_interfaces/local/lib/python3.10/dist-packages/buff_interfaces/msg/_blade_array.py'...
[13.561s] Compiling '/home/rm_autoaim/suep2026/2025_ws/install/buff_interfaces/local/lib/python3.10/dist-packages/buff_interfaces/msg/_debug_blade.py'...
[13.561s] Compiling '/home/rm_autoaim/suep2026/2025_ws/install/buff_interfaces/local/lib/python3.10/dist-packages/buff_interfaces/msg/_debug_blade_array.py'...
[13.561s] Compiling '/home/rm_autoaim/suep2026/2025_ws/install/buff_interfaces/local/lib/python3.10/dist-packages/buff_interfaces/msg/_rune.py'...
[13.561s] Compiling '/home/rm_autoaim/suep2026/2025_ws/install/buff_interfaces/local/lib/python3.10/dist-packages/buff_interfaces/msg/_rune_info.py'...
[13.561s] Compiling '/home/rm_autoaim/suep2026/2025_ws/install/buff_interfaces/local/lib/python3.10/dist-packages/buff_interfaces/msg/_time_info.py'...
[13.565s] -- Installing: /home/rm_autoaim/suep2026/2025_ws/install/buff_interfaces/local/lib/python3.10/dist-packages/buff_interfaces/buff_interfaces_s__rosidl_typesupport_fastrtps_c.cpython-310-x86_64-linux-gnu.so
[13.565s] -- Set runtime path of "/home/rm_autoaim/suep2026/2025_ws/install/buff_interfaces/local/lib/python3.10/dist-packages/buff_interfaces/buff_interfaces_s__rosidl_typesupport_fastrtps_c.cpython-310-x86_64-linux-gnu.so" to ""
[13.565s] -- Installing: /home/rm_autoaim/suep2026/2025_ws/install/buff_interfaces/local/lib/python3.10/dist-packages/buff_interfaces/buff_interfaces_s__rosidl_typesupport_introspection_c.cpython-310-x86_64-linux-gnu.so
[13.565s] -- Set runtime path of "/home/rm_autoaim/suep2026/2025_ws/install/buff_interfaces/local/lib/python3.10/dist-packages/buff_interfaces/buff_interfaces_s__rosidl_typesupport_introspection_c.cpython-310-x86_64-linux-gnu.so" to ""
[13.565s] -- Installing: /home/rm_autoaim/suep2026/2025_ws/install/buff_interfaces/local/lib/python3.10/dist-packages/buff_interfaces/buff_interfaces_s__rosidl_typesupport_c.cpython-310-x86_64-linux-gnu.so
[13.566s] -- Set runtime path of "/home/rm_autoaim/suep2026/2025_ws/install/buff_interfaces/local/lib/python3.10/dist-packages/buff_interfaces/buff_interfaces_s__rosidl_typesupport_c.cpython-310-x86_64-linux-gnu.so" to ""
[13.566s] -- Installing: /home/rm_autoaim/suep2026/2025_ws/install/buff_interfaces/lib/libbuff_interfaces__rosidl_generator_py.so
[13.566s] -- Set runtime path of "/home/rm_autoaim/suep2026/2025_ws/install/buff_interfaces/lib/libbuff_interfaces__rosidl_generator_py.so" to ""
[13.566s] -- Installing: /home/rm_autoaim/suep2026/2025_ws/install/buff_interfaces/share/buff_interfaces/msg/Blade.idl
[13.566s] -- Installing: /home/rm_autoaim/suep2026/2025_ws/install/buff_interfaces/share/buff_interfaces/msg/BladeArray.idl
[13.566s] -- Installing: /home/rm_autoaim/suep2026/2025_ws/install/buff_interfaces/share/buff_interfaces/msg/DebugBlade.idl
[13.567s] -- Installing: /home/rm_autoaim/suep2026/2025_ws/install/buff_interfaces/share/buff_interfaces/msg/DebugBladeArray.idl
[13.567s] -- Installing: /home/rm_autoaim/suep2026/2025_ws/install/buff_interfaces/share/buff_interfaces/msg/Rune.idl
[13.567s] -- Installing: /home/rm_autoaim/suep2026/2025_ws/install/buff_interfaces/share/buff_interfaces/msg/RuneInfo.idl
[13.567s] -- Installing: /home/rm_autoaim/suep2026/2025_ws/install/buff_interfaces/share/buff_interfaces/msg/TimeInfo.idl
[13.567s] -- Installing: /home/rm_autoaim/suep2026/2025_ws/install/buff_interfaces/share/buff_interfaces/msg/Blade.msg
[13.567s] -- Installing: /home/rm_autoaim/suep2026/2025_ws/install/buff_interfaces/share/buff_interfaces/msg/BladeArray.msg
[13.567s] -- Installing: /home/rm_autoaim/suep2026/2025_ws/install/buff_interfaces/share/buff_interfaces/msg/DebugBlade.msg
[13.567s] -- Installing: /home/rm_autoaim/suep2026/2025_ws/install/buff_interfaces/share/buff_interfaces/msg/DebugBladeArray.msg
[13.568s] -- Installing: /home/rm_autoaim/suep2026/2025_ws/install/buff_interfaces/share/buff_interfaces/msg/Rune.msg
[13.568s] -- Installing: /home/rm_autoaim/suep2026/2025_ws/install/buff_interfaces/share/buff_interfaces/msg/RuneInfo.msg
[13.568s] -- Installing: /home/rm_autoaim/suep2026/2025_ws/install/buff_interfaces/share/buff_interfaces/msg/TimeInfo.msg
[13.568s] -- Installing: /home/rm_autoaim/suep2026/2025_ws/install/buff_interfaces/share/ament_index/resource_index/package_run_dependencies/buff_interfaces
[13.568s] -- Installing: /home/rm_autoaim/suep2026/2025_ws/install/buff_interfaces/share/ament_index/resource_index/parent_prefix_path/buff_interfaces
[13.568s] -- Installing: /home/rm_autoaim/suep2026/2025_ws/install/buff_interfaces/share/buff_interfaces/environment/ament_prefix_path.sh
[13.568s] -- Installing: /home/rm_autoaim/suep2026/2025_ws/install/buff_interfaces/share/buff_interfaces/environment/ament_prefix_path.dsv
[13.569s] -- Installing: /home/rm_autoaim/suep2026/2025_ws/install/buff_interfaces/share/buff_interfaces/environment/path.sh
[13.569s] -- Installing: /home/rm_autoaim/suep2026/2025_ws/install/buff_interfaces/share/buff_interfaces/environment/path.dsv
[13.569s] -- Installing: /home/rm_autoaim/suep2026/2025_ws/install/buff_interfaces/share/buff_interfaces/local_setup.bash
[13.569s] -- Installing: /home/rm_autoaim/suep2026/2025_ws/install/buff_interfaces/share/buff_interfaces/local_setup.sh
[13.569s] -- Installing: /home/rm_autoaim/suep2026/2025_ws/install/buff_interfaces/share/buff_interfaces/local_setup.zsh
[13.569s] -- Installing: /home/rm_autoaim/suep2026/2025_ws/install/buff_interfaces/share/buff_interfaces/local_setup.dsv
[13.569s] -- Installing: /home/rm_autoaim/suep2026/2025_ws/install/buff_interfaces/share/buff_interfaces/package.dsv
[13.569s] -- Installing: /home/rm_autoaim/suep2026/2025_ws/install/buff_interfaces/share/ament_index/resource_index/packages/buff_interfaces
[13.570s] -- Installing: /home/rm_autoaim/suep2026/2025_ws/install/buff_interfaces/share/buff_interfaces/cmake/export_buff_interfaces__rosidl_generator_cExport.cmake
[13.570s] -- Installing: /home/rm_autoaim/suep2026/2025_ws/install/buff_interfaces/share/buff_interfaces/cmake/export_buff_interfaces__rosidl_generator_cExport-noconfig.cmake
[13.570s] -- Installing: /home/rm_autoaim/suep2026/2025_ws/install/buff_interfaces/share/buff_interfaces/cmake/export_buff_interfaces__rosidl_typesupport_fastrtps_cExport.cmake
[13.570s] -- Installing: /home/rm_autoaim/suep2026/2025_ws/install/buff_interfaces/share/buff_interfaces/cmake/export_buff_interfaces__rosidl_typesupport_fastrtps_cExport-noconfig.cmake
[13.570s] -- Installing: /home/rm_autoaim/suep2026/2025_ws/install/buff_interfaces/share/buff_interfaces/cmake/buff_interfaces__rosidl_typesupport_introspection_cExport.cmake
[13.570s] -- Installing: /home/rm_autoaim/suep2026/2025_ws/install/buff_interfaces/share/buff_interfaces/cmake/buff_interfaces__rosidl_typesupport_introspection_cExport-noconfig.cmake
[13.570s] -- Installing: /home/rm_autoaim/suep2026/2025_ws/install/buff_interfaces/share/buff_interfaces/cmake/buff_interfaces__rosidl_typesupport_cExport.cmake
[13.571s] -- Installing: /home/rm_autoaim/suep2026/2025_ws/install/buff_interfaces/share/buff_interfaces/cmake/buff_interfaces__rosidl_typesupport_cExport-noconfig.cmake
[13.571s] -- Installing: /home/rm_autoaim/suep2026/2025_ws/install/buff_interfaces/share/buff_interfaces/cmake/export_buff_interfaces__rosidl_generator_cppExport.cmake
[13.571s] -- Installing: /home/rm_autoaim/suep2026/2025_ws/install/buff_interfaces/share/buff_interfaces/cmake/export_buff_interfaces__rosidl_typesupport_fastrtps_cppExport.cmake
[13.571s] -- Installing: /home/rm_autoaim/suep2026/2025_ws/install/buff_interfaces/share/buff_interfaces/cmake/export_buff_interfaces__rosidl_typesupport_fastrtps_cppExport-noconfig.cmake
[13.571s] -- Installing: /home/rm_autoaim/suep2026/2025_ws/install/buff_interfaces/share/buff_interfaces/cmake/buff_interfaces__rosidl_typesupport_introspection_cppExport.cmake
[13.571s] -- Installing: /home/rm_autoaim/suep2026/2025_ws/install/buff_interfaces/share/buff_interfaces/cmake/buff_interfaces__rosidl_typesupport_introspection_cppExport-noconfig.cmake
[13.571s] -- Installing: /home/rm_autoaim/suep2026/2025_ws/install/buff_interfaces/share/buff_interfaces/cmake/buff_interfaces__rosidl_typesupport_cppExport.cmake
[13.572s] -- Installing: /home/rm_autoaim/suep2026/2025_ws/install/buff_interfaces/share/buff_interfaces/cmake/buff_interfaces__rosidl_typesupport_cppExport-noconfig.cmake
[13.572s] -- Installing: /home/rm_autoaim/suep2026/2025_ws/install/buff_interfaces/share/buff_interfaces/cmake/export_buff_interfaces__rosidl_generator_pyExport.cmake
[13.572s] -- Installing: /home/rm_autoaim/suep2026/2025_ws/install/buff_interfaces/share/buff_interfaces/cmake/export_buff_interfaces__rosidl_generator_pyExport-noconfig.cmake
[13.572s] -- Installing: /home/rm_autoaim/suep2026/2025_ws/install/buff_interfaces/share/buff_interfaces/cmake/rosidl_cmake-extras.cmake
[13.572s] -- Installing: /home/rm_autoaim/suep2026/2025_ws/install/buff_interfaces/share/buff_interfaces/cmake/ament_cmake_export_dependencies-extras.cmake
[13.572s] -- Installing: /home/rm_autoaim/suep2026/2025_ws/install/buff_interfaces/share/buff_interfaces/cmake/ament_cmake_export_include_directories-extras.cmake
[13.572s] -- Installing: /home/rm_autoaim/suep2026/2025_ws/install/buff_interfaces/share/buff_interfaces/cmake/ament_cmake_export_libraries-extras.cmake
[13.572s] -- Installing: /home/rm_autoaim/suep2026/2025_ws/install/buff_interfaces/share/buff_interfaces/cmake/ament_cmake_export_targets-extras.cmake
[13.573s] -- Installing: /home/rm_autoaim/suep2026/2025_ws/install/buff_interfaces/share/buff_interfaces/cmake/rosidl_cmake_export_typesupport_targets-extras.cmake
[13.573s] -- Installing: /home/rm_autoaim/suep2026/2025_ws/install/buff_interfaces/share/buff_interfaces/cmake/rosidl_cmake_export_typesupport_libraries-extras.cmake
[13.573s] -- Installing: /home/rm_autoaim/suep2026/2025_ws/install/buff_interfaces/share/buff_interfaces/cmake/buff_interfacesConfig.cmake
[13.573s] -- Installing: /home/rm_autoaim/suep2026/2025_ws/install/buff_interfaces/share/buff_interfaces/cmake/buff_interfacesConfig-version.cmake
[13.573s] -- Installing: /home/rm_autoaim/suep2026/2025_ws/install/buff_interfaces/share/buff_interfaces/package.xml
[13.576s] Invoked command in '/home/rm_autoaim/suep2026/2025_ws/build/buff_interfaces' returned '0': CMAKE_PREFIX_PATH=${CMAKE_PREFIX_PATH}:/opt/ros/humble /usr/bin/cmake --install /home/rm_autoaim/suep2026/2025_ws/build/buff_interfaces
