[0.078s] DEBUG:colcon:Command line arguments: ['/usr/bin/colcon', 'build']
[0.078s] DEBUG:colcon:Parsed command line arguments: Namespace(log_base=None, log_level=None, verb_name='build', build_base='build', install_base='install', merge_install=False, symlink_install=False, test_result_base=None, continue_on_error=False, executor='parallel', parallel_workers=8, event_handlers=None, ignore_user_meta=False, metas=['./colcon.meta'], base_paths=['.'], packages_ignore=None, packages_ignore_regex=None, paths=None, packages_up_to=None, packages_up_to_regex=None, packages_above=None, packages_above_and_dependencies=None, packages_above_depth=None, packages_select_by_dep=None, packages_skip_by_dep=None, packages_skip_up_to=None, packages_select_build_failed=False, packages_skip_build_finished=False, packages_select_test_failures=False, packages_skip_test_passed=False, packages_select=None, packages_skip=None, packages_select_regex=None, packages_skip_regex=None, packages_start=None, packages_end=None, allow_overriding=[], cmake_args=None, cmake_target=None, cmake_target_skip_unavailable=False, cmake_clean_cache=False, cmake_clean_first=False, cmake_force_configure=False, ament_cmake_args=None, catkin_cmake_args=None, catkin_skip_building_tests=False, verb_parser=<colcon_defaults.argument_parser.defaults.DefaultArgumentsDecorator object at 0x73f3bc1600a0>, verb_extension=<colcon_core.verb.build.BuildVerb object at 0x73f3bc11fb50>, main=<bound method BuildVerb.main of <colcon_core.verb.build.BuildVerb object at 0x73f3bc11fb50>>)
[0.198s] Level 1:colcon.colcon_core.package_discovery:discover_packages(colcon_meta) check parameters
[0.198s] Level 1:colcon.colcon_core.package_discovery:discover_packages(recursive) check parameters
[0.198s] Level 1:colcon.colcon_core.package_discovery:discover_packages(ignore) check parameters
[0.198s] Level 1:colcon.colcon_core.package_discovery:discover_packages(path) check parameters
[0.198s] Level 1:colcon.colcon_core.package_discovery:discover_packages(colcon_meta) discover
[0.199s] Level 1:colcon.colcon_core.package_discovery:discover_packages(recursive) discover
[0.199s] INFO:colcon.colcon_core.package_discovery:Crawling recursively for packages in '/home/rm_autoaim/suep2026/rm_ws'
[0.199s] Level 1:colcon.colcon_core.package_identification:_identify(.) by extensions ['ignore', 'ignore_ament_install']
[0.199s] Level 1:colcon.colcon_core.package_identification:_identify(.) by extension 'ignore'
[0.199s] Level 1:colcon.colcon_core.package_identification:_identify(.) by extension 'ignore_ament_install'
[0.199s] Level 1:colcon.colcon_core.package_identification:_identify(.) by extensions ['colcon_pkg']
[0.199s] Level 1:colcon.colcon_core.package_identification:_identify(.) by extension 'colcon_pkg'
[0.199s] Level 1:colcon.colcon_core.package_identification:_identify(.) by extensions ['colcon_meta']
[0.199s] Level 1:colcon.colcon_core.package_identification:_identify(.) by extension 'colcon_meta'
[0.199s] Level 1:colcon.colcon_core.package_identification:_identify(.) by extensions ['ros']
[0.199s] Level 1:colcon.colcon_core.package_identification:_identify(.) by extension 'ros'
[0.208s] Level 1:colcon.colcon_core.package_identification:_identify(.) by extensions ['cmake', 'python']
[0.208s] Level 1:colcon.colcon_core.package_identification:_identify(.) by extension 'cmake'
[0.208s] Level 1:colcon.colcon_core.package_identification:_identify(.) by extension 'python'
[0.208s] Level 1:colcon.colcon_core.package_identification:_identify(.) by extensions ['python_setup_py']
[0.208s] Level 1:colcon.colcon_core.package_identification:_identify(.) by extension 'python_setup_py'
[0.208s] Level 1:colcon.colcon_core.package_identification:_identify(build) by extensions ['ignore', 'ignore_ament_install']
[0.208s] Level 1:colcon.colcon_core.package_identification:_identify(build) by extension 'ignore'
[0.208s] Level 1:colcon.colcon_core.package_identification:_identify(build) ignored
[0.208s] Level 1:colcon.colcon_core.package_identification:_identify(install) by extensions ['ignore', 'ignore_ament_install']
[0.208s] Level 1:colcon.colcon_core.package_identification:_identify(install) by extension 'ignore'
[0.208s] Level 1:colcon.colcon_core.package_identification:_identify(install) ignored
[0.208s] Level 1:colcon.colcon_core.package_identification:_identify(log) by extensions ['ignore', 'ignore_ament_install']
[0.208s] Level 1:colcon.colcon_core.package_identification:_identify(log) by extension 'ignore'
[0.208s] Level 1:colcon.colcon_core.package_identification:_identify(log) ignored
[0.208s] Level 1:colcon.colcon_core.package_identification:_identify(src) by extensions ['ignore', 'ignore_ament_install']
[0.208s] Level 1:colcon.colcon_core.package_identification:_identify(src) by extension 'ignore'
[0.208s] Level 1:colcon.colcon_core.package_identification:_identify(src) by extension 'ignore_ament_install'
[0.209s] Level 1:colcon.colcon_core.package_identification:_identify(src) by extensions ['colcon_pkg']
[0.209s] Level 1:colcon.colcon_core.package_identification:_identify(src) by extension 'colcon_pkg'
[0.209s] Level 1:colcon.colcon_core.package_identification:_identify(src) by extensions ['colcon_meta']
[0.209s] Level 1:colcon.colcon_core.package_identification:_identify(src) by extension 'colcon_meta'
[0.209s] Level 1:colcon.colcon_core.package_identification:_identify(src) by extensions ['ros']
[0.209s] Level 1:colcon.colcon_core.package_identification:_identify(src) by extension 'ros'
[0.209s] Level 1:colcon.colcon_core.package_identification:_identify(src) by extensions ['cmake', 'python']
[0.209s] Level 1:colcon.colcon_core.package_identification:_identify(src) by extension 'cmake'
[0.209s] Level 1:colcon.colcon_core.package_identification:_identify(src) by extension 'python'
[0.209s] Level 1:colcon.colcon_core.package_identification:_identify(src) by extensions ['python_setup_py']
[0.209s] Level 1:colcon.colcon_core.package_identification:_identify(src) by extension 'python_setup_py'
[0.209s] Level 1:colcon.colcon_core.package_identification:_identify(src/hik_camera) by extensions ['ignore', 'ignore_ament_install']
[0.209s] Level 1:colcon.colcon_core.package_identification:_identify(src/hik_camera) by extension 'ignore'
[0.209s] Level 1:colcon.colcon_core.package_identification:_identify(src/hik_camera) by extension 'ignore_ament_install'
[0.209s] Level 1:colcon.colcon_core.package_identification:_identify(src/hik_camera) by extensions ['colcon_pkg']
[0.209s] Level 1:colcon.colcon_core.package_identification:_identify(src/hik_camera) by extension 'colcon_pkg'
[0.209s] Level 1:colcon.colcon_core.package_identification:_identify(src/hik_camera) by extensions ['colcon_meta']
[0.209s] Level 1:colcon.colcon_core.package_identification:_identify(src/hik_camera) by extension 'colcon_meta'
[0.209s] Level 1:colcon.colcon_core.package_identification:_identify(src/hik_camera) by extensions ['ros']
[0.209s] Level 1:colcon.colcon_core.package_identification:_identify(src/hik_camera) by extension 'ros'
[0.211s] DEBUG:colcon.colcon_core.package_identification:Package 'src/hik_camera' with type 'ros.ament_cmake' and name 'hik_camera'
[0.211s] Level 1:colcon.colcon_core.package_identification:_identify(src/rm_auto_aim) by extensions ['ignore', 'ignore_ament_install']
[0.212s] Level 1:colcon.colcon_core.package_identification:_identify(src/rm_auto_aim) by extension 'ignore'
[0.212s] Level 1:colcon.colcon_core.package_identification:_identify(src/rm_auto_aim) by extension 'ignore_ament_install'
[0.212s] Level 1:colcon.colcon_core.package_identification:_identify(src/rm_auto_aim) by extensions ['colcon_pkg']
[0.212s] Level 1:colcon.colcon_core.package_identification:_identify(src/rm_auto_aim) by extension 'colcon_pkg'
[0.212s] Level 1:colcon.colcon_core.package_identification:_identify(src/rm_auto_aim) by extensions ['colcon_meta']
[0.212s] Level 1:colcon.colcon_core.package_identification:_identify(src/rm_auto_aim) by extension 'colcon_meta'
[0.212s] Level 1:colcon.colcon_core.package_identification:_identify(src/rm_auto_aim) by extensions ['ros']
[0.212s] Level 1:colcon.colcon_core.package_identification:_identify(src/rm_auto_aim) by extension 'ros'
[0.212s] Level 1:colcon.colcon_core.package_identification:_identify(src/rm_auto_aim) by extensions ['cmake', 'python']
[0.212s] Level 1:colcon.colcon_core.package_identification:_identify(src/rm_auto_aim) by extension 'cmake'
[0.212s] Level 1:colcon.colcon_core.package_identification:_identify(src/rm_auto_aim) by extension 'python'
[0.212s] Level 1:colcon.colcon_core.package_identification:_identify(src/rm_auto_aim) by extensions ['python_setup_py']
[0.212s] Level 1:colcon.colcon_core.package_identification:_identify(src/rm_auto_aim) by extension 'python_setup_py'
[0.212s] Level 1:colcon.colcon_core.package_identification:_identify(src/rm_auto_aim/armor_detector) by extensions ['ignore', 'ignore_ament_install']
[0.212s] Level 1:colcon.colcon_core.package_identification:_identify(src/rm_auto_aim/armor_detector) by extension 'ignore'
[0.212s] Level 1:colcon.colcon_core.package_identification:_identify(src/rm_auto_aim/armor_detector) by extension 'ignore_ament_install'
[0.212s] Level 1:colcon.colcon_core.package_identification:_identify(src/rm_auto_aim/armor_detector) by extensions ['colcon_pkg']
[0.212s] Level 1:colcon.colcon_core.package_identification:_identify(src/rm_auto_aim/armor_detector) by extension 'colcon_pkg'
[0.212s] Level 1:colcon.colcon_core.package_identification:_identify(src/rm_auto_aim/armor_detector) by extensions ['colcon_meta']
[0.212s] Level 1:colcon.colcon_core.package_identification:_identify(src/rm_auto_aim/armor_detector) by extension 'colcon_meta'
[0.212s] Level 1:colcon.colcon_core.package_identification:_identify(src/rm_auto_aim/armor_detector) by extensions ['ros']
[0.212s] Level 1:colcon.colcon_core.package_identification:_identify(src/rm_auto_aim/armor_detector) by extension 'ros'
[0.213s] DEBUG:colcon.colcon_core.package_identification:Package 'src/rm_auto_aim/armor_detector' with type 'ros.ament_cmake' and name 'armor_detector'
[0.213s] Level 1:colcon.colcon_core.package_identification:_identify(src/rm_auto_aim/armor_tracker) by extensions ['ignore', 'ignore_ament_install']
[0.214s] Level 1:colcon.colcon_core.package_identification:_identify(src/rm_auto_aim/armor_tracker) by extension 'ignore'
[0.214s] Level 1:colcon.colcon_core.package_identification:_identify(src/rm_auto_aim/armor_tracker) by extension 'ignore_ament_install'
[0.214s] Level 1:colcon.colcon_core.package_identification:_identify(src/rm_auto_aim/armor_tracker) by extensions ['colcon_pkg']
[0.214s] Level 1:colcon.colcon_core.package_identification:_identify(src/rm_auto_aim/armor_tracker) by extension 'colcon_pkg'
[0.214s] Level 1:colcon.colcon_core.package_identification:_identify(src/rm_auto_aim/armor_tracker) by extensions ['colcon_meta']
[0.214s] Level 1:colcon.colcon_core.package_identification:_identify(src/rm_auto_aim/armor_tracker) by extension 'colcon_meta'
[0.214s] Level 1:colcon.colcon_core.package_identification:_identify(src/rm_auto_aim/armor_tracker) by extensions ['ros']
[0.214s] Level 1:colcon.colcon_core.package_identification:_identify(src/rm_auto_aim/armor_tracker) by extension 'ros'
[0.215s] DEBUG:colcon.colcon_core.package_identification:Package 'src/rm_auto_aim/armor_tracker' with type 'ros.ament_cmake' and name 'armor_tracker'
[0.215s] Level 1:colcon.colcon_core.package_identification:_identify(src/rm_auto_aim/auto_aim_interfaces) by extensions ['ignore', 'ignore_ament_install']
[0.215s] Level 1:colcon.colcon_core.package_identification:_identify(src/rm_auto_aim/auto_aim_interfaces) by extension 'ignore'
[0.215s] Level 1:colcon.colcon_core.package_identification:_identify(src/rm_auto_aim/auto_aim_interfaces) by extension 'ignore_ament_install'
[0.215s] Level 1:colcon.colcon_core.package_identification:_identify(src/rm_auto_aim/auto_aim_interfaces) by extensions ['colcon_pkg']
[0.215s] Level 1:colcon.colcon_core.package_identification:_identify(src/rm_auto_aim/auto_aim_interfaces) by extension 'colcon_pkg'
[0.215s] Level 1:colcon.colcon_core.package_identification:_identify(src/rm_auto_aim/auto_aim_interfaces) by extensions ['colcon_meta']
[0.215s] Level 1:colcon.colcon_core.package_identification:_identify(src/rm_auto_aim/auto_aim_interfaces) by extension 'colcon_meta'
[0.215s] Level 1:colcon.colcon_core.package_identification:_identify(src/rm_auto_aim/auto_aim_interfaces) by extensions ['ros']
[0.215s] Level 1:colcon.colcon_core.package_identification:_identify(src/rm_auto_aim/auto_aim_interfaces) by extension 'ros'
[0.215s] DEBUG:colcon.colcon_core.package_identification:Package 'src/rm_auto_aim/auto_aim_interfaces' with type 'ros.ament_cmake' and name 'auto_aim_interfaces'
[0.215s] Level 1:colcon.colcon_core.package_identification:_identify(src/rm_gimbal_description) by extensions ['ignore', 'ignore_ament_install']
[0.216s] Level 1:colcon.colcon_core.package_identification:_identify(src/rm_gimbal_description) by extension 'ignore'
[0.216s] Level 1:colcon.colcon_core.package_identification:_identify(src/rm_gimbal_description) by extension 'ignore_ament_install'
[0.216s] Level 1:colcon.colcon_core.package_identification:_identify(src/rm_gimbal_description) by extensions ['colcon_pkg']
[0.216s] Level 1:colcon.colcon_core.package_identification:_identify(src/rm_gimbal_description) by extension 'colcon_pkg'
[0.216s] Level 1:colcon.colcon_core.package_identification:_identify(src/rm_gimbal_description) by extensions ['colcon_meta']
[0.216s] Level 1:colcon.colcon_core.package_identification:_identify(src/rm_gimbal_description) by extension 'colcon_meta'
[0.216s] Level 1:colcon.colcon_core.package_identification:_identify(src/rm_gimbal_description) by extensions ['ros']
[0.216s] Level 1:colcon.colcon_core.package_identification:_identify(src/rm_gimbal_description) by extension 'ros'
[0.216s] DEBUG:colcon.colcon_core.package_identification:Package 'src/rm_gimbal_description' with type 'ros.ament_cmake' and name 'rm_gimbal_description'
[0.216s] Level 1:colcon.colcon_core.package_identification:_identify(src/rm_serial_driver) by extensions ['ignore', 'ignore_ament_install']
[0.216s] Level 1:colcon.colcon_core.package_identification:_identify(src/rm_serial_driver) by extension 'ignore'
[0.216s] Level 1:colcon.colcon_core.package_identification:_identify(src/rm_serial_driver) by extension 'ignore_ament_install'
[0.216s] Level 1:colcon.colcon_core.package_identification:_identify(src/rm_serial_driver) by extensions ['colcon_pkg']
[0.216s] Level 1:colcon.colcon_core.package_identification:_identify(src/rm_serial_driver) by extension 'colcon_pkg'
[0.216s] Level 1:colcon.colcon_core.package_identification:_identify(src/rm_serial_driver) by extensions ['colcon_meta']
[0.216s] Level 1:colcon.colcon_core.package_identification:_identify(src/rm_serial_driver) by extension 'colcon_meta'
[0.216s] Level 1:colcon.colcon_core.package_identification:_identify(src/rm_serial_driver) by extensions ['ros']
[0.216s] Level 1:colcon.colcon_core.package_identification:_identify(src/rm_serial_driver) by extension 'ros'
[0.217s] DEBUG:colcon.colcon_core.package_identification:Package 'src/rm_serial_driver' with type 'ros.ament_cmake' and name 'rm_serial_driver'
[0.218s] Level 1:colcon.colcon_core.package_identification:_identify(src/rm_vision) by extensions ['ignore', 'ignore_ament_install']
[0.218s] Level 1:colcon.colcon_core.package_identification:_identify(src/rm_vision) by extension 'ignore'
[0.218s] Level 1:colcon.colcon_core.package_identification:_identify(src/rm_vision) by extension 'ignore_ament_install'
[0.218s] Level 1:colcon.colcon_core.package_identification:_identify(src/rm_vision) by extensions ['colcon_pkg']
[0.218s] Level 1:colcon.colcon_core.package_identification:_identify(src/rm_vision) by extension 'colcon_pkg'
[0.218s] Level 1:colcon.colcon_core.package_identification:_identify(src/rm_vision) by extensions ['colcon_meta']
[0.218s] Level 1:colcon.colcon_core.package_identification:_identify(src/rm_vision) by extension 'colcon_meta'
[0.218s] Level 1:colcon.colcon_core.package_identification:_identify(src/rm_vision) by extensions ['ros']
[0.218s] Level 1:colcon.colcon_core.package_identification:_identify(src/rm_vision) by extension 'ros'
[0.218s] Level 1:colcon.colcon_core.package_identification:_identify(src/rm_vision) by extensions ['cmake', 'python']
[0.218s] Level 1:colcon.colcon_core.package_identification:_identify(src/rm_vision) by extension 'cmake'
[0.218s] Level 1:colcon.colcon_core.package_identification:_identify(src/rm_vision) by extension 'python'
[0.218s] Level 1:colcon.colcon_core.package_identification:_identify(src/rm_vision) by extensions ['python_setup_py']
[0.218s] Level 1:colcon.colcon_core.package_identification:_identify(src/rm_vision) by extension 'python_setup_py'
[0.218s] Level 1:colcon.colcon_core.package_identification:_identify(src/rm_vision/rm_vision_bringup) by extensions ['ignore', 'ignore_ament_install']
[0.218s] Level 1:colcon.colcon_core.package_identification:_identify(src/rm_vision/rm_vision_bringup) by extension 'ignore'
[0.218s] Level 1:colcon.colcon_core.package_identification:_identify(src/rm_vision/rm_vision_bringup) by extension 'ignore_ament_install'
[0.218s] Level 1:colcon.colcon_core.package_identification:_identify(src/rm_vision/rm_vision_bringup) by extensions ['colcon_pkg']
[0.218s] Level 1:colcon.colcon_core.package_identification:_identify(src/rm_vision/rm_vision_bringup) by extension 'colcon_pkg'
[0.218s] Level 1:colcon.colcon_core.package_identification:_identify(src/rm_vision/rm_vision_bringup) by extensions ['colcon_meta']
[0.218s] Level 1:colcon.colcon_core.package_identification:_identify(src/rm_vision/rm_vision_bringup) by extension 'colcon_meta'
[0.218s] Level 1:colcon.colcon_core.package_identification:_identify(src/rm_vision/rm_vision_bringup) by extensions ['ros']
[0.218s] Level 1:colcon.colcon_core.package_identification:_identify(src/rm_vision/rm_vision_bringup) by extension 'ros'
[0.219s] DEBUG:colcon.colcon_core.package_identification:Package 'src/rm_vision/rm_vision_bringup' with type 'ros.ament_cmake' and name 'rm_vision_bringup'
[0.219s] Level 1:colcon.colcon_core.package_discovery:discover_packages(recursive) using defaults
[0.219s] Level 1:colcon.colcon_core.package_discovery:discover_packages(ignore) discover
[0.219s] Level 1:colcon.colcon_core.package_discovery:discover_packages(ignore) using defaults
[0.219s] Level 1:colcon.colcon_core.package_discovery:discover_packages(path) discover
[0.219s] Level 1:colcon.colcon_core.package_discovery:discover_packages(path) using defaults
[0.235s] Level 1:colcon.colcon_core.package_discovery:discover_packages(prefix_path) check parameters
[0.235s] Level 1:colcon.colcon_core.package_discovery:discover_packages(prefix_path) discover
[0.237s] DEBUG:colcon.colcon_installed_package_information.package_discovery:Found 7 installed packages in /home/rm_autoaim/suep2026/rm_ws/install
[0.238s] DEBUG:colcon.colcon_installed_package_information.package_discovery:Found 279 installed packages in /opt/ros/humble
[0.247s] Level 1:colcon.colcon_core.package_discovery:discover_packages(prefix_path) using defaults
[0.274s] Level 5:colcon.colcon_core.verb:set package 'auto_aim_interfaces' build argument 'cmake_args' from command line to 'None'
[0.274s] Level 5:colcon.colcon_core.verb:set package 'auto_aim_interfaces' build argument 'cmake_target' from command line to 'None'
[0.274s] Level 5:colcon.colcon_core.verb:set package 'auto_aim_interfaces' build argument 'cmake_target_skip_unavailable' from command line to 'False'
[0.274s] Level 5:colcon.colcon_core.verb:set package 'auto_aim_interfaces' build argument 'cmake_clean_cache' from command line to 'False'
[0.274s] Level 5:colcon.colcon_core.verb:set package 'auto_aim_interfaces' build argument 'cmake_clean_first' from command line to 'False'
[0.274s] Level 5:colcon.colcon_core.verb:set package 'auto_aim_interfaces' build argument 'cmake_force_configure' from command line to 'False'
[0.274s] Level 5:colcon.colcon_core.verb:set package 'auto_aim_interfaces' build argument 'ament_cmake_args' from command line to 'None'
[0.274s] Level 5:colcon.colcon_core.verb:set package 'auto_aim_interfaces' build argument 'catkin_cmake_args' from command line to 'None'
[0.274s] Level 5:colcon.colcon_core.verb:set package 'auto_aim_interfaces' build argument 'catkin_skip_building_tests' from command line to 'False'
[0.274s] DEBUG:colcon.colcon_core.verb:Building package 'auto_aim_interfaces' with the following arguments: {'ament_cmake_args': None, 'build_base': '/home/rm_autoaim/suep2026/rm_ws/build/auto_aim_interfaces', 'catkin_cmake_args': None, 'catkin_skip_building_tests': False, 'cmake_args': None, 'cmake_clean_cache': False, 'cmake_clean_first': False, 'cmake_force_configure': False, 'cmake_target': None, 'cmake_target_skip_unavailable': False, 'install_base': '/home/rm_autoaim/suep2026/rm_ws/install/auto_aim_interfaces', 'merge_install': False, 'path': '/home/rm_autoaim/suep2026/rm_ws/src/rm_auto_aim/auto_aim_interfaces', 'symlink_install': False, 'test_result_base': None}
[0.274s] Level 5:colcon.colcon_core.verb:set package 'hik_camera' build argument 'cmake_args' from command line to 'None'
[0.274s] Level 5:colcon.colcon_core.verb:set package 'hik_camera' build argument 'cmake_target' from command line to 'None'
[0.274s] Level 5:colcon.colcon_core.verb:set package 'hik_camera' build argument 'cmake_target_skip_unavailable' from command line to 'False'
[0.274s] Level 5:colcon.colcon_core.verb:set package 'hik_camera' build argument 'cmake_clean_cache' from command line to 'False'
[0.274s] Level 5:colcon.colcon_core.verb:set package 'hik_camera' build argument 'cmake_clean_first' from command line to 'False'
[0.275s] Level 5:colcon.colcon_core.verb:set package 'hik_camera' build argument 'cmake_force_configure' from command line to 'False'
[0.275s] Level 5:colcon.colcon_core.verb:set package 'hik_camera' build argument 'ament_cmake_args' from command line to 'None'
[0.275s] Level 5:colcon.colcon_core.verb:set package 'hik_camera' build argument 'catkin_cmake_args' from command line to 'None'
[0.275s] Level 5:colcon.colcon_core.verb:set package 'hik_camera' build argument 'catkin_skip_building_tests' from command line to 'False'
[0.275s] DEBUG:colcon.colcon_core.verb:Building package 'hik_camera' with the following arguments: {'ament_cmake_args': None, 'build_base': '/home/rm_autoaim/suep2026/rm_ws/build/hik_camera', 'catkin_cmake_args': None, 'catkin_skip_building_tests': False, 'cmake_args': None, 'cmake_clean_cache': False, 'cmake_clean_first': False, 'cmake_force_configure': False, 'cmake_target': None, 'cmake_target_skip_unavailable': False, 'install_base': '/home/rm_autoaim/suep2026/rm_ws/install/hik_camera', 'merge_install': False, 'path': '/home/rm_autoaim/suep2026/rm_ws/src/hik_camera', 'symlink_install': False, 'test_result_base': None}
[0.275s] Level 5:colcon.colcon_core.verb:set package 'rm_gimbal_description' build argument 'cmake_args' from command line to 'None'
[0.275s] Level 5:colcon.colcon_core.verb:set package 'rm_gimbal_description' build argument 'cmake_target' from command line to 'None'
[0.275s] Level 5:colcon.colcon_core.verb:set package 'rm_gimbal_description' build argument 'cmake_target_skip_unavailable' from command line to 'False'
[0.275s] Level 5:colcon.colcon_core.verb:set package 'rm_gimbal_description' build argument 'cmake_clean_cache' from command line to 'False'
[0.275s] Level 5:colcon.colcon_core.verb:set package 'rm_gimbal_description' build argument 'cmake_clean_first' from command line to 'False'
[0.275s] Level 5:colcon.colcon_core.verb:set package 'rm_gimbal_description' build argument 'cmake_force_configure' from command line to 'False'
[0.275s] Level 5:colcon.colcon_core.verb:set package 'rm_gimbal_description' build argument 'ament_cmake_args' from command line to 'None'
[0.275s] Level 5:colcon.colcon_core.verb:set package 'rm_gimbal_description' build argument 'catkin_cmake_args' from command line to 'None'
[0.275s] Level 5:colcon.colcon_core.verb:set package 'rm_gimbal_description' build argument 'catkin_skip_building_tests' from command line to 'False'
[0.275s] DEBUG:colcon.colcon_core.verb:Building package 'rm_gimbal_description' with the following arguments: {'ament_cmake_args': None, 'build_base': '/home/rm_autoaim/suep2026/rm_ws/build/rm_gimbal_description', 'catkin_cmake_args': None, 'catkin_skip_building_tests': False, 'cmake_args': None, 'cmake_clean_cache': False, 'cmake_clean_first': False, 'cmake_force_configure': False, 'cmake_target': None, 'cmake_target_skip_unavailable': False, 'install_base': '/home/rm_autoaim/suep2026/rm_ws/install/rm_gimbal_description', 'merge_install': False, 'path': '/home/rm_autoaim/suep2026/rm_ws/src/rm_gimbal_description', 'symlink_install': False, 'test_result_base': None}
[0.275s] Level 5:colcon.colcon_core.verb:set package 'armor_detector' build argument 'cmake_args' from command line to 'None'
[0.275s] Level 5:colcon.colcon_core.verb:set package 'armor_detector' build argument 'cmake_target' from command line to 'None'
[0.275s] Level 5:colcon.colcon_core.verb:set package 'armor_detector' build argument 'cmake_target_skip_unavailable' from command line to 'False'
[0.275s] Level 5:colcon.colcon_core.verb:set package 'armor_detector' build argument 'cmake_clean_cache' from command line to 'False'
[0.275s] Level 5:colcon.colcon_core.verb:set package 'armor_detector' build argument 'cmake_clean_first' from command line to 'False'
[0.275s] Level 5:colcon.colcon_core.verb:set package 'armor_detector' build argument 'cmake_force_configure' from command line to 'False'
[0.275s] Level 5:colcon.colcon_core.verb:set package 'armor_detector' build argument 'ament_cmake_args' from command line to 'None'
[0.275s] Level 5:colcon.colcon_core.verb:set package 'armor_detector' build argument 'catkin_cmake_args' from command line to 'None'
[0.275s] Level 5:colcon.colcon_core.verb:set package 'armor_detector' build argument 'catkin_skip_building_tests' from command line to 'False'
[0.275s] DEBUG:colcon.colcon_core.verb:Building package 'armor_detector' with the following arguments: {'ament_cmake_args': None, 'build_base': '/home/rm_autoaim/suep2026/rm_ws/build/armor_detector', 'catkin_cmake_args': None, 'catkin_skip_building_tests': False, 'cmake_args': None, 'cmake_clean_cache': False, 'cmake_clean_first': False, 'cmake_force_configure': False, 'cmake_target': None, 'cmake_target_skip_unavailable': False, 'install_base': '/home/rm_autoaim/suep2026/rm_ws/install/armor_detector', 'merge_install': False, 'path': '/home/rm_autoaim/suep2026/rm_ws/src/rm_auto_aim/armor_detector', 'symlink_install': False, 'test_result_base': None}
[0.276s] Level 5:colcon.colcon_core.verb:set package 'armor_tracker' build argument 'cmake_args' from command line to 'None'
[0.276s] Level 5:colcon.colcon_core.verb:set package 'armor_tracker' build argument 'cmake_target' from command line to 'None'
[0.276s] Level 5:colcon.colcon_core.verb:set package 'armor_tracker' build argument 'cmake_target_skip_unavailable' from command line to 'False'
[0.276s] Level 5:colcon.colcon_core.verb:set package 'armor_tracker' build argument 'cmake_clean_cache' from command line to 'False'
[0.276s] Level 5:colcon.colcon_core.verb:set package 'armor_tracker' build argument 'cmake_clean_first' from command line to 'False'
[0.276s] Level 5:colcon.colcon_core.verb:set package 'armor_tracker' build argument 'cmake_force_configure' from command line to 'False'
[0.276s] Level 5:colcon.colcon_core.verb:set package 'armor_tracker' build argument 'ament_cmake_args' from command line to 'None'
[0.276s] Level 5:colcon.colcon_core.verb:set package 'armor_tracker' build argument 'catkin_cmake_args' from command line to 'None'
[0.276s] Level 5:colcon.colcon_core.verb:set package 'armor_tracker' build argument 'catkin_skip_building_tests' from command line to 'False'
[0.276s] DEBUG:colcon.colcon_core.verb:Building package 'armor_tracker' with the following arguments: {'ament_cmake_args': None, 'build_base': '/home/rm_autoaim/suep2026/rm_ws/build/armor_tracker', 'catkin_cmake_args': None, 'catkin_skip_building_tests': False, 'cmake_args': None, 'cmake_clean_cache': False, 'cmake_clean_first': False, 'cmake_force_configure': False, 'cmake_target': None, 'cmake_target_skip_unavailable': False, 'install_base': '/home/rm_autoaim/suep2026/rm_ws/install/armor_tracker', 'merge_install': False, 'path': '/home/rm_autoaim/suep2026/rm_ws/src/rm_auto_aim/armor_tracker', 'symlink_install': False, 'test_result_base': None}
[0.276s] Level 5:colcon.colcon_core.verb:set package 'rm_serial_driver' build argument 'cmake_args' from command line to 'None'
[0.276s] Level 5:colcon.colcon_core.verb:set package 'rm_serial_driver' build argument 'cmake_target' from command line to 'None'
[0.276s] Level 5:colcon.colcon_core.verb:set package 'rm_serial_driver' build argument 'cmake_target_skip_unavailable' from command line to 'False'
[0.276s] Level 5:colcon.colcon_core.verb:set package 'rm_serial_driver' build argument 'cmake_clean_cache' from command line to 'False'
[0.276s] Level 5:colcon.colcon_core.verb:set package 'rm_serial_driver' build argument 'cmake_clean_first' from command line to 'False'
[0.276s] Level 5:colcon.colcon_core.verb:set package 'rm_serial_driver' build argument 'cmake_force_configure' from command line to 'False'
[0.276s] Level 5:colcon.colcon_core.verb:set package 'rm_serial_driver' build argument 'ament_cmake_args' from command line to 'None'
[0.276s] Level 5:colcon.colcon_core.verb:set package 'rm_serial_driver' build argument 'catkin_cmake_args' from command line to 'None'
[0.276s] Level 5:colcon.colcon_core.verb:set package 'rm_serial_driver' build argument 'catkin_skip_building_tests' from command line to 'False'
[0.276s] DEBUG:colcon.colcon_core.verb:Building package 'rm_serial_driver' with the following arguments: {'ament_cmake_args': None, 'build_base': '/home/rm_autoaim/suep2026/rm_ws/build/rm_serial_driver', 'catkin_cmake_args': None, 'catkin_skip_building_tests': False, 'cmake_args': None, 'cmake_clean_cache': False, 'cmake_clean_first': False, 'cmake_force_configure': False, 'cmake_target': None, 'cmake_target_skip_unavailable': False, 'install_base': '/home/rm_autoaim/suep2026/rm_ws/install/rm_serial_driver', 'merge_install': False, 'path': '/home/rm_autoaim/suep2026/rm_ws/src/rm_serial_driver', 'symlink_install': False, 'test_result_base': None}
[0.276s] Level 5:colcon.colcon_core.verb:set package 'rm_vision_bringup' build argument 'cmake_args' from command line to 'None'
[0.276s] Level 5:colcon.colcon_core.verb:set package 'rm_vision_bringup' build argument 'cmake_target' from command line to 'None'
[0.276s] Level 5:colcon.colcon_core.verb:set package 'rm_vision_bringup' build argument 'cmake_target_skip_unavailable' from command line to 'False'
[0.276s] Level 5:colcon.colcon_core.verb:set package 'rm_vision_bringup' build argument 'cmake_clean_cache' from command line to 'False'
[0.276s] Level 5:colcon.colcon_core.verb:set package 'rm_vision_bringup' build argument 'cmake_clean_first' from command line to 'False'
[0.276s] Level 5:colcon.colcon_core.verb:set package 'rm_vision_bringup' build argument 'cmake_force_configure' from command line to 'False'
[0.276s] Level 5:colcon.colcon_core.verb:set package 'rm_vision_bringup' build argument 'ament_cmake_args' from command line to 'None'
[0.276s] Level 5:colcon.colcon_core.verb:set package 'rm_vision_bringup' build argument 'catkin_cmake_args' from command line to 'None'
[0.276s] Level 5:colcon.colcon_core.verb:set package 'rm_vision_bringup' build argument 'catkin_skip_building_tests' from command line to 'False'
[0.277s] DEBUG:colcon.colcon_core.verb:Building package 'rm_vision_bringup' with the following arguments: {'ament_cmake_args': None, 'build_base': '/home/rm_autoaim/suep2026/rm_ws/build/rm_vision_bringup', 'catkin_cmake_args': None, 'catkin_skip_building_tests': False, 'cmake_args': None, 'cmake_clean_cache': False, 'cmake_clean_first': False, 'cmake_force_configure': False, 'cmake_target': None, 'cmake_target_skip_unavailable': False, 'install_base': '/home/rm_autoaim/suep2026/rm_ws/install/rm_vision_bringup', 'merge_install': False, 'path': '/home/rm_autoaim/suep2026/rm_ws/src/rm_vision/rm_vision_bringup', 'symlink_install': False, 'test_result_base': None}
[0.277s] INFO:colcon.colcon_core.executor:Executing jobs using 'parallel' executor
[0.277s] DEBUG:colcon.colcon_parallel_executor.executor.parallel:run_until_complete
[0.278s] INFO:colcon.colcon_ros.task.ament_cmake.build:Building ROS package in '/home/rm_autoaim/suep2026/rm_ws/src/rm_auto_aim/auto_aim_interfaces' with build type 'ament_cmake'
[0.278s] INFO:colcon.colcon_cmake.task.cmake.build:Building CMake package in '/home/rm_autoaim/suep2026/rm_ws/src/rm_auto_aim/auto_aim_interfaces'
[0.279s] INFO:colcon.colcon_core.plugin_system:Skipping extension 'colcon_core.shell.bat': Not used on non-Windows systems
[0.279s] INFO:colcon.colcon_core.shell:Skip shell extension 'powershell' for command environment: Not usable outside of PowerShell
[0.279s] DEBUG:colcon.colcon_core.shell:Skip shell extension 'dsv' for command environment
[0.282s] INFO:colcon.colcon_ros.task.ament_cmake.build:Building ROS package in '/home/rm_autoaim/suep2026/rm_ws/src/hik_camera' with build type 'ament_cmake'
[0.282s] INFO:colcon.colcon_cmake.task.cmake.build:Building CMake package in '/home/rm_autoaim/suep2026/rm_ws/src/hik_camera'
[0.282s] INFO:colcon.colcon_core.shell:Skip shell extension 'powershell' for command environment: Not usable outside of PowerShell
[0.282s] DEBUG:colcon.colcon_core.shell:Skip shell extension 'dsv' for command environment
[0.285s] INFO:colcon.colcon_ros.task.ament_cmake.build:Building ROS package in '/home/rm_autoaim/suep2026/rm_ws/src/rm_gimbal_description' with build type 'ament_cmake'
[0.285s] INFO:colcon.colcon_cmake.task.cmake.build:Building CMake package in '/home/rm_autoaim/suep2026/rm_ws/src/rm_gimbal_description'
[0.285s] INFO:colcon.colcon_core.shell:Skip shell extension 'powershell' for command environment: Not usable outside of PowerShell
[0.285s] DEBUG:colcon.colcon_core.shell:Skip shell extension 'dsv' for command environment
[0.292s] DEBUG:colcon.colcon_core.event_handler.log_command:Invoking command in '/home/rm_autoaim/suep2026/rm_ws/build/auto_aim_interfaces': CMAKE_PREFIX_PATH=${CMAKE_PREFIX_PATH}:/opt/ros/humble /usr/bin/cmake --build /home/rm_autoaim/suep2026/rm_ws/build/auto_aim_interfaces -- -j8 -l8
[0.296s] DEBUG:colcon.colcon_core.event_handler.log_command:Invoking command in '/home/rm_autoaim/suep2026/rm_ws/build/hik_camera': CMAKE_PREFIX_PATH=${CMAKE_PREFIX_PATH}:/opt/ros/humble /usr/bin/cmake --build /home/rm_autoaim/suep2026/rm_ws/build/hik_camera -- -j8 -l8
[0.299s] DEBUG:colcon.colcon_core.event_handler.log_command:Invoking command in '/home/rm_autoaim/suep2026/rm_ws/build/rm_gimbal_description': CMAKE_PREFIX_PATH=${CMAKE_PREFIX_PATH}:/opt/ros/humble /usr/bin/cmake --build /home/rm_autoaim/suep2026/rm_ws/build/rm_gimbal_description -- -j8 -l8
[0.339s] DEBUG:colcon.colcon_core.event_handler.log_command:Invoked command in '/home/rm_autoaim/suep2026/rm_ws/build/rm_gimbal_description' returned '0': CMAKE_PREFIX_PATH=${CMAKE_PREFIX_PATH}:/opt/ros/humble /usr/bin/cmake --build /home/rm_autoaim/suep2026/rm_ws/build/rm_gimbal_description -- -j8 -l8
[0.355s] DEBUG:colcon.colcon_core.event_handler.log_command:Invoking command in '/home/rm_autoaim/suep2026/rm_ws/build/rm_gimbal_description': CMAKE_PREFIX_PATH=${CMAKE_PREFIX_PATH}:/opt/ros/humble /usr/bin/cmake --install /home/rm_autoaim/suep2026/rm_ws/build/rm_gimbal_description
[0.369s] Level 1:colcon.colcon_core.environment:create_environment_scripts_only(rm_gimbal_description)
[0.370s] DEBUG:colcon.colcon_core.event_handler.log_command:Invoked command in '/home/rm_autoaim/suep2026/rm_ws/build/rm_gimbal_description' returned '0': CMAKE_PREFIX_PATH=${CMAKE_PREFIX_PATH}:/opt/ros/humble /usr/bin/cmake --install /home/rm_autoaim/suep2026/rm_ws/build/rm_gimbal_description
[0.373s] Level 1:colcon.colcon_core.environment:checking '/home/rm_autoaim/suep2026/rm_ws/install/rm_gimbal_description' for CMake module files
[0.373s] Level 1:colcon.colcon_core.environment:checking '/home/rm_autoaim/suep2026/rm_ws/install/rm_gimbal_description' for CMake config files
[0.373s] Level 1:colcon.colcon_core.shell:create_environment_hook('rm_gimbal_description', 'cmake_prefix_path')
[0.374s] INFO:colcon.colcon_core.shell:Creating environment hook '/home/rm_autoaim/suep2026/rm_ws/install/rm_gimbal_description/share/rm_gimbal_description/hook/cmake_prefix_path.ps1'
[0.375s] INFO:colcon.colcon_core.shell:Creating environment descriptor '/home/rm_autoaim/suep2026/rm_ws/install/rm_gimbal_description/share/rm_gimbal_description/hook/cmake_prefix_path.dsv'
[0.375s] INFO:colcon.colcon_core.shell:Creating environment hook '/home/rm_autoaim/suep2026/rm_ws/install/rm_gimbal_description/share/rm_gimbal_description/hook/cmake_prefix_path.sh'
[0.376s] Level 1:colcon.colcon_core.environment:checking '/home/rm_autoaim/suep2026/rm_ws/install/rm_gimbal_description/bin'
[0.376s] Level 1:colcon.colcon_core.environment:checking '/home/rm_autoaim/suep2026/rm_ws/install/rm_gimbal_description/lib/pkgconfig/rm_gimbal_description.pc'
[0.377s] Level 1:colcon.colcon_core.environment:checking '/home/rm_autoaim/suep2026/rm_ws/install/rm_gimbal_description/lib/python3.10/site-packages'
[0.377s] Level 1:colcon.colcon_core.environment:checking '/home/rm_autoaim/suep2026/rm_ws/install/rm_gimbal_description/bin'
[0.377s] INFO:colcon.colcon_core.shell:Creating package script '/home/rm_autoaim/suep2026/rm_ws/install/rm_gimbal_description/share/rm_gimbal_description/package.ps1'
[0.378s] INFO:colcon.colcon_core.shell:Creating package descriptor '/home/rm_autoaim/suep2026/rm_ws/install/rm_gimbal_description/share/rm_gimbal_description/package.dsv'
[0.379s] INFO:colcon.colcon_core.shell:Creating package script '/home/rm_autoaim/suep2026/rm_ws/install/rm_gimbal_description/share/rm_gimbal_description/package.sh'
[0.380s] INFO:colcon.colcon_core.shell:Creating package script '/home/rm_autoaim/suep2026/rm_ws/install/rm_gimbal_description/share/rm_gimbal_description/package.bash'
[0.381s] INFO:colcon.colcon_core.shell:Creating package script '/home/rm_autoaim/suep2026/rm_ws/install/rm_gimbal_description/share/rm_gimbal_description/package.zsh'
[0.382s] Level 1:colcon.colcon_core.environment:create_file_with_runtime_dependencies(/home/rm_autoaim/suep2026/rm_ws/install/rm_gimbal_description/share/colcon-core/packages/rm_gimbal_description)
[0.383s] Level 1:colcon.colcon_core.environment:create_environment_scripts_only(rm_gimbal_description)
[0.383s] Level 1:colcon.colcon_core.environment:checking '/home/rm_autoaim/suep2026/rm_ws/install/rm_gimbal_description' for CMake module files
[0.384s] Level 1:colcon.colcon_core.environment:checking '/home/rm_autoaim/suep2026/rm_ws/install/rm_gimbal_description' for CMake config files
[0.384s] Level 1:colcon.colcon_core.shell:create_environment_hook('rm_gimbal_description', 'cmake_prefix_path')
[0.384s] INFO:colcon.colcon_core.shell:Creating environment hook '/home/rm_autoaim/suep2026/rm_ws/install/rm_gimbal_description/share/rm_gimbal_description/hook/cmake_prefix_path.ps1'
[0.388s] INFO:colcon.colcon_core.shell:Creating environment descriptor '/home/rm_autoaim/suep2026/rm_ws/install/rm_gimbal_description/share/rm_gimbal_description/hook/cmake_prefix_path.dsv'
[0.389s] INFO:colcon.colcon_core.shell:Creating environment hook '/home/rm_autoaim/suep2026/rm_ws/install/rm_gimbal_description/share/rm_gimbal_description/hook/cmake_prefix_path.sh'
[0.390s] Level 1:colcon.colcon_core.environment:checking '/home/rm_autoaim/suep2026/rm_ws/install/rm_gimbal_description/bin'
[0.390s] Level 1:colcon.colcon_core.environment:checking '/home/rm_autoaim/suep2026/rm_ws/install/rm_gimbal_description/lib/pkgconfig/rm_gimbal_description.pc'
[0.390s] Level 1:colcon.colcon_core.environment:checking '/home/rm_autoaim/suep2026/rm_ws/install/rm_gimbal_description/lib/python3.10/site-packages'
[0.391s] Level 1:colcon.colcon_core.environment:checking '/home/rm_autoaim/suep2026/rm_ws/install/rm_gimbal_description/bin'
[0.391s] INFO:colcon.colcon_core.shell:Creating package script '/home/rm_autoaim/suep2026/rm_ws/install/rm_gimbal_description/share/rm_gimbal_description/package.ps1'
[0.392s] INFO:colcon.colcon_core.shell:Creating package descriptor '/home/rm_autoaim/suep2026/rm_ws/install/rm_gimbal_description/share/rm_gimbal_description/package.dsv'
[0.392s] INFO:colcon.colcon_core.shell:Creating package script '/home/rm_autoaim/suep2026/rm_ws/install/rm_gimbal_description/share/rm_gimbal_description/package.sh'
[0.393s] INFO:colcon.colcon_core.shell:Creating package script '/home/rm_autoaim/suep2026/rm_ws/install/rm_gimbal_description/share/rm_gimbal_description/package.bash'
[0.393s] INFO:colcon.colcon_core.shell:Creating package script '/home/rm_autoaim/suep2026/rm_ws/install/rm_gimbal_description/share/rm_gimbal_description/package.zsh'
[0.393s] Level 1:colcon.colcon_core.environment:create_file_with_runtime_dependencies(/home/rm_autoaim/suep2026/rm_ws/install/rm_gimbal_description/share/colcon-core/packages/rm_gimbal_description)
[0.396s] DEBUG:colcon.colcon_core.event_handler.log_command:Invoked command in '/home/rm_autoaim/suep2026/rm_ws/build/hik_camera' returned '0': CMAKE_PREFIX_PATH=${CMAKE_PREFIX_PATH}:/opt/ros/humble /usr/bin/cmake --build /home/rm_autoaim/suep2026/rm_ws/build/hik_camera -- -j8 -l8
[0.397s] DEBUG:colcon.colcon_core.event_handler.log_command:Invoking command in '/home/rm_autoaim/suep2026/rm_ws/build/hik_camera': CMAKE_PREFIX_PATH=${CMAKE_PREFIX_PATH}:/opt/ros/humble /usr/bin/cmake --install /home/rm_autoaim/suep2026/rm_ws/build/hik_camera
[0.412s] Level 1:colcon.colcon_core.environment:create_environment_scripts_only(hik_camera)
[0.413s] Level 1:colcon.colcon_core.environment:checking '/home/rm_autoaim/suep2026/rm_ws/install/hik_camera' for CMake module files
[0.414s] Level 1:colcon.colcon_core.environment:checking '/home/rm_autoaim/suep2026/rm_ws/install/hik_camera' for CMake config files
[0.417s] Level 1:colcon.colcon_core.shell:create_environment_hook('hik_camera', 'cmake_prefix_path')
[0.417s] DEBUG:colcon.colcon_core.event_handler.log_command:Invoked command in '/home/rm_autoaim/suep2026/rm_ws/build/hik_camera' returned '0': CMAKE_PREFIX_PATH=${CMAKE_PREFIX_PATH}:/opt/ros/humble /usr/bin/cmake --install /home/rm_autoaim/suep2026/rm_ws/build/hik_camera
[0.417s] INFO:colcon.colcon_core.shell:Creating environment hook '/home/rm_autoaim/suep2026/rm_ws/install/hik_camera/share/hik_camera/hook/cmake_prefix_path.ps1'
[0.418s] INFO:colcon.colcon_core.shell:Creating environment descriptor '/home/rm_autoaim/suep2026/rm_ws/install/hik_camera/share/hik_camera/hook/cmake_prefix_path.dsv'
[0.418s] INFO:colcon.colcon_core.shell:Creating environment hook '/home/rm_autoaim/suep2026/rm_ws/install/hik_camera/share/hik_camera/hook/cmake_prefix_path.sh'
[0.419s] Level 1:colcon.colcon_core.environment:checking '/home/rm_autoaim/suep2026/rm_ws/install/hik_camera/lib'
[0.419s] Level 1:colcon.colcon_core.shell:create_environment_hook('hik_camera', 'ld_library_path_lib')
[0.420s] INFO:colcon.colcon_core.shell:Creating environment hook '/home/rm_autoaim/suep2026/rm_ws/install/hik_camera/share/hik_camera/hook/ld_library_path_lib.ps1'
[0.420s] INFO:colcon.colcon_core.shell:Creating environment descriptor '/home/rm_autoaim/suep2026/rm_ws/install/hik_camera/share/hik_camera/hook/ld_library_path_lib.dsv'
[0.421s] INFO:colcon.colcon_core.shell:Creating environment hook '/home/rm_autoaim/suep2026/rm_ws/install/hik_camera/share/hik_camera/hook/ld_library_path_lib.sh'
[0.421s] Level 1:colcon.colcon_core.environment:checking '/home/rm_autoaim/suep2026/rm_ws/install/hik_camera/bin'
[0.421s] Level 1:colcon.colcon_core.environment:checking '/home/rm_autoaim/suep2026/rm_ws/install/hik_camera/lib/pkgconfig/hik_camera.pc'
[0.421s] Level 1:colcon.colcon_core.environment:checking '/home/rm_autoaim/suep2026/rm_ws/install/hik_camera/lib/python3.10/site-packages'
[0.422s] Level 1:colcon.colcon_core.environment:checking '/home/rm_autoaim/suep2026/rm_ws/install/hik_camera/bin'
[0.422s] INFO:colcon.colcon_core.shell:Creating package script '/home/rm_autoaim/suep2026/rm_ws/install/hik_camera/share/hik_camera/package.ps1'
[0.423s] INFO:colcon.colcon_core.shell:Creating package descriptor '/home/rm_autoaim/suep2026/rm_ws/install/hik_camera/share/hik_camera/package.dsv'
[0.423s] INFO:colcon.colcon_core.shell:Creating package script '/home/rm_autoaim/suep2026/rm_ws/install/hik_camera/share/hik_camera/package.sh'
[0.424s] INFO:colcon.colcon_core.shell:Creating package script '/home/rm_autoaim/suep2026/rm_ws/install/hik_camera/share/hik_camera/package.bash'
[0.424s] INFO:colcon.colcon_core.shell:Creating package script '/home/rm_autoaim/suep2026/rm_ws/install/hik_camera/share/hik_camera/package.zsh'
[0.425s] Level 1:colcon.colcon_core.environment:create_file_with_runtime_dependencies(/home/rm_autoaim/suep2026/rm_ws/install/hik_camera/share/colcon-core/packages/hik_camera)
[0.425s] Level 1:colcon.colcon_core.environment:create_environment_scripts_only(hik_camera)
[0.426s] Level 1:colcon.colcon_core.environment:checking '/home/rm_autoaim/suep2026/rm_ws/install/hik_camera' for CMake module files
[0.426s] Level 1:colcon.colcon_core.environment:checking '/home/rm_autoaim/suep2026/rm_ws/install/hik_camera' for CMake config files
[0.426s] Level 1:colcon.colcon_core.shell:create_environment_hook('hik_camera', 'cmake_prefix_path')
[0.427s] INFO:colcon.colcon_core.shell:Creating environment hook '/home/rm_autoaim/suep2026/rm_ws/install/hik_camera/share/hik_camera/hook/cmake_prefix_path.ps1'
[0.427s] INFO:colcon.colcon_core.shell:Creating environment descriptor '/home/rm_autoaim/suep2026/rm_ws/install/hik_camera/share/hik_camera/hook/cmake_prefix_path.dsv'
[0.428s] INFO:colcon.colcon_core.shell:Creating environment hook '/home/rm_autoaim/suep2026/rm_ws/install/hik_camera/share/hik_camera/hook/cmake_prefix_path.sh'
[0.428s] Level 1:colcon.colcon_core.environment:checking '/home/rm_autoaim/suep2026/rm_ws/install/hik_camera/lib'
[0.428s] Level 1:colcon.colcon_core.shell:create_environment_hook('hik_camera', 'ld_library_path_lib')
[0.429s] INFO:colcon.colcon_core.shell:Creating environment hook '/home/rm_autoaim/suep2026/rm_ws/install/hik_camera/share/hik_camera/hook/ld_library_path_lib.ps1'
[0.429s] INFO:colcon.colcon_core.shell:Creating environment descriptor '/home/rm_autoaim/suep2026/rm_ws/install/hik_camera/share/hik_camera/hook/ld_library_path_lib.dsv'
[0.430s] INFO:colcon.colcon_core.shell:Creating environment hook '/home/rm_autoaim/suep2026/rm_ws/install/hik_camera/share/hik_camera/hook/ld_library_path_lib.sh'
[0.430s] Level 1:colcon.colcon_core.environment:checking '/home/rm_autoaim/suep2026/rm_ws/install/hik_camera/bin'
[0.430s] Level 1:colcon.colcon_core.environment:checking '/home/rm_autoaim/suep2026/rm_ws/install/hik_camera/lib/pkgconfig/hik_camera.pc'
[0.430s] Level 1:colcon.colcon_core.environment:checking '/home/rm_autoaim/suep2026/rm_ws/install/hik_camera/lib/python3.10/site-packages'
[0.431s] Level 1:colcon.colcon_core.environment:checking '/home/rm_autoaim/suep2026/rm_ws/install/hik_camera/bin'
[0.431s] INFO:colcon.colcon_core.shell:Creating package script '/home/rm_autoaim/suep2026/rm_ws/install/hik_camera/share/hik_camera/package.ps1'
[0.432s] INFO:colcon.colcon_core.shell:Creating package descriptor '/home/rm_autoaim/suep2026/rm_ws/install/hik_camera/share/hik_camera/package.dsv'
[0.433s] INFO:colcon.colcon_core.shell:Creating package script '/home/rm_autoaim/suep2026/rm_ws/install/hik_camera/share/hik_camera/package.sh'
[0.433s] INFO:colcon.colcon_core.shell:Creating package script '/home/rm_autoaim/suep2026/rm_ws/install/hik_camera/share/hik_camera/package.bash'
[0.434s] INFO:colcon.colcon_core.shell:Creating package script '/home/rm_autoaim/suep2026/rm_ws/install/hik_camera/share/hik_camera/package.zsh'
[0.434s] Level 1:colcon.colcon_core.environment:create_file_with_runtime_dependencies(/home/rm_autoaim/suep2026/rm_ws/install/hik_camera/share/colcon-core/packages/hik_camera)
[0.719s] DEBUG:colcon.colcon_core.event_handler.log_command:Invoked command in '/home/rm_autoaim/suep2026/rm_ws/build/auto_aim_interfaces' returned '0': CMAKE_PREFIX_PATH=${CMAKE_PREFIX_PATH}:/opt/ros/humble /usr/bin/cmake --build /home/rm_autoaim/suep2026/rm_ws/build/auto_aim_interfaces -- -j8 -l8
[0.721s] DEBUG:colcon.colcon_core.event_handler.log_command:Invoking command in '/home/rm_autoaim/suep2026/rm_ws/build/auto_aim_interfaces': CMAKE_PREFIX_PATH=${CMAKE_PREFIX_PATH}:/opt/ros/humble /usr/bin/cmake --install /home/rm_autoaim/suep2026/rm_ws/build/auto_aim_interfaces
[0.775s] Level 1:colcon.colcon_core.environment:create_environment_scripts_only(auto_aim_interfaces)
[0.775s] Level 1:colcon.colcon_core.environment:checking '/home/rm_autoaim/suep2026/rm_ws/install/auto_aim_interfaces' for CMake module files
[0.775s] DEBUG:colcon.colcon_core.event_handler.log_command:Invoked command in '/home/rm_autoaim/suep2026/rm_ws/build/auto_aim_interfaces' returned '0': CMAKE_PREFIX_PATH=${CMAKE_PREFIX_PATH}:/opt/ros/humble /usr/bin/cmake --install /home/rm_autoaim/suep2026/rm_ws/build/auto_aim_interfaces
[0.776s] Level 1:colcon.colcon_core.environment:checking '/home/rm_autoaim/suep2026/rm_ws/install/auto_aim_interfaces' for CMake config files
[0.776s] Level 1:colcon.colcon_core.shell:create_environment_hook('auto_aim_interfaces', 'cmake_prefix_path')
[0.776s] INFO:colcon.colcon_core.shell:Creating environment hook '/home/rm_autoaim/suep2026/rm_ws/install/auto_aim_interfaces/share/auto_aim_interfaces/hook/cmake_prefix_path.ps1'
[0.777s] INFO:colcon.colcon_core.shell:Creating environment descriptor '/home/rm_autoaim/suep2026/rm_ws/install/auto_aim_interfaces/share/auto_aim_interfaces/hook/cmake_prefix_path.dsv'
[0.777s] INFO:colcon.colcon_core.shell:Creating environment hook '/home/rm_autoaim/suep2026/rm_ws/install/auto_aim_interfaces/share/auto_aim_interfaces/hook/cmake_prefix_path.sh'
[0.777s] Level 1:colcon.colcon_core.environment:checking '/home/rm_autoaim/suep2026/rm_ws/install/auto_aim_interfaces/lib'
[0.777s] Level 1:colcon.colcon_core.shell:create_environment_hook('auto_aim_interfaces', 'ld_library_path_lib')
[0.777s] INFO:colcon.colcon_core.shell:Creating environment hook '/home/rm_autoaim/suep2026/rm_ws/install/auto_aim_interfaces/share/auto_aim_interfaces/hook/ld_library_path_lib.ps1'
[0.778s] INFO:colcon.colcon_core.shell:Creating environment descriptor '/home/rm_autoaim/suep2026/rm_ws/install/auto_aim_interfaces/share/auto_aim_interfaces/hook/ld_library_path_lib.dsv'
[0.778s] INFO:colcon.colcon_core.shell:Creating environment hook '/home/rm_autoaim/suep2026/rm_ws/install/auto_aim_interfaces/share/auto_aim_interfaces/hook/ld_library_path_lib.sh'
[0.778s] Level 1:colcon.colcon_core.environment:checking '/home/rm_autoaim/suep2026/rm_ws/install/auto_aim_interfaces/bin'
[0.778s] Level 1:colcon.colcon_core.environment:checking '/home/rm_autoaim/suep2026/rm_ws/install/auto_aim_interfaces/lib/pkgconfig/auto_aim_interfaces.pc'
[0.778s] Level 1:colcon.colcon_core.environment:checking '/home/rm_autoaim/suep2026/rm_ws/install/auto_aim_interfaces/lib/python3.10/site-packages'
[0.779s] Level 1:colcon.colcon_core.environment:checking '/home/rm_autoaim/suep2026/rm_ws/install/auto_aim_interfaces/bin'
[0.779s] INFO:colcon.colcon_core.shell:Creating package script '/home/rm_autoaim/suep2026/rm_ws/install/auto_aim_interfaces/share/auto_aim_interfaces/package.ps1'
[0.779s] INFO:colcon.colcon_core.shell:Creating package descriptor '/home/rm_autoaim/suep2026/rm_ws/install/auto_aim_interfaces/share/auto_aim_interfaces/package.dsv'
[0.780s] INFO:colcon.colcon_core.shell:Creating package script '/home/rm_autoaim/suep2026/rm_ws/install/auto_aim_interfaces/share/auto_aim_interfaces/package.sh'
[0.780s] INFO:colcon.colcon_core.shell:Creating package script '/home/rm_autoaim/suep2026/rm_ws/install/auto_aim_interfaces/share/auto_aim_interfaces/package.bash'
[0.780s] INFO:colcon.colcon_core.shell:Creating package script '/home/rm_autoaim/suep2026/rm_ws/install/auto_aim_interfaces/share/auto_aim_interfaces/package.zsh'
[0.780s] Level 1:colcon.colcon_core.environment:create_file_with_runtime_dependencies(/home/rm_autoaim/suep2026/rm_ws/install/auto_aim_interfaces/share/colcon-core/packages/auto_aim_interfaces)
[0.781s] Level 1:colcon.colcon_core.environment:create_environment_scripts_only(auto_aim_interfaces)
[0.781s] Level 1:colcon.colcon_core.environment:checking '/home/rm_autoaim/suep2026/rm_ws/install/auto_aim_interfaces' for CMake module files
[0.782s] Level 1:colcon.colcon_core.environment:checking '/home/rm_autoaim/suep2026/rm_ws/install/auto_aim_interfaces' for CMake config files
[0.782s] Level 1:colcon.colcon_core.shell:create_environment_hook('auto_aim_interfaces', 'cmake_prefix_path')
[0.782s] INFO:colcon.colcon_core.shell:Creating environment hook '/home/rm_autoaim/suep2026/rm_ws/install/auto_aim_interfaces/share/auto_aim_interfaces/hook/cmake_prefix_path.ps1'
[0.783s] INFO:colcon.colcon_core.shell:Creating environment descriptor '/home/rm_autoaim/suep2026/rm_ws/install/auto_aim_interfaces/share/auto_aim_interfaces/hook/cmake_prefix_path.dsv'
[0.783s] INFO:colcon.colcon_core.shell:Creating environment hook '/home/rm_autoaim/suep2026/rm_ws/install/auto_aim_interfaces/share/auto_aim_interfaces/hook/cmake_prefix_path.sh'
[0.784s] Level 1:colcon.colcon_core.environment:checking '/home/rm_autoaim/suep2026/rm_ws/install/auto_aim_interfaces/lib'
[0.784s] Level 1:colcon.colcon_core.shell:create_environment_hook('auto_aim_interfaces', 'ld_library_path_lib')
[0.784s] INFO:colcon.colcon_core.shell:Creating environment hook '/home/rm_autoaim/suep2026/rm_ws/install/auto_aim_interfaces/share/auto_aim_interfaces/hook/ld_library_path_lib.ps1'
[0.784s] INFO:colcon.colcon_core.shell:Creating environment descriptor '/home/rm_autoaim/suep2026/rm_ws/install/auto_aim_interfaces/share/auto_aim_interfaces/hook/ld_library_path_lib.dsv'
[0.784s] INFO:colcon.colcon_core.shell:Creating environment hook '/home/rm_autoaim/suep2026/rm_ws/install/auto_aim_interfaces/share/auto_aim_interfaces/hook/ld_library_path_lib.sh'
[0.785s] Level 1:colcon.colcon_core.environment:checking '/home/rm_autoaim/suep2026/rm_ws/install/auto_aim_interfaces/bin'
[0.785s] Level 1:colcon.colcon_core.environment:checking '/home/rm_autoaim/suep2026/rm_ws/install/auto_aim_interfaces/lib/pkgconfig/auto_aim_interfaces.pc'
[0.785s] Level 1:colcon.colcon_core.environment:checking '/home/rm_autoaim/suep2026/rm_ws/install/auto_aim_interfaces/lib/python3.10/site-packages'
[0.785s] Level 1:colcon.colcon_core.environment:checking '/home/rm_autoaim/suep2026/rm_ws/install/auto_aim_interfaces/bin'
[0.785s] INFO:colcon.colcon_core.shell:Creating package script '/home/rm_autoaim/suep2026/rm_ws/install/auto_aim_interfaces/share/auto_aim_interfaces/package.ps1'
[0.786s] INFO:colcon.colcon_core.shell:Creating package descriptor '/home/rm_autoaim/suep2026/rm_ws/install/auto_aim_interfaces/share/auto_aim_interfaces/package.dsv'
[0.786s] INFO:colcon.colcon_core.shell:Creating package script '/home/rm_autoaim/suep2026/rm_ws/install/auto_aim_interfaces/share/auto_aim_interfaces/package.sh'
[0.786s] INFO:colcon.colcon_core.shell:Creating package script '/home/rm_autoaim/suep2026/rm_ws/install/auto_aim_interfaces/share/auto_aim_interfaces/package.bash'
[0.787s] INFO:colcon.colcon_core.shell:Creating package script '/home/rm_autoaim/suep2026/rm_ws/install/auto_aim_interfaces/share/auto_aim_interfaces/package.zsh'
[0.787s] Level 1:colcon.colcon_core.environment:create_file_with_runtime_dependencies(/home/rm_autoaim/suep2026/rm_ws/install/auto_aim_interfaces/share/colcon-core/packages/auto_aim_interfaces)
[0.788s] INFO:colcon.colcon_ros.task.ament_cmake.build:Building ROS package in '/home/rm_autoaim/suep2026/rm_ws/src/rm_serial_driver' with build type 'ament_cmake'
[0.788s] INFO:colcon.colcon_cmake.task.cmake.build:Building CMake package in '/home/rm_autoaim/suep2026/rm_ws/src/rm_serial_driver'
[0.788s] INFO:colcon.colcon_core.shell:Skip shell extension 'powershell' for command environment: Not usable outside of PowerShell
[0.788s] DEBUG:colcon.colcon_core.shell:Skip shell extension 'dsv' for command environment
[0.793s] INFO:colcon.colcon_ros.task.ament_cmake.build:Building ROS package in '/home/rm_autoaim/suep2026/rm_ws/src/rm_auto_aim/armor_detector' with build type 'ament_cmake'
[0.793s] INFO:colcon.colcon_cmake.task.cmake.build:Building CMake package in '/home/rm_autoaim/suep2026/rm_ws/src/rm_auto_aim/armor_detector'
[0.794s] INFO:colcon.colcon_core.shell:Skip shell extension 'powershell' for command environment: Not usable outside of PowerShell
[0.794s] DEBUG:colcon.colcon_core.shell:Skip shell extension 'dsv' for command environment
[0.798s] INFO:colcon.colcon_ros.task.ament_cmake.build:Building ROS package in '/home/rm_autoaim/suep2026/rm_ws/src/rm_auto_aim/armor_tracker' with build type 'ament_cmake'
[0.798s] INFO:colcon.colcon_cmake.task.cmake.build:Building CMake package in '/home/rm_autoaim/suep2026/rm_ws/src/rm_auto_aim/armor_tracker'
[0.799s] INFO:colcon.colcon_core.shell:Skip shell extension 'powershell' for command environment: Not usable outside of PowerShell
[0.799s] DEBUG:colcon.colcon_core.shell:Skip shell extension 'dsv' for command environment
[0.810s] DEBUG:colcon.colcon_core.event_handler.log_command:Invoking command in '/home/rm_autoaim/suep2026/rm_ws/build/rm_serial_driver': CMAKE_PREFIX_PATH=/home/rm_autoaim/suep2026/rm_ws/install/auto_aim_interfaces:/home/rm_autoaim/suep2026/rm_ws/install/rm_vision_bringup:/home/rm_autoaim/suep2026/rm_ws/install/rm_serial_driver:/home/rm_autoaim/suep2026/rm_ws/install/rm_gimbal_description:/home/rm_autoaim/suep2026/rm_ws/install/hik_camera:/home/rm_autoaim/suep2026/rm_ws/install/armor_tracker:/home/rm_autoaim/suep2026/rm_ws/install/armor_detector:/opt/ros/humble LD_LIBRARY_PATH=/home/rm_autoaim/suep2026/rm_ws/install/auto_aim_interfaces/lib:/home/rm_autoaim/suep2026/rm_ws/install/rm_serial_driver/lib:/home/rm_autoaim/suep2026/rm_ws/install/hik_camera/lib:/home/rm_autoaim/suep2026/rm_ws/install/armor_tracker/lib:/home/rm_autoaim/suep2026/rm_ws/install/armor_detector/lib:/opt/ros/humble/opt/rviz_ogre_vendor/lib:/opt/ros/humble/lib/x86_64-linux-gnu:/opt/ros/humble/lib:/opt/MVS/lib/64:/opt/MVS/lib/32 /usr/bin/cmake --build /home/rm_autoaim/suep2026/rm_ws/build/rm_serial_driver -- -j8 -l8
[0.813s] DEBUG:colcon.colcon_core.event_handler.log_command:Invoking command in '/home/rm_autoaim/suep2026/rm_ws/build/armor_detector': CMAKE_PREFIX_PATH=/home/rm_autoaim/suep2026/rm_ws/install/auto_aim_interfaces:/home/rm_autoaim/suep2026/rm_ws/install/rm_vision_bringup:/home/rm_autoaim/suep2026/rm_ws/install/rm_serial_driver:/home/rm_autoaim/suep2026/rm_ws/install/rm_gimbal_description:/home/rm_autoaim/suep2026/rm_ws/install/hik_camera:/home/rm_autoaim/suep2026/rm_ws/install/armor_tracker:/home/rm_autoaim/suep2026/rm_ws/install/armor_detector:/opt/ros/humble LD_LIBRARY_PATH=/home/rm_autoaim/suep2026/rm_ws/install/auto_aim_interfaces/lib:/home/rm_autoaim/suep2026/rm_ws/install/rm_serial_driver/lib:/home/rm_autoaim/suep2026/rm_ws/install/hik_camera/lib:/home/rm_autoaim/suep2026/rm_ws/install/armor_tracker/lib:/home/rm_autoaim/suep2026/rm_ws/install/armor_detector/lib:/opt/ros/humble/opt/rviz_ogre_vendor/lib:/opt/ros/humble/lib/x86_64-linux-gnu:/opt/ros/humble/lib:/opt/MVS/lib/64:/opt/MVS/lib/32 /usr/bin/cmake --build /home/rm_autoaim/suep2026/rm_ws/build/armor_detector -- -j8 -l8
[0.816s] DEBUG:colcon.colcon_core.event_handler.log_command:Invoking command in '/home/rm_autoaim/suep2026/rm_ws/build/armor_tracker': CMAKE_PREFIX_PATH=/home/rm_autoaim/suep2026/rm_ws/install/auto_aim_interfaces:/home/rm_autoaim/suep2026/rm_ws/install/rm_vision_bringup:/home/rm_autoaim/suep2026/rm_ws/install/rm_serial_driver:/home/rm_autoaim/suep2026/rm_ws/install/rm_gimbal_description:/home/rm_autoaim/suep2026/rm_ws/install/hik_camera:/home/rm_autoaim/suep2026/rm_ws/install/armor_tracker:/home/rm_autoaim/suep2026/rm_ws/install/armor_detector:/opt/ros/humble LD_LIBRARY_PATH=/home/rm_autoaim/suep2026/rm_ws/install/auto_aim_interfaces/lib:/home/rm_autoaim/suep2026/rm_ws/install/rm_serial_driver/lib:/home/rm_autoaim/suep2026/rm_ws/install/hik_camera/lib:/home/rm_autoaim/suep2026/rm_ws/install/armor_tracker/lib:/home/rm_autoaim/suep2026/rm_ws/install/armor_detector/lib:/opt/ros/humble/opt/rviz_ogre_vendor/lib:/opt/ros/humble/lib/x86_64-linux-gnu:/opt/ros/humble/lib:/opt/MVS/lib/64:/opt/MVS/lib/32 /usr/bin/cmake --build /home/rm_autoaim/suep2026/rm_ws/build/armor_tracker -- -j8 -l8
[0.905s] DEBUG:colcon.colcon_core.event_handler.log_command:Invoked command in '/home/rm_autoaim/suep2026/rm_ws/build/rm_serial_driver' returned '0': CMAKE_PREFIX_PATH=/home/rm_autoaim/suep2026/rm_ws/install/auto_aim_interfaces:/home/rm_autoaim/suep2026/rm_ws/install/rm_vision_bringup:/home/rm_autoaim/suep2026/rm_ws/install/rm_serial_driver:/home/rm_autoaim/suep2026/rm_ws/install/rm_gimbal_description:/home/rm_autoaim/suep2026/rm_ws/install/hik_camera:/home/rm_autoaim/suep2026/rm_ws/install/armor_tracker:/home/rm_autoaim/suep2026/rm_ws/install/armor_detector:/opt/ros/humble LD_LIBRARY_PATH=/home/rm_autoaim/suep2026/rm_ws/install/auto_aim_interfaces/lib:/home/rm_autoaim/suep2026/rm_ws/install/rm_serial_driver/lib:/home/rm_autoaim/suep2026/rm_ws/install/hik_camera/lib:/home/rm_autoaim/suep2026/rm_ws/install/armor_tracker/lib:/home/rm_autoaim/suep2026/rm_ws/install/armor_detector/lib:/opt/ros/humble/opt/rviz_ogre_vendor/lib:/opt/ros/humble/lib/x86_64-linux-gnu:/opt/ros/humble/lib:/opt/MVS/lib/64:/opt/MVS/lib/32 /usr/bin/cmake --build /home/rm_autoaim/suep2026/rm_ws/build/rm_serial_driver -- -j8 -l8
[0.907s] DEBUG:colcon.colcon_core.event_handler.log_command:Invoking command in '/home/rm_autoaim/suep2026/rm_ws/build/rm_serial_driver': CMAKE_PREFIX_PATH=/home/rm_autoaim/suep2026/rm_ws/install/auto_aim_interfaces:/home/rm_autoaim/suep2026/rm_ws/install/rm_vision_bringup:/home/rm_autoaim/suep2026/rm_ws/install/rm_serial_driver:/home/rm_autoaim/suep2026/rm_ws/install/rm_gimbal_description:/home/rm_autoaim/suep2026/rm_ws/install/hik_camera:/home/rm_autoaim/suep2026/rm_ws/install/armor_tracker:/home/rm_autoaim/suep2026/rm_ws/install/armor_detector:/opt/ros/humble LD_LIBRARY_PATH=/home/rm_autoaim/suep2026/rm_ws/install/auto_aim_interfaces/lib:/home/rm_autoaim/suep2026/rm_ws/install/rm_serial_driver/lib:/home/rm_autoaim/suep2026/rm_ws/install/hik_camera/lib:/home/rm_autoaim/suep2026/rm_ws/install/armor_tracker/lib:/home/rm_autoaim/suep2026/rm_ws/install/armor_detector/lib:/opt/ros/humble/opt/rviz_ogre_vendor/lib:/opt/ros/humble/lib/x86_64-linux-gnu:/opt/ros/humble/lib:/opt/MVS/lib/64:/opt/MVS/lib/32 /usr/bin/cmake --install /home/rm_autoaim/suep2026/rm_ws/build/rm_serial_driver
[0.912s] DEBUG:colcon.colcon_core.event_handler.log_command:Invoked command in '/home/rm_autoaim/suep2026/rm_ws/build/armor_tracker' returned '0': CMAKE_PREFIX_PATH=/home/rm_autoaim/suep2026/rm_ws/install/auto_aim_interfaces:/home/rm_autoaim/suep2026/rm_ws/install/rm_vision_bringup:/home/rm_autoaim/suep2026/rm_ws/install/rm_serial_driver:/home/rm_autoaim/suep2026/rm_ws/install/rm_gimbal_description:/home/rm_autoaim/suep2026/rm_ws/install/hik_camera:/home/rm_autoaim/suep2026/rm_ws/install/armor_tracker:/home/rm_autoaim/suep2026/rm_ws/install/armor_detector:/opt/ros/humble LD_LIBRARY_PATH=/home/rm_autoaim/suep2026/rm_ws/install/auto_aim_interfaces/lib:/home/rm_autoaim/suep2026/rm_ws/install/rm_serial_driver/lib:/home/rm_autoaim/suep2026/rm_ws/install/hik_camera/lib:/home/rm_autoaim/suep2026/rm_ws/install/armor_tracker/lib:/home/rm_autoaim/suep2026/rm_ws/install/armor_detector/lib:/opt/ros/humble/opt/rviz_ogre_vendor/lib:/opt/ros/humble/lib/x86_64-linux-gnu:/opt/ros/humble/lib:/opt/MVS/lib/64:/opt/MVS/lib/32 /usr/bin/cmake --build /home/rm_autoaim/suep2026/rm_ws/build/armor_tracker -- -j8 -l8
[0.914s] DEBUG:colcon.colcon_core.event_handler.log_command:Invoking command in '/home/rm_autoaim/suep2026/rm_ws/build/armor_tracker': CMAKE_PREFIX_PATH=/home/rm_autoaim/suep2026/rm_ws/install/auto_aim_interfaces:/home/rm_autoaim/suep2026/rm_ws/install/rm_vision_bringup:/home/rm_autoaim/suep2026/rm_ws/install/rm_serial_driver:/home/rm_autoaim/suep2026/rm_ws/install/rm_gimbal_description:/home/rm_autoaim/suep2026/rm_ws/install/hik_camera:/home/rm_autoaim/suep2026/rm_ws/install/armor_tracker:/home/rm_autoaim/suep2026/rm_ws/install/armor_detector:/opt/ros/humble LD_LIBRARY_PATH=/home/rm_autoaim/suep2026/rm_ws/install/auto_aim_interfaces/lib:/home/rm_autoaim/suep2026/rm_ws/install/rm_serial_driver/lib:/home/rm_autoaim/suep2026/rm_ws/install/hik_camera/lib:/home/rm_autoaim/suep2026/rm_ws/install/armor_tracker/lib:/home/rm_autoaim/suep2026/rm_ws/install/armor_detector/lib:/opt/ros/humble/opt/rviz_ogre_vendor/lib:/opt/ros/humble/lib/x86_64-linux-gnu:/opt/ros/humble/lib:/opt/MVS/lib/64:/opt/MVS/lib/32 /usr/bin/cmake --install /home/rm_autoaim/suep2026/rm_ws/build/armor_tracker
[0.918s] Level 1:colcon.colcon_core.environment:create_environment_scripts_only(rm_serial_driver)
[0.918s] Level 1:colcon.colcon_core.environment:checking '/home/rm_autoaim/suep2026/rm_ws/install/rm_serial_driver' for CMake module files
[0.919s] Level 1:colcon.colcon_core.environment:checking '/home/rm_autoaim/suep2026/rm_ws/install/rm_serial_driver' for CMake config files
[0.919s] DEBUG:colcon.colcon_core.event_handler.log_command:Invoked command in '/home/rm_autoaim/suep2026/rm_ws/build/rm_serial_driver' returned '0': CMAKE_PREFIX_PATH=/home/rm_autoaim/suep2026/rm_ws/install/auto_aim_interfaces:/home/rm_autoaim/suep2026/rm_ws/install/rm_vision_bringup:/home/rm_autoaim/suep2026/rm_ws/install/rm_serial_driver:/home/rm_autoaim/suep2026/rm_ws/install/rm_gimbal_description:/home/rm_autoaim/suep2026/rm_ws/install/hik_camera:/home/rm_autoaim/suep2026/rm_ws/install/armor_tracker:/home/rm_autoaim/suep2026/rm_ws/install/armor_detector:/opt/ros/humble LD_LIBRARY_PATH=/home/rm_autoaim/suep2026/rm_ws/install/auto_aim_interfaces/lib:/home/rm_autoaim/suep2026/rm_ws/install/rm_serial_driver/lib:/home/rm_autoaim/suep2026/rm_ws/install/hik_camera/lib:/home/rm_autoaim/suep2026/rm_ws/install/armor_tracker/lib:/home/rm_autoaim/suep2026/rm_ws/install/armor_detector/lib:/opt/ros/humble/opt/rviz_ogre_vendor/lib:/opt/ros/humble/lib/x86_64-linux-gnu:/opt/ros/humble/lib:/opt/MVS/lib/64:/opt/MVS/lib/32 /usr/bin/cmake --install /home/rm_autoaim/suep2026/rm_ws/build/rm_serial_driver
[0.919s] Level 1:colcon.colcon_core.shell:create_environment_hook('rm_serial_driver', 'cmake_prefix_path')
[0.920s] INFO:colcon.colcon_core.shell:Creating environment hook '/home/rm_autoaim/suep2026/rm_ws/install/rm_serial_driver/share/rm_serial_driver/hook/cmake_prefix_path.ps1'
[0.920s] INFO:colcon.colcon_core.shell:Creating environment descriptor '/home/rm_autoaim/suep2026/rm_ws/install/rm_serial_driver/share/rm_serial_driver/hook/cmake_prefix_path.dsv'
[0.920s] INFO:colcon.colcon_core.shell:Creating environment hook '/home/rm_autoaim/suep2026/rm_ws/install/rm_serial_driver/share/rm_serial_driver/hook/cmake_prefix_path.sh'
[0.921s] Level 1:colcon.colcon_core.environment:checking '/home/rm_autoaim/suep2026/rm_ws/install/rm_serial_driver/lib'
[0.921s] Level 1:colcon.colcon_core.shell:create_environment_hook('rm_serial_driver', 'ld_library_path_lib')
[0.921s] INFO:colcon.colcon_core.shell:Creating environment hook '/home/rm_autoaim/suep2026/rm_ws/install/rm_serial_driver/share/rm_serial_driver/hook/ld_library_path_lib.ps1'
[0.921s] INFO:colcon.colcon_core.shell:Creating environment descriptor '/home/rm_autoaim/suep2026/rm_ws/install/rm_serial_driver/share/rm_serial_driver/hook/ld_library_path_lib.dsv'
[0.922s] INFO:colcon.colcon_core.shell:Creating environment hook '/home/rm_autoaim/suep2026/rm_ws/install/rm_serial_driver/share/rm_serial_driver/hook/ld_library_path_lib.sh'
[0.922s] Level 1:colcon.colcon_core.environment:checking '/home/rm_autoaim/suep2026/rm_ws/install/rm_serial_driver/bin'
[0.922s] Level 1:colcon.colcon_core.environment:checking '/home/rm_autoaim/suep2026/rm_ws/install/rm_serial_driver/lib/pkgconfig/rm_serial_driver.pc'
[0.922s] Level 1:colcon.colcon_core.environment:checking '/home/rm_autoaim/suep2026/rm_ws/install/rm_serial_driver/lib/python3.10/site-packages'
[0.923s] Level 1:colcon.colcon_core.environment:checking '/home/rm_autoaim/suep2026/rm_ws/install/rm_serial_driver/bin'
[0.923s] INFO:colcon.colcon_core.shell:Creating package script '/home/rm_autoaim/suep2026/rm_ws/install/rm_serial_driver/share/rm_serial_driver/package.ps1'
[0.924s] INFO:colcon.colcon_core.shell:Creating package descriptor '/home/rm_autoaim/suep2026/rm_ws/install/rm_serial_driver/share/rm_serial_driver/package.dsv'
[0.925s] INFO:colcon.colcon_core.shell:Creating package script '/home/rm_autoaim/suep2026/rm_ws/install/rm_serial_driver/share/rm_serial_driver/package.sh'
[0.926s] INFO:colcon.colcon_core.shell:Creating package script '/home/rm_autoaim/suep2026/rm_ws/install/rm_serial_driver/share/rm_serial_driver/package.bash'
[0.927s] INFO:colcon.colcon_core.shell:Creating package script '/home/rm_autoaim/suep2026/rm_ws/install/rm_serial_driver/share/rm_serial_driver/package.zsh'
[0.927s] Level 1:colcon.colcon_core.environment:create_file_with_runtime_dependencies(/home/rm_autoaim/suep2026/rm_ws/install/rm_serial_driver/share/colcon-core/packages/rm_serial_driver)
[0.928s] Level 1:colcon.colcon_core.environment:create_environment_scripts_only(rm_serial_driver)
[0.928s] Level 1:colcon.colcon_core.environment:checking '/home/rm_autoaim/suep2026/rm_ws/install/rm_serial_driver' for CMake module files
[0.929s] Level 1:colcon.colcon_core.environment:checking '/home/rm_autoaim/suep2026/rm_ws/install/rm_serial_driver' for CMake config files
[0.930s] Level 1:colcon.colcon_core.shell:create_environment_hook('rm_serial_driver', 'cmake_prefix_path')
[0.930s] INFO:colcon.colcon_core.shell:Creating environment hook '/home/rm_autoaim/suep2026/rm_ws/install/rm_serial_driver/share/rm_serial_driver/hook/cmake_prefix_path.ps1'
[0.930s] INFO:colcon.colcon_core.shell:Creating environment descriptor '/home/rm_autoaim/suep2026/rm_ws/install/rm_serial_driver/share/rm_serial_driver/hook/cmake_prefix_path.dsv'
[0.931s] INFO:colcon.colcon_core.shell:Creating environment hook '/home/rm_autoaim/suep2026/rm_ws/install/rm_serial_driver/share/rm_serial_driver/hook/cmake_prefix_path.sh'
[0.931s] Level 1:colcon.colcon_core.environment:checking '/home/rm_autoaim/suep2026/rm_ws/install/rm_serial_driver/lib'
[0.931s] Level 1:colcon.colcon_core.shell:create_environment_hook('rm_serial_driver', 'ld_library_path_lib')
[0.931s] INFO:colcon.colcon_core.shell:Creating environment hook '/home/rm_autoaim/suep2026/rm_ws/install/rm_serial_driver/share/rm_serial_driver/hook/ld_library_path_lib.ps1'
[0.932s] INFO:colcon.colcon_core.shell:Creating environment descriptor '/home/rm_autoaim/suep2026/rm_ws/install/rm_serial_driver/share/rm_serial_driver/hook/ld_library_path_lib.dsv'
[0.932s] INFO:colcon.colcon_core.shell:Creating environment hook '/home/rm_autoaim/suep2026/rm_ws/install/rm_serial_driver/share/rm_serial_driver/hook/ld_library_path_lib.sh'
[0.932s] Level 1:colcon.colcon_core.environment:checking '/home/rm_autoaim/suep2026/rm_ws/install/rm_serial_driver/bin'
[0.932s] Level 1:colcon.colcon_core.environment:checking '/home/rm_autoaim/suep2026/rm_ws/install/rm_serial_driver/lib/pkgconfig/rm_serial_driver.pc'
[0.932s] Level 1:colcon.colcon_core.environment:checking '/home/rm_autoaim/suep2026/rm_ws/install/rm_serial_driver/lib/python3.10/site-packages'
[0.933s] Level 1:colcon.colcon_core.environment:checking '/home/rm_autoaim/suep2026/rm_ws/install/rm_serial_driver/bin'
[0.933s] INFO:colcon.colcon_core.shell:Creating package script '/home/rm_autoaim/suep2026/rm_ws/install/rm_serial_driver/share/rm_serial_driver/package.ps1'
[0.933s] INFO:colcon.colcon_core.shell:Creating package descriptor '/home/rm_autoaim/suep2026/rm_ws/install/rm_serial_driver/share/rm_serial_driver/package.dsv'
[0.934s] INFO:colcon.colcon_core.shell:Creating package script '/home/rm_autoaim/suep2026/rm_ws/install/rm_serial_driver/share/rm_serial_driver/package.sh'
[0.934s] INFO:colcon.colcon_core.shell:Creating package script '/home/rm_autoaim/suep2026/rm_ws/install/rm_serial_driver/share/rm_serial_driver/package.bash'
[0.934s] INFO:colcon.colcon_core.shell:Creating package script '/home/rm_autoaim/suep2026/rm_ws/install/rm_serial_driver/share/rm_serial_driver/package.zsh'
[0.935s] Level 1:colcon.colcon_core.environment:create_file_with_runtime_dependencies(/home/rm_autoaim/suep2026/rm_ws/install/rm_serial_driver/share/colcon-core/packages/rm_serial_driver)
[0.935s] INFO:colcon.colcon_ros.task.ament_cmake.build:Building ROS package in '/home/rm_autoaim/suep2026/rm_ws/src/rm_vision/rm_vision_bringup' with build type 'ament_cmake'
[0.935s] INFO:colcon.colcon_cmake.task.cmake.build:Building CMake package in '/home/rm_autoaim/suep2026/rm_ws/src/rm_vision/rm_vision_bringup'
[0.936s] INFO:colcon.colcon_core.shell:Skip shell extension 'powershell' for command environment: Not usable outside of PowerShell
[0.936s] DEBUG:colcon.colcon_core.shell:Skip shell extension 'dsv' for command environment
[0.941s] Level 1:colcon.colcon_core.environment:create_environment_scripts_only(armor_tracker)
[0.941s] Level 1:colcon.colcon_core.environment:checking '/home/rm_autoaim/suep2026/rm_ws/install/armor_tracker' for CMake module files
[0.942s] DEBUG:colcon.colcon_core.event_handler.log_command:Invoked command in '/home/rm_autoaim/suep2026/rm_ws/build/armor_tracker' returned '0': CMAKE_PREFIX_PATH=/home/rm_autoaim/suep2026/rm_ws/install/auto_aim_interfaces:/home/rm_autoaim/suep2026/rm_ws/install/rm_vision_bringup:/home/rm_autoaim/suep2026/rm_ws/install/rm_serial_driver:/home/rm_autoaim/suep2026/rm_ws/install/rm_gimbal_description:/home/rm_autoaim/suep2026/rm_ws/install/hik_camera:/home/rm_autoaim/suep2026/rm_ws/install/armor_tracker:/home/rm_autoaim/suep2026/rm_ws/install/armor_detector:/opt/ros/humble LD_LIBRARY_PATH=/home/rm_autoaim/suep2026/rm_ws/install/auto_aim_interfaces/lib:/home/rm_autoaim/suep2026/rm_ws/install/rm_serial_driver/lib:/home/rm_autoaim/suep2026/rm_ws/install/hik_camera/lib:/home/rm_autoaim/suep2026/rm_ws/install/armor_tracker/lib:/home/rm_autoaim/suep2026/rm_ws/install/armor_detector/lib:/opt/ros/humble/opt/rviz_ogre_vendor/lib:/opt/ros/humble/lib/x86_64-linux-gnu:/opt/ros/humble/lib:/opt/MVS/lib/64:/opt/MVS/lib/32 /usr/bin/cmake --install /home/rm_autoaim/suep2026/rm_ws/build/armor_tracker
[0.943s] Level 1:colcon.colcon_core.environment:checking '/home/rm_autoaim/suep2026/rm_ws/install/armor_tracker' for CMake config files
[0.943s] Level 1:colcon.colcon_core.shell:create_environment_hook('armor_tracker', 'cmake_prefix_path')
[0.943s] INFO:colcon.colcon_core.shell:Creating environment hook '/home/rm_autoaim/suep2026/rm_ws/install/armor_tracker/share/armor_tracker/hook/cmake_prefix_path.ps1'
[0.944s] INFO:colcon.colcon_core.shell:Creating environment descriptor '/home/rm_autoaim/suep2026/rm_ws/install/armor_tracker/share/armor_tracker/hook/cmake_prefix_path.dsv'
[0.944s] INFO:colcon.colcon_core.shell:Creating environment hook '/home/rm_autoaim/suep2026/rm_ws/install/armor_tracker/share/armor_tracker/hook/cmake_prefix_path.sh'
[0.945s] Level 1:colcon.colcon_core.environment:checking '/home/rm_autoaim/suep2026/rm_ws/install/armor_tracker/lib'
[0.945s] Level 1:colcon.colcon_core.shell:create_environment_hook('armor_tracker', 'ld_library_path_lib')
[0.945s] INFO:colcon.colcon_core.shell:Creating environment hook '/home/rm_autoaim/suep2026/rm_ws/install/armor_tracker/share/armor_tracker/hook/ld_library_path_lib.ps1'
[0.945s] INFO:colcon.colcon_core.shell:Creating environment descriptor '/home/rm_autoaim/suep2026/rm_ws/install/armor_tracker/share/armor_tracker/hook/ld_library_path_lib.dsv'
[0.946s] INFO:colcon.colcon_core.shell:Creating environment hook '/home/rm_autoaim/suep2026/rm_ws/install/armor_tracker/share/armor_tracker/hook/ld_library_path_lib.sh'
[0.946s] Level 1:colcon.colcon_core.environment:checking '/home/rm_autoaim/suep2026/rm_ws/install/armor_tracker/bin'
[0.946s] Level 1:colcon.colcon_core.environment:checking '/home/rm_autoaim/suep2026/rm_ws/install/armor_tracker/lib/pkgconfig/armor_tracker.pc'
[0.947s] Level 1:colcon.colcon_core.environment:checking '/home/rm_autoaim/suep2026/rm_ws/install/armor_tracker/lib/python3.10/site-packages'
[0.947s] Level 1:colcon.colcon_core.environment:checking '/home/rm_autoaim/suep2026/rm_ws/install/armor_tracker/bin'
[0.947s] INFO:colcon.colcon_core.shell:Creating package script '/home/rm_autoaim/suep2026/rm_ws/install/armor_tracker/share/armor_tracker/package.ps1'
[0.948s] INFO:colcon.colcon_core.shell:Creating package descriptor '/home/rm_autoaim/suep2026/rm_ws/install/armor_tracker/share/armor_tracker/package.dsv'
[0.948s] INFO:colcon.colcon_core.shell:Creating package script '/home/rm_autoaim/suep2026/rm_ws/install/armor_tracker/share/armor_tracker/package.sh'
[0.949s] INFO:colcon.colcon_core.shell:Creating package script '/home/rm_autoaim/suep2026/rm_ws/install/armor_tracker/share/armor_tracker/package.bash'
[0.949s] INFO:colcon.colcon_core.shell:Creating package script '/home/rm_autoaim/suep2026/rm_ws/install/armor_tracker/share/armor_tracker/package.zsh'
[0.950s] Level 1:colcon.colcon_core.environment:create_file_with_runtime_dependencies(/home/rm_autoaim/suep2026/rm_ws/install/armor_tracker/share/colcon-core/packages/armor_tracker)
[0.950s] Level 1:colcon.colcon_core.environment:create_environment_scripts_only(armor_tracker)
[0.950s] Level 1:colcon.colcon_core.environment:checking '/home/rm_autoaim/suep2026/rm_ws/install/armor_tracker' for CMake module files
[0.951s] Level 1:colcon.colcon_core.environment:checking '/home/rm_autoaim/suep2026/rm_ws/install/armor_tracker' for CMake config files
[0.951s] Level 1:colcon.colcon_core.shell:create_environment_hook('armor_tracker', 'cmake_prefix_path')
[0.951s] INFO:colcon.colcon_core.shell:Creating environment hook '/home/rm_autoaim/suep2026/rm_ws/install/armor_tracker/share/armor_tracker/hook/cmake_prefix_path.ps1'
[0.952s] INFO:colcon.colcon_core.shell:Creating environment descriptor '/home/rm_autoaim/suep2026/rm_ws/install/armor_tracker/share/armor_tracker/hook/cmake_prefix_path.dsv'
[0.952s] INFO:colcon.colcon_core.shell:Creating environment hook '/home/rm_autoaim/suep2026/rm_ws/install/armor_tracker/share/armor_tracker/hook/cmake_prefix_path.sh'
[0.953s] Level 1:colcon.colcon_core.environment:checking '/home/rm_autoaim/suep2026/rm_ws/install/armor_tracker/lib'
[0.953s] Level 1:colcon.colcon_core.shell:create_environment_hook('armor_tracker', 'ld_library_path_lib')
[0.953s] INFO:colcon.colcon_core.shell:Creating environment hook '/home/rm_autoaim/suep2026/rm_ws/install/armor_tracker/share/armor_tracker/hook/ld_library_path_lib.ps1'
[0.954s] INFO:colcon.colcon_core.shell:Creating environment descriptor '/home/rm_autoaim/suep2026/rm_ws/install/armor_tracker/share/armor_tracker/hook/ld_library_path_lib.dsv'
[0.954s] INFO:colcon.colcon_core.shell:Creating environment hook '/home/rm_autoaim/suep2026/rm_ws/install/armor_tracker/share/armor_tracker/hook/ld_library_path_lib.sh'
[0.954s] Level 1:colcon.colcon_core.environment:checking '/home/rm_autoaim/suep2026/rm_ws/install/armor_tracker/bin'
[0.954s] Level 1:colcon.colcon_core.environment:checking '/home/rm_autoaim/suep2026/rm_ws/install/armor_tracker/lib/pkgconfig/armor_tracker.pc'
[0.955s] Level 1:colcon.colcon_core.environment:checking '/home/rm_autoaim/suep2026/rm_ws/install/armor_tracker/lib/python3.10/site-packages'
[0.955s] Level 1:colcon.colcon_core.environment:checking '/home/rm_autoaim/suep2026/rm_ws/install/armor_tracker/bin'
[0.955s] INFO:colcon.colcon_core.shell:Creating package script '/home/rm_autoaim/suep2026/rm_ws/install/armor_tracker/share/armor_tracker/package.ps1'
[0.956s] INFO:colcon.colcon_core.shell:Creating package descriptor '/home/rm_autoaim/suep2026/rm_ws/install/armor_tracker/share/armor_tracker/package.dsv'
[0.957s] INFO:colcon.colcon_core.shell:Creating package script '/home/rm_autoaim/suep2026/rm_ws/install/armor_tracker/share/armor_tracker/package.sh'
[0.957s] INFO:colcon.colcon_core.shell:Creating package script '/home/rm_autoaim/suep2026/rm_ws/install/armor_tracker/share/armor_tracker/package.bash'
[0.958s] INFO:colcon.colcon_core.shell:Creating package script '/home/rm_autoaim/suep2026/rm_ws/install/armor_tracker/share/armor_tracker/package.zsh'
[0.958s] Level 1:colcon.colcon_core.environment:create_file_with_runtime_dependencies(/home/rm_autoaim/suep2026/rm_ws/install/armor_tracker/share/colcon-core/packages/armor_tracker)
[0.965s] DEBUG:colcon.colcon_core.event_handler.log_command:Invoking command in '/home/rm_autoaim/suep2026/rm_ws/build/rm_vision_bringup': CMAKE_PREFIX_PATH=/home/rm_autoaim/suep2026/rm_ws/install/rm_serial_driver:/home/rm_autoaim/suep2026/rm_ws/install/auto_aim_interfaces:/home/rm_autoaim/suep2026/rm_ws/install/rm_vision_bringup:/home/rm_autoaim/suep2026/rm_ws/install/rm_gimbal_description:/home/rm_autoaim/suep2026/rm_ws/install/hik_camera:/home/rm_autoaim/suep2026/rm_ws/install/armor_tracker:/home/rm_autoaim/suep2026/rm_ws/install/armor_detector:/opt/ros/humble LD_LIBRARY_PATH=/home/rm_autoaim/suep2026/rm_ws/install/rm_serial_driver/lib:/home/rm_autoaim/suep2026/rm_ws/install/auto_aim_interfaces/lib:/home/rm_autoaim/suep2026/rm_ws/install/hik_camera/lib:/home/rm_autoaim/suep2026/rm_ws/install/armor_tracker/lib:/home/rm_autoaim/suep2026/rm_ws/install/armor_detector/lib:/opt/ros/humble/opt/rviz_ogre_vendor/lib:/opt/ros/humble/lib/x86_64-linux-gnu:/opt/ros/humble/lib:/opt/MVS/lib/64:/opt/MVS/lib/32 /usr/bin/cmake --build /home/rm_autoaim/suep2026/rm_ws/build/rm_vision_bringup -- -j8 -l8
[1.003s] DEBUG:colcon.colcon_core.event_handler.log_command:Invoked command in '/home/rm_autoaim/suep2026/rm_ws/build/rm_vision_bringup' returned '0': CMAKE_PREFIX_PATH=/home/rm_autoaim/suep2026/rm_ws/install/rm_serial_driver:/home/rm_autoaim/suep2026/rm_ws/install/auto_aim_interfaces:/home/rm_autoaim/suep2026/rm_ws/install/rm_vision_bringup:/home/rm_autoaim/suep2026/rm_ws/install/rm_gimbal_description:/home/rm_autoaim/suep2026/rm_ws/install/hik_camera:/home/rm_autoaim/suep2026/rm_ws/install/armor_tracker:/home/rm_autoaim/suep2026/rm_ws/install/armor_detector:/opt/ros/humble LD_LIBRARY_PATH=/home/rm_autoaim/suep2026/rm_ws/install/rm_serial_driver/lib:/home/rm_autoaim/suep2026/rm_ws/install/auto_aim_interfaces/lib:/home/rm_autoaim/suep2026/rm_ws/install/hik_camera/lib:/home/rm_autoaim/suep2026/rm_ws/install/armor_tracker/lib:/home/rm_autoaim/suep2026/rm_ws/install/armor_detector/lib:/opt/ros/humble/opt/rviz_ogre_vendor/lib:/opt/ros/humble/lib/x86_64-linux-gnu:/opt/ros/humble/lib:/opt/MVS/lib/64:/opt/MVS/lib/32 /usr/bin/cmake --build /home/rm_autoaim/suep2026/rm_ws/build/rm_vision_bringup -- -j8 -l8
[1.004s] DEBUG:colcon.colcon_core.event_handler.log_command:Invoking command in '/home/rm_autoaim/suep2026/rm_ws/build/rm_vision_bringup': CMAKE_PREFIX_PATH=/home/rm_autoaim/suep2026/rm_ws/install/rm_serial_driver:/home/rm_autoaim/suep2026/rm_ws/install/auto_aim_interfaces:/home/rm_autoaim/suep2026/rm_ws/install/rm_vision_bringup:/home/rm_autoaim/suep2026/rm_ws/install/rm_gimbal_description:/home/rm_autoaim/suep2026/rm_ws/install/hik_camera:/home/rm_autoaim/suep2026/rm_ws/install/armor_tracker:/home/rm_autoaim/suep2026/rm_ws/install/armor_detector:/opt/ros/humble LD_LIBRARY_PATH=/home/rm_autoaim/suep2026/rm_ws/install/rm_serial_driver/lib:/home/rm_autoaim/suep2026/rm_ws/install/auto_aim_interfaces/lib:/home/rm_autoaim/suep2026/rm_ws/install/hik_camera/lib:/home/rm_autoaim/suep2026/rm_ws/install/armor_tracker/lib:/home/rm_autoaim/suep2026/rm_ws/install/armor_detector/lib:/opt/ros/humble/opt/rviz_ogre_vendor/lib:/opt/ros/humble/lib/x86_64-linux-gnu:/opt/ros/humble/lib:/opt/MVS/lib/64:/opt/MVS/lib/32 /usr/bin/cmake --install /home/rm_autoaim/suep2026/rm_ws/build/rm_vision_bringup
[1.011s] Level 1:colcon.colcon_core.environment:create_environment_scripts_only(rm_vision_bringup)
[1.012s] Level 1:colcon.colcon_core.environment:checking '/home/rm_autoaim/suep2026/rm_ws/install/rm_vision_bringup' for CMake module files
[1.013s] DEBUG:colcon.colcon_core.event_handler.log_command:Invoked command in '/home/rm_autoaim/suep2026/rm_ws/build/rm_vision_bringup' returned '0': CMAKE_PREFIX_PATH=/home/rm_autoaim/suep2026/rm_ws/install/rm_serial_driver:/home/rm_autoaim/suep2026/rm_ws/install/auto_aim_interfaces:/home/rm_autoaim/suep2026/rm_ws/install/rm_vision_bringup:/home/rm_autoaim/suep2026/rm_ws/install/rm_gimbal_description:/home/rm_autoaim/suep2026/rm_ws/install/hik_camera:/home/rm_autoaim/suep2026/rm_ws/install/armor_tracker:/home/rm_autoaim/suep2026/rm_ws/install/armor_detector:/opt/ros/humble LD_LIBRARY_PATH=/home/rm_autoaim/suep2026/rm_ws/install/rm_serial_driver/lib:/home/rm_autoaim/suep2026/rm_ws/install/auto_aim_interfaces/lib:/home/rm_autoaim/suep2026/rm_ws/install/hik_camera/lib:/home/rm_autoaim/suep2026/rm_ws/install/armor_tracker/lib:/home/rm_autoaim/suep2026/rm_ws/install/armor_detector/lib:/opt/ros/humble/opt/rviz_ogre_vendor/lib:/opt/ros/humble/lib/x86_64-linux-gnu:/opt/ros/humble/lib:/opt/MVS/lib/64:/opt/MVS/lib/32 /usr/bin/cmake --install /home/rm_autoaim/suep2026/rm_ws/build/rm_vision_bringup
[1.013s] Level 1:colcon.colcon_core.environment:checking '/home/rm_autoaim/suep2026/rm_ws/install/rm_vision_bringup' for CMake config files
[1.013s] Level 1:colcon.colcon_core.shell:create_environment_hook('rm_vision_bringup', 'cmake_prefix_path')
[1.013s] INFO:colcon.colcon_core.shell:Creating environment hook '/home/rm_autoaim/suep2026/rm_ws/install/rm_vision_bringup/share/rm_vision_bringup/hook/cmake_prefix_path.ps1'
[1.014s] INFO:colcon.colcon_core.shell:Creating environment descriptor '/home/rm_autoaim/suep2026/rm_ws/install/rm_vision_bringup/share/rm_vision_bringup/hook/cmake_prefix_path.dsv'
[1.014s] INFO:colcon.colcon_core.shell:Creating environment hook '/home/rm_autoaim/suep2026/rm_ws/install/rm_vision_bringup/share/rm_vision_bringup/hook/cmake_prefix_path.sh'
[1.014s] Level 1:colcon.colcon_core.environment:checking '/home/rm_autoaim/suep2026/rm_ws/install/rm_vision_bringup/bin'
[1.015s] Level 1:colcon.colcon_core.environment:checking '/home/rm_autoaim/suep2026/rm_ws/install/rm_vision_bringup/lib/pkgconfig/rm_vision_bringup.pc'
[1.015s] Level 1:colcon.colcon_core.environment:checking '/home/rm_autoaim/suep2026/rm_ws/install/rm_vision_bringup/lib/python3.10/site-packages'
[1.015s] Level 1:colcon.colcon_core.environment:checking '/home/rm_autoaim/suep2026/rm_ws/install/rm_vision_bringup/bin'
[1.015s] INFO:colcon.colcon_core.shell:Creating package script '/home/rm_autoaim/suep2026/rm_ws/install/rm_vision_bringup/share/rm_vision_bringup/package.ps1'
[1.016s] INFO:colcon.colcon_core.shell:Creating package descriptor '/home/rm_autoaim/suep2026/rm_ws/install/rm_vision_bringup/share/rm_vision_bringup/package.dsv'
[1.016s] INFO:colcon.colcon_core.shell:Creating package script '/home/rm_autoaim/suep2026/rm_ws/install/rm_vision_bringup/share/rm_vision_bringup/package.sh'
[1.016s] INFO:colcon.colcon_core.shell:Creating package script '/home/rm_autoaim/suep2026/rm_ws/install/rm_vision_bringup/share/rm_vision_bringup/package.bash'
[1.017s] INFO:colcon.colcon_core.shell:Creating package script '/home/rm_autoaim/suep2026/rm_ws/install/rm_vision_bringup/share/rm_vision_bringup/package.zsh'
[1.017s] Level 1:colcon.colcon_core.environment:create_file_with_runtime_dependencies(/home/rm_autoaim/suep2026/rm_ws/install/rm_vision_bringup/share/colcon-core/packages/rm_vision_bringup)
[1.017s] Level 1:colcon.colcon_core.environment:create_environment_scripts_only(rm_vision_bringup)
[1.017s] Level 1:colcon.colcon_core.environment:checking '/home/rm_autoaim/suep2026/rm_ws/install/rm_vision_bringup' for CMake module files
[1.018s] Level 1:colcon.colcon_core.environment:checking '/home/rm_autoaim/suep2026/rm_ws/install/rm_vision_bringup' for CMake config files
[1.018s] Level 1:colcon.colcon_core.shell:create_environment_hook('rm_vision_bringup', 'cmake_prefix_path')
[1.018s] INFO:colcon.colcon_core.shell:Creating environment hook '/home/rm_autoaim/suep2026/rm_ws/install/rm_vision_bringup/share/rm_vision_bringup/hook/cmake_prefix_path.ps1'
[1.019s] INFO:colcon.colcon_core.shell:Creating environment descriptor '/home/rm_autoaim/suep2026/rm_ws/install/rm_vision_bringup/share/rm_vision_bringup/hook/cmake_prefix_path.dsv'
[1.019s] INFO:colcon.colcon_core.shell:Creating environment hook '/home/rm_autoaim/suep2026/rm_ws/install/rm_vision_bringup/share/rm_vision_bringup/hook/cmake_prefix_path.sh'
[1.019s] Level 1:colcon.colcon_core.environment:checking '/home/rm_autoaim/suep2026/rm_ws/install/rm_vision_bringup/bin'
[1.019s] Level 1:colcon.colcon_core.environment:checking '/home/rm_autoaim/suep2026/rm_ws/install/rm_vision_bringup/lib/pkgconfig/rm_vision_bringup.pc'
[1.020s] Level 1:colcon.colcon_core.environment:checking '/home/rm_autoaim/suep2026/rm_ws/install/rm_vision_bringup/lib/python3.10/site-packages'
[1.020s] Level 1:colcon.colcon_core.environment:checking '/home/rm_autoaim/suep2026/rm_ws/install/rm_vision_bringup/bin'
[1.020s] INFO:colcon.colcon_core.shell:Creating package script '/home/rm_autoaim/suep2026/rm_ws/install/rm_vision_bringup/share/rm_vision_bringup/package.ps1'
[1.020s] INFO:colcon.colcon_core.shell:Creating package descriptor '/home/rm_autoaim/suep2026/rm_ws/install/rm_vision_bringup/share/rm_vision_bringup/package.dsv'
[1.021s] INFO:colcon.colcon_core.shell:Creating package script '/home/rm_autoaim/suep2026/rm_ws/install/rm_vision_bringup/share/rm_vision_bringup/package.sh'
[1.021s] INFO:colcon.colcon_core.shell:Creating package script '/home/rm_autoaim/suep2026/rm_ws/install/rm_vision_bringup/share/rm_vision_bringup/package.bash'
[1.021s] INFO:colcon.colcon_core.shell:Creating package script '/home/rm_autoaim/suep2026/rm_ws/install/rm_vision_bringup/share/rm_vision_bringup/package.zsh'
[1.022s] Level 1:colcon.colcon_core.environment:create_file_with_runtime_dependencies(/home/rm_autoaim/suep2026/rm_ws/install/rm_vision_bringup/share/colcon-core/packages/rm_vision_bringup)
[12.917s] DEBUG:colcon.colcon_core.event_handler.log_command:Invoked command in '/home/rm_autoaim/suep2026/rm_ws/build/armor_detector' returned '2': CMAKE_PREFIX_PATH=/home/rm_autoaim/suep2026/rm_ws/install/auto_aim_interfaces:/home/rm_autoaim/suep2026/rm_ws/install/rm_vision_bringup:/home/rm_autoaim/suep2026/rm_ws/install/rm_serial_driver:/home/rm_autoaim/suep2026/rm_ws/install/rm_gimbal_description:/home/rm_autoaim/suep2026/rm_ws/install/hik_camera:/home/rm_autoaim/suep2026/rm_ws/install/armor_tracker:/home/rm_autoaim/suep2026/rm_ws/install/armor_detector:/opt/ros/humble LD_LIBRARY_PATH=/home/rm_autoaim/suep2026/rm_ws/install/auto_aim_interfaces/lib:/home/rm_autoaim/suep2026/rm_ws/install/rm_serial_driver/lib:/home/rm_autoaim/suep2026/rm_ws/install/hik_camera/lib:/home/rm_autoaim/suep2026/rm_ws/install/armor_tracker/lib:/home/rm_autoaim/suep2026/rm_ws/install/armor_detector/lib:/opt/ros/humble/opt/rviz_ogre_vendor/lib:/opt/ros/humble/lib/x86_64-linux-gnu:/opt/ros/humble/lib:/opt/MVS/lib/64:/opt/MVS/lib/32 /usr/bin/cmake --build /home/rm_autoaim/suep2026/rm_ws/build/armor_detector -- -j8 -l8
[12.917s] Level 1:colcon.colcon_core.environment:create_environment_scripts_only(armor_detector)
[12.917s] Level 1:colcon.colcon_core.environment:checking '/home/rm_autoaim/suep2026/rm_ws/install/armor_detector' for CMake module files
[12.918s] Level 1:colcon.colcon_core.environment:checking '/home/rm_autoaim/suep2026/rm_ws/install/armor_detector' for CMake config files
[12.918s] Level 1:colcon.colcon_core.shell:create_environment_hook('armor_detector', 'cmake_prefix_path')
[12.918s] INFO:colcon.colcon_core.shell:Creating environment hook '/home/rm_autoaim/suep2026/rm_ws/install/armor_detector/share/armor_detector/hook/cmake_prefix_path.ps1'
[12.918s] INFO:colcon.colcon_core.shell:Creating environment descriptor '/home/rm_autoaim/suep2026/rm_ws/install/armor_detector/share/armor_detector/hook/cmake_prefix_path.dsv'
[12.919s] INFO:colcon.colcon_core.shell:Creating environment hook '/home/rm_autoaim/suep2026/rm_ws/install/armor_detector/share/armor_detector/hook/cmake_prefix_path.sh'
[12.919s] Level 1:colcon.colcon_core.environment:checking '/home/rm_autoaim/suep2026/rm_ws/install/armor_detector/lib'
[12.919s] Level 1:colcon.colcon_core.shell:create_environment_hook('armor_detector', 'ld_library_path_lib')
[12.919s] INFO:colcon.colcon_core.shell:Creating environment hook '/home/rm_autoaim/suep2026/rm_ws/install/armor_detector/share/armor_detector/hook/ld_library_path_lib.ps1'
[12.920s] INFO:colcon.colcon_core.shell:Creating environment descriptor '/home/rm_autoaim/suep2026/rm_ws/install/armor_detector/share/armor_detector/hook/ld_library_path_lib.dsv'
[12.920s] INFO:colcon.colcon_core.shell:Creating environment hook '/home/rm_autoaim/suep2026/rm_ws/install/armor_detector/share/armor_detector/hook/ld_library_path_lib.sh'
[12.920s] Level 1:colcon.colcon_core.environment:checking '/home/rm_autoaim/suep2026/rm_ws/install/armor_detector/bin'
[12.920s] Level 1:colcon.colcon_core.environment:checking '/home/rm_autoaim/suep2026/rm_ws/install/armor_detector/lib/pkgconfig/armor_detector.pc'
[12.921s] Level 1:colcon.colcon_core.environment:checking '/home/rm_autoaim/suep2026/rm_ws/install/armor_detector/lib/python3.10/site-packages'
[12.921s] Level 1:colcon.colcon_core.environment:checking '/home/rm_autoaim/suep2026/rm_ws/install/armor_detector/bin'
[12.921s] INFO:colcon.colcon_core.shell:Creating package script '/home/rm_autoaim/suep2026/rm_ws/install/armor_detector/share/armor_detector/package.ps1'
[12.921s] INFO:colcon.colcon_core.shell:Creating package descriptor '/home/rm_autoaim/suep2026/rm_ws/install/armor_detector/share/armor_detector/package.dsv'
[12.922s] INFO:colcon.colcon_core.shell:Creating package script '/home/rm_autoaim/suep2026/rm_ws/install/armor_detector/share/armor_detector/package.sh'
[12.922s] INFO:colcon.colcon_core.shell:Creating package script '/home/rm_autoaim/suep2026/rm_ws/install/armor_detector/share/armor_detector/package.bash'
[12.922s] INFO:colcon.colcon_core.shell:Creating package script '/home/rm_autoaim/suep2026/rm_ws/install/armor_detector/share/armor_detector/package.zsh'
[12.923s] Level 1:colcon.colcon_core.environment:create_file_with_runtime_dependencies(/home/rm_autoaim/suep2026/rm_ws/install/armor_detector/share/colcon-core/packages/armor_detector)
[12.933s] DEBUG:colcon.colcon_parallel_executor.executor.parallel:closing loop
[12.933s] DEBUG:colcon.colcon_parallel_executor.executor.parallel:loop closed
[12.933s] DEBUG:colcon.colcon_parallel_executor.executor.parallel:run_until_complete finished with '2'
[12.933s] DEBUG:colcon.colcon_core.event_reactor:joining thread
[12.938s] INFO:colcon.colcon_core.plugin_system:Skipping extension 'colcon_notification.desktop_notification.terminal_notifier': Not used on non-Darwin systems
[12.938s] INFO:colcon.colcon_core.plugin_system:Skipping extension 'colcon_notification.desktop_notification.win32': Not used on non-Windows systems
[12.938s] INFO:colcon.colcon_notification.desktop_notification:Sending desktop notification using 'notify2'
[12.949s] DEBUG:colcon.colcon_core.event_reactor:joined thread
[12.950s] INFO:colcon.colcon_core.shell:Creating prefix script '/home/rm_autoaim/suep2026/rm_ws/install/local_setup.ps1'
[12.951s] INFO:colcon.colcon_core.shell:Creating prefix util module '/home/rm_autoaim/suep2026/rm_ws/install/_local_setup_util_ps1.py'
[12.952s] INFO:colcon.colcon_core.shell:Creating prefix chain script '/home/rm_autoaim/suep2026/rm_ws/install/setup.ps1'
[12.953s] INFO:colcon.colcon_core.shell:Creating prefix script '/home/rm_autoaim/suep2026/rm_ws/install/local_setup.sh'
[12.953s] INFO:colcon.colcon_core.shell:Creating prefix util module '/home/rm_autoaim/suep2026/rm_ws/install/_local_setup_util_sh.py'
[12.954s] INFO:colcon.colcon_core.shell:Creating prefix chain script '/home/rm_autoaim/suep2026/rm_ws/install/setup.sh'
[12.955s] INFO:colcon.colcon_core.shell:Creating prefix script '/home/rm_autoaim/suep2026/rm_ws/install/local_setup.bash'
[12.955s] INFO:colcon.colcon_core.shell:Creating prefix chain script '/home/rm_autoaim/suep2026/rm_ws/install/setup.bash'
[12.956s] INFO:colcon.colcon_core.shell:Creating prefix script '/home/rm_autoaim/suep2026/rm_ws/install/local_setup.zsh'
[12.956s] INFO:colcon.colcon_core.shell:Creating prefix chain script '/home/rm_autoaim/suep2026/rm_ws/install/setup.zsh'
