[0.006s] Invoking command in '/home/rm_autoaim/suep2026/rm_ws/build/hik_camera': /usr/bin/cmake /home/rm_autoaim/suep2026/rm_ws/src/hik_camera -DCMAKE_INSTALL_PREFIX=/home/rm_autoaim/suep2026/rm_ws/install/hik_camera
[0.057s] -- The C compiler identification is GNU 11.4.0
[0.100s] -- The CXX compiler identification is GNU 11.4.0
[0.104s] -- Detecting C compiler ABI info
[0.157s] -- Detecting C compiler ABI info - done
[0.163s] -- Check for working C compiler: /usr/bin/cc - skipped
[0.163s] -- Detecting C compile features
[0.164s] -- Detecting C compile features - done
[0.166s] -- Detecting CXX compiler ABI info
[0.227s] -- Detecting CXX compiler ABI info - done
[0.233s] -- Check for working CXX compiler: /usr/bin/c++ - skipped
[0.233s] -- Detecting CXX compile features
[0.233s] -- Detecting CXX compile features - done
[0.240s] [31mCMake Error at CMakeLists.txt:11 (find_package):
[0.240s]   By not providing "Findcv_bridge.cmake" in CMAKE_MODULE_PATH this project
[0.240s]   has asked CMake to find a package configuration file provided by
[0.240s]   "cv_bridge", but CMake did not find one.
[0.240s] 
[0.240s]   Could not find a package configuration file provided by "cv_bridge" with
[0.240s]   any of the following names:
[0.240s] 
[0.240s]     cv_bridgeConfig.cmake
[0.240s]     cv_bridge-config.cmake
[0.240s] 
[0.240s]   Add the installation prefix of "cv_bridge" to CMAKE_PREFIX_PATH or set
[0.240s]   "cv_bridge_DIR" to a directory containing one of the above files.  If
[0.240s]   "cv_bridge" provides a separate development package or SDK, be sure it has
[0.240s]   been installed.
[0.240s] 
[0.240s] [0m
[0.240s] -- Configuring incomplete, errors occurred!
[0.241s] See also "/home/rm_autoaim/suep2026/rm_ws/build/hik_camera/CMakeFiles/CMakeOutput.log".
[0.243s] Invoked command in '/home/rm_autoaim/suep2026/rm_ws/build/hik_camera' returned '1': /usr/bin/cmake /home/rm_autoaim/suep2026/rm_ws/src/hik_camera -DCMAKE_INSTALL_PREFIX=/home/rm_autoaim/suep2026/rm_ws/install/hik_camera
