[0.025s] Invoking command in '/home/rm_autoaim/suep2026/2025_ws/build/rm_serial_driver': CMAKE_PREFIX_PATH=/home/rm_autoaim/suep2026/2025_ws/install/buff_interfaces:/home/rm_autoaim/suep2026/2025_ws/install/auto_aim_interfaces:/home/rm_autoaim/suep2026/2025_ws/install/rm_vision_bringup:/home/rm_autoaim/suep2026/2025_ws/install/rm_buff_bringup:/home/rm_autoaim/suep2026/2025_ws/install/rm_serial_driver:/home/rm_autoaim/suep2026/2025_ws/install/rm_gimbal_description:/home/rm_autoaim/suep2026/2025_ws/install/rm_buff:/home/rm_autoaim/suep2026/2025_ws/install/rm_auto_record:/home/rm_autoaim/suep2026/2025_ws/install/rm_auto_aim:/home/rm_autoaim/suep2026/2025_ws/install/hik_camera:/home/rm_autoaim/suep2026/2025_ws/install/buff_tracker:/home/rm_autoaim/suep2026/2025_ws/install/buff_detector:/home/rm_autoaim/suep2026/2025_ws/install/armor_tracker:/home/rm_autoaim/suep2026/2025_ws/install/armor_detector:/opt/ros/humble LD_LIBRARY_PATH=/home/rm_autoaim/suep2026/2025_ws/install/buff_interfaces/lib:/home/rm_autoaim/suep2026/2025_ws/install/auto_aim_interfaces/lib:/home/rm_autoaim/suep2026/2025_ws/install/rm_serial_driver/lib:/home/rm_autoaim/suep2026/2025_ws/install/rm_auto_record/lib:/home/rm_autoaim/suep2026/2025_ws/install/hik_camera/lib:/home/rm_autoaim/suep2026/2025_ws/install/buff_tracker/lib:/home/rm_autoaim/suep2026/2025_ws/install/buff_detector/lib:/home/rm_autoaim/suep2026/2025_ws/install/armor_tracker/lib:/home/rm_autoaim/suep2026/2025_ws/install/armor_detector/lib:/opt/ros/humble/opt/rviz_ogre_vendor/lib:/opt/ros/humble/lib/x86_64-linux-gnu:/opt/ros/humble/lib:/opt/MVS/lib/64:/opt/MVS/lib/32 /usr/bin/cmake /home/rm_autoaim/suep2026/2025_ws/src/rm_serial_driver -DCMAKE_INSTALL_PREFIX=/home/rm_autoaim/suep2026/2025_ws/install/rm_serial_driver
[0.099s] -- The C compiler identification is GNU 11.4.0
[0.179s] -- The CXX compiler identification is GNU 11.4.0
[0.187s] -- Detecting C compiler ABI info
[0.321s] -- Detecting C compiler ABI info - done
[0.334s] -- Check for working C compiler: /usr/bin/cc - skipped
[0.334s] -- Detecting C compile features
[0.335s] -- Detecting C compile features - done
[0.341s] -- Detecting CXX compiler ABI info
[0.506s] -- Detecting CXX compiler ABI info - done
[0.522s] -- Check for working CXX compiler: /usr/bin/c++ - skipped
[0.523s] -- Detecting CXX compile features
[0.524s] -- Detecting CXX compile features - done
[0.526s] -- Found ament_cmake_auto: 1.3.12 (/opt/ros/humble/share/ament_cmake_auto/cmake)
[0.759s] -- Found Python3: /usr/bin/python3 (found version "3.10.12") found components: Interpreter 
[1.324s] -- Found rosidl_generator_c: 3.1.7 (/opt/ros/humble/share/rosidl_generator_c/cmake)
[1.332s] -- Found rosidl_adapter: 3.1.7 (/opt/ros/humble/share/rosidl_adapter/cmake)
[1.366s] -- Found rosidl_generator_cpp: 3.1.7 (/opt/ros/humble/share/rosidl_generator_cpp/cmake)
[1.407s] -- Using all available rosidl_typesupport_c: rosidl_typesupport_fastrtps_c;rosidl_typesupport_introspection_c
[1.439s] -- Using all available rosidl_typesupport_cpp: rosidl_typesupport_fastrtps_cpp;rosidl_typesupport_introspection_cpp
[1.501s] -- Found rmw_implementation_cmake: 6.1.2 (/opt/ros/humble/share/rmw_implementation_cmake/cmake)
[1.505s] -- Found rmw_fastrtps_cpp: 6.2.8 (/opt/ros/humble/share/rmw_fastrtps_cpp/cmake)
[1.799s] -- Found OpenSSL: /usr/lib/x86_64-linux-gnu/libcrypto.so (found version "3.0.2")  
[1.885s] -- Found FastRTPS: /opt/ros/humble/include  
[2.031s] -- Using RMW implementation 'rmw_fastrtps_cpp' as default
[2.058s] -- Looking for pthread.h
[2.376s] -- Looking for pthread.h - found
[2.376s] -- Performing Test CMAKE_HAVE_LIBC_PTHREAD
[2.693s] -- Performing Test CMAKE_HAVE_LIBC_PTHREAD - Success
[2.696s] -- Found Threads: TRUE  
[2.906s] -- Found asio_cmake_module: 1.2.0 (/opt/ros/humble/share/asio_cmake_module/cmake)
[2.911s] -- Found ASIO: /usr/include  
[3.452s] -- Found eigen3_cmake_module: 0.1.1 (/opt/ros/humble/share/eigen3_cmake_module/cmake)
[3.455s] -- Found Eigen3: TRUE (found version "3.4.0") 
[3.456s] -- Ensuring Eigen3 include directory is part of orocos-kdl CMake target
[3.895s] -- Found ament_lint_auto: 0.12.14 (/opt/ros/humble/share/ament_lint_auto/cmake)
[4.000s] [0mIn this package, headers install destination is set to `include` by ament_auto_package. It is recommended to install `include/rm_serial_driver` instead and will be the default behavior of ament_auto_package from ROS 2 Kilted Kaiju. On distributions before Kilted, ament_auto_package behaves the same way when you use USE_SCOPED_HEADER_INSTALL_DIR option.[0m
[4.027s] -- Added test 'cppcheck' to perform static code analysis on C / C++ code
[4.028s] -- Configured cppcheck include dirs: /home/rm_autoaim/suep2026/2025_ws/src/rm_serial_driver/include
[4.028s] -- Configured cppcheck exclude dirs and/or files: 
[4.038s] -- Added test 'cpplint' to check C / C++ code against the Google style
[4.038s] -- Configured cpplint exclude dirs and/or files: 
[4.043s] -- Added test 'flake8' to check Python code syntax and style conventions
[4.047s] -- Added test 'lint_cmake' to check CMake code style
[4.051s] -- Added test 'pep257' to check Python code against some of the docstring style conventions in PEP 257
[4.057s] -- Added test 'xmllint' to check XML markup files
[4.068s] -- Configuring done
[4.203s] -- Generating done
[4.252s] -- Build files have been written to: /home/rm_autoaim/suep2026/2025_ws/build/rm_serial_driver
[4.346s] Invoked command in '/home/rm_autoaim/suep2026/2025_ws/build/rm_serial_driver' returned '0': CMAKE_PREFIX_PATH=/home/rm_autoaim/suep2026/2025_ws/install/buff_interfaces:/home/rm_autoaim/suep2026/2025_ws/install/auto_aim_interfaces:/home/rm_autoaim/suep2026/2025_ws/install/rm_vision_bringup:/home/rm_autoaim/suep2026/2025_ws/install/rm_buff_bringup:/home/rm_autoaim/suep2026/2025_ws/install/rm_serial_driver:/home/rm_autoaim/suep2026/2025_ws/install/rm_gimbal_description:/home/rm_autoaim/suep2026/2025_ws/install/rm_buff:/home/rm_autoaim/suep2026/2025_ws/install/rm_auto_record:/home/rm_autoaim/suep2026/2025_ws/install/rm_auto_aim:/home/rm_autoaim/suep2026/2025_ws/install/hik_camera:/home/rm_autoaim/suep2026/2025_ws/install/buff_tracker:/home/rm_autoaim/suep2026/2025_ws/install/buff_detector:/home/rm_autoaim/suep2026/2025_ws/install/armor_tracker:/home/rm_autoaim/suep2026/2025_ws/install/armor_detector:/opt/ros/humble LD_LIBRARY_PATH=/home/rm_autoaim/suep2026/2025_ws/install/buff_interfaces/lib:/home/rm_autoaim/suep2026/2025_ws/install/auto_aim_interfaces/lib:/home/rm_autoaim/suep2026/2025_ws/install/rm_serial_driver/lib:/home/rm_autoaim/suep2026/2025_ws/install/rm_auto_record/lib:/home/rm_autoaim/suep2026/2025_ws/install/hik_camera/lib:/home/rm_autoaim/suep2026/2025_ws/install/buff_tracker/lib:/home/rm_autoaim/suep2026/2025_ws/install/buff_detector/lib:/home/rm_autoaim/suep2026/2025_ws/install/armor_tracker/lib:/home/rm_autoaim/suep2026/2025_ws/install/armor_detector/lib:/opt/ros/humble/opt/rviz_ogre_vendor/lib:/opt/ros/humble/lib/x86_64-linux-gnu:/opt/ros/humble/lib:/opt/MVS/lib/64:/opt/MVS/lib/32 /usr/bin/cmake /home/rm_autoaim/suep2026/2025_ws/src/rm_serial_driver -DCMAKE_INSTALL_PREFIX=/home/rm_autoaim/suep2026/2025_ws/install/rm_serial_driver
[4.347s] Invoking command in '/home/rm_autoaim/suep2026/2025_ws/build/rm_serial_driver': CMAKE_PREFIX_PATH=/home/rm_autoaim/suep2026/2025_ws/install/buff_interfaces:/home/rm_autoaim/suep2026/2025_ws/install/auto_aim_interfaces:/home/rm_autoaim/suep2026/2025_ws/install/rm_vision_bringup:/home/rm_autoaim/suep2026/2025_ws/install/rm_buff_bringup:/home/rm_autoaim/suep2026/2025_ws/install/rm_serial_driver:/home/rm_autoaim/suep2026/2025_ws/install/rm_gimbal_description:/home/rm_autoaim/suep2026/2025_ws/install/rm_buff:/home/rm_autoaim/suep2026/2025_ws/install/rm_auto_record:/home/rm_autoaim/suep2026/2025_ws/install/rm_auto_aim:/home/rm_autoaim/suep2026/2025_ws/install/hik_camera:/home/rm_autoaim/suep2026/2025_ws/install/buff_tracker:/home/rm_autoaim/suep2026/2025_ws/install/buff_detector:/home/rm_autoaim/suep2026/2025_ws/install/armor_tracker:/home/rm_autoaim/suep2026/2025_ws/install/armor_detector:/opt/ros/humble LD_LIBRARY_PATH=/home/rm_autoaim/suep2026/2025_ws/install/buff_interfaces/lib:/home/rm_autoaim/suep2026/2025_ws/install/auto_aim_interfaces/lib:/home/rm_autoaim/suep2026/2025_ws/install/rm_serial_driver/lib:/home/rm_autoaim/suep2026/2025_ws/install/rm_auto_record/lib:/home/rm_autoaim/suep2026/2025_ws/install/hik_camera/lib:/home/rm_autoaim/suep2026/2025_ws/install/buff_tracker/lib:/home/rm_autoaim/suep2026/2025_ws/install/buff_detector/lib:/home/rm_autoaim/suep2026/2025_ws/install/armor_tracker/lib:/home/rm_autoaim/suep2026/2025_ws/install/armor_detector/lib:/opt/ros/humble/opt/rviz_ogre_vendor/lib:/opt/ros/humble/lib/x86_64-linux-gnu:/opt/ros/humble/lib:/opt/MVS/lib/64:/opt/MVS/lib/32 /usr/bin/cmake --build /home/rm_autoaim/suep2026/2025_ws/build/rm_serial_driver -- -j8 -l8
[4.572s] [ 20%] [32mBuilding CXX object CMakeFiles/rm_serial_driver.dir/src/rm_serial_driver.cpp.o[0m
[39.740s] [ 40%] [32mBuilding CXX object CMakeFiles/rm_serial_driver.dir/src/crc.cpp.o[0m
[39.783s] [ 60%] [32m[1mLinking CXX shared library librm_serial_driver.so[0m
[41.511s] [ 60%] Built target rm_serial_driver
[41.534s] [ 80%] [32mBuilding CXX object CMakeFiles/rm_serial_driver_node.dir/rclcpp_components/node_main_rm_serial_driver_node.cpp.o[0m
[44.015s] [100%] [32m[1mLinking CXX executable rm_serial_driver_node[0m
[44.148s] [100%] Built target rm_serial_driver_node
[44.158s] Invoked command in '/home/rm_autoaim/suep2026/2025_ws/build/rm_serial_driver' returned '0': CMAKE_PREFIX_PATH=/home/rm_autoaim/suep2026/2025_ws/install/buff_interfaces:/home/rm_autoaim/suep2026/2025_ws/install/auto_aim_interfaces:/home/rm_autoaim/suep2026/2025_ws/install/rm_vision_bringup:/home/rm_autoaim/suep2026/2025_ws/install/rm_buff_bringup:/home/rm_autoaim/suep2026/2025_ws/install/rm_serial_driver:/home/rm_autoaim/suep2026/2025_ws/install/rm_gimbal_description:/home/rm_autoaim/suep2026/2025_ws/install/rm_buff:/home/rm_autoaim/suep2026/2025_ws/install/rm_auto_record:/home/rm_autoaim/suep2026/2025_ws/install/rm_auto_aim:/home/rm_autoaim/suep2026/2025_ws/install/hik_camera:/home/rm_autoaim/suep2026/2025_ws/install/buff_tracker:/home/rm_autoaim/suep2026/2025_ws/install/buff_detector:/home/rm_autoaim/suep2026/2025_ws/install/armor_tracker:/home/rm_autoaim/suep2026/2025_ws/install/armor_detector:/opt/ros/humble LD_LIBRARY_PATH=/home/rm_autoaim/suep2026/2025_ws/install/buff_interfaces/lib:/home/rm_autoaim/suep2026/2025_ws/install/auto_aim_interfaces/lib:/home/rm_autoaim/suep2026/2025_ws/install/rm_serial_driver/lib:/home/rm_autoaim/suep2026/2025_ws/install/rm_auto_record/lib:/home/rm_autoaim/suep2026/2025_ws/install/hik_camera/lib:/home/rm_autoaim/suep2026/2025_ws/install/buff_tracker/lib:/home/rm_autoaim/suep2026/2025_ws/install/buff_detector/lib:/home/rm_autoaim/suep2026/2025_ws/install/armor_tracker/lib:/home/rm_autoaim/suep2026/2025_ws/install/armor_detector/lib:/opt/ros/humble/opt/rviz_ogre_vendor/lib:/opt/ros/humble/lib/x86_64-linux-gnu:/opt/ros/humble/lib:/opt/MVS/lib/64:/opt/MVS/lib/32 /usr/bin/cmake --build /home/rm_autoaim/suep2026/2025_ws/build/rm_serial_driver -- -j8 -l8
[44.159s] Invoking command in '/home/rm_autoaim/suep2026/2025_ws/build/rm_serial_driver': CMAKE_PREFIX_PATH=/home/rm_autoaim/suep2026/2025_ws/install/buff_interfaces:/home/rm_autoaim/suep2026/2025_ws/install/auto_aim_interfaces:/home/rm_autoaim/suep2026/2025_ws/install/rm_vision_bringup:/home/rm_autoaim/suep2026/2025_ws/install/rm_buff_bringup:/home/rm_autoaim/suep2026/2025_ws/install/rm_serial_driver:/home/rm_autoaim/suep2026/2025_ws/install/rm_gimbal_description:/home/rm_autoaim/suep2026/2025_ws/install/rm_buff:/home/rm_autoaim/suep2026/2025_ws/install/rm_auto_record:/home/rm_autoaim/suep2026/2025_ws/install/rm_auto_aim:/home/rm_autoaim/suep2026/2025_ws/install/hik_camera:/home/rm_autoaim/suep2026/2025_ws/install/buff_tracker:/home/rm_autoaim/suep2026/2025_ws/install/buff_detector:/home/rm_autoaim/suep2026/2025_ws/install/armor_tracker:/home/rm_autoaim/suep2026/2025_ws/install/armor_detector:/opt/ros/humble LD_LIBRARY_PATH=/home/rm_autoaim/suep2026/2025_ws/install/buff_interfaces/lib:/home/rm_autoaim/suep2026/2025_ws/install/auto_aim_interfaces/lib:/home/rm_autoaim/suep2026/2025_ws/install/rm_serial_driver/lib:/home/rm_autoaim/suep2026/2025_ws/install/rm_auto_record/lib:/home/rm_autoaim/suep2026/2025_ws/install/hik_camera/lib:/home/rm_autoaim/suep2026/2025_ws/install/buff_tracker/lib:/home/rm_autoaim/suep2026/2025_ws/install/buff_detector/lib:/home/rm_autoaim/suep2026/2025_ws/install/armor_tracker/lib:/home/rm_autoaim/suep2026/2025_ws/install/armor_detector/lib:/opt/ros/humble/opt/rviz_ogre_vendor/lib:/opt/ros/humble/lib/x86_64-linux-gnu:/opt/ros/humble/lib:/opt/MVS/lib/64:/opt/MVS/lib/32 /usr/bin/cmake --install /home/rm_autoaim/suep2026/2025_ws/build/rm_serial_driver
[44.165s] -- Install configuration: ""
[44.166s] -- Installing: /home/rm_autoaim/suep2026/2025_ws/install/rm_serial_driver/lib/rm_serial_driver/rm_serial_driver_node
[44.166s] -- Set runtime path of "/home/rm_autoaim/suep2026/2025_ws/install/rm_serial_driver/lib/rm_serial_driver/rm_serial_driver_node" to ""
[44.166s] -- Installing: /home/rm_autoaim/suep2026/2025_ws/install/rm_serial_driver/include
[44.166s] -- Installing: /home/rm_autoaim/suep2026/2025_ws/install/rm_serial_driver/include/rm_serial_driver
[44.166s] -- Installing: /home/rm_autoaim/suep2026/2025_ws/install/rm_serial_driver/include/rm_serial_driver/rm_serial_driver.hpp
[44.166s] -- Installing: /home/rm_autoaim/suep2026/2025_ws/install/rm_serial_driver/include/rm_serial_driver/packet.hpp
[44.166s] -- Installing: /home/rm_autoaim/suep2026/2025_ws/install/rm_serial_driver/include/rm_serial_driver/crc.hpp
[44.167s] -- Installing: /home/rm_autoaim/suep2026/2025_ws/install/rm_serial_driver/share/rm_serial_driver/environment/library_path.sh
[44.167s] -- Installing: /home/rm_autoaim/suep2026/2025_ws/install/rm_serial_driver/share/rm_serial_driver/environment/library_path.dsv
[44.167s] -- Installing: /home/rm_autoaim/suep2026/2025_ws/install/rm_serial_driver/lib/librm_serial_driver.so
[44.179s] -- Set runtime path of "/home/rm_autoaim/suep2026/2025_ws/install/rm_serial_driver/lib/librm_serial_driver.so" to ""
[44.179s] -- Installing: /home/rm_autoaim/suep2026/2025_ws/install/rm_serial_driver/share/rm_serial_driver/config
[44.179s] -- Installing: /home/rm_autoaim/suep2026/2025_ws/install/rm_serial_driver/share/rm_serial_driver/config/serial_driver.yaml
[44.180s] -- Installing: /home/rm_autoaim/suep2026/2025_ws/install/rm_serial_driver/share/rm_serial_driver/launch
[44.180s] -- Installing: /home/rm_autoaim/suep2026/2025_ws/install/rm_serial_driver/share/rm_serial_driver/launch/serial_driver.launch.py
[44.180s] -- Installing: /home/rm_autoaim/suep2026/2025_ws/install/rm_serial_driver/share/ament_index/resource_index/package_run_dependencies/rm_serial_driver
[44.181s] -- Installing: /home/rm_autoaim/suep2026/2025_ws/install/rm_serial_driver/share/ament_index/resource_index/parent_prefix_path/rm_serial_driver
[44.181s] -- Installing: /home/rm_autoaim/suep2026/2025_ws/install/rm_serial_driver/share/rm_serial_driver/environment/ament_prefix_path.sh
[44.181s] -- Installing: /home/rm_autoaim/suep2026/2025_ws/install/rm_serial_driver/share/rm_serial_driver/environment/ament_prefix_path.dsv
[44.181s] -- Installing: /home/rm_autoaim/suep2026/2025_ws/install/rm_serial_driver/share/rm_serial_driver/environment/path.sh
[44.181s] -- Installing: /home/rm_autoaim/suep2026/2025_ws/install/rm_serial_driver/share/rm_serial_driver/environment/path.dsv
[44.181s] -- Installing: /home/rm_autoaim/suep2026/2025_ws/install/rm_serial_driver/share/rm_serial_driver/local_setup.bash
[44.181s] -- Installing: /home/rm_autoaim/suep2026/2025_ws/install/rm_serial_driver/share/rm_serial_driver/local_setup.sh
[44.181s] -- Installing: /home/rm_autoaim/suep2026/2025_ws/install/rm_serial_driver/share/rm_serial_driver/local_setup.zsh
[44.181s] -- Installing: /home/rm_autoaim/suep2026/2025_ws/install/rm_serial_driver/share/rm_serial_driver/local_setup.dsv
[44.181s] -- Installing: /home/rm_autoaim/suep2026/2025_ws/install/rm_serial_driver/share/rm_serial_driver/package.dsv
[44.181s] -- Installing: /home/rm_autoaim/suep2026/2025_ws/install/rm_serial_driver/share/ament_index/resource_index/packages/rm_serial_driver
[44.181s] -- Installing: /home/rm_autoaim/suep2026/2025_ws/install/rm_serial_driver/share/ament_index/resource_index/rclcpp_components/rm_serial_driver
[44.181s] -- Installing: /home/rm_autoaim/suep2026/2025_ws/install/rm_serial_driver/share/rm_serial_driver/cmake/ament_cmake_export_dependencies-extras.cmake
[44.182s] -- Installing: /home/rm_autoaim/suep2026/2025_ws/install/rm_serial_driver/share/rm_serial_driver/cmake/ament_cmake_export_include_directories-extras.cmake
[44.182s] -- Installing: /home/rm_autoaim/suep2026/2025_ws/install/rm_serial_driver/share/rm_serial_driver/cmake/ament_cmake_export_libraries-extras.cmake
[44.182s] -- Installing: /home/rm_autoaim/suep2026/2025_ws/install/rm_serial_driver/share/rm_serial_driver/cmake/rm_serial_driverConfig.cmake
[44.182s] -- Installing: /home/rm_autoaim/suep2026/2025_ws/install/rm_serial_driver/share/rm_serial_driver/cmake/rm_serial_driverConfig-version.cmake
[44.182s] -- Installing: /home/rm_autoaim/suep2026/2025_ws/install/rm_serial_driver/share/rm_serial_driver/package.xml
[44.184s] Invoked command in '/home/rm_autoaim/suep2026/2025_ws/build/rm_serial_driver' returned '0': CMAKE_PREFIX_PATH=/home/rm_autoaim/suep2026/2025_ws/install/buff_interfaces:/home/rm_autoaim/suep2026/2025_ws/install/auto_aim_interfaces:/home/rm_autoaim/suep2026/2025_ws/install/rm_vision_bringup:/home/rm_autoaim/suep2026/2025_ws/install/rm_buff_bringup:/home/rm_autoaim/suep2026/2025_ws/install/rm_serial_driver:/home/rm_autoaim/suep2026/2025_ws/install/rm_gimbal_description:/home/rm_autoaim/suep2026/2025_ws/install/rm_buff:/home/rm_autoaim/suep2026/2025_ws/install/rm_auto_record:/home/rm_autoaim/suep2026/2025_ws/install/rm_auto_aim:/home/rm_autoaim/suep2026/2025_ws/install/hik_camera:/home/rm_autoaim/suep2026/2025_ws/install/buff_tracker:/home/rm_autoaim/suep2026/2025_ws/install/buff_detector:/home/rm_autoaim/suep2026/2025_ws/install/armor_tracker:/home/rm_autoaim/suep2026/2025_ws/install/armor_detector:/opt/ros/humble LD_LIBRARY_PATH=/home/rm_autoaim/suep2026/2025_ws/install/buff_interfaces/lib:/home/rm_autoaim/suep2026/2025_ws/install/auto_aim_interfaces/lib:/home/rm_autoaim/suep2026/2025_ws/install/rm_serial_driver/lib:/home/rm_autoaim/suep2026/2025_ws/install/rm_auto_record/lib:/home/rm_autoaim/suep2026/2025_ws/install/hik_camera/lib:/home/rm_autoaim/suep2026/2025_ws/install/buff_tracker/lib:/home/rm_autoaim/suep2026/2025_ws/install/buff_detector/lib:/home/rm_autoaim/suep2026/2025_ws/install/armor_tracker/lib:/home/rm_autoaim/suep2026/2025_ws/install/armor_detector/lib:/opt/ros/humble/opt/rviz_ogre_vendor/lib:/opt/ros/humble/lib/x86_64-linux-gnu:/opt/ros/humble/lib:/opt/MVS/lib/64:/opt/MVS/lib/32 /usr/bin/cmake --install /home/rm_autoaim/suep2026/2025_ws/build/rm_serial_driver
