[0.075s] Invoking command in '/home/rm_autoaim/suep2026/2025_ws/build/armor_tracker': CMAKE_PREFIX_PATH=/home/rm_autoaim/suep2026/2025_ws/install/auto_aim_interfaces:/home/rm_autoaim/suep2026/2025_ws/install/rm_vision_bringup:/home/rm_autoaim/suep2026/2025_ws/install/rm_buff_bringup:/home/rm_autoaim/suep2026/2025_ws/install/rm_serial_driver:/home/rm_autoaim/suep2026/2025_ws/install/rm_gimbal_description:/home/rm_autoaim/suep2026/2025_ws/install/rm_buff:/home/rm_autoaim/suep2026/2025_ws/install/rm_auto_record:/home/rm_autoaim/suep2026/2025_ws/install/rm_auto_aim:/home/rm_autoaim/suep2026/2025_ws/install/hik_camera:/home/rm_autoaim/suep2026/2025_ws/install/buff_tracker:/home/rm_autoaim/suep2026/2025_ws/install/buff_detector:/home/rm_autoaim/suep2026/2025_ws/install/buff_interfaces:/home/rm_autoaim/suep2026/2025_ws/install/armor_tracker:/home/rm_autoaim/suep2026/2025_ws/install/armor_detector:/opt/ros/humble LD_LIBRARY_PATH=/home/rm_autoaim/suep2026/2025_ws/install/auto_aim_interfaces/lib:/home/rm_autoaim/suep2026/2025_ws/install/rm_serial_driver/lib:/home/rm_autoaim/suep2026/2025_ws/install/rm_auto_record/lib:/home/rm_autoaim/suep2026/2025_ws/install/hik_camera/lib:/home/rm_autoaim/suep2026/2025_ws/install/buff_tracker/lib:/home/rm_autoaim/suep2026/2025_ws/install/buff_detector/lib:/home/rm_autoaim/suep2026/2025_ws/install/buff_interfaces/lib:/home/rm_autoaim/suep2026/2025_ws/install/armor_tracker/lib:/home/rm_autoaim/suep2026/2025_ws/install/armor_detector/lib:/opt/ros/humble/opt/rviz_ogre_vendor/lib:/opt/ros/humble/lib/x86_64-linux-gnu:/opt/ros/humble/lib:/opt/MVS/lib/64:/opt/MVS/lib/32 /usr/bin/cmake --build /home/rm_autoaim/suep2026/2025_ws/build/armor_tracker -- -j8 -l8
[0.157s] [ 33%] Built target armor_tracker_node
[0.160s] [100%] Built target armor_tracker
[0.182s] Invoked command in '/home/rm_autoaim/suep2026/2025_ws/build/armor_tracker' returned '0': CMAKE_PREFIX_PATH=/home/rm_autoaim/suep2026/2025_ws/install/auto_aim_interfaces:/home/rm_autoaim/suep2026/2025_ws/install/rm_vision_bringup:/home/rm_autoaim/suep2026/2025_ws/install/rm_buff_bringup:/home/rm_autoaim/suep2026/2025_ws/install/rm_serial_driver:/home/rm_autoaim/suep2026/2025_ws/install/rm_gimbal_description:/home/rm_autoaim/suep2026/2025_ws/install/rm_buff:/home/rm_autoaim/suep2026/2025_ws/install/rm_auto_record:/home/rm_autoaim/suep2026/2025_ws/install/rm_auto_aim:/home/rm_autoaim/suep2026/2025_ws/install/hik_camera:/home/rm_autoaim/suep2026/2025_ws/install/buff_tracker:/home/rm_autoaim/suep2026/2025_ws/install/buff_detector:/home/rm_autoaim/suep2026/2025_ws/install/buff_interfaces:/home/rm_autoaim/suep2026/2025_ws/install/armor_tracker:/home/rm_autoaim/suep2026/2025_ws/install/armor_detector:/opt/ros/humble LD_LIBRARY_PATH=/home/rm_autoaim/suep2026/2025_ws/install/auto_aim_interfaces/lib:/home/rm_autoaim/suep2026/2025_ws/install/rm_serial_driver/lib:/home/rm_autoaim/suep2026/2025_ws/install/rm_auto_record/lib:/home/rm_autoaim/suep2026/2025_ws/install/hik_camera/lib:/home/rm_autoaim/suep2026/2025_ws/install/buff_tracker/lib:/home/rm_autoaim/suep2026/2025_ws/install/buff_detector/lib:/home/rm_autoaim/suep2026/2025_ws/install/buff_interfaces/lib:/home/rm_autoaim/suep2026/2025_ws/install/armor_tracker/lib:/home/rm_autoaim/suep2026/2025_ws/install/armor_detector/lib:/opt/ros/humble/opt/rviz_ogre_vendor/lib:/opt/ros/humble/lib/x86_64-linux-gnu:/opt/ros/humble/lib:/opt/MVS/lib/64:/opt/MVS/lib/32 /usr/bin/cmake --build /home/rm_autoaim/suep2026/2025_ws/build/armor_tracker -- -j8 -l8
[0.187s] Invoking command in '/home/rm_autoaim/suep2026/2025_ws/build/armor_tracker': CMAKE_PREFIX_PATH=/home/rm_autoaim/suep2026/2025_ws/install/auto_aim_interfaces:/home/rm_autoaim/suep2026/2025_ws/install/rm_vision_bringup:/home/rm_autoaim/suep2026/2025_ws/install/rm_buff_bringup:/home/rm_autoaim/suep2026/2025_ws/install/rm_serial_driver:/home/rm_autoaim/suep2026/2025_ws/install/rm_gimbal_description:/home/rm_autoaim/suep2026/2025_ws/install/rm_buff:/home/rm_autoaim/suep2026/2025_ws/install/rm_auto_record:/home/rm_autoaim/suep2026/2025_ws/install/rm_auto_aim:/home/rm_autoaim/suep2026/2025_ws/install/hik_camera:/home/rm_autoaim/suep2026/2025_ws/install/buff_tracker:/home/rm_autoaim/suep2026/2025_ws/install/buff_detector:/home/rm_autoaim/suep2026/2025_ws/install/buff_interfaces:/home/rm_autoaim/suep2026/2025_ws/install/armor_tracker:/home/rm_autoaim/suep2026/2025_ws/install/armor_detector:/opt/ros/humble LD_LIBRARY_PATH=/home/rm_autoaim/suep2026/2025_ws/install/auto_aim_interfaces/lib:/home/rm_autoaim/suep2026/2025_ws/install/rm_serial_driver/lib:/home/rm_autoaim/suep2026/2025_ws/install/rm_auto_record/lib:/home/rm_autoaim/suep2026/2025_ws/install/hik_camera/lib:/home/rm_autoaim/suep2026/2025_ws/install/buff_tracker/lib:/home/rm_autoaim/suep2026/2025_ws/install/buff_detector/lib:/home/rm_autoaim/suep2026/2025_ws/install/buff_interfaces/lib:/home/rm_autoaim/suep2026/2025_ws/install/armor_tracker/lib:/home/rm_autoaim/suep2026/2025_ws/install/armor_detector/lib:/opt/ros/humble/opt/rviz_ogre_vendor/lib:/opt/ros/humble/lib/x86_64-linux-gnu:/opt/ros/humble/lib:/opt/MVS/lib/64:/opt/MVS/lib/32 /usr/bin/cmake --install /home/rm_autoaim/suep2026/2025_ws/build/armor_tracker
[0.197s] -- Install configuration: ""
[0.197s] -- Up-to-date: /home/rm_autoaim/suep2026/2025_ws/install/armor_tracker/lib/armor_tracker/armor_tracker_node
[0.199s] -- Up-to-date: /home/rm_autoaim/suep2026/2025_ws/install/armor_tracker/include
[0.199s] -- Up-to-date: /home/rm_autoaim/suep2026/2025_ws/install/armor_tracker/include/armor_tracker
[0.200s] -- Up-to-date: /home/rm_autoaim/suep2026/2025_ws/install/armor_tracker/include/armor_tracker/tracker.hpp
[0.200s] -- Up-to-date: /home/rm_autoaim/suep2026/2025_ws/install/armor_tracker/include/armor_tracker/tracker_node.hpp
[0.200s] -- Up-to-date: /home/rm_autoaim/suep2026/2025_ws/install/armor_tracker/include/armor_tracker/extended_kalman_filter.hpp
[0.200s] -- Up-to-date: /home/rm_autoaim/suep2026/2025_ws/install/armor_tracker/share/armor_tracker/environment/library_path.sh
[0.200s] -- Up-to-date: /home/rm_autoaim/suep2026/2025_ws/install/armor_tracker/share/armor_tracker/environment/library_path.dsv
[0.200s] -- Up-to-date: /home/rm_autoaim/suep2026/2025_ws/install/armor_tracker/lib/libarmor_tracker.so
[0.200s] -- Up-to-date: /home/rm_autoaim/suep2026/2025_ws/install/armor_tracker/share/ament_index/resource_index/package_run_dependencies/armor_tracker
[0.200s] -- Up-to-date: /home/rm_autoaim/suep2026/2025_ws/install/armor_tracker/share/ament_index/resource_index/parent_prefix_path/armor_tracker
[0.200s] -- Up-to-date: /home/rm_autoaim/suep2026/2025_ws/install/armor_tracker/share/armor_tracker/environment/ament_prefix_path.sh
[0.201s] -- Up-to-date: /home/rm_autoaim/suep2026/2025_ws/install/armor_tracker/share/armor_tracker/environment/ament_prefix_path.dsv
[0.201s] -- Up-to-date: /home/rm_autoaim/suep2026/2025_ws/install/armor_tracker/share/armor_tracker/environment/path.sh
[0.201s] -- Up-to-date: /home/rm_autoaim/suep2026/2025_ws/install/armor_tracker/share/armor_tracker/environment/path.dsv
[0.201s] -- Up-to-date: /home/rm_autoaim/suep2026/2025_ws/install/armor_tracker/share/armor_tracker/local_setup.bash
[0.201s] -- Up-to-date: /home/rm_autoaim/suep2026/2025_ws/install/armor_tracker/share/armor_tracker/local_setup.sh
[0.201s] -- Up-to-date: /home/rm_autoaim/suep2026/2025_ws/install/armor_tracker/share/armor_tracker/local_setup.zsh
[0.201s] -- Up-to-date: /home/rm_autoaim/suep2026/2025_ws/install/armor_tracker/share/armor_tracker/local_setup.dsv
[0.201s] -- Installing: /home/rm_autoaim/suep2026/2025_ws/install/armor_tracker/share/armor_tracker/package.dsv
[0.202s] -- Up-to-date: /home/rm_autoaim/suep2026/2025_ws/install/armor_tracker/share/ament_index/resource_index/packages/armor_tracker
[0.203s] -- Up-to-date: /home/rm_autoaim/suep2026/2025_ws/install/armor_tracker/share/ament_index/resource_index/rclcpp_components/armor_tracker
[0.203s] -- Up-to-date: /home/rm_autoaim/suep2026/2025_ws/install/armor_tracker/share/armor_tracker/cmake/ament_cmake_export_dependencies-extras.cmake
[0.203s] -- Up-to-date: /home/rm_autoaim/suep2026/2025_ws/install/armor_tracker/share/armor_tracker/cmake/ament_cmake_export_include_directories-extras.cmake
[0.203s] -- Up-to-date: /home/rm_autoaim/suep2026/2025_ws/install/armor_tracker/share/armor_tracker/cmake/ament_cmake_export_libraries-extras.cmake
[0.204s] -- Up-to-date: /home/rm_autoaim/suep2026/2025_ws/install/armor_tracker/share/armor_tracker/cmake/armor_trackerConfig.cmake
[0.204s] -- Up-to-date: /home/rm_autoaim/suep2026/2025_ws/install/armor_tracker/share/armor_tracker/cmake/armor_trackerConfig-version.cmake
[0.204s] -- Up-to-date: /home/rm_autoaim/suep2026/2025_ws/install/armor_tracker/share/armor_tracker/package.xml
[0.206s] Invoked command in '/home/rm_autoaim/suep2026/2025_ws/build/armor_tracker' returned '0': CMAKE_PREFIX_PATH=/home/rm_autoaim/suep2026/2025_ws/install/auto_aim_interfaces:/home/rm_autoaim/suep2026/2025_ws/install/rm_vision_bringup:/home/rm_autoaim/suep2026/2025_ws/install/rm_buff_bringup:/home/rm_autoaim/suep2026/2025_ws/install/rm_serial_driver:/home/rm_autoaim/suep2026/2025_ws/install/rm_gimbal_description:/home/rm_autoaim/suep2026/2025_ws/install/rm_buff:/home/rm_autoaim/suep2026/2025_ws/install/rm_auto_record:/home/rm_autoaim/suep2026/2025_ws/install/rm_auto_aim:/home/rm_autoaim/suep2026/2025_ws/install/hik_camera:/home/rm_autoaim/suep2026/2025_ws/install/buff_tracker:/home/rm_autoaim/suep2026/2025_ws/install/buff_detector:/home/rm_autoaim/suep2026/2025_ws/install/buff_interfaces:/home/rm_autoaim/suep2026/2025_ws/install/armor_tracker:/home/rm_autoaim/suep2026/2025_ws/install/armor_detector:/opt/ros/humble LD_LIBRARY_PATH=/home/rm_autoaim/suep2026/2025_ws/install/auto_aim_interfaces/lib:/home/rm_autoaim/suep2026/2025_ws/install/rm_serial_driver/lib:/home/rm_autoaim/suep2026/2025_ws/install/rm_auto_record/lib:/home/rm_autoaim/suep2026/2025_ws/install/hik_camera/lib:/home/rm_autoaim/suep2026/2025_ws/install/buff_tracker/lib:/home/rm_autoaim/suep2026/2025_ws/install/buff_detector/lib:/home/rm_autoaim/suep2026/2025_ws/install/buff_interfaces/lib:/home/rm_autoaim/suep2026/2025_ws/install/armor_tracker/lib:/home/rm_autoaim/suep2026/2025_ws/install/armor_detector/lib:/opt/ros/humble/opt/rviz_ogre_vendor/lib:/opt/ros/humble/lib/x86_64-linux-gnu:/opt/ros/humble/lib:/opt/MVS/lib/64:/opt/MVS/lib/32 /usr/bin/cmake --install /home/rm_autoaim/suep2026/2025_ws/build/armor_tracker
