[0.077s] DEBUG:colcon:Command line arguments: ['/usr/bin/colcon', 'build']
[0.077s] DEBUG:colcon:Parsed command line arguments: Namespace(log_base=None, log_level=None, verb_name='build', build_base='build', install_base='install', merge_install=False, symlink_install=False, test_result_base=None, continue_on_error=False, executor='parallel', parallel_workers=8, event_handlers=None, ignore_user_meta=False, metas=['./colcon.meta'], base_paths=['.'], packages_ignore=None, packages_ignore_regex=None, paths=None, packages_up_to=None, packages_up_to_regex=None, packages_above=None, packages_above_and_dependencies=None, packages_above_depth=None, packages_select_by_dep=None, packages_skip_by_dep=None, packages_skip_up_to=None, packages_select_build_failed=False, packages_skip_build_finished=False, packages_select_test_failures=False, packages_skip_test_passed=False, packages_select=None, packages_skip=None, packages_select_regex=None, packages_skip_regex=None, packages_start=None, packages_end=None, allow_overriding=[], cmake_args=None, cmake_target=None, cmake_target_skip_unavailable=False, cmake_clean_cache=False, cmake_clean_first=False, cmake_force_configure=False, ament_cmake_args=None, catkin_cmake_args=None, catkin_skip_building_tests=False, verb_parser=<colcon_defaults.argument_parser.defaults.DefaultArgumentsDecorator object at 0x7f1569e040a0>, verb_extension=<colcon_core.verb.build.BuildVerb object at 0x7f1569dc3b50>, main=<bound method BuildVerb.main of <colcon_core.verb.build.BuildVerb object at 0x7f1569dc3b50>>)
[0.189s] Level 1:colcon.colcon_core.package_discovery:discover_packages(colcon_meta) check parameters
[0.189s] Level 1:colcon.colcon_core.package_discovery:discover_packages(recursive) check parameters
[0.189s] Level 1:colcon.colcon_core.package_discovery:discover_packages(ignore) check parameters
[0.189s] Level 1:colcon.colcon_core.package_discovery:discover_packages(path) check parameters
[0.189s] Level 1:colcon.colcon_core.package_discovery:discover_packages(colcon_meta) discover
[0.189s] Level 1:colcon.colcon_core.package_discovery:discover_packages(recursive) discover
[0.189s] INFO:colcon.colcon_core.package_discovery:Crawling recursively for packages in '/home/rm_autoaim/suep2026/rm_ws'
[0.189s] Level 1:colcon.colcon_core.package_identification:_identify(.) by extensions ['ignore', 'ignore_ament_install']
[0.190s] Level 1:colcon.colcon_core.package_identification:_identify(.) by extension 'ignore'
[0.190s] Level 1:colcon.colcon_core.package_identification:_identify(.) by extension 'ignore_ament_install'
[0.190s] Level 1:colcon.colcon_core.package_identification:_identify(.) by extensions ['colcon_pkg']
[0.190s] Level 1:colcon.colcon_core.package_identification:_identify(.) by extension 'colcon_pkg'
[0.190s] Level 1:colcon.colcon_core.package_identification:_identify(.) by extensions ['colcon_meta']
[0.190s] Level 1:colcon.colcon_core.package_identification:_identify(.) by extension 'colcon_meta'
[0.190s] Level 1:colcon.colcon_core.package_identification:_identify(.) by extensions ['ros']
[0.190s] Level 1:colcon.colcon_core.package_identification:_identify(.) by extension 'ros'
[0.198s] Level 1:colcon.colcon_core.package_identification:_identify(.) by extensions ['cmake', 'python']
[0.198s] Level 1:colcon.colcon_core.package_identification:_identify(.) by extension 'cmake'
[0.198s] Level 1:colcon.colcon_core.package_identification:_identify(.) by extension 'python'
[0.198s] Level 1:colcon.colcon_core.package_identification:_identify(.) by extensions ['python_setup_py']
[0.198s] Level 1:colcon.colcon_core.package_identification:_identify(.) by extension 'python_setup_py'
[0.199s] Level 1:colcon.colcon_core.package_identification:_identify(build) by extensions ['ignore', 'ignore_ament_install']
[0.199s] Level 1:colcon.colcon_core.package_identification:_identify(build) by extension 'ignore'
[0.199s] Level 1:colcon.colcon_core.package_identification:_identify(build) ignored
[0.199s] Level 1:colcon.colcon_core.package_identification:_identify(install) by extensions ['ignore', 'ignore_ament_install']
[0.199s] Level 1:colcon.colcon_core.package_identification:_identify(install) by extension 'ignore'
[0.199s] Level 1:colcon.colcon_core.package_identification:_identify(install) ignored
[0.199s] Level 1:colcon.colcon_core.package_identification:_identify(log) by extensions ['ignore', 'ignore_ament_install']
[0.199s] Level 1:colcon.colcon_core.package_identification:_identify(log) by extension 'ignore'
[0.199s] Level 1:colcon.colcon_core.package_identification:_identify(log) ignored
[0.199s] Level 1:colcon.colcon_core.package_identification:_identify(src) by extensions ['ignore', 'ignore_ament_install']
[0.199s] Level 1:colcon.colcon_core.package_identification:_identify(src) by extension 'ignore'
[0.199s] Level 1:colcon.colcon_core.package_identification:_identify(src) by extension 'ignore_ament_install'
[0.199s] Level 1:colcon.colcon_core.package_identification:_identify(src) by extensions ['colcon_pkg']
[0.199s] Level 1:colcon.colcon_core.package_identification:_identify(src) by extension 'colcon_pkg'
[0.199s] Level 1:colcon.colcon_core.package_identification:_identify(src) by extensions ['colcon_meta']
[0.199s] Level 1:colcon.colcon_core.package_identification:_identify(src) by extension 'colcon_meta'
[0.199s] Level 1:colcon.colcon_core.package_identification:_identify(src) by extensions ['ros']
[0.199s] Level 1:colcon.colcon_core.package_identification:_identify(src) by extension 'ros'
[0.199s] Level 1:colcon.colcon_core.package_identification:_identify(src) by extensions ['cmake', 'python']
[0.199s] Level 1:colcon.colcon_core.package_identification:_identify(src) by extension 'cmake'
[0.199s] Level 1:colcon.colcon_core.package_identification:_identify(src) by extension 'python'
[0.199s] Level 1:colcon.colcon_core.package_identification:_identify(src) by extensions ['python_setup_py']
[0.199s] Level 1:colcon.colcon_core.package_identification:_identify(src) by extension 'python_setup_py'
[0.200s] Level 1:colcon.colcon_core.package_identification:_identify(src/hik_camera) by extensions ['ignore', 'ignore_ament_install']
[0.200s] Level 1:colcon.colcon_core.package_identification:_identify(src/hik_camera) by extension 'ignore'
[0.200s] Level 1:colcon.colcon_core.package_identification:_identify(src/hik_camera) by extension 'ignore_ament_install'
[0.200s] Level 1:colcon.colcon_core.package_identification:_identify(src/hik_camera) by extensions ['colcon_pkg']
[0.200s] Level 1:colcon.colcon_core.package_identification:_identify(src/hik_camera) by extension 'colcon_pkg'
[0.200s] Level 1:colcon.colcon_core.package_identification:_identify(src/hik_camera) by extensions ['colcon_meta']
[0.200s] Level 1:colcon.colcon_core.package_identification:_identify(src/hik_camera) by extension 'colcon_meta'
[0.200s] Level 1:colcon.colcon_core.package_identification:_identify(src/hik_camera) by extensions ['ros']
[0.200s] Level 1:colcon.colcon_core.package_identification:_identify(src/hik_camera) by extension 'ros'
[0.202s] DEBUG:colcon.colcon_core.package_identification:Package 'src/hik_camera' with type 'ros.ament_cmake' and name 'hik_camera'
[0.202s] Level 1:colcon.colcon_core.package_identification:_identify(src/rm_auto_aim) by extensions ['ignore', 'ignore_ament_install']
[0.202s] Level 1:colcon.colcon_core.package_identification:_identify(src/rm_auto_aim) by extension 'ignore'
[0.202s] Level 1:colcon.colcon_core.package_identification:_identify(src/rm_auto_aim) by extension 'ignore_ament_install'
[0.202s] Level 1:colcon.colcon_core.package_identification:_identify(src/rm_auto_aim) by extensions ['colcon_pkg']
[0.202s] Level 1:colcon.colcon_core.package_identification:_identify(src/rm_auto_aim) by extension 'colcon_pkg'
[0.202s] Level 1:colcon.colcon_core.package_identification:_identify(src/rm_auto_aim) by extensions ['colcon_meta']
[0.202s] Level 1:colcon.colcon_core.package_identification:_identify(src/rm_auto_aim) by extension 'colcon_meta'
[0.202s] Level 1:colcon.colcon_core.package_identification:_identify(src/rm_auto_aim) by extensions ['ros']
[0.202s] Level 1:colcon.colcon_core.package_identification:_identify(src/rm_auto_aim) by extension 'ros'
[0.202s] Level 1:colcon.colcon_core.package_identification:_identify(src/rm_auto_aim) by extensions ['cmake', 'python']
[0.202s] Level 1:colcon.colcon_core.package_identification:_identify(src/rm_auto_aim) by extension 'cmake'
[0.202s] Level 1:colcon.colcon_core.package_identification:_identify(src/rm_auto_aim) by extension 'python'
[0.202s] Level 1:colcon.colcon_core.package_identification:_identify(src/rm_auto_aim) by extensions ['python_setup_py']
[0.202s] Level 1:colcon.colcon_core.package_identification:_identify(src/rm_auto_aim) by extension 'python_setup_py'
[0.202s] Level 1:colcon.colcon_core.package_identification:_identify(src/rm_auto_aim/armor_detector) by extensions ['ignore', 'ignore_ament_install']
[0.203s] Level 1:colcon.colcon_core.package_identification:_identify(src/rm_auto_aim/armor_detector) by extension 'ignore'
[0.203s] Level 1:colcon.colcon_core.package_identification:_identify(src/rm_auto_aim/armor_detector) by extension 'ignore_ament_install'
[0.203s] Level 1:colcon.colcon_core.package_identification:_identify(src/rm_auto_aim/armor_detector) by extensions ['colcon_pkg']
[0.203s] Level 1:colcon.colcon_core.package_identification:_identify(src/rm_auto_aim/armor_detector) by extension 'colcon_pkg'
[0.203s] Level 1:colcon.colcon_core.package_identification:_identify(src/rm_auto_aim/armor_detector) by extensions ['colcon_meta']
[0.203s] Level 1:colcon.colcon_core.package_identification:_identify(src/rm_auto_aim/armor_detector) by extension 'colcon_meta'
[0.203s] Level 1:colcon.colcon_core.package_identification:_identify(src/rm_auto_aim/armor_detector) by extensions ['ros']
[0.203s] Level 1:colcon.colcon_core.package_identification:_identify(src/rm_auto_aim/armor_detector) by extension 'ros'
[0.204s] DEBUG:colcon.colcon_core.package_identification:Package 'src/rm_auto_aim/armor_detector' with type 'ros.ament_cmake' and name 'armor_detector'
[0.204s] Level 1:colcon.colcon_core.package_identification:_identify(src/rm_auto_aim/armor_tracker) by extensions ['ignore', 'ignore_ament_install']
[0.204s] Level 1:colcon.colcon_core.package_identification:_identify(src/rm_auto_aim/armor_tracker) by extension 'ignore'
[0.204s] Level 1:colcon.colcon_core.package_identification:_identify(src/rm_auto_aim/armor_tracker) by extension 'ignore_ament_install'
[0.204s] Level 1:colcon.colcon_core.package_identification:_identify(src/rm_auto_aim/armor_tracker) by extensions ['colcon_pkg']
[0.204s] Level 1:colcon.colcon_core.package_identification:_identify(src/rm_auto_aim/armor_tracker) by extension 'colcon_pkg'
[0.204s] Level 1:colcon.colcon_core.package_identification:_identify(src/rm_auto_aim/armor_tracker) by extensions ['colcon_meta']
[0.204s] Level 1:colcon.colcon_core.package_identification:_identify(src/rm_auto_aim/armor_tracker) by extension 'colcon_meta'
[0.204s] Level 1:colcon.colcon_core.package_identification:_identify(src/rm_auto_aim/armor_tracker) by extensions ['ros']
[0.204s] Level 1:colcon.colcon_core.package_identification:_identify(src/rm_auto_aim/armor_tracker) by extension 'ros'
[0.205s] DEBUG:colcon.colcon_core.package_identification:Package 'src/rm_auto_aim/armor_tracker' with type 'ros.ament_cmake' and name 'armor_tracker'
[0.205s] Level 1:colcon.colcon_core.package_identification:_identify(src/rm_auto_aim/auto_aim_interfaces) by extensions ['ignore', 'ignore_ament_install']
[0.205s] Level 1:colcon.colcon_core.package_identification:_identify(src/rm_auto_aim/auto_aim_interfaces) by extension 'ignore'
[0.205s] Level 1:colcon.colcon_core.package_identification:_identify(src/rm_auto_aim/auto_aim_interfaces) by extension 'ignore_ament_install'
[0.205s] Level 1:colcon.colcon_core.package_identification:_identify(src/rm_auto_aim/auto_aim_interfaces) by extensions ['colcon_pkg']
[0.205s] Level 1:colcon.colcon_core.package_identification:_identify(src/rm_auto_aim/auto_aim_interfaces) by extension 'colcon_pkg'
[0.205s] Level 1:colcon.colcon_core.package_identification:_identify(src/rm_auto_aim/auto_aim_interfaces) by extensions ['colcon_meta']
[0.205s] Level 1:colcon.colcon_core.package_identification:_identify(src/rm_auto_aim/auto_aim_interfaces) by extension 'colcon_meta'
[0.205s] Level 1:colcon.colcon_core.package_identification:_identify(src/rm_auto_aim/auto_aim_interfaces) by extensions ['ros']
[0.205s] Level 1:colcon.colcon_core.package_identification:_identify(src/rm_auto_aim/auto_aim_interfaces) by extension 'ros'
[0.206s] DEBUG:colcon.colcon_core.package_identification:Package 'src/rm_auto_aim/auto_aim_interfaces' with type 'ros.ament_cmake' and name 'auto_aim_interfaces'
[0.206s] Level 1:colcon.colcon_core.package_identification:_identify(src/rm_gimbal_description) by extensions ['ignore', 'ignore_ament_install']
[0.206s] Level 1:colcon.colcon_core.package_identification:_identify(src/rm_gimbal_description) by extension 'ignore'
[0.206s] Level 1:colcon.colcon_core.package_identification:_identify(src/rm_gimbal_description) by extension 'ignore_ament_install'
[0.206s] Level 1:colcon.colcon_core.package_identification:_identify(src/rm_gimbal_description) by extensions ['colcon_pkg']
[0.206s] Level 1:colcon.colcon_core.package_identification:_identify(src/rm_gimbal_description) by extension 'colcon_pkg'
[0.206s] Level 1:colcon.colcon_core.package_identification:_identify(src/rm_gimbal_description) by extensions ['colcon_meta']
[0.206s] Level 1:colcon.colcon_core.package_identification:_identify(src/rm_gimbal_description) by extension 'colcon_meta'
[0.206s] Level 1:colcon.colcon_core.package_identification:_identify(src/rm_gimbal_description) by extensions ['ros']
[0.206s] Level 1:colcon.colcon_core.package_identification:_identify(src/rm_gimbal_description) by extension 'ros'
[0.206s] DEBUG:colcon.colcon_core.package_identification:Package 'src/rm_gimbal_description' with type 'ros.ament_cmake' and name 'rm_gimbal_description'
[0.207s] Level 1:colcon.colcon_core.package_identification:_identify(src/rm_serial_driver) by extensions ['ignore', 'ignore_ament_install']
[0.207s] Level 1:colcon.colcon_core.package_identification:_identify(src/rm_serial_driver) by extension 'ignore'
[0.207s] Level 1:colcon.colcon_core.package_identification:_identify(src/rm_serial_driver) by extension 'ignore_ament_install'
[0.207s] Level 1:colcon.colcon_core.package_identification:_identify(src/rm_serial_driver) by extensions ['colcon_pkg']
[0.207s] Level 1:colcon.colcon_core.package_identification:_identify(src/rm_serial_driver) by extension 'colcon_pkg'
[0.207s] Level 1:colcon.colcon_core.package_identification:_identify(src/rm_serial_driver) by extensions ['colcon_meta']
[0.207s] Level 1:colcon.colcon_core.package_identification:_identify(src/rm_serial_driver) by extension 'colcon_meta'
[0.207s] Level 1:colcon.colcon_core.package_identification:_identify(src/rm_serial_driver) by extensions ['ros']
[0.207s] Level 1:colcon.colcon_core.package_identification:_identify(src/rm_serial_driver) by extension 'ros'
[0.208s] DEBUG:colcon.colcon_core.package_identification:Package 'src/rm_serial_driver' with type 'ros.ament_cmake' and name 'rm_serial_driver'
[0.208s] Level 1:colcon.colcon_core.package_identification:_identify(src/rm_vision) by extensions ['ignore', 'ignore_ament_install']
[0.208s] Level 1:colcon.colcon_core.package_identification:_identify(src/rm_vision) by extension 'ignore'
[0.208s] Level 1:colcon.colcon_core.package_identification:_identify(src/rm_vision) by extension 'ignore_ament_install'
[0.208s] Level 1:colcon.colcon_core.package_identification:_identify(src/rm_vision) by extensions ['colcon_pkg']
[0.208s] Level 1:colcon.colcon_core.package_identification:_identify(src/rm_vision) by extension 'colcon_pkg'
[0.208s] Level 1:colcon.colcon_core.package_identification:_identify(src/rm_vision) by extensions ['colcon_meta']
[0.208s] Level 1:colcon.colcon_core.package_identification:_identify(src/rm_vision) by extension 'colcon_meta'
[0.208s] Level 1:colcon.colcon_core.package_identification:_identify(src/rm_vision) by extensions ['ros']
[0.208s] Level 1:colcon.colcon_core.package_identification:_identify(src/rm_vision) by extension 'ros'
[0.208s] Level 1:colcon.colcon_core.package_identification:_identify(src/rm_vision) by extensions ['cmake', 'python']
[0.208s] Level 1:colcon.colcon_core.package_identification:_identify(src/rm_vision) by extension 'cmake'
[0.208s] Level 1:colcon.colcon_core.package_identification:_identify(src/rm_vision) by extension 'python'
[0.208s] Level 1:colcon.colcon_core.package_identification:_identify(src/rm_vision) by extensions ['python_setup_py']
[0.208s] Level 1:colcon.colcon_core.package_identification:_identify(src/rm_vision) by extension 'python_setup_py'
[0.208s] Level 1:colcon.colcon_core.package_identification:_identify(src/rm_vision/rm_vision_bringup) by extensions ['ignore', 'ignore_ament_install']
[0.208s] Level 1:colcon.colcon_core.package_identification:_identify(src/rm_vision/rm_vision_bringup) by extension 'ignore'
[0.208s] Level 1:colcon.colcon_core.package_identification:_identify(src/rm_vision/rm_vision_bringup) by extension 'ignore_ament_install'
[0.208s] Level 1:colcon.colcon_core.package_identification:_identify(src/rm_vision/rm_vision_bringup) by extensions ['colcon_pkg']
[0.208s] Level 1:colcon.colcon_core.package_identification:_identify(src/rm_vision/rm_vision_bringup) by extension 'colcon_pkg'
[0.209s] Level 1:colcon.colcon_core.package_identification:_identify(src/rm_vision/rm_vision_bringup) by extensions ['colcon_meta']
[0.209s] Level 1:colcon.colcon_core.package_identification:_identify(src/rm_vision/rm_vision_bringup) by extension 'colcon_meta'
[0.209s] Level 1:colcon.colcon_core.package_identification:_identify(src/rm_vision/rm_vision_bringup) by extensions ['ros']
[0.209s] Level 1:colcon.colcon_core.package_identification:_identify(src/rm_vision/rm_vision_bringup) by extension 'ros'
[0.209s] DEBUG:colcon.colcon_core.package_identification:Package 'src/rm_vision/rm_vision_bringup' with type 'ros.ament_cmake' and name 'rm_vision_bringup'
[0.209s] Level 1:colcon.colcon_core.package_discovery:discover_packages(recursive) using defaults
[0.209s] Level 1:colcon.colcon_core.package_discovery:discover_packages(ignore) discover
[0.209s] Level 1:colcon.colcon_core.package_discovery:discover_packages(ignore) using defaults
[0.209s] Level 1:colcon.colcon_core.package_discovery:discover_packages(path) discover
[0.209s] Level 1:colcon.colcon_core.package_discovery:discover_packages(path) using defaults
[0.225s] Level 1:colcon.colcon_core.package_discovery:discover_packages(prefix_path) check parameters
[0.225s] Level 1:colcon.colcon_core.package_discovery:discover_packages(prefix_path) discover
[0.227s] DEBUG:colcon.colcon_installed_package_information.package_discovery:Found 279 installed packages in /opt/ros/humble
[0.236s] Level 1:colcon.colcon_core.package_discovery:discover_packages(prefix_path) using defaults
[0.262s] Level 5:colcon.colcon_core.verb:set package 'auto_aim_interfaces' build argument 'cmake_args' from command line to 'None'
[0.262s] Level 5:colcon.colcon_core.verb:set package 'auto_aim_interfaces' build argument 'cmake_target' from command line to 'None'
[0.262s] Level 5:colcon.colcon_core.verb:set package 'auto_aim_interfaces' build argument 'cmake_target_skip_unavailable' from command line to 'False'
[0.262s] Level 5:colcon.colcon_core.verb:set package 'auto_aim_interfaces' build argument 'cmake_clean_cache' from command line to 'False'
[0.262s] Level 5:colcon.colcon_core.verb:set package 'auto_aim_interfaces' build argument 'cmake_clean_first' from command line to 'False'
[0.262s] Level 5:colcon.colcon_core.verb:set package 'auto_aim_interfaces' build argument 'cmake_force_configure' from command line to 'False'
[0.262s] Level 5:colcon.colcon_core.verb:set package 'auto_aim_interfaces' build argument 'ament_cmake_args' from command line to 'None'
[0.262s] Level 5:colcon.colcon_core.verb:set package 'auto_aim_interfaces' build argument 'catkin_cmake_args' from command line to 'None'
[0.262s] Level 5:colcon.colcon_core.verb:set package 'auto_aim_interfaces' build argument 'catkin_skip_building_tests' from command line to 'False'
[0.262s] DEBUG:colcon.colcon_core.verb:Building package 'auto_aim_interfaces' with the following arguments: {'ament_cmake_args': None, 'build_base': '/home/rm_autoaim/suep2026/rm_ws/build/auto_aim_interfaces', 'catkin_cmake_args': None, 'catkin_skip_building_tests': False, 'cmake_args': None, 'cmake_clean_cache': False, 'cmake_clean_first': False, 'cmake_force_configure': False, 'cmake_target': None, 'cmake_target_skip_unavailable': False, 'install_base': '/home/rm_autoaim/suep2026/rm_ws/install/auto_aim_interfaces', 'merge_install': False, 'path': '/home/rm_autoaim/suep2026/rm_ws/src/rm_auto_aim/auto_aim_interfaces', 'symlink_install': False, 'test_result_base': None}
[0.262s] Level 5:colcon.colcon_core.verb:set package 'hik_camera' build argument 'cmake_args' from command line to 'None'
[0.262s] Level 5:colcon.colcon_core.verb:set package 'hik_camera' build argument 'cmake_target' from command line to 'None'
[0.263s] Level 5:colcon.colcon_core.verb:set package 'hik_camera' build argument 'cmake_target_skip_unavailable' from command line to 'False'
[0.263s] Level 5:colcon.colcon_core.verb:set package 'hik_camera' build argument 'cmake_clean_cache' from command line to 'False'
[0.263s] Level 5:colcon.colcon_core.verb:set package 'hik_camera' build argument 'cmake_clean_first' from command line to 'False'
[0.263s] Level 5:colcon.colcon_core.verb:set package 'hik_camera' build argument 'cmake_force_configure' from command line to 'False'
[0.263s] Level 5:colcon.colcon_core.verb:set package 'hik_camera' build argument 'ament_cmake_args' from command line to 'None'
[0.263s] Level 5:colcon.colcon_core.verb:set package 'hik_camera' build argument 'catkin_cmake_args' from command line to 'None'
[0.263s] Level 5:colcon.colcon_core.verb:set package 'hik_camera' build argument 'catkin_skip_building_tests' from command line to 'False'
[0.263s] DEBUG:colcon.colcon_core.verb:Building package 'hik_camera' with the following arguments: {'ament_cmake_args': None, 'build_base': '/home/rm_autoaim/suep2026/rm_ws/build/hik_camera', 'catkin_cmake_args': None, 'catkin_skip_building_tests': False, 'cmake_args': None, 'cmake_clean_cache': False, 'cmake_clean_first': False, 'cmake_force_configure': False, 'cmake_target': None, 'cmake_target_skip_unavailable': False, 'install_base': '/home/rm_autoaim/suep2026/rm_ws/install/hik_camera', 'merge_install': False, 'path': '/home/rm_autoaim/suep2026/rm_ws/src/hik_camera', 'symlink_install': False, 'test_result_base': None}
[0.263s] Level 5:colcon.colcon_core.verb:set package 'rm_gimbal_description' build argument 'cmake_args' from command line to 'None'
[0.263s] Level 5:colcon.colcon_core.verb:set package 'rm_gimbal_description' build argument 'cmake_target' from command line to 'None'
[0.263s] Level 5:colcon.colcon_core.verb:set package 'rm_gimbal_description' build argument 'cmake_target_skip_unavailable' from command line to 'False'
[0.263s] Level 5:colcon.colcon_core.verb:set package 'rm_gimbal_description' build argument 'cmake_clean_cache' from command line to 'False'
[0.263s] Level 5:colcon.colcon_core.verb:set package 'rm_gimbal_description' build argument 'cmake_clean_first' from command line to 'False'
[0.263s] Level 5:colcon.colcon_core.verb:set package 'rm_gimbal_description' build argument 'cmake_force_configure' from command line to 'False'
[0.263s] Level 5:colcon.colcon_core.verb:set package 'rm_gimbal_description' build argument 'ament_cmake_args' from command line to 'None'
[0.263s] Level 5:colcon.colcon_core.verb:set package 'rm_gimbal_description' build argument 'catkin_cmake_args' from command line to 'None'
[0.263s] Level 5:colcon.colcon_core.verb:set package 'rm_gimbal_description' build argument 'catkin_skip_building_tests' from command line to 'False'
[0.263s] DEBUG:colcon.colcon_core.verb:Building package 'rm_gimbal_description' with the following arguments: {'ament_cmake_args': None, 'build_base': '/home/rm_autoaim/suep2026/rm_ws/build/rm_gimbal_description', 'catkin_cmake_args': None, 'catkin_skip_building_tests': False, 'cmake_args': None, 'cmake_clean_cache': False, 'cmake_clean_first': False, 'cmake_force_configure': False, 'cmake_target': None, 'cmake_target_skip_unavailable': False, 'install_base': '/home/rm_autoaim/suep2026/rm_ws/install/rm_gimbal_description', 'merge_install': False, 'path': '/home/rm_autoaim/suep2026/rm_ws/src/rm_gimbal_description', 'symlink_install': False, 'test_result_base': None}
[0.263s] Level 5:colcon.colcon_core.verb:set package 'armor_detector' build argument 'cmake_args' from command line to 'None'
[0.263s] Level 5:colcon.colcon_core.verb:set package 'armor_detector' build argument 'cmake_target' from command line to 'None'
[0.263s] Level 5:colcon.colcon_core.verb:set package 'armor_detector' build argument 'cmake_target_skip_unavailable' from command line to 'False'
[0.263s] Level 5:colcon.colcon_core.verb:set package 'armor_detector' build argument 'cmake_clean_cache' from command line to 'False'
[0.263s] Level 5:colcon.colcon_core.verb:set package 'armor_detector' build argument 'cmake_clean_first' from command line to 'False'
[0.264s] Level 5:colcon.colcon_core.verb:set package 'armor_detector' build argument 'cmake_force_configure' from command line to 'False'
[0.264s] Level 5:colcon.colcon_core.verb:set package 'armor_detector' build argument 'ament_cmake_args' from command line to 'None'
[0.264s] Level 5:colcon.colcon_core.verb:set package 'armor_detector' build argument 'catkin_cmake_args' from command line to 'None'
[0.264s] Level 5:colcon.colcon_core.verb:set package 'armor_detector' build argument 'catkin_skip_building_tests' from command line to 'False'
[0.264s] DEBUG:colcon.colcon_core.verb:Building package 'armor_detector' with the following arguments: {'ament_cmake_args': None, 'build_base': '/home/rm_autoaim/suep2026/rm_ws/build/armor_detector', 'catkin_cmake_args': None, 'catkin_skip_building_tests': False, 'cmake_args': None, 'cmake_clean_cache': False, 'cmake_clean_first': False, 'cmake_force_configure': False, 'cmake_target': None, 'cmake_target_skip_unavailable': False, 'install_base': '/home/rm_autoaim/suep2026/rm_ws/install/armor_detector', 'merge_install': False, 'path': '/home/rm_autoaim/suep2026/rm_ws/src/rm_auto_aim/armor_detector', 'symlink_install': False, 'test_result_base': None}
[0.264s] Level 5:colcon.colcon_core.verb:set package 'armor_tracker' build argument 'cmake_args' from command line to 'None'
[0.264s] Level 5:colcon.colcon_core.verb:set package 'armor_tracker' build argument 'cmake_target' from command line to 'None'
[0.264s] Level 5:colcon.colcon_core.verb:set package 'armor_tracker' build argument 'cmake_target_skip_unavailable' from command line to 'False'
[0.264s] Level 5:colcon.colcon_core.verb:set package 'armor_tracker' build argument 'cmake_clean_cache' from command line to 'False'
[0.264s] Level 5:colcon.colcon_core.verb:set package 'armor_tracker' build argument 'cmake_clean_first' from command line to 'False'
[0.264s] Level 5:colcon.colcon_core.verb:set package 'armor_tracker' build argument 'cmake_force_configure' from command line to 'False'
[0.264s] Level 5:colcon.colcon_core.verb:set package 'armor_tracker' build argument 'ament_cmake_args' from command line to 'None'
[0.264s] Level 5:colcon.colcon_core.verb:set package 'armor_tracker' build argument 'catkin_cmake_args' from command line to 'None'
[0.264s] Level 5:colcon.colcon_core.verb:set package 'armor_tracker' build argument 'catkin_skip_building_tests' from command line to 'False'
[0.264s] DEBUG:colcon.colcon_core.verb:Building package 'armor_tracker' with the following arguments: {'ament_cmake_args': None, 'build_base': '/home/rm_autoaim/suep2026/rm_ws/build/armor_tracker', 'catkin_cmake_args': None, 'catkin_skip_building_tests': False, 'cmake_args': None, 'cmake_clean_cache': False, 'cmake_clean_first': False, 'cmake_force_configure': False, 'cmake_target': None, 'cmake_target_skip_unavailable': False, 'install_base': '/home/rm_autoaim/suep2026/rm_ws/install/armor_tracker', 'merge_install': False, 'path': '/home/rm_autoaim/suep2026/rm_ws/src/rm_auto_aim/armor_tracker', 'symlink_install': False, 'test_result_base': None}
[0.264s] Level 5:colcon.colcon_core.verb:set package 'rm_serial_driver' build argument 'cmake_args' from command line to 'None'
[0.264s] Level 5:colcon.colcon_core.verb:set package 'rm_serial_driver' build argument 'cmake_target' from command line to 'None'
[0.264s] Level 5:colcon.colcon_core.verb:set package 'rm_serial_driver' build argument 'cmake_target_skip_unavailable' from command line to 'False'
[0.264s] Level 5:colcon.colcon_core.verb:set package 'rm_serial_driver' build argument 'cmake_clean_cache' from command line to 'False'
[0.264s] Level 5:colcon.colcon_core.verb:set package 'rm_serial_driver' build argument 'cmake_clean_first' from command line to 'False'
[0.264s] Level 5:colcon.colcon_core.verb:set package 'rm_serial_driver' build argument 'cmake_force_configure' from command line to 'False'
[0.264s] Level 5:colcon.colcon_core.verb:set package 'rm_serial_driver' build argument 'ament_cmake_args' from command line to 'None'
[0.264s] Level 5:colcon.colcon_core.verb:set package 'rm_serial_driver' build argument 'catkin_cmake_args' from command line to 'None'
[0.264s] Level 5:colcon.colcon_core.verb:set package 'rm_serial_driver' build argument 'catkin_skip_building_tests' from command line to 'False'
[0.264s] DEBUG:colcon.colcon_core.verb:Building package 'rm_serial_driver' with the following arguments: {'ament_cmake_args': None, 'build_base': '/home/rm_autoaim/suep2026/rm_ws/build/rm_serial_driver', 'catkin_cmake_args': None, 'catkin_skip_building_tests': False, 'cmake_args': None, 'cmake_clean_cache': False, 'cmake_clean_first': False, 'cmake_force_configure': False, 'cmake_target': None, 'cmake_target_skip_unavailable': False, 'install_base': '/home/rm_autoaim/suep2026/rm_ws/install/rm_serial_driver', 'merge_install': False, 'path': '/home/rm_autoaim/suep2026/rm_ws/src/rm_serial_driver', 'symlink_install': False, 'test_result_base': None}
[0.265s] Level 5:colcon.colcon_core.verb:set package 'rm_vision_bringup' build argument 'cmake_args' from command line to 'None'
[0.265s] Level 5:colcon.colcon_core.verb:set package 'rm_vision_bringup' build argument 'cmake_target' from command line to 'None'
[0.265s] Level 5:colcon.colcon_core.verb:set package 'rm_vision_bringup' build argument 'cmake_target_skip_unavailable' from command line to 'False'
[0.265s] Level 5:colcon.colcon_core.verb:set package 'rm_vision_bringup' build argument 'cmake_clean_cache' from command line to 'False'
[0.265s] Level 5:colcon.colcon_core.verb:set package 'rm_vision_bringup' build argument 'cmake_clean_first' from command line to 'False'
[0.265s] Level 5:colcon.colcon_core.verb:set package 'rm_vision_bringup' build argument 'cmake_force_configure' from command line to 'False'
[0.265s] Level 5:colcon.colcon_core.verb:set package 'rm_vision_bringup' build argument 'ament_cmake_args' from command line to 'None'
[0.265s] Level 5:colcon.colcon_core.verb:set package 'rm_vision_bringup' build argument 'catkin_cmake_args' from command line to 'None'
[0.265s] Level 5:colcon.colcon_core.verb:set package 'rm_vision_bringup' build argument 'catkin_skip_building_tests' from command line to 'False'
[0.265s] DEBUG:colcon.colcon_core.verb:Building package 'rm_vision_bringup' with the following arguments: {'ament_cmake_args': None, 'build_base': '/home/rm_autoaim/suep2026/rm_ws/build/rm_vision_bringup', 'catkin_cmake_args': None, 'catkin_skip_building_tests': False, 'cmake_args': None, 'cmake_clean_cache': False, 'cmake_clean_first': False, 'cmake_force_configure': False, 'cmake_target': None, 'cmake_target_skip_unavailable': False, 'install_base': '/home/rm_autoaim/suep2026/rm_ws/install/rm_vision_bringup', 'merge_install': False, 'path': '/home/rm_autoaim/suep2026/rm_ws/src/rm_vision/rm_vision_bringup', 'symlink_install': False, 'test_result_base': None}
[0.265s] INFO:colcon.colcon_core.executor:Executing jobs using 'parallel' executor
[0.266s] DEBUG:colcon.colcon_parallel_executor.executor.parallel:run_until_complete
[0.266s] INFO:colcon.colcon_ros.task.ament_cmake.build:Building ROS package in '/home/rm_autoaim/suep2026/rm_ws/src/rm_auto_aim/auto_aim_interfaces' with build type 'ament_cmake'
[0.266s] INFO:colcon.colcon_cmake.task.cmake.build:Building CMake package in '/home/rm_autoaim/suep2026/rm_ws/src/rm_auto_aim/auto_aim_interfaces'
[0.267s] INFO:colcon.colcon_core.plugin_system:Skipping extension 'colcon_core.shell.bat': Not used on non-Windows systems
[0.267s] INFO:colcon.colcon_core.shell:Skip shell extension 'powershell' for command environment: Not usable outside of PowerShell
[0.268s] DEBUG:colcon.colcon_core.shell:Skip shell extension 'dsv' for command environment
[0.269s] INFO:colcon.colcon_ros.task.ament_cmake.build:Building ROS package in '/home/rm_autoaim/suep2026/rm_ws/src/hik_camera' with build type 'ament_cmake'
[0.270s] INFO:colcon.colcon_cmake.task.cmake.build:Building CMake package in '/home/rm_autoaim/suep2026/rm_ws/src/hik_camera'
[0.270s] INFO:colcon.colcon_core.shell:Skip shell extension 'powershell' for command environment: Not usable outside of PowerShell
[0.270s] DEBUG:colcon.colcon_core.shell:Skip shell extension 'dsv' for command environment
[0.272s] INFO:colcon.colcon_ros.task.ament_cmake.build:Building ROS package in '/home/rm_autoaim/suep2026/rm_ws/src/rm_gimbal_description' with build type 'ament_cmake'
[0.272s] INFO:colcon.colcon_cmake.task.cmake.build:Building CMake package in '/home/rm_autoaim/suep2026/rm_ws/src/rm_gimbal_description'
[0.272s] INFO:colcon.colcon_core.shell:Skip shell extension 'powershell' for command environment: Not usable outside of PowerShell
[0.272s] DEBUG:colcon.colcon_core.shell:Skip shell extension 'dsv' for command environment
[0.280s] DEBUG:colcon.colcon_core.event_handler.log_command:Invoking command in '/home/rm_autoaim/suep2026/rm_ws/build/auto_aim_interfaces': CMAKE_PREFIX_PATH=/opt/ros/humble /usr/bin/cmake --build /home/rm_autoaim/suep2026/rm_ws/build/auto_aim_interfaces -- -j8 -l8
[0.283s] DEBUG:colcon.colcon_core.event_handler.log_command:Invoking command in '/home/rm_autoaim/suep2026/rm_ws/build/hik_camera': CMAKE_PREFIX_PATH=/opt/ros/humble /usr/bin/cmake --build /home/rm_autoaim/suep2026/rm_ws/build/hik_camera -- -j8 -l8
[0.288s] DEBUG:colcon.colcon_core.event_handler.log_command:Invoking command in '/home/rm_autoaim/suep2026/rm_ws/build/rm_gimbal_description': CMAKE_PREFIX_PATH=/opt/ros/humble /usr/bin/cmake --build /home/rm_autoaim/suep2026/rm_ws/build/rm_gimbal_description -- -j8 -l8
[0.323s] DEBUG:colcon.colcon_core.event_handler.log_command:Invoked command in '/home/rm_autoaim/suep2026/rm_ws/build/rm_gimbal_description' returned '0': CMAKE_PREFIX_PATH=/opt/ros/humble /usr/bin/cmake --build /home/rm_autoaim/suep2026/rm_ws/build/rm_gimbal_description -- -j8 -l8
[0.331s] DEBUG:colcon.colcon_core.event_handler.log_command:Invoking command in '/home/rm_autoaim/suep2026/rm_ws/build/rm_gimbal_description': CMAKE_PREFIX_PATH=/opt/ros/humble /usr/bin/cmake --install /home/rm_autoaim/suep2026/rm_ws/build/rm_gimbal_description
[0.343s] Level 1:colcon.colcon_core.environment:create_environment_scripts_only(rm_gimbal_description)
[0.346s] Level 1:colcon.colcon_core.environment:checking '/home/rm_autoaim/suep2026/rm_ws/install/rm_gimbal_description' for CMake module files
[0.346s] Level 1:colcon.colcon_core.environment:checking '/home/rm_autoaim/suep2026/rm_ws/install/rm_gimbal_description' for CMake config files
[0.352s] DEBUG:colcon.colcon_core.event_handler.log_command:Invoked command in '/home/rm_autoaim/suep2026/rm_ws/build/rm_gimbal_description' returned '0': CMAKE_PREFIX_PATH=/opt/ros/humble /usr/bin/cmake --install /home/rm_autoaim/suep2026/rm_ws/build/rm_gimbal_description
[0.353s] Level 1:colcon.colcon_core.shell:create_environment_hook('rm_gimbal_description', 'cmake_prefix_path')
[0.353s] INFO:colcon.colcon_core.shell:Creating environment hook '/home/rm_autoaim/suep2026/rm_ws/install/rm_gimbal_description/share/rm_gimbal_description/hook/cmake_prefix_path.ps1'
[0.354s] INFO:colcon.colcon_core.shell:Creating environment descriptor '/home/rm_autoaim/suep2026/rm_ws/install/rm_gimbal_description/share/rm_gimbal_description/hook/cmake_prefix_path.dsv'
[0.358s] INFO:colcon.colcon_core.shell:Creating environment hook '/home/rm_autoaim/suep2026/rm_ws/install/rm_gimbal_description/share/rm_gimbal_description/hook/cmake_prefix_path.sh'
[0.359s] Level 1:colcon.colcon_core.environment:checking '/home/rm_autoaim/suep2026/rm_ws/install/rm_gimbal_description/bin'
[0.360s] Level 1:colcon.colcon_core.environment:checking '/home/rm_autoaim/suep2026/rm_ws/install/rm_gimbal_description/lib/pkgconfig/rm_gimbal_description.pc'
[0.360s] Level 1:colcon.colcon_core.environment:checking '/home/rm_autoaim/suep2026/rm_ws/install/rm_gimbal_description/lib/python3.10/site-packages'
[0.360s] Level 1:colcon.colcon_core.environment:checking '/home/rm_autoaim/suep2026/rm_ws/install/rm_gimbal_description/bin'
[0.360s] INFO:colcon.colcon_core.shell:Creating package script '/home/rm_autoaim/suep2026/rm_ws/install/rm_gimbal_description/share/rm_gimbal_description/package.ps1'
[0.362s] INFO:colcon.colcon_core.shell:Creating package descriptor '/home/rm_autoaim/suep2026/rm_ws/install/rm_gimbal_description/share/rm_gimbal_description/package.dsv'
[0.362s] INFO:colcon.colcon_core.shell:Creating package script '/home/rm_autoaim/suep2026/rm_ws/install/rm_gimbal_description/share/rm_gimbal_description/package.sh'
[0.363s] INFO:colcon.colcon_core.shell:Creating package script '/home/rm_autoaim/suep2026/rm_ws/install/rm_gimbal_description/share/rm_gimbal_description/package.bash'
[0.364s] INFO:colcon.colcon_core.shell:Creating package script '/home/rm_autoaim/suep2026/rm_ws/install/rm_gimbal_description/share/rm_gimbal_description/package.zsh'
[0.365s] Level 1:colcon.colcon_core.environment:create_file_with_runtime_dependencies(/home/rm_autoaim/suep2026/rm_ws/install/rm_gimbal_description/share/colcon-core/packages/rm_gimbal_description)
[0.367s] Level 1:colcon.colcon_core.environment:create_environment_scripts_only(rm_gimbal_description)
[0.367s] Level 1:colcon.colcon_core.environment:checking '/home/rm_autoaim/suep2026/rm_ws/install/rm_gimbal_description' for CMake module files
[0.368s] Level 1:colcon.colcon_core.environment:checking '/home/rm_autoaim/suep2026/rm_ws/install/rm_gimbal_description' for CMake config files
[0.368s] Level 1:colcon.colcon_core.shell:create_environment_hook('rm_gimbal_description', 'cmake_prefix_path')
[0.369s] INFO:colcon.colcon_core.shell:Creating environment hook '/home/rm_autoaim/suep2026/rm_ws/install/rm_gimbal_description/share/rm_gimbal_description/hook/cmake_prefix_path.ps1'
[0.370s] INFO:colcon.colcon_core.shell:Creating environment descriptor '/home/rm_autoaim/suep2026/rm_ws/install/rm_gimbal_description/share/rm_gimbal_description/hook/cmake_prefix_path.dsv'
[0.370s] INFO:colcon.colcon_core.shell:Creating environment hook '/home/rm_autoaim/suep2026/rm_ws/install/rm_gimbal_description/share/rm_gimbal_description/hook/cmake_prefix_path.sh'
[0.371s] Level 1:colcon.colcon_core.environment:checking '/home/rm_autoaim/suep2026/rm_ws/install/rm_gimbal_description/bin'
[0.371s] Level 1:colcon.colcon_core.environment:checking '/home/rm_autoaim/suep2026/rm_ws/install/rm_gimbal_description/lib/pkgconfig/rm_gimbal_description.pc'
[0.371s] Level 1:colcon.colcon_core.environment:checking '/home/rm_autoaim/suep2026/rm_ws/install/rm_gimbal_description/lib/python3.10/site-packages'
[0.372s] Level 1:colcon.colcon_core.environment:checking '/home/rm_autoaim/suep2026/rm_ws/install/rm_gimbal_description/bin'
[0.372s] INFO:colcon.colcon_core.shell:Creating package script '/home/rm_autoaim/suep2026/rm_ws/install/rm_gimbal_description/share/rm_gimbal_description/package.ps1'
[0.373s] INFO:colcon.colcon_core.shell:Creating package descriptor '/home/rm_autoaim/suep2026/rm_ws/install/rm_gimbal_description/share/rm_gimbal_description/package.dsv'
[0.374s] INFO:colcon.colcon_core.shell:Creating package script '/home/rm_autoaim/suep2026/rm_ws/install/rm_gimbal_description/share/rm_gimbal_description/package.sh'
[0.374s] INFO:colcon.colcon_core.shell:Creating package script '/home/rm_autoaim/suep2026/rm_ws/install/rm_gimbal_description/share/rm_gimbal_description/package.bash'
[0.375s] INFO:colcon.colcon_core.shell:Creating package script '/home/rm_autoaim/suep2026/rm_ws/install/rm_gimbal_description/share/rm_gimbal_description/package.zsh'
[0.376s] Level 1:colcon.colcon_core.environment:create_file_with_runtime_dependencies(/home/rm_autoaim/suep2026/rm_ws/install/rm_gimbal_description/share/colcon-core/packages/rm_gimbal_description)
[0.381s] DEBUG:colcon.colcon_core.event_handler.log_command:Invoked command in '/home/rm_autoaim/suep2026/rm_ws/build/hik_camera' returned '0': CMAKE_PREFIX_PATH=/opt/ros/humble /usr/bin/cmake --build /home/rm_autoaim/suep2026/rm_ws/build/hik_camera -- -j8 -l8
[0.382s] DEBUG:colcon.colcon_core.event_handler.log_command:Invoking command in '/home/rm_autoaim/suep2026/rm_ws/build/hik_camera': CMAKE_PREFIX_PATH=/opt/ros/humble /usr/bin/cmake --install /home/rm_autoaim/suep2026/rm_ws/build/hik_camera
[0.392s] Level 1:colcon.colcon_core.environment:create_environment_scripts_only(hik_camera)
[0.393s] Level 1:colcon.colcon_core.environment:checking '/home/rm_autoaim/suep2026/rm_ws/install/hik_camera' for CMake module files
[0.393s] Level 1:colcon.colcon_core.environment:checking '/home/rm_autoaim/suep2026/rm_ws/install/hik_camera' for CMake config files
[0.394s] Level 1:colcon.colcon_core.shell:create_environment_hook('hik_camera', 'cmake_prefix_path')
[0.394s] INFO:colcon.colcon_core.shell:Creating environment hook '/home/rm_autoaim/suep2026/rm_ws/install/hik_camera/share/hik_camera/hook/cmake_prefix_path.ps1'
[0.395s] INFO:colcon.colcon_core.shell:Creating environment descriptor '/home/rm_autoaim/suep2026/rm_ws/install/hik_camera/share/hik_camera/hook/cmake_prefix_path.dsv'
[0.395s] INFO:colcon.colcon_core.shell:Creating environment hook '/home/rm_autoaim/suep2026/rm_ws/install/hik_camera/share/hik_camera/hook/cmake_prefix_path.sh'
[0.396s] DEBUG:colcon.colcon_core.event_handler.log_command:Invoked command in '/home/rm_autoaim/suep2026/rm_ws/build/hik_camera' returned '0': CMAKE_PREFIX_PATH=/opt/ros/humble /usr/bin/cmake --install /home/rm_autoaim/suep2026/rm_ws/build/hik_camera
[0.397s] Level 1:colcon.colcon_core.environment:checking '/home/rm_autoaim/suep2026/rm_ws/install/hik_camera/lib'
[0.397s] Level 1:colcon.colcon_core.shell:create_environment_hook('hik_camera', 'ld_library_path_lib')
[0.397s] INFO:colcon.colcon_core.shell:Creating environment hook '/home/rm_autoaim/suep2026/rm_ws/install/hik_camera/share/hik_camera/hook/ld_library_path_lib.ps1'
[0.398s] INFO:colcon.colcon_core.shell:Creating environment descriptor '/home/rm_autoaim/suep2026/rm_ws/install/hik_camera/share/hik_camera/hook/ld_library_path_lib.dsv'
[0.398s] INFO:colcon.colcon_core.shell:Creating environment hook '/home/rm_autoaim/suep2026/rm_ws/install/hik_camera/share/hik_camera/hook/ld_library_path_lib.sh'
[0.399s] Level 1:colcon.colcon_core.environment:checking '/home/rm_autoaim/suep2026/rm_ws/install/hik_camera/bin'
[0.399s] Level 1:colcon.colcon_core.environment:checking '/home/rm_autoaim/suep2026/rm_ws/install/hik_camera/lib/pkgconfig/hik_camera.pc'
[0.399s] Level 1:colcon.colcon_core.environment:checking '/home/rm_autoaim/suep2026/rm_ws/install/hik_camera/lib/python3.10/site-packages'
[0.399s] Level 1:colcon.colcon_core.environment:checking '/home/rm_autoaim/suep2026/rm_ws/install/hik_camera/bin'
[0.400s] INFO:colcon.colcon_core.shell:Creating package script '/home/rm_autoaim/suep2026/rm_ws/install/hik_camera/share/hik_camera/package.ps1'
[0.400s] INFO:colcon.colcon_core.shell:Creating package descriptor '/home/rm_autoaim/suep2026/rm_ws/install/hik_camera/share/hik_camera/package.dsv'
[0.401s] INFO:colcon.colcon_core.shell:Creating package script '/home/rm_autoaim/suep2026/rm_ws/install/hik_camera/share/hik_camera/package.sh'
[0.402s] INFO:colcon.colcon_core.shell:Creating package script '/home/rm_autoaim/suep2026/rm_ws/install/hik_camera/share/hik_camera/package.bash'
[0.402s] INFO:colcon.colcon_core.shell:Creating package script '/home/rm_autoaim/suep2026/rm_ws/install/hik_camera/share/hik_camera/package.zsh'
[0.403s] Level 1:colcon.colcon_core.environment:create_file_with_runtime_dependencies(/home/rm_autoaim/suep2026/rm_ws/install/hik_camera/share/colcon-core/packages/hik_camera)
[0.404s] Level 1:colcon.colcon_core.environment:create_environment_scripts_only(hik_camera)
[0.404s] Level 1:colcon.colcon_core.environment:checking '/home/rm_autoaim/suep2026/rm_ws/install/hik_camera' for CMake module files
[0.405s] Level 1:colcon.colcon_core.environment:checking '/home/rm_autoaim/suep2026/rm_ws/install/hik_camera' for CMake config files
[0.405s] Level 1:colcon.colcon_core.shell:create_environment_hook('hik_camera', 'cmake_prefix_path')
[0.405s] INFO:colcon.colcon_core.shell:Creating environment hook '/home/rm_autoaim/suep2026/rm_ws/install/hik_camera/share/hik_camera/hook/cmake_prefix_path.ps1'
[0.406s] INFO:colcon.colcon_core.shell:Creating environment descriptor '/home/rm_autoaim/suep2026/rm_ws/install/hik_camera/share/hik_camera/hook/cmake_prefix_path.dsv'
[0.406s] INFO:colcon.colcon_core.shell:Creating environment hook '/home/rm_autoaim/suep2026/rm_ws/install/hik_camera/share/hik_camera/hook/cmake_prefix_path.sh'
[0.406s] Level 1:colcon.colcon_core.environment:checking '/home/rm_autoaim/suep2026/rm_ws/install/hik_camera/lib'
[0.407s] Level 1:colcon.colcon_core.shell:create_environment_hook('hik_camera', 'ld_library_path_lib')
[0.407s] INFO:colcon.colcon_core.shell:Creating environment hook '/home/rm_autoaim/suep2026/rm_ws/install/hik_camera/share/hik_camera/hook/ld_library_path_lib.ps1'
[0.407s] INFO:colcon.colcon_core.shell:Creating environment descriptor '/home/rm_autoaim/suep2026/rm_ws/install/hik_camera/share/hik_camera/hook/ld_library_path_lib.dsv'
[0.407s] INFO:colcon.colcon_core.shell:Creating environment hook '/home/rm_autoaim/suep2026/rm_ws/install/hik_camera/share/hik_camera/hook/ld_library_path_lib.sh'
[0.408s] Level 1:colcon.colcon_core.environment:checking '/home/rm_autoaim/suep2026/rm_ws/install/hik_camera/bin'
[0.408s] Level 1:colcon.colcon_core.environment:checking '/home/rm_autoaim/suep2026/rm_ws/install/hik_camera/lib/pkgconfig/hik_camera.pc'
[0.408s] Level 1:colcon.colcon_core.environment:checking '/home/rm_autoaim/suep2026/rm_ws/install/hik_camera/lib/python3.10/site-packages'
[0.408s] Level 1:colcon.colcon_core.environment:checking '/home/rm_autoaim/suep2026/rm_ws/install/hik_camera/bin'
[0.409s] INFO:colcon.colcon_core.shell:Creating package script '/home/rm_autoaim/suep2026/rm_ws/install/hik_camera/share/hik_camera/package.ps1'
[0.409s] INFO:colcon.colcon_core.shell:Creating package descriptor '/home/rm_autoaim/suep2026/rm_ws/install/hik_camera/share/hik_camera/package.dsv'
[0.410s] INFO:colcon.colcon_core.shell:Creating package script '/home/rm_autoaim/suep2026/rm_ws/install/hik_camera/share/hik_camera/package.sh'
[0.411s] INFO:colcon.colcon_core.shell:Creating package script '/home/rm_autoaim/suep2026/rm_ws/install/hik_camera/share/hik_camera/package.bash'
[0.411s] INFO:colcon.colcon_core.shell:Creating package script '/home/rm_autoaim/suep2026/rm_ws/install/hik_camera/share/hik_camera/package.zsh'
[0.412s] Level 1:colcon.colcon_core.environment:create_file_with_runtime_dependencies(/home/rm_autoaim/suep2026/rm_ws/install/hik_camera/share/colcon-core/packages/hik_camera)
[0.593s] DEBUG:colcon.colcon_core.event_handler.log_command:Invoked command in '/home/rm_autoaim/suep2026/rm_ws/build/auto_aim_interfaces' returned '0': CMAKE_PREFIX_PATH=/opt/ros/humble /usr/bin/cmake --build /home/rm_autoaim/suep2026/rm_ws/build/auto_aim_interfaces -- -j8 -l8
[0.594s] DEBUG:colcon.colcon_core.event_handler.log_command:Invoking command in '/home/rm_autoaim/suep2026/rm_ws/build/auto_aim_interfaces': CMAKE_PREFIX_PATH=/opt/ros/humble /usr/bin/cmake --install /home/rm_autoaim/suep2026/rm_ws/build/auto_aim_interfaces
[0.644s] Level 1:colcon.colcon_core.environment:create_environment_scripts_only(auto_aim_interfaces)
[0.644s] Level 1:colcon.colcon_core.environment:checking '/home/rm_autoaim/suep2026/rm_ws/install/auto_aim_interfaces' for CMake module files
[0.645s] Level 1:colcon.colcon_core.environment:checking '/home/rm_autoaim/suep2026/rm_ws/install/auto_aim_interfaces' for CMake config files
[0.646s] DEBUG:colcon.colcon_core.event_handler.log_command:Invoked command in '/home/rm_autoaim/suep2026/rm_ws/build/auto_aim_interfaces' returned '0': CMAKE_PREFIX_PATH=/opt/ros/humble /usr/bin/cmake --install /home/rm_autoaim/suep2026/rm_ws/build/auto_aim_interfaces
[0.646s] Level 1:colcon.colcon_core.shell:create_environment_hook('auto_aim_interfaces', 'cmake_prefix_path')
[0.646s] INFO:colcon.colcon_core.shell:Creating environment hook '/home/rm_autoaim/suep2026/rm_ws/install/auto_aim_interfaces/share/auto_aim_interfaces/hook/cmake_prefix_path.ps1'
[0.646s] INFO:colcon.colcon_core.shell:Creating environment descriptor '/home/rm_autoaim/suep2026/rm_ws/install/auto_aim_interfaces/share/auto_aim_interfaces/hook/cmake_prefix_path.dsv'
[0.647s] INFO:colcon.colcon_core.shell:Creating environment hook '/home/rm_autoaim/suep2026/rm_ws/install/auto_aim_interfaces/share/auto_aim_interfaces/hook/cmake_prefix_path.sh'
[0.647s] Level 1:colcon.colcon_core.environment:checking '/home/rm_autoaim/suep2026/rm_ws/install/auto_aim_interfaces/lib'
[0.647s] Level 1:colcon.colcon_core.shell:create_environment_hook('auto_aim_interfaces', 'ld_library_path_lib')
[0.647s] INFO:colcon.colcon_core.shell:Creating environment hook '/home/rm_autoaim/suep2026/rm_ws/install/auto_aim_interfaces/share/auto_aim_interfaces/hook/ld_library_path_lib.ps1'
[0.648s] INFO:colcon.colcon_core.shell:Creating environment descriptor '/home/rm_autoaim/suep2026/rm_ws/install/auto_aim_interfaces/share/auto_aim_interfaces/hook/ld_library_path_lib.dsv'
[0.648s] INFO:colcon.colcon_core.shell:Creating environment hook '/home/rm_autoaim/suep2026/rm_ws/install/auto_aim_interfaces/share/auto_aim_interfaces/hook/ld_library_path_lib.sh'
[0.648s] Level 1:colcon.colcon_core.environment:checking '/home/rm_autoaim/suep2026/rm_ws/install/auto_aim_interfaces/bin'
[0.648s] Level 1:colcon.colcon_core.environment:checking '/home/rm_autoaim/suep2026/rm_ws/install/auto_aim_interfaces/lib/pkgconfig/auto_aim_interfaces.pc'
[0.648s] Level 1:colcon.colcon_core.environment:checking '/home/rm_autoaim/suep2026/rm_ws/install/auto_aim_interfaces/lib/python3.10/site-packages'
[0.648s] Level 1:colcon.colcon_core.environment:checking '/home/rm_autoaim/suep2026/rm_ws/install/auto_aim_interfaces/bin'
[0.649s] INFO:colcon.colcon_core.shell:Creating package script '/home/rm_autoaim/suep2026/rm_ws/install/auto_aim_interfaces/share/auto_aim_interfaces/package.ps1'
[0.649s] INFO:colcon.colcon_core.shell:Creating package descriptor '/home/rm_autoaim/suep2026/rm_ws/install/auto_aim_interfaces/share/auto_aim_interfaces/package.dsv'
[0.649s] INFO:colcon.colcon_core.shell:Creating package script '/home/rm_autoaim/suep2026/rm_ws/install/auto_aim_interfaces/share/auto_aim_interfaces/package.sh'
[0.650s] INFO:colcon.colcon_core.shell:Creating package script '/home/rm_autoaim/suep2026/rm_ws/install/auto_aim_interfaces/share/auto_aim_interfaces/package.bash'
[0.650s] INFO:colcon.colcon_core.shell:Creating package script '/home/rm_autoaim/suep2026/rm_ws/install/auto_aim_interfaces/share/auto_aim_interfaces/package.zsh'
[0.650s] Level 1:colcon.colcon_core.environment:create_file_with_runtime_dependencies(/home/rm_autoaim/suep2026/rm_ws/install/auto_aim_interfaces/share/colcon-core/packages/auto_aim_interfaces)
[0.650s] Level 1:colcon.colcon_core.environment:create_environment_scripts_only(auto_aim_interfaces)
[0.651s] Level 1:colcon.colcon_core.environment:checking '/home/rm_autoaim/suep2026/rm_ws/install/auto_aim_interfaces' for CMake module files
[0.651s] Level 1:colcon.colcon_core.environment:checking '/home/rm_autoaim/suep2026/rm_ws/install/auto_aim_interfaces' for CMake config files
[0.651s] Level 1:colcon.colcon_core.shell:create_environment_hook('auto_aim_interfaces', 'cmake_prefix_path')
[0.651s] INFO:colcon.colcon_core.shell:Creating environment hook '/home/rm_autoaim/suep2026/rm_ws/install/auto_aim_interfaces/share/auto_aim_interfaces/hook/cmake_prefix_path.ps1'
[0.651s] INFO:colcon.colcon_core.shell:Creating environment descriptor '/home/rm_autoaim/suep2026/rm_ws/install/auto_aim_interfaces/share/auto_aim_interfaces/hook/cmake_prefix_path.dsv'
[0.652s] INFO:colcon.colcon_core.shell:Creating environment hook '/home/rm_autoaim/suep2026/rm_ws/install/auto_aim_interfaces/share/auto_aim_interfaces/hook/cmake_prefix_path.sh'
[0.652s] Level 1:colcon.colcon_core.environment:checking '/home/rm_autoaim/suep2026/rm_ws/install/auto_aim_interfaces/lib'
[0.652s] Level 1:colcon.colcon_core.shell:create_environment_hook('auto_aim_interfaces', 'ld_library_path_lib')
[0.652s] INFO:colcon.colcon_core.shell:Creating environment hook '/home/rm_autoaim/suep2026/rm_ws/install/auto_aim_interfaces/share/auto_aim_interfaces/hook/ld_library_path_lib.ps1'
[0.652s] INFO:colcon.colcon_core.shell:Creating environment descriptor '/home/rm_autoaim/suep2026/rm_ws/install/auto_aim_interfaces/share/auto_aim_interfaces/hook/ld_library_path_lib.dsv'
[0.653s] INFO:colcon.colcon_core.shell:Creating environment hook '/home/rm_autoaim/suep2026/rm_ws/install/auto_aim_interfaces/share/auto_aim_interfaces/hook/ld_library_path_lib.sh'
[0.653s] Level 1:colcon.colcon_core.environment:checking '/home/rm_autoaim/suep2026/rm_ws/install/auto_aim_interfaces/bin'
[0.653s] Level 1:colcon.colcon_core.environment:checking '/home/rm_autoaim/suep2026/rm_ws/install/auto_aim_interfaces/lib/pkgconfig/auto_aim_interfaces.pc'
[0.653s] Level 1:colcon.colcon_core.environment:checking '/home/rm_autoaim/suep2026/rm_ws/install/auto_aim_interfaces/lib/python3.10/site-packages'
[0.654s] Level 1:colcon.colcon_core.environment:checking '/home/rm_autoaim/suep2026/rm_ws/install/auto_aim_interfaces/bin'
[0.654s] INFO:colcon.colcon_core.shell:Creating package script '/home/rm_autoaim/suep2026/rm_ws/install/auto_aim_interfaces/share/auto_aim_interfaces/package.ps1'
[0.654s] INFO:colcon.colcon_core.shell:Creating package descriptor '/home/rm_autoaim/suep2026/rm_ws/install/auto_aim_interfaces/share/auto_aim_interfaces/package.dsv'
[0.655s] INFO:colcon.colcon_core.shell:Creating package script '/home/rm_autoaim/suep2026/rm_ws/install/auto_aim_interfaces/share/auto_aim_interfaces/package.sh'
[0.655s] INFO:colcon.colcon_core.shell:Creating package script '/home/rm_autoaim/suep2026/rm_ws/install/auto_aim_interfaces/share/auto_aim_interfaces/package.bash'
[0.656s] INFO:colcon.colcon_core.shell:Creating package script '/home/rm_autoaim/suep2026/rm_ws/install/auto_aim_interfaces/share/auto_aim_interfaces/package.zsh'
[0.657s] Level 1:colcon.colcon_core.environment:create_file_with_runtime_dependencies(/home/rm_autoaim/suep2026/rm_ws/install/auto_aim_interfaces/share/colcon-core/packages/auto_aim_interfaces)
[0.657s] INFO:colcon.colcon_ros.task.ament_cmake.build:Building ROS package in '/home/rm_autoaim/suep2026/rm_ws/src/rm_serial_driver' with build type 'ament_cmake'
[0.657s] INFO:colcon.colcon_cmake.task.cmake.build:Building CMake package in '/home/rm_autoaim/suep2026/rm_ws/src/rm_serial_driver'
[0.658s] INFO:colcon.colcon_core.shell:Skip shell extension 'powershell' for command environment: Not usable outside of PowerShell
[0.658s] DEBUG:colcon.colcon_core.shell:Skip shell extension 'dsv' for command environment
[0.661s] INFO:colcon.colcon_ros.task.ament_cmake.build:Building ROS package in '/home/rm_autoaim/suep2026/rm_ws/src/rm_auto_aim/armor_detector' with build type 'ament_cmake'
[0.661s] INFO:colcon.colcon_cmake.task.cmake.build:Building CMake package in '/home/rm_autoaim/suep2026/rm_ws/src/rm_auto_aim/armor_detector'
[0.661s] INFO:colcon.colcon_core.shell:Skip shell extension 'powershell' for command environment: Not usable outside of PowerShell
[0.662s] DEBUG:colcon.colcon_core.shell:Skip shell extension 'dsv' for command environment
[0.665s] INFO:colcon.colcon_ros.task.ament_cmake.build:Building ROS package in '/home/rm_autoaim/suep2026/rm_ws/src/rm_auto_aim/armor_tracker' with build type 'ament_cmake'
[0.665s] INFO:colcon.colcon_cmake.task.cmake.build:Building CMake package in '/home/rm_autoaim/suep2026/rm_ws/src/rm_auto_aim/armor_tracker'
[0.666s] INFO:colcon.colcon_core.shell:Skip shell extension 'powershell' for command environment: Not usable outside of PowerShell
[0.666s] DEBUG:colcon.colcon_core.shell:Skip shell extension 'dsv' for command environment
[0.678s] DEBUG:colcon.colcon_core.event_handler.log_command:Invoking command in '/home/rm_autoaim/suep2026/rm_ws/build/rm_serial_driver': AMENT_PREFIX_PATH=/home/rm_autoaim/suep2026/rm_ws/install/auto_aim_interfaces:${AMENT_PREFIX_PATH} CMAKE_PREFIX_PATH=/home/rm_autoaim/suep2026/rm_ws/install/auto_aim_interfaces:/opt/ros/humble LD_LIBRARY_PATH=/home/rm_autoaim/suep2026/rm_ws/install/auto_aim_interfaces/lib:/opt/ros/humble/opt/rviz_ogre_vendor/lib:/opt/ros/humble/lib/x86_64-linux-gnu:/opt/ros/humble/lib:/opt/MVS/lib/64:/opt/MVS/lib/32 PYTHONPATH=/home/rm_autoaim/suep2026/rm_ws/install/auto_aim_interfaces/local/lib/python3.10/dist-packages:${PYTHONPATH} /usr/bin/cmake --build /home/rm_autoaim/suep2026/rm_ws/build/rm_serial_driver -- -j8 -l8
[0.681s] DEBUG:colcon.colcon_core.event_handler.log_command:Invoking command in '/home/rm_autoaim/suep2026/rm_ws/build/armor_detector': AMENT_PREFIX_PATH=/home/rm_autoaim/suep2026/rm_ws/install/auto_aim_interfaces:${AMENT_PREFIX_PATH} CMAKE_PREFIX_PATH=/home/rm_autoaim/suep2026/rm_ws/install/auto_aim_interfaces:/opt/ros/humble LD_LIBRARY_PATH=/home/rm_autoaim/suep2026/rm_ws/install/auto_aim_interfaces/lib:/opt/ros/humble/opt/rviz_ogre_vendor/lib:/opt/ros/humble/lib/x86_64-linux-gnu:/opt/ros/humble/lib:/opt/MVS/lib/64:/opt/MVS/lib/32 PYTHONPATH=/home/rm_autoaim/suep2026/rm_ws/install/auto_aim_interfaces/local/lib/python3.10/dist-packages:${PYTHONPATH} /usr/bin/cmake --build /home/rm_autoaim/suep2026/rm_ws/build/armor_detector -- -j8 -l8
[0.686s] DEBUG:colcon.colcon_core.event_handler.log_command:Invoking command in '/home/rm_autoaim/suep2026/rm_ws/build/armor_tracker': AMENT_PREFIX_PATH=/home/rm_autoaim/suep2026/rm_ws/install/auto_aim_interfaces:${AMENT_PREFIX_PATH} CMAKE_PREFIX_PATH=/home/rm_autoaim/suep2026/rm_ws/install/auto_aim_interfaces:/opt/ros/humble LD_LIBRARY_PATH=/home/rm_autoaim/suep2026/rm_ws/install/auto_aim_interfaces/lib:/opt/ros/humble/opt/rviz_ogre_vendor/lib:/opt/ros/humble/lib/x86_64-linux-gnu:/opt/ros/humble/lib:/opt/MVS/lib/64:/opt/MVS/lib/32 PYTHONPATH=/home/rm_autoaim/suep2026/rm_ws/install/auto_aim_interfaces/local/lib/python3.10/dist-packages:${PYTHONPATH} /usr/bin/cmake --build /home/rm_autoaim/suep2026/rm_ws/build/armor_tracker -- -j8 -l8
[0.762s] DEBUG:colcon.colcon_core.event_handler.log_command:Invoked command in '/home/rm_autoaim/suep2026/rm_ws/build/armor_detector' returned '0': AMENT_PREFIX_PATH=/home/rm_autoaim/suep2026/rm_ws/install/auto_aim_interfaces:${AMENT_PREFIX_PATH} CMAKE_PREFIX_PATH=/home/rm_autoaim/suep2026/rm_ws/install/auto_aim_interfaces:/opt/ros/humble LD_LIBRARY_PATH=/home/rm_autoaim/suep2026/rm_ws/install/auto_aim_interfaces/lib:/opt/ros/humble/opt/rviz_ogre_vendor/lib:/opt/ros/humble/lib/x86_64-linux-gnu:/opt/ros/humble/lib:/opt/MVS/lib/64:/opt/MVS/lib/32 PYTHONPATH=/home/rm_autoaim/suep2026/rm_ws/install/auto_aim_interfaces/local/lib/python3.10/dist-packages:${PYTHONPATH} /usr/bin/cmake --build /home/rm_autoaim/suep2026/rm_ws/build/armor_detector -- -j8 -l8
[0.764s] DEBUG:colcon.colcon_core.event_handler.log_command:Invoking command in '/home/rm_autoaim/suep2026/rm_ws/build/armor_detector': AMENT_PREFIX_PATH=/home/rm_autoaim/suep2026/rm_ws/install/auto_aim_interfaces:${AMENT_PREFIX_PATH} CMAKE_PREFIX_PATH=/home/rm_autoaim/suep2026/rm_ws/install/auto_aim_interfaces:/opt/ros/humble LD_LIBRARY_PATH=/home/rm_autoaim/suep2026/rm_ws/install/auto_aim_interfaces/lib:/opt/ros/humble/opt/rviz_ogre_vendor/lib:/opt/ros/humble/lib/x86_64-linux-gnu:/opt/ros/humble/lib:/opt/MVS/lib/64:/opt/MVS/lib/32 PYTHONPATH=/home/rm_autoaim/suep2026/rm_ws/install/auto_aim_interfaces/local/lib/python3.10/dist-packages:${PYTHONPATH} /usr/bin/cmake --install /home/rm_autoaim/suep2026/rm_ws/build/armor_detector
[0.765s] DEBUG:colcon.colcon_core.event_handler.log_command:Invoked command in '/home/rm_autoaim/suep2026/rm_ws/build/rm_serial_driver' returned '0': AMENT_PREFIX_PATH=/home/rm_autoaim/suep2026/rm_ws/install/auto_aim_interfaces:${AMENT_PREFIX_PATH} CMAKE_PREFIX_PATH=/home/rm_autoaim/suep2026/rm_ws/install/auto_aim_interfaces:/opt/ros/humble LD_LIBRARY_PATH=/home/rm_autoaim/suep2026/rm_ws/install/auto_aim_interfaces/lib:/opt/ros/humble/opt/rviz_ogre_vendor/lib:/opt/ros/humble/lib/x86_64-linux-gnu:/opt/ros/humble/lib:/opt/MVS/lib/64:/opt/MVS/lib/32 PYTHONPATH=/home/rm_autoaim/suep2026/rm_ws/install/auto_aim_interfaces/local/lib/python3.10/dist-packages:${PYTHONPATH} /usr/bin/cmake --build /home/rm_autoaim/suep2026/rm_ws/build/rm_serial_driver -- -j8 -l8
[0.767s] DEBUG:colcon.colcon_core.event_handler.log_command:Invoking command in '/home/rm_autoaim/suep2026/rm_ws/build/rm_serial_driver': AMENT_PREFIX_PATH=/home/rm_autoaim/suep2026/rm_ws/install/auto_aim_interfaces:${AMENT_PREFIX_PATH} CMAKE_PREFIX_PATH=/home/rm_autoaim/suep2026/rm_ws/install/auto_aim_interfaces:/opt/ros/humble LD_LIBRARY_PATH=/home/rm_autoaim/suep2026/rm_ws/install/auto_aim_interfaces/lib:/opt/ros/humble/opt/rviz_ogre_vendor/lib:/opt/ros/humble/lib/x86_64-linux-gnu:/opt/ros/humble/lib:/opt/MVS/lib/64:/opt/MVS/lib/32 PYTHONPATH=/home/rm_autoaim/suep2026/rm_ws/install/auto_aim_interfaces/local/lib/python3.10/dist-packages:${PYTHONPATH} /usr/bin/cmake --install /home/rm_autoaim/suep2026/rm_ws/build/rm_serial_driver
[0.768s] DEBUG:colcon.colcon_core.event_handler.log_command:Invoked command in '/home/rm_autoaim/suep2026/rm_ws/build/armor_tracker' returned '0': AMENT_PREFIX_PATH=/home/rm_autoaim/suep2026/rm_ws/install/auto_aim_interfaces:${AMENT_PREFIX_PATH} CMAKE_PREFIX_PATH=/home/rm_autoaim/suep2026/rm_ws/install/auto_aim_interfaces:/opt/ros/humble LD_LIBRARY_PATH=/home/rm_autoaim/suep2026/rm_ws/install/auto_aim_interfaces/lib:/opt/ros/humble/opt/rviz_ogre_vendor/lib:/opt/ros/humble/lib/x86_64-linux-gnu:/opt/ros/humble/lib:/opt/MVS/lib/64:/opt/MVS/lib/32 PYTHONPATH=/home/rm_autoaim/suep2026/rm_ws/install/auto_aim_interfaces/local/lib/python3.10/dist-packages:${PYTHONPATH} /usr/bin/cmake --build /home/rm_autoaim/suep2026/rm_ws/build/armor_tracker -- -j8 -l8
[0.770s] DEBUG:colcon.colcon_core.event_handler.log_command:Invoking command in '/home/rm_autoaim/suep2026/rm_ws/build/armor_tracker': AMENT_PREFIX_PATH=/home/rm_autoaim/suep2026/rm_ws/install/auto_aim_interfaces:${AMENT_PREFIX_PATH} CMAKE_PREFIX_PATH=/home/rm_autoaim/suep2026/rm_ws/install/auto_aim_interfaces:/opt/ros/humble LD_LIBRARY_PATH=/home/rm_autoaim/suep2026/rm_ws/install/auto_aim_interfaces/lib:/opt/ros/humble/opt/rviz_ogre_vendor/lib:/opt/ros/humble/lib/x86_64-linux-gnu:/opt/ros/humble/lib:/opt/MVS/lib/64:/opt/MVS/lib/32 PYTHONPATH=/home/rm_autoaim/suep2026/rm_ws/install/auto_aim_interfaces/local/lib/python3.10/dist-packages:${PYTHONPATH} /usr/bin/cmake --install /home/rm_autoaim/suep2026/rm_ws/build/armor_tracker
[0.776s] Level 1:colcon.colcon_core.environment:create_environment_scripts_only(armor_detector)
[0.776s] Level 1:colcon.colcon_core.environment:checking '/home/rm_autoaim/suep2026/rm_ws/install/armor_detector' for CMake module files
[0.779s] Level 1:colcon.colcon_core.environment:checking '/home/rm_autoaim/suep2026/rm_ws/install/armor_detector' for CMake config files
[0.779s] DEBUG:colcon.colcon_core.event_handler.log_command:Invoked command in '/home/rm_autoaim/suep2026/rm_ws/build/armor_detector' returned '0': AMENT_PREFIX_PATH=/home/rm_autoaim/suep2026/rm_ws/install/auto_aim_interfaces:${AMENT_PREFIX_PATH} CMAKE_PREFIX_PATH=/home/rm_autoaim/suep2026/rm_ws/install/auto_aim_interfaces:/opt/ros/humble LD_LIBRARY_PATH=/home/rm_autoaim/suep2026/rm_ws/install/auto_aim_interfaces/lib:/opt/ros/humble/opt/rviz_ogre_vendor/lib:/opt/ros/humble/lib/x86_64-linux-gnu:/opt/ros/humble/lib:/opt/MVS/lib/64:/opt/MVS/lib/32 PYTHONPATH=/home/rm_autoaim/suep2026/rm_ws/install/auto_aim_interfaces/local/lib/python3.10/dist-packages:${PYTHONPATH} /usr/bin/cmake --install /home/rm_autoaim/suep2026/rm_ws/build/armor_detector
[0.782s] Level 1:colcon.colcon_core.shell:create_environment_hook('armor_detector', 'cmake_prefix_path')
[0.782s] INFO:colcon.colcon_core.shell:Creating environment hook '/home/rm_autoaim/suep2026/rm_ws/install/armor_detector/share/armor_detector/hook/cmake_prefix_path.ps1'
[0.783s] INFO:colcon.colcon_core.shell:Creating environment descriptor '/home/rm_autoaim/suep2026/rm_ws/install/armor_detector/share/armor_detector/hook/cmake_prefix_path.dsv'
[0.783s] INFO:colcon.colcon_core.shell:Creating environment hook '/home/rm_autoaim/suep2026/rm_ws/install/armor_detector/share/armor_detector/hook/cmake_prefix_path.sh'
[0.784s] Level 1:colcon.colcon_core.environment:checking '/home/rm_autoaim/suep2026/rm_ws/install/armor_detector/lib'
[0.784s] Level 1:colcon.colcon_core.shell:create_environment_hook('armor_detector', 'ld_library_path_lib')
[0.784s] INFO:colcon.colcon_core.shell:Creating environment hook '/home/rm_autoaim/suep2026/rm_ws/install/armor_detector/share/armor_detector/hook/ld_library_path_lib.ps1'
[0.784s] INFO:colcon.colcon_core.shell:Creating environment descriptor '/home/rm_autoaim/suep2026/rm_ws/install/armor_detector/share/armor_detector/hook/ld_library_path_lib.dsv'
[0.785s] INFO:colcon.colcon_core.shell:Creating environment hook '/home/rm_autoaim/suep2026/rm_ws/install/armor_detector/share/armor_detector/hook/ld_library_path_lib.sh'
[0.785s] Level 1:colcon.colcon_core.environment:checking '/home/rm_autoaim/suep2026/rm_ws/install/armor_detector/bin'
[0.785s] Level 1:colcon.colcon_core.environment:checking '/home/rm_autoaim/suep2026/rm_ws/install/armor_detector/lib/pkgconfig/armor_detector.pc'
[0.785s] Level 1:colcon.colcon_core.environment:checking '/home/rm_autoaim/suep2026/rm_ws/install/armor_detector/lib/python3.10/site-packages'
[0.786s] Level 1:colcon.colcon_core.environment:checking '/home/rm_autoaim/suep2026/rm_ws/install/armor_detector/bin'
[0.786s] INFO:colcon.colcon_core.shell:Creating package script '/home/rm_autoaim/suep2026/rm_ws/install/armor_detector/share/armor_detector/package.ps1'
[0.787s] INFO:colcon.colcon_core.shell:Creating package descriptor '/home/rm_autoaim/suep2026/rm_ws/install/armor_detector/share/armor_detector/package.dsv'
[0.787s] INFO:colcon.colcon_core.shell:Creating package script '/home/rm_autoaim/suep2026/rm_ws/install/armor_detector/share/armor_detector/package.sh'
[0.787s] INFO:colcon.colcon_core.shell:Creating package script '/home/rm_autoaim/suep2026/rm_ws/install/armor_detector/share/armor_detector/package.bash'
[0.788s] INFO:colcon.colcon_core.shell:Creating package script '/home/rm_autoaim/suep2026/rm_ws/install/armor_detector/share/armor_detector/package.zsh'
[0.788s] Level 1:colcon.colcon_core.environment:create_file_with_runtime_dependencies(/home/rm_autoaim/suep2026/rm_ws/install/armor_detector/share/colcon-core/packages/armor_detector)
[0.789s] Level 1:colcon.colcon_core.environment:create_environment_scripts_only(armor_detector)
[0.789s] Level 1:colcon.colcon_core.environment:checking '/home/rm_autoaim/suep2026/rm_ws/install/armor_detector' for CMake module files
[0.789s] Level 1:colcon.colcon_core.environment:checking '/home/rm_autoaim/suep2026/rm_ws/install/armor_detector' for CMake config files
[0.789s] Level 1:colcon.colcon_core.shell:create_environment_hook('armor_detector', 'cmake_prefix_path')
[0.790s] INFO:colcon.colcon_core.shell:Creating environment hook '/home/rm_autoaim/suep2026/rm_ws/install/armor_detector/share/armor_detector/hook/cmake_prefix_path.ps1'
[0.790s] INFO:colcon.colcon_core.shell:Creating environment descriptor '/home/rm_autoaim/suep2026/rm_ws/install/armor_detector/share/armor_detector/hook/cmake_prefix_path.dsv'
[0.791s] INFO:colcon.colcon_core.shell:Creating environment hook '/home/rm_autoaim/suep2026/rm_ws/install/armor_detector/share/armor_detector/hook/cmake_prefix_path.sh'
[0.792s] Level 1:colcon.colcon_core.environment:checking '/home/rm_autoaim/suep2026/rm_ws/install/armor_detector/lib'
[0.792s] Level 1:colcon.colcon_core.shell:create_environment_hook('armor_detector', 'ld_library_path_lib')
[0.792s] INFO:colcon.colcon_core.shell:Creating environment hook '/home/rm_autoaim/suep2026/rm_ws/install/armor_detector/share/armor_detector/hook/ld_library_path_lib.ps1'
[0.792s] INFO:colcon.colcon_core.shell:Creating environment descriptor '/home/rm_autoaim/suep2026/rm_ws/install/armor_detector/share/armor_detector/hook/ld_library_path_lib.dsv'
[0.793s] INFO:colcon.colcon_core.shell:Creating environment hook '/home/rm_autoaim/suep2026/rm_ws/install/armor_detector/share/armor_detector/hook/ld_library_path_lib.sh'
[0.793s] Level 1:colcon.colcon_core.environment:checking '/home/rm_autoaim/suep2026/rm_ws/install/armor_detector/bin'
[0.793s] Level 1:colcon.colcon_core.environment:checking '/home/rm_autoaim/suep2026/rm_ws/install/armor_detector/lib/pkgconfig/armor_detector.pc'
[0.793s] Level 1:colcon.colcon_core.environment:checking '/home/rm_autoaim/suep2026/rm_ws/install/armor_detector/lib/python3.10/site-packages'
[0.794s] Level 1:colcon.colcon_core.environment:checking '/home/rm_autoaim/suep2026/rm_ws/install/armor_detector/bin'
[0.794s] INFO:colcon.colcon_core.shell:Creating package script '/home/rm_autoaim/suep2026/rm_ws/install/armor_detector/share/armor_detector/package.ps1'
[0.795s] INFO:colcon.colcon_core.shell:Creating package descriptor '/home/rm_autoaim/suep2026/rm_ws/install/armor_detector/share/armor_detector/package.dsv'
[0.795s] INFO:colcon.colcon_core.shell:Creating package script '/home/rm_autoaim/suep2026/rm_ws/install/armor_detector/share/armor_detector/package.sh'
[0.795s] INFO:colcon.colcon_core.shell:Creating package script '/home/rm_autoaim/suep2026/rm_ws/install/armor_detector/share/armor_detector/package.bash'
[0.796s] INFO:colcon.colcon_core.shell:Creating package script '/home/rm_autoaim/suep2026/rm_ws/install/armor_detector/share/armor_detector/package.zsh'
[0.796s] Level 1:colcon.colcon_core.environment:create_file_with_runtime_dependencies(/home/rm_autoaim/suep2026/rm_ws/install/armor_detector/share/colcon-core/packages/armor_detector)
[0.797s] Level 1:colcon.colcon_core.environment:create_environment_scripts_only(rm_serial_driver)
[0.798s] Level 1:colcon.colcon_core.environment:checking '/home/rm_autoaim/suep2026/rm_ws/install/rm_serial_driver' for CMake module files
[0.798s] DEBUG:colcon.colcon_core.event_handler.log_command:Invoked command in '/home/rm_autoaim/suep2026/rm_ws/build/rm_serial_driver' returned '0': AMENT_PREFIX_PATH=/home/rm_autoaim/suep2026/rm_ws/install/auto_aim_interfaces:${AMENT_PREFIX_PATH} CMAKE_PREFIX_PATH=/home/rm_autoaim/suep2026/rm_ws/install/auto_aim_interfaces:/opt/ros/humble LD_LIBRARY_PATH=/home/rm_autoaim/suep2026/rm_ws/install/auto_aim_interfaces/lib:/opt/ros/humble/opt/rviz_ogre_vendor/lib:/opt/ros/humble/lib/x86_64-linux-gnu:/opt/ros/humble/lib:/opt/MVS/lib/64:/opt/MVS/lib/32 PYTHONPATH=/home/rm_autoaim/suep2026/rm_ws/install/auto_aim_interfaces/local/lib/python3.10/dist-packages:${PYTHONPATH} /usr/bin/cmake --install /home/rm_autoaim/suep2026/rm_ws/build/rm_serial_driver
[0.799s] Level 1:colcon.colcon_core.environment:checking '/home/rm_autoaim/suep2026/rm_ws/install/rm_serial_driver' for CMake config files
[0.799s] Level 1:colcon.colcon_core.shell:create_environment_hook('rm_serial_driver', 'cmake_prefix_path')
[0.799s] INFO:colcon.colcon_core.shell:Creating environment hook '/home/rm_autoaim/suep2026/rm_ws/install/rm_serial_driver/share/rm_serial_driver/hook/cmake_prefix_path.ps1'
[0.800s] INFO:colcon.colcon_core.shell:Creating environment descriptor '/home/rm_autoaim/suep2026/rm_ws/install/rm_serial_driver/share/rm_serial_driver/hook/cmake_prefix_path.dsv'
[0.800s] INFO:colcon.colcon_core.shell:Creating environment hook '/home/rm_autoaim/suep2026/rm_ws/install/rm_serial_driver/share/rm_serial_driver/hook/cmake_prefix_path.sh'
[0.801s] Level 1:colcon.colcon_core.environment:checking '/home/rm_autoaim/suep2026/rm_ws/install/rm_serial_driver/lib'
[0.801s] Level 1:colcon.colcon_core.shell:create_environment_hook('rm_serial_driver', 'ld_library_path_lib')
[0.801s] INFO:colcon.colcon_core.shell:Creating environment hook '/home/rm_autoaim/suep2026/rm_ws/install/rm_serial_driver/share/rm_serial_driver/hook/ld_library_path_lib.ps1'
[0.802s] INFO:colcon.colcon_core.shell:Creating environment descriptor '/home/rm_autoaim/suep2026/rm_ws/install/rm_serial_driver/share/rm_serial_driver/hook/ld_library_path_lib.dsv'
[0.802s] INFO:colcon.colcon_core.shell:Creating environment hook '/home/rm_autoaim/suep2026/rm_ws/install/rm_serial_driver/share/rm_serial_driver/hook/ld_library_path_lib.sh'
[0.803s] Level 1:colcon.colcon_core.environment:checking '/home/rm_autoaim/suep2026/rm_ws/install/rm_serial_driver/bin'
[0.803s] Level 1:colcon.colcon_core.environment:checking '/home/rm_autoaim/suep2026/rm_ws/install/rm_serial_driver/lib/pkgconfig/rm_serial_driver.pc'
[0.803s] Level 1:colcon.colcon_core.environment:checking '/home/rm_autoaim/suep2026/rm_ws/install/rm_serial_driver/lib/python3.10/site-packages'
[0.803s] Level 1:colcon.colcon_core.environment:checking '/home/rm_autoaim/suep2026/rm_ws/install/rm_serial_driver/bin'
[0.804s] INFO:colcon.colcon_core.shell:Creating package script '/home/rm_autoaim/suep2026/rm_ws/install/rm_serial_driver/share/rm_serial_driver/package.ps1'
[0.804s] INFO:colcon.colcon_core.shell:Creating package descriptor '/home/rm_autoaim/suep2026/rm_ws/install/rm_serial_driver/share/rm_serial_driver/package.dsv'
[0.804s] INFO:colcon.colcon_core.shell:Creating package script '/home/rm_autoaim/suep2026/rm_ws/install/rm_serial_driver/share/rm_serial_driver/package.sh'
[0.805s] INFO:colcon.colcon_core.shell:Creating package script '/home/rm_autoaim/suep2026/rm_ws/install/rm_serial_driver/share/rm_serial_driver/package.bash'
[0.805s] INFO:colcon.colcon_core.shell:Creating package script '/home/rm_autoaim/suep2026/rm_ws/install/rm_serial_driver/share/rm_serial_driver/package.zsh'
[0.805s] Level 1:colcon.colcon_core.environment:create_file_with_runtime_dependencies(/home/rm_autoaim/suep2026/rm_ws/install/rm_serial_driver/share/colcon-core/packages/rm_serial_driver)
[0.806s] Level 1:colcon.colcon_core.environment:create_environment_scripts_only(rm_serial_driver)
[0.806s] Level 1:colcon.colcon_core.environment:checking '/home/rm_autoaim/suep2026/rm_ws/install/rm_serial_driver' for CMake module files
[0.807s] Level 1:colcon.colcon_core.environment:checking '/home/rm_autoaim/suep2026/rm_ws/install/rm_serial_driver' for CMake config files
[0.807s] Level 1:colcon.colcon_core.shell:create_environment_hook('rm_serial_driver', 'cmake_prefix_path')
[0.807s] INFO:colcon.colcon_core.shell:Creating environment hook '/home/rm_autoaim/suep2026/rm_ws/install/rm_serial_driver/share/rm_serial_driver/hook/cmake_prefix_path.ps1'
[0.808s] INFO:colcon.colcon_core.shell:Creating environment descriptor '/home/rm_autoaim/suep2026/rm_ws/install/rm_serial_driver/share/rm_serial_driver/hook/cmake_prefix_path.dsv'
[0.808s] INFO:colcon.colcon_core.shell:Creating environment hook '/home/rm_autoaim/suep2026/rm_ws/install/rm_serial_driver/share/rm_serial_driver/hook/cmake_prefix_path.sh'
[0.808s] Level 1:colcon.colcon_core.environment:checking '/home/rm_autoaim/suep2026/rm_ws/install/rm_serial_driver/lib'
[0.808s] Level 1:colcon.colcon_core.shell:create_environment_hook('rm_serial_driver', 'ld_library_path_lib')
[0.809s] INFO:colcon.colcon_core.shell:Creating environment hook '/home/rm_autoaim/suep2026/rm_ws/install/rm_serial_driver/share/rm_serial_driver/hook/ld_library_path_lib.ps1'
[0.809s] INFO:colcon.colcon_core.shell:Creating environment descriptor '/home/rm_autoaim/suep2026/rm_ws/install/rm_serial_driver/share/rm_serial_driver/hook/ld_library_path_lib.dsv'
[0.809s] INFO:colcon.colcon_core.shell:Creating environment hook '/home/rm_autoaim/suep2026/rm_ws/install/rm_serial_driver/share/rm_serial_driver/hook/ld_library_path_lib.sh'
[0.810s] Level 1:colcon.colcon_core.environment:checking '/home/rm_autoaim/suep2026/rm_ws/install/rm_serial_driver/bin'
[0.810s] Level 1:colcon.colcon_core.environment:checking '/home/rm_autoaim/suep2026/rm_ws/install/rm_serial_driver/lib/pkgconfig/rm_serial_driver.pc'
[0.810s] Level 1:colcon.colcon_core.environment:checking '/home/rm_autoaim/suep2026/rm_ws/install/rm_serial_driver/lib/python3.10/site-packages'
[0.810s] Level 1:colcon.colcon_core.environment:checking '/home/rm_autoaim/suep2026/rm_ws/install/rm_serial_driver/bin'
[0.811s] INFO:colcon.colcon_core.shell:Creating package script '/home/rm_autoaim/suep2026/rm_ws/install/rm_serial_driver/share/rm_serial_driver/package.ps1'
[0.811s] INFO:colcon.colcon_core.shell:Creating package descriptor '/home/rm_autoaim/suep2026/rm_ws/install/rm_serial_driver/share/rm_serial_driver/package.dsv'
[0.812s] INFO:colcon.colcon_core.shell:Creating package script '/home/rm_autoaim/suep2026/rm_ws/install/rm_serial_driver/share/rm_serial_driver/package.sh'
[0.812s] INFO:colcon.colcon_core.shell:Creating package script '/home/rm_autoaim/suep2026/rm_ws/install/rm_serial_driver/share/rm_serial_driver/package.bash'
[0.813s] INFO:colcon.colcon_core.shell:Creating package script '/home/rm_autoaim/suep2026/rm_ws/install/rm_serial_driver/share/rm_serial_driver/package.zsh'
[0.813s] Level 1:colcon.colcon_core.environment:create_file_with_runtime_dependencies(/home/rm_autoaim/suep2026/rm_ws/install/rm_serial_driver/share/colcon-core/packages/rm_serial_driver)
[0.814s] INFO:colcon.colcon_ros.task.ament_cmake.build:Building ROS package in '/home/rm_autoaim/suep2026/rm_ws/src/rm_vision/rm_vision_bringup' with build type 'ament_cmake'
[0.814s] INFO:colcon.colcon_cmake.task.cmake.build:Building CMake package in '/home/rm_autoaim/suep2026/rm_ws/src/rm_vision/rm_vision_bringup'
[0.814s] INFO:colcon.colcon_core.shell:Skip shell extension 'powershell' for command environment: Not usable outside of PowerShell
[0.814s] DEBUG:colcon.colcon_core.shell:Skip shell extension 'dsv' for command environment
[0.818s] Level 1:colcon.colcon_core.environment:create_environment_scripts_only(armor_tracker)
[0.818s] Level 1:colcon.colcon_core.environment:checking '/home/rm_autoaim/suep2026/rm_ws/install/armor_tracker' for CMake module files
[0.819s] DEBUG:colcon.colcon_core.event_handler.log_command:Invoked command in '/home/rm_autoaim/suep2026/rm_ws/build/armor_tracker' returned '0': AMENT_PREFIX_PATH=/home/rm_autoaim/suep2026/rm_ws/install/auto_aim_interfaces:${AMENT_PREFIX_PATH} CMAKE_PREFIX_PATH=/home/rm_autoaim/suep2026/rm_ws/install/auto_aim_interfaces:/opt/ros/humble LD_LIBRARY_PATH=/home/rm_autoaim/suep2026/rm_ws/install/auto_aim_interfaces/lib:/opt/ros/humble/opt/rviz_ogre_vendor/lib:/opt/ros/humble/lib/x86_64-linux-gnu:/opt/ros/humble/lib:/opt/MVS/lib/64:/opt/MVS/lib/32 PYTHONPATH=/home/rm_autoaim/suep2026/rm_ws/install/auto_aim_interfaces/local/lib/python3.10/dist-packages:${PYTHONPATH} /usr/bin/cmake --install /home/rm_autoaim/suep2026/rm_ws/build/armor_tracker
[0.819s] Level 1:colcon.colcon_core.environment:checking '/home/rm_autoaim/suep2026/rm_ws/install/armor_tracker' for CMake config files
[0.820s] Level 1:colcon.colcon_core.shell:create_environment_hook('armor_tracker', 'cmake_prefix_path')
[0.820s] INFO:colcon.colcon_core.shell:Creating environment hook '/home/rm_autoaim/suep2026/rm_ws/install/armor_tracker/share/armor_tracker/hook/cmake_prefix_path.ps1'
[0.821s] INFO:colcon.colcon_core.shell:Creating environment descriptor '/home/rm_autoaim/suep2026/rm_ws/install/armor_tracker/share/armor_tracker/hook/cmake_prefix_path.dsv'
[0.821s] INFO:colcon.colcon_core.shell:Creating environment hook '/home/rm_autoaim/suep2026/rm_ws/install/armor_tracker/share/armor_tracker/hook/cmake_prefix_path.sh'
[0.822s] Level 1:colcon.colcon_core.environment:checking '/home/rm_autoaim/suep2026/rm_ws/install/armor_tracker/lib'
[0.822s] Level 1:colcon.colcon_core.shell:create_environment_hook('armor_tracker', 'ld_library_path_lib')
[0.822s] INFO:colcon.colcon_core.shell:Creating environment hook '/home/rm_autoaim/suep2026/rm_ws/install/armor_tracker/share/armor_tracker/hook/ld_library_path_lib.ps1'
[0.823s] INFO:colcon.colcon_core.shell:Creating environment descriptor '/home/rm_autoaim/suep2026/rm_ws/install/armor_tracker/share/armor_tracker/hook/ld_library_path_lib.dsv'
[0.823s] INFO:colcon.colcon_core.shell:Creating environment hook '/home/rm_autoaim/suep2026/rm_ws/install/armor_tracker/share/armor_tracker/hook/ld_library_path_lib.sh'
[0.823s] Level 1:colcon.colcon_core.environment:checking '/home/rm_autoaim/suep2026/rm_ws/install/armor_tracker/bin'
[0.823s] Level 1:colcon.colcon_core.environment:checking '/home/rm_autoaim/suep2026/rm_ws/install/armor_tracker/lib/pkgconfig/armor_tracker.pc'
[0.823s] Level 1:colcon.colcon_core.environment:checking '/home/rm_autoaim/suep2026/rm_ws/install/armor_tracker/lib/python3.10/site-packages'
[0.824s] Level 1:colcon.colcon_core.environment:checking '/home/rm_autoaim/suep2026/rm_ws/install/armor_tracker/bin'
[0.824s] INFO:colcon.colcon_core.shell:Creating package script '/home/rm_autoaim/suep2026/rm_ws/install/armor_tracker/share/armor_tracker/package.ps1'
[0.825s] INFO:colcon.colcon_core.shell:Creating package descriptor '/home/rm_autoaim/suep2026/rm_ws/install/armor_tracker/share/armor_tracker/package.dsv'
[0.825s] INFO:colcon.colcon_core.shell:Creating package script '/home/rm_autoaim/suep2026/rm_ws/install/armor_tracker/share/armor_tracker/package.sh'
[0.826s] INFO:colcon.colcon_core.shell:Creating package script '/home/rm_autoaim/suep2026/rm_ws/install/armor_tracker/share/armor_tracker/package.bash'
[0.826s] INFO:colcon.colcon_core.shell:Creating package script '/home/rm_autoaim/suep2026/rm_ws/install/armor_tracker/share/armor_tracker/package.zsh'
[0.826s] Level 1:colcon.colcon_core.environment:create_file_with_runtime_dependencies(/home/rm_autoaim/suep2026/rm_ws/install/armor_tracker/share/colcon-core/packages/armor_tracker)
[0.827s] Level 1:colcon.colcon_core.environment:create_environment_scripts_only(armor_tracker)
[0.827s] Level 1:colcon.colcon_core.environment:checking '/home/rm_autoaim/suep2026/rm_ws/install/armor_tracker' for CMake module files
[0.828s] Level 1:colcon.colcon_core.environment:checking '/home/rm_autoaim/suep2026/rm_ws/install/armor_tracker' for CMake config files
[0.828s] Level 1:colcon.colcon_core.shell:create_environment_hook('armor_tracker', 'cmake_prefix_path')
[0.828s] INFO:colcon.colcon_core.shell:Creating environment hook '/home/rm_autoaim/suep2026/rm_ws/install/armor_tracker/share/armor_tracker/hook/cmake_prefix_path.ps1'
[0.829s] INFO:colcon.colcon_core.shell:Creating environment descriptor '/home/rm_autoaim/suep2026/rm_ws/install/armor_tracker/share/armor_tracker/hook/cmake_prefix_path.dsv'
[0.830s] INFO:colcon.colcon_core.shell:Creating environment hook '/home/rm_autoaim/suep2026/rm_ws/install/armor_tracker/share/armor_tracker/hook/cmake_prefix_path.sh'
[0.831s] Level 1:colcon.colcon_core.environment:checking '/home/rm_autoaim/suep2026/rm_ws/install/armor_tracker/lib'
[0.831s] Level 1:colcon.colcon_core.shell:create_environment_hook('armor_tracker', 'ld_library_path_lib')
[0.832s] INFO:colcon.colcon_core.shell:Creating environment hook '/home/rm_autoaim/suep2026/rm_ws/install/armor_tracker/share/armor_tracker/hook/ld_library_path_lib.ps1'
[0.832s] INFO:colcon.colcon_core.shell:Creating environment descriptor '/home/rm_autoaim/suep2026/rm_ws/install/armor_tracker/share/armor_tracker/hook/ld_library_path_lib.dsv'
[0.833s] INFO:colcon.colcon_core.shell:Creating environment hook '/home/rm_autoaim/suep2026/rm_ws/install/armor_tracker/share/armor_tracker/hook/ld_library_path_lib.sh'
[0.833s] Level 1:colcon.colcon_core.environment:checking '/home/rm_autoaim/suep2026/rm_ws/install/armor_tracker/bin'
[0.833s] Level 1:colcon.colcon_core.environment:checking '/home/rm_autoaim/suep2026/rm_ws/install/armor_tracker/lib/pkgconfig/armor_tracker.pc'
[0.834s] Level 1:colcon.colcon_core.environment:checking '/home/rm_autoaim/suep2026/rm_ws/install/armor_tracker/lib/python3.10/site-packages'
[0.834s] Level 1:colcon.colcon_core.environment:checking '/home/rm_autoaim/suep2026/rm_ws/install/armor_tracker/bin'
[0.834s] INFO:colcon.colcon_core.shell:Creating package script '/home/rm_autoaim/suep2026/rm_ws/install/armor_tracker/share/armor_tracker/package.ps1'
[0.835s] INFO:colcon.colcon_core.shell:Creating package descriptor '/home/rm_autoaim/suep2026/rm_ws/install/armor_tracker/share/armor_tracker/package.dsv'
[0.835s] INFO:colcon.colcon_core.shell:Creating package script '/home/rm_autoaim/suep2026/rm_ws/install/armor_tracker/share/armor_tracker/package.sh'
[0.836s] INFO:colcon.colcon_core.shell:Creating package script '/home/rm_autoaim/suep2026/rm_ws/install/armor_tracker/share/armor_tracker/package.bash'
[0.836s] INFO:colcon.colcon_core.shell:Creating package script '/home/rm_autoaim/suep2026/rm_ws/install/armor_tracker/share/armor_tracker/package.zsh'
[0.837s] Level 1:colcon.colcon_core.environment:create_file_with_runtime_dependencies(/home/rm_autoaim/suep2026/rm_ws/install/armor_tracker/share/colcon-core/packages/armor_tracker)
[0.841s] DEBUG:colcon.colcon_core.event_handler.log_command:Invoking command in '/home/rm_autoaim/suep2026/rm_ws/build/rm_vision_bringup': AMENT_PREFIX_PATH=/home/rm_autoaim/suep2026/rm_ws/install/rm_serial_driver:/home/rm_autoaim/suep2026/rm_ws/install/auto_aim_interfaces:${AMENT_PREFIX_PATH} CMAKE_PREFIX_PATH=/home/rm_autoaim/suep2026/rm_ws/install/rm_serial_driver:/home/rm_autoaim/suep2026/rm_ws/install/auto_aim_interfaces:/opt/ros/humble LD_LIBRARY_PATH=/home/rm_autoaim/suep2026/rm_ws/install/rm_serial_driver/lib:/home/rm_autoaim/suep2026/rm_ws/install/auto_aim_interfaces/lib:/opt/ros/humble/opt/rviz_ogre_vendor/lib:/opt/ros/humble/lib/x86_64-linux-gnu:/opt/ros/humble/lib:/opt/MVS/lib/64:/opt/MVS/lib/32 PYTHONPATH=/home/rm_autoaim/suep2026/rm_ws/install/auto_aim_interfaces/local/lib/python3.10/dist-packages:${PYTHONPATH} /usr/bin/cmake --build /home/rm_autoaim/suep2026/rm_ws/build/rm_vision_bringup -- -j8 -l8
[0.874s] DEBUG:colcon.colcon_core.event_handler.log_command:Invoked command in '/home/rm_autoaim/suep2026/rm_ws/build/rm_vision_bringup' returned '0': AMENT_PREFIX_PATH=/home/rm_autoaim/suep2026/rm_ws/install/rm_serial_driver:/home/rm_autoaim/suep2026/rm_ws/install/auto_aim_interfaces:${AMENT_PREFIX_PATH} CMAKE_PREFIX_PATH=/home/rm_autoaim/suep2026/rm_ws/install/rm_serial_driver:/home/rm_autoaim/suep2026/rm_ws/install/auto_aim_interfaces:/opt/ros/humble LD_LIBRARY_PATH=/home/rm_autoaim/suep2026/rm_ws/install/rm_serial_driver/lib:/home/rm_autoaim/suep2026/rm_ws/install/auto_aim_interfaces/lib:/opt/ros/humble/opt/rviz_ogre_vendor/lib:/opt/ros/humble/lib/x86_64-linux-gnu:/opt/ros/humble/lib:/opt/MVS/lib/64:/opt/MVS/lib/32 PYTHONPATH=/home/rm_autoaim/suep2026/rm_ws/install/auto_aim_interfaces/local/lib/python3.10/dist-packages:${PYTHONPATH} /usr/bin/cmake --build /home/rm_autoaim/suep2026/rm_ws/build/rm_vision_bringup -- -j8 -l8
[0.876s] DEBUG:colcon.colcon_core.event_handler.log_command:Invoking command in '/home/rm_autoaim/suep2026/rm_ws/build/rm_vision_bringup': AMENT_PREFIX_PATH=/home/rm_autoaim/suep2026/rm_ws/install/rm_serial_driver:/home/rm_autoaim/suep2026/rm_ws/install/auto_aim_interfaces:${AMENT_PREFIX_PATH} CMAKE_PREFIX_PATH=/home/rm_autoaim/suep2026/rm_ws/install/rm_serial_driver:/home/rm_autoaim/suep2026/rm_ws/install/auto_aim_interfaces:/opt/ros/humble LD_LIBRARY_PATH=/home/rm_autoaim/suep2026/rm_ws/install/rm_serial_driver/lib:/home/rm_autoaim/suep2026/rm_ws/install/auto_aim_interfaces/lib:/opt/ros/humble/opt/rviz_ogre_vendor/lib:/opt/ros/humble/lib/x86_64-linux-gnu:/opt/ros/humble/lib:/opt/MVS/lib/64:/opt/MVS/lib/32 PYTHONPATH=/home/rm_autoaim/suep2026/rm_ws/install/auto_aim_interfaces/local/lib/python3.10/dist-packages:${PYTHONPATH} /usr/bin/cmake --install /home/rm_autoaim/suep2026/rm_ws/build/rm_vision_bringup
[0.885s] Level 1:colcon.colcon_core.environment:create_environment_scripts_only(rm_vision_bringup)
[0.885s] Level 1:colcon.colcon_core.environment:checking '/home/rm_autoaim/suep2026/rm_ws/install/rm_vision_bringup' for CMake module files
[0.886s] DEBUG:colcon.colcon_core.event_handler.log_command:Invoked command in '/home/rm_autoaim/suep2026/rm_ws/build/rm_vision_bringup' returned '0': AMENT_PREFIX_PATH=/home/rm_autoaim/suep2026/rm_ws/install/rm_serial_driver:/home/rm_autoaim/suep2026/rm_ws/install/auto_aim_interfaces:${AMENT_PREFIX_PATH} CMAKE_PREFIX_PATH=/home/rm_autoaim/suep2026/rm_ws/install/rm_serial_driver:/home/rm_autoaim/suep2026/rm_ws/install/auto_aim_interfaces:/opt/ros/humble LD_LIBRARY_PATH=/home/rm_autoaim/suep2026/rm_ws/install/rm_serial_driver/lib:/home/rm_autoaim/suep2026/rm_ws/install/auto_aim_interfaces/lib:/opt/ros/humble/opt/rviz_ogre_vendor/lib:/opt/ros/humble/lib/x86_64-linux-gnu:/opt/ros/humble/lib:/opt/MVS/lib/64:/opt/MVS/lib/32 PYTHONPATH=/home/rm_autoaim/suep2026/rm_ws/install/auto_aim_interfaces/local/lib/python3.10/dist-packages:${PYTHONPATH} /usr/bin/cmake --install /home/rm_autoaim/suep2026/rm_ws/build/rm_vision_bringup
[0.886s] Level 1:colcon.colcon_core.environment:checking '/home/rm_autoaim/suep2026/rm_ws/install/rm_vision_bringup' for CMake config files
[0.886s] Level 1:colcon.colcon_core.shell:create_environment_hook('rm_vision_bringup', 'cmake_prefix_path')
[0.886s] INFO:colcon.colcon_core.shell:Creating environment hook '/home/rm_autoaim/suep2026/rm_ws/install/rm_vision_bringup/share/rm_vision_bringup/hook/cmake_prefix_path.ps1'
[0.887s] INFO:colcon.colcon_core.shell:Creating environment descriptor '/home/rm_autoaim/suep2026/rm_ws/install/rm_vision_bringup/share/rm_vision_bringup/hook/cmake_prefix_path.dsv'
[0.887s] INFO:colcon.colcon_core.shell:Creating environment hook '/home/rm_autoaim/suep2026/rm_ws/install/rm_vision_bringup/share/rm_vision_bringup/hook/cmake_prefix_path.sh'
[0.887s] Level 1:colcon.colcon_core.environment:checking '/home/rm_autoaim/suep2026/rm_ws/install/rm_vision_bringup/bin'
[0.887s] Level 1:colcon.colcon_core.environment:checking '/home/rm_autoaim/suep2026/rm_ws/install/rm_vision_bringup/lib/pkgconfig/rm_vision_bringup.pc'
[0.887s] Level 1:colcon.colcon_core.environment:checking '/home/rm_autoaim/suep2026/rm_ws/install/rm_vision_bringup/lib/python3.10/site-packages'
[0.888s] Level 1:colcon.colcon_core.environment:checking '/home/rm_autoaim/suep2026/rm_ws/install/rm_vision_bringup/bin'
[0.888s] INFO:colcon.colcon_core.shell:Creating package script '/home/rm_autoaim/suep2026/rm_ws/install/rm_vision_bringup/share/rm_vision_bringup/package.ps1'
[0.888s] INFO:colcon.colcon_core.shell:Creating package descriptor '/home/rm_autoaim/suep2026/rm_ws/install/rm_vision_bringup/share/rm_vision_bringup/package.dsv'
[0.889s] INFO:colcon.colcon_core.shell:Creating package script '/home/rm_autoaim/suep2026/rm_ws/install/rm_vision_bringup/share/rm_vision_bringup/package.sh'
[0.889s] INFO:colcon.colcon_core.shell:Creating package script '/home/rm_autoaim/suep2026/rm_ws/install/rm_vision_bringup/share/rm_vision_bringup/package.bash'
[0.889s] INFO:colcon.colcon_core.shell:Creating package script '/home/rm_autoaim/suep2026/rm_ws/install/rm_vision_bringup/share/rm_vision_bringup/package.zsh'
[0.890s] Level 1:colcon.colcon_core.environment:create_file_with_runtime_dependencies(/home/rm_autoaim/suep2026/rm_ws/install/rm_vision_bringup/share/colcon-core/packages/rm_vision_bringup)
[0.890s] Level 1:colcon.colcon_core.environment:create_environment_scripts_only(rm_vision_bringup)
[0.891s] Level 1:colcon.colcon_core.environment:checking '/home/rm_autoaim/suep2026/rm_ws/install/rm_vision_bringup' for CMake module files
[0.891s] Level 1:colcon.colcon_core.environment:checking '/home/rm_autoaim/suep2026/rm_ws/install/rm_vision_bringup' for CMake config files
[0.891s] Level 1:colcon.colcon_core.shell:create_environment_hook('rm_vision_bringup', 'cmake_prefix_path')
[0.891s] INFO:colcon.colcon_core.shell:Creating environment hook '/home/rm_autoaim/suep2026/rm_ws/install/rm_vision_bringup/share/rm_vision_bringup/hook/cmake_prefix_path.ps1'
[0.892s] INFO:colcon.colcon_core.shell:Creating environment descriptor '/home/rm_autoaim/suep2026/rm_ws/install/rm_vision_bringup/share/rm_vision_bringup/hook/cmake_prefix_path.dsv'
[0.892s] INFO:colcon.colcon_core.shell:Creating environment hook '/home/rm_autoaim/suep2026/rm_ws/install/rm_vision_bringup/share/rm_vision_bringup/hook/cmake_prefix_path.sh'
[0.893s] Level 1:colcon.colcon_core.environment:checking '/home/rm_autoaim/suep2026/rm_ws/install/rm_vision_bringup/bin'
[0.893s] Level 1:colcon.colcon_core.environment:checking '/home/rm_autoaim/suep2026/rm_ws/install/rm_vision_bringup/lib/pkgconfig/rm_vision_bringup.pc'
[0.893s] Level 1:colcon.colcon_core.environment:checking '/home/rm_autoaim/suep2026/rm_ws/install/rm_vision_bringup/lib/python3.10/site-packages'
[0.893s] Level 1:colcon.colcon_core.environment:checking '/home/rm_autoaim/suep2026/rm_ws/install/rm_vision_bringup/bin'
[0.893s] INFO:colcon.colcon_core.shell:Creating package script '/home/rm_autoaim/suep2026/rm_ws/install/rm_vision_bringup/share/rm_vision_bringup/package.ps1'
[0.894s] INFO:colcon.colcon_core.shell:Creating package descriptor '/home/rm_autoaim/suep2026/rm_ws/install/rm_vision_bringup/share/rm_vision_bringup/package.dsv'
[0.894s] INFO:colcon.colcon_core.shell:Creating package script '/home/rm_autoaim/suep2026/rm_ws/install/rm_vision_bringup/share/rm_vision_bringup/package.sh'
[0.894s] INFO:colcon.colcon_core.shell:Creating package script '/home/rm_autoaim/suep2026/rm_ws/install/rm_vision_bringup/share/rm_vision_bringup/package.bash'
[0.894s] INFO:colcon.colcon_core.shell:Creating package script '/home/rm_autoaim/suep2026/rm_ws/install/rm_vision_bringup/share/rm_vision_bringup/package.zsh'
[0.895s] Level 1:colcon.colcon_core.environment:create_file_with_runtime_dependencies(/home/rm_autoaim/suep2026/rm_ws/install/rm_vision_bringup/share/colcon-core/packages/rm_vision_bringup)
[0.895s] DEBUG:colcon.colcon_parallel_executor.executor.parallel:closing loop
[0.895s] DEBUG:colcon.colcon_parallel_executor.executor.parallel:loop closed
[0.895s] DEBUG:colcon.colcon_parallel_executor.executor.parallel:run_until_complete finished with '0'
[0.896s] DEBUG:colcon.colcon_core.event_reactor:joining thread
[0.901s] INFO:colcon.colcon_core.plugin_system:Skipping extension 'colcon_notification.desktop_notification.terminal_notifier': Not used on non-Darwin systems
[0.901s] INFO:colcon.colcon_core.plugin_system:Skipping extension 'colcon_notification.desktop_notification.win32': Not used on non-Windows systems
[0.901s] INFO:colcon.colcon_notification.desktop_notification:Sending desktop notification using 'notify2'
[0.911s] DEBUG:colcon.colcon_core.event_reactor:joined thread
[0.912s] INFO:colcon.colcon_core.shell:Creating prefix script '/home/rm_autoaim/suep2026/rm_ws/install/local_setup.ps1'
[0.913s] INFO:colcon.colcon_core.shell:Creating prefix util module '/home/rm_autoaim/suep2026/rm_ws/install/_local_setup_util_ps1.py'
[0.914s] INFO:colcon.colcon_core.shell:Creating prefix chain script '/home/rm_autoaim/suep2026/rm_ws/install/setup.ps1'
[0.915s] INFO:colcon.colcon_core.shell:Creating prefix script '/home/rm_autoaim/suep2026/rm_ws/install/local_setup.sh'
[0.916s] INFO:colcon.colcon_core.shell:Creating prefix util module '/home/rm_autoaim/suep2026/rm_ws/install/_local_setup_util_sh.py'
[0.916s] INFO:colcon.colcon_core.shell:Creating prefix chain script '/home/rm_autoaim/suep2026/rm_ws/install/setup.sh'
[0.917s] INFO:colcon.colcon_core.shell:Creating prefix script '/home/rm_autoaim/suep2026/rm_ws/install/local_setup.bash'
[0.917s] INFO:colcon.colcon_core.shell:Creating prefix chain script '/home/rm_autoaim/suep2026/rm_ws/install/setup.bash'
[0.918s] INFO:colcon.colcon_core.shell:Creating prefix script '/home/rm_autoaim/suep2026/rm_ws/install/local_setup.zsh'
[0.918s] INFO:colcon.colcon_core.shell:Creating prefix chain script '/home/rm_autoaim/suep2026/rm_ws/install/setup.zsh'
