[0.079s] DEBUG:colcon:Command line arguments: ['/usr/bin/colcon', 'build']
[0.079s] DEBUG:colcon:Parsed command line arguments: Namespace(log_base=None, log_level=None, verb_name='build', build_base='build', install_base='install', merge_install=False, symlink_install=False, test_result_base=None, continue_on_error=False, executor='parallel', parallel_workers=8, event_handlers=None, ignore_user_meta=False, metas=['./colcon.meta'], base_paths=['.'], packages_ignore=None, packages_ignore_regex=None, paths=None, packages_up_to=None, packages_up_to_regex=None, packages_above=None, packages_above_and_dependencies=None, packages_above_depth=None, packages_select_by_dep=None, packages_skip_by_dep=None, packages_skip_up_to=None, packages_select_build_failed=False, packages_skip_build_finished=False, packages_select_test_failures=False, packages_skip_test_passed=False, packages_select=None, packages_skip=None, packages_select_regex=None, packages_skip_regex=None, packages_start=None, packages_end=None, allow_overriding=[], cmake_args=None, cmake_target=None, cmake_target_skip_unavailable=False, cmake_clean_cache=False, cmake_clean_first=False, cmake_force_configure=False, ament_cmake_args=None, catkin_cmake_args=None, catkin_skip_building_tests=False, verb_parser=<colcon_defaults.argument_parser.defaults.DefaultArgumentsDecorator object at 0x736ae10600a0>, verb_extension=<colcon_core.verb.build.BuildVerb object at 0x736ae101fb50>, main=<bound method BuildVerb.main of <colcon_core.verb.build.BuildVerb object at 0x736ae101fb50>>)
[0.198s] Level 1:colcon.colcon_core.package_discovery:discover_packages(colcon_meta) check parameters
[0.198s] Level 1:colcon.colcon_core.package_discovery:discover_packages(recursive) check parameters
[0.198s] Level 1:colcon.colcon_core.package_discovery:discover_packages(ignore) check parameters
[0.198s] Level 1:colcon.colcon_core.package_discovery:discover_packages(path) check parameters
[0.198s] Level 1:colcon.colcon_core.package_discovery:discover_packages(colcon_meta) discover
[0.199s] Level 1:colcon.colcon_core.package_discovery:discover_packages(recursive) discover
[0.199s] INFO:colcon.colcon_core.package_discovery:Crawling recursively for packages in '/home/rm_autoaim/suep2026/rm_ws'
[0.199s] Level 1:colcon.colcon_core.package_identification:_identify(.) by extensions ['ignore', 'ignore_ament_install']
[0.199s] Level 1:colcon.colcon_core.package_identification:_identify(.) by extension 'ignore'
[0.199s] Level 1:colcon.colcon_core.package_identification:_identify(.) by extension 'ignore_ament_install'
[0.199s] Level 1:colcon.colcon_core.package_identification:_identify(.) by extensions ['colcon_pkg']
[0.199s] Level 1:colcon.colcon_core.package_identification:_identify(.) by extension 'colcon_pkg'
[0.199s] Level 1:colcon.colcon_core.package_identification:_identify(.) by extensions ['colcon_meta']
[0.199s] Level 1:colcon.colcon_core.package_identification:_identify(.) by extension 'colcon_meta'
[0.199s] Level 1:colcon.colcon_core.package_identification:_identify(.) by extensions ['ros']
[0.199s] Level 1:colcon.colcon_core.package_identification:_identify(.) by extension 'ros'
[0.208s] Level 1:colcon.colcon_core.package_identification:_identify(.) by extensions ['cmake', 'python']
[0.208s] Level 1:colcon.colcon_core.package_identification:_identify(.) by extension 'cmake'
[0.208s] Level 1:colcon.colcon_core.package_identification:_identify(.) by extension 'python'
[0.208s] Level 1:colcon.colcon_core.package_identification:_identify(.) by extensions ['python_setup_py']
[0.208s] Level 1:colcon.colcon_core.package_identification:_identify(.) by extension 'python_setup_py'
[0.208s] Level 1:colcon.colcon_core.package_identification:_identify(build) by extensions ['ignore', 'ignore_ament_install']
[0.208s] Level 1:colcon.colcon_core.package_identification:_identify(build) by extension 'ignore'
[0.208s] Level 1:colcon.colcon_core.package_identification:_identify(build) ignored
[0.208s] Level 1:colcon.colcon_core.package_identification:_identify(install) by extensions ['ignore', 'ignore_ament_install']
[0.208s] Level 1:colcon.colcon_core.package_identification:_identify(install) by extension 'ignore'
[0.208s] Level 1:colcon.colcon_core.package_identification:_identify(install) ignored
[0.208s] Level 1:colcon.colcon_core.package_identification:_identify(log) by extensions ['ignore', 'ignore_ament_install']
[0.208s] Level 1:colcon.colcon_core.package_identification:_identify(log) by extension 'ignore'
[0.208s] Level 1:colcon.colcon_core.package_identification:_identify(log) ignored
[0.208s] Level 1:colcon.colcon_core.package_identification:_identify(src) by extensions ['ignore', 'ignore_ament_install']
[0.209s] Level 1:colcon.colcon_core.package_identification:_identify(src) by extension 'ignore'
[0.209s] Level 1:colcon.colcon_core.package_identification:_identify(src) by extension 'ignore_ament_install'
[0.209s] Level 1:colcon.colcon_core.package_identification:_identify(src) by extensions ['colcon_pkg']
[0.209s] Level 1:colcon.colcon_core.package_identification:_identify(src) by extension 'colcon_pkg'
[0.209s] Level 1:colcon.colcon_core.package_identification:_identify(src) by extensions ['colcon_meta']
[0.209s] Level 1:colcon.colcon_core.package_identification:_identify(src) by extension 'colcon_meta'
[0.209s] Level 1:colcon.colcon_core.package_identification:_identify(src) by extensions ['ros']
[0.209s] Level 1:colcon.colcon_core.package_identification:_identify(src) by extension 'ros'
[0.209s] Level 1:colcon.colcon_core.package_identification:_identify(src) by extensions ['cmake', 'python']
[0.209s] Level 1:colcon.colcon_core.package_identification:_identify(src) by extension 'cmake'
[0.209s] Level 1:colcon.colcon_core.package_identification:_identify(src) by extension 'python'
[0.209s] Level 1:colcon.colcon_core.package_identification:_identify(src) by extensions ['python_setup_py']
[0.209s] Level 1:colcon.colcon_core.package_identification:_identify(src) by extension 'python_setup_py'
[0.209s] Level 1:colcon.colcon_core.package_identification:_identify(src/hik_camera) by extensions ['ignore', 'ignore_ament_install']
[0.209s] Level 1:colcon.colcon_core.package_identification:_identify(src/hik_camera) by extension 'ignore'
[0.209s] Level 1:colcon.colcon_core.package_identification:_identify(src/hik_camera) by extension 'ignore_ament_install'
[0.209s] Level 1:colcon.colcon_core.package_identification:_identify(src/hik_camera) by extensions ['colcon_pkg']
[0.209s] Level 1:colcon.colcon_core.package_identification:_identify(src/hik_camera) by extension 'colcon_pkg'
[0.209s] Level 1:colcon.colcon_core.package_identification:_identify(src/hik_camera) by extensions ['colcon_meta']
[0.209s] Level 1:colcon.colcon_core.package_identification:_identify(src/hik_camera) by extension 'colcon_meta'
[0.209s] Level 1:colcon.colcon_core.package_identification:_identify(src/hik_camera) by extensions ['ros']
[0.209s] Level 1:colcon.colcon_core.package_identification:_identify(src/hik_camera) by extension 'ros'
[0.212s] DEBUG:colcon.colcon_core.package_identification:Package 'src/hik_camera' with type 'ros.ament_cmake' and name 'hik_camera'
[0.212s] Level 1:colcon.colcon_core.package_identification:_identify(src/rm_auto_aim) by extensions ['ignore', 'ignore_ament_install']
[0.212s] Level 1:colcon.colcon_core.package_identification:_identify(src/rm_auto_aim) by extension 'ignore'
[0.212s] Level 1:colcon.colcon_core.package_identification:_identify(src/rm_auto_aim) by extension 'ignore_ament_install'
[0.212s] Level 1:colcon.colcon_core.package_identification:_identify(src/rm_auto_aim) by extensions ['colcon_pkg']
[0.212s] Level 1:colcon.colcon_core.package_identification:_identify(src/rm_auto_aim) by extension 'colcon_pkg'
[0.212s] Level 1:colcon.colcon_core.package_identification:_identify(src/rm_auto_aim) by extensions ['colcon_meta']
[0.212s] Level 1:colcon.colcon_core.package_identification:_identify(src/rm_auto_aim) by extension 'colcon_meta'
[0.212s] Level 1:colcon.colcon_core.package_identification:_identify(src/rm_auto_aim) by extensions ['ros']
[0.212s] Level 1:colcon.colcon_core.package_identification:_identify(src/rm_auto_aim) by extension 'ros'
[0.213s] Level 1:colcon.colcon_core.package_identification:_identify(src/rm_auto_aim) by extensions ['cmake', 'python']
[0.213s] Level 1:colcon.colcon_core.package_identification:_identify(src/rm_auto_aim) by extension 'cmake'
[0.213s] Level 1:colcon.colcon_core.package_identification:_identify(src/rm_auto_aim) by extension 'python'
[0.213s] Level 1:colcon.colcon_core.package_identification:_identify(src/rm_auto_aim) by extensions ['python_setup_py']
[0.213s] Level 1:colcon.colcon_core.package_identification:_identify(src/rm_auto_aim) by extension 'python_setup_py'
[0.213s] Level 1:colcon.colcon_core.package_identification:_identify(src/rm_auto_aim/armor_detector) by extensions ['ignore', 'ignore_ament_install']
[0.213s] Level 1:colcon.colcon_core.package_identification:_identify(src/rm_auto_aim/armor_detector) by extension 'ignore'
[0.213s] Level 1:colcon.colcon_core.package_identification:_identify(src/rm_auto_aim/armor_detector) by extension 'ignore_ament_install'
[0.213s] Level 1:colcon.colcon_core.package_identification:_identify(src/rm_auto_aim/armor_detector) by extensions ['colcon_pkg']
[0.213s] Level 1:colcon.colcon_core.package_identification:_identify(src/rm_auto_aim/armor_detector) by extension 'colcon_pkg'
[0.213s] Level 1:colcon.colcon_core.package_identification:_identify(src/rm_auto_aim/armor_detector) by extensions ['colcon_meta']
[0.213s] Level 1:colcon.colcon_core.package_identification:_identify(src/rm_auto_aim/armor_detector) by extension 'colcon_meta'
[0.213s] Level 1:colcon.colcon_core.package_identification:_identify(src/rm_auto_aim/armor_detector) by extensions ['ros']
[0.213s] Level 1:colcon.colcon_core.package_identification:_identify(src/rm_auto_aim/armor_detector) by extension 'ros'
[0.214s] DEBUG:colcon.colcon_core.package_identification:Package 'src/rm_auto_aim/armor_detector' with type 'ros.ament_cmake' and name 'armor_detector'
[0.214s] Level 1:colcon.colcon_core.package_identification:_identify(src/rm_auto_aim/armor_tracker) by extensions ['ignore', 'ignore_ament_install']
[0.214s] Level 1:colcon.colcon_core.package_identification:_identify(src/rm_auto_aim/armor_tracker) by extension 'ignore'
[0.214s] Level 1:colcon.colcon_core.package_identification:_identify(src/rm_auto_aim/armor_tracker) by extension 'ignore_ament_install'
[0.214s] Level 1:colcon.colcon_core.package_identification:_identify(src/rm_auto_aim/armor_tracker) by extensions ['colcon_pkg']
[0.214s] Level 1:colcon.colcon_core.package_identification:_identify(src/rm_auto_aim/armor_tracker) by extension 'colcon_pkg'
[0.214s] Level 1:colcon.colcon_core.package_identification:_identify(src/rm_auto_aim/armor_tracker) by extensions ['colcon_meta']
[0.215s] Level 1:colcon.colcon_core.package_identification:_identify(src/rm_auto_aim/armor_tracker) by extension 'colcon_meta'
[0.215s] Level 1:colcon.colcon_core.package_identification:_identify(src/rm_auto_aim/armor_tracker) by extensions ['ros']
[0.215s] Level 1:colcon.colcon_core.package_identification:_identify(src/rm_auto_aim/armor_tracker) by extension 'ros'
[0.216s] DEBUG:colcon.colcon_core.package_identification:Package 'src/rm_auto_aim/armor_tracker' with type 'ros.ament_cmake' and name 'armor_tracker'
[0.216s] Level 1:colcon.colcon_core.package_identification:_identify(src/rm_auto_aim/auto_aim_interfaces) by extensions ['ignore', 'ignore_ament_install']
[0.216s] Level 1:colcon.colcon_core.package_identification:_identify(src/rm_auto_aim/auto_aim_interfaces) by extension 'ignore'
[0.216s] Level 1:colcon.colcon_core.package_identification:_identify(src/rm_auto_aim/auto_aim_interfaces) by extension 'ignore_ament_install'
[0.216s] Level 1:colcon.colcon_core.package_identification:_identify(src/rm_auto_aim/auto_aim_interfaces) by extensions ['colcon_pkg']
[0.216s] Level 1:colcon.colcon_core.package_identification:_identify(src/rm_auto_aim/auto_aim_interfaces) by extension 'colcon_pkg'
[0.216s] Level 1:colcon.colcon_core.package_identification:_identify(src/rm_auto_aim/auto_aim_interfaces) by extensions ['colcon_meta']
[0.216s] Level 1:colcon.colcon_core.package_identification:_identify(src/rm_auto_aim/auto_aim_interfaces) by extension 'colcon_meta'
[0.216s] Level 1:colcon.colcon_core.package_identification:_identify(src/rm_auto_aim/auto_aim_interfaces) by extensions ['ros']
[0.216s] Level 1:colcon.colcon_core.package_identification:_identify(src/rm_auto_aim/auto_aim_interfaces) by extension 'ros'
[0.216s] DEBUG:colcon.colcon_core.package_identification:Package 'src/rm_auto_aim/auto_aim_interfaces' with type 'ros.ament_cmake' and name 'auto_aim_interfaces'
[0.216s] Level 1:colcon.colcon_core.package_identification:_identify(src/rm_gimbal_description) by extensions ['ignore', 'ignore_ament_install']
[0.216s] Level 1:colcon.colcon_core.package_identification:_identify(src/rm_gimbal_description) by extension 'ignore'
[0.217s] Level 1:colcon.colcon_core.package_identification:_identify(src/rm_gimbal_description) by extension 'ignore_ament_install'
[0.217s] Level 1:colcon.colcon_core.package_identification:_identify(src/rm_gimbal_description) by extensions ['colcon_pkg']
[0.217s] Level 1:colcon.colcon_core.package_identification:_identify(src/rm_gimbal_description) by extension 'colcon_pkg'
[0.217s] Level 1:colcon.colcon_core.package_identification:_identify(src/rm_gimbal_description) by extensions ['colcon_meta']
[0.217s] Level 1:colcon.colcon_core.package_identification:_identify(src/rm_gimbal_description) by extension 'colcon_meta'
[0.217s] Level 1:colcon.colcon_core.package_identification:_identify(src/rm_gimbal_description) by extensions ['ros']
[0.217s] Level 1:colcon.colcon_core.package_identification:_identify(src/rm_gimbal_description) by extension 'ros'
[0.217s] DEBUG:colcon.colcon_core.package_identification:Package 'src/rm_gimbal_description' with type 'ros.ament_cmake' and name 'rm_gimbal_description'
[0.217s] Level 1:colcon.colcon_core.package_identification:_identify(src/rm_serial_driver) by extensions ['ignore', 'ignore_ament_install']
[0.218s] Level 1:colcon.colcon_core.package_identification:_identify(src/rm_serial_driver) by extension 'ignore'
[0.218s] Level 1:colcon.colcon_core.package_identification:_identify(src/rm_serial_driver) by extension 'ignore_ament_install'
[0.218s] Level 1:colcon.colcon_core.package_identification:_identify(src/rm_serial_driver) by extensions ['colcon_pkg']
[0.218s] Level 1:colcon.colcon_core.package_identification:_identify(src/rm_serial_driver) by extension 'colcon_pkg'
[0.218s] Level 1:colcon.colcon_core.package_identification:_identify(src/rm_serial_driver) by extensions ['colcon_meta']
[0.218s] Level 1:colcon.colcon_core.package_identification:_identify(src/rm_serial_driver) by extension 'colcon_meta'
[0.218s] Level 1:colcon.colcon_core.package_identification:_identify(src/rm_serial_driver) by extensions ['ros']
[0.218s] Level 1:colcon.colcon_core.package_identification:_identify(src/rm_serial_driver) by extension 'ros'
[0.219s] DEBUG:colcon.colcon_core.package_identification:Package 'src/rm_serial_driver' with type 'ros.ament_cmake' and name 'rm_serial_driver'
[0.219s] Level 1:colcon.colcon_core.package_identification:_identify(src/rm_vision) by extensions ['ignore', 'ignore_ament_install']
[0.219s] Level 1:colcon.colcon_core.package_identification:_identify(src/rm_vision) by extension 'ignore'
[0.219s] Level 1:colcon.colcon_core.package_identification:_identify(src/rm_vision) by extension 'ignore_ament_install'
[0.219s] Level 1:colcon.colcon_core.package_identification:_identify(src/rm_vision) by extensions ['colcon_pkg']
[0.219s] Level 1:colcon.colcon_core.package_identification:_identify(src/rm_vision) by extension 'colcon_pkg'
[0.219s] Level 1:colcon.colcon_core.package_identification:_identify(src/rm_vision) by extensions ['colcon_meta']
[0.219s] Level 1:colcon.colcon_core.package_identification:_identify(src/rm_vision) by extension 'colcon_meta'
[0.219s] Level 1:colcon.colcon_core.package_identification:_identify(src/rm_vision) by extensions ['ros']
[0.220s] Level 1:colcon.colcon_core.package_identification:_identify(src/rm_vision) by extension 'ros'
[0.220s] Level 1:colcon.colcon_core.package_identification:_identify(src/rm_vision) by extensions ['cmake', 'python']
[0.220s] Level 1:colcon.colcon_core.package_identification:_identify(src/rm_vision) by extension 'cmake'
[0.220s] Level 1:colcon.colcon_core.package_identification:_identify(src/rm_vision) by extension 'python'
[0.220s] Level 1:colcon.colcon_core.package_identification:_identify(src/rm_vision) by extensions ['python_setup_py']
[0.220s] Level 1:colcon.colcon_core.package_identification:_identify(src/rm_vision) by extension 'python_setup_py'
[0.220s] Level 1:colcon.colcon_core.package_identification:_identify(src/rm_vision/rm_vision_bringup) by extensions ['ignore', 'ignore_ament_install']
[0.220s] Level 1:colcon.colcon_core.package_identification:_identify(src/rm_vision/rm_vision_bringup) by extension 'ignore'
[0.220s] Level 1:colcon.colcon_core.package_identification:_identify(src/rm_vision/rm_vision_bringup) by extension 'ignore_ament_install'
[0.220s] Level 1:colcon.colcon_core.package_identification:_identify(src/rm_vision/rm_vision_bringup) by extensions ['colcon_pkg']
[0.220s] Level 1:colcon.colcon_core.package_identification:_identify(src/rm_vision/rm_vision_bringup) by extension 'colcon_pkg'
[0.220s] Level 1:colcon.colcon_core.package_identification:_identify(src/rm_vision/rm_vision_bringup) by extensions ['colcon_meta']
[0.220s] Level 1:colcon.colcon_core.package_identification:_identify(src/rm_vision/rm_vision_bringup) by extension 'colcon_meta'
[0.220s] Level 1:colcon.colcon_core.package_identification:_identify(src/rm_vision/rm_vision_bringup) by extensions ['ros']
[0.220s] Level 1:colcon.colcon_core.package_identification:_identify(src/rm_vision/rm_vision_bringup) by extension 'ros'
[0.220s] DEBUG:colcon.colcon_core.package_identification:Package 'src/rm_vision/rm_vision_bringup' with type 'ros.ament_cmake' and name 'rm_vision_bringup'
[0.221s] Level 1:colcon.colcon_core.package_discovery:discover_packages(recursive) using defaults
[0.221s] Level 1:colcon.colcon_core.package_discovery:discover_packages(ignore) discover
[0.221s] Level 1:colcon.colcon_core.package_discovery:discover_packages(ignore) using defaults
[0.221s] Level 1:colcon.colcon_core.package_discovery:discover_packages(path) discover
[0.221s] Level 1:colcon.colcon_core.package_discovery:discover_packages(path) using defaults
[0.236s] Level 1:colcon.colcon_core.package_discovery:discover_packages(prefix_path) check parameters
[0.237s] Level 1:colcon.colcon_core.package_discovery:discover_packages(prefix_path) discover
[0.239s] DEBUG:colcon.colcon_installed_package_information.package_discovery:Found 7 installed packages in /home/rm_autoaim/suep2026/rm_ws/install
[0.240s] DEBUG:colcon.colcon_installed_package_information.package_discovery:Found 279 installed packages in /opt/ros/humble
[0.250s] Level 1:colcon.colcon_core.package_discovery:discover_packages(prefix_path) using defaults
[0.277s] Level 5:colcon.colcon_core.verb:set package 'auto_aim_interfaces' build argument 'cmake_args' from command line to 'None'
[0.277s] Level 5:colcon.colcon_core.verb:set package 'auto_aim_interfaces' build argument 'cmake_target' from command line to 'None'
[0.277s] Level 5:colcon.colcon_core.verb:set package 'auto_aim_interfaces' build argument 'cmake_target_skip_unavailable' from command line to 'False'
[0.277s] Level 5:colcon.colcon_core.verb:set package 'auto_aim_interfaces' build argument 'cmake_clean_cache' from command line to 'False'
[0.277s] Level 5:colcon.colcon_core.verb:set package 'auto_aim_interfaces' build argument 'cmake_clean_first' from command line to 'False'
[0.277s] Level 5:colcon.colcon_core.verb:set package 'auto_aim_interfaces' build argument 'cmake_force_configure' from command line to 'False'
[0.277s] Level 5:colcon.colcon_core.verb:set package 'auto_aim_interfaces' build argument 'ament_cmake_args' from command line to 'None'
[0.277s] Level 5:colcon.colcon_core.verb:set package 'auto_aim_interfaces' build argument 'catkin_cmake_args' from command line to 'None'
[0.277s] Level 5:colcon.colcon_core.verb:set package 'auto_aim_interfaces' build argument 'catkin_skip_building_tests' from command line to 'False'
[0.277s] DEBUG:colcon.colcon_core.verb:Building package 'auto_aim_interfaces' with the following arguments: {'ament_cmake_args': None, 'build_base': '/home/rm_autoaim/suep2026/rm_ws/build/auto_aim_interfaces', 'catkin_cmake_args': None, 'catkin_skip_building_tests': False, 'cmake_args': None, 'cmake_clean_cache': False, 'cmake_clean_first': False, 'cmake_force_configure': False, 'cmake_target': None, 'cmake_target_skip_unavailable': False, 'install_base': '/home/rm_autoaim/suep2026/rm_ws/install/auto_aim_interfaces', 'merge_install': False, 'path': '/home/rm_autoaim/suep2026/rm_ws/src/rm_auto_aim/auto_aim_interfaces', 'symlink_install': False, 'test_result_base': None}
[0.277s] Level 5:colcon.colcon_core.verb:set package 'hik_camera' build argument 'cmake_args' from command line to 'None'
[0.277s] Level 5:colcon.colcon_core.verb:set package 'hik_camera' build argument 'cmake_target' from command line to 'None'
[0.277s] Level 5:colcon.colcon_core.verb:set package 'hik_camera' build argument 'cmake_target_skip_unavailable' from command line to 'False'
[0.277s] Level 5:colcon.colcon_core.verb:set package 'hik_camera' build argument 'cmake_clean_cache' from command line to 'False'
[0.277s] Level 5:colcon.colcon_core.verb:set package 'hik_camera' build argument 'cmake_clean_first' from command line to 'False'
[0.277s] Level 5:colcon.colcon_core.verb:set package 'hik_camera' build argument 'cmake_force_configure' from command line to 'False'
[0.277s] Level 5:colcon.colcon_core.verb:set package 'hik_camera' build argument 'ament_cmake_args' from command line to 'None'
[0.277s] Level 5:colcon.colcon_core.verb:set package 'hik_camera' build argument 'catkin_cmake_args' from command line to 'None'
[0.277s] Level 5:colcon.colcon_core.verb:set package 'hik_camera' build argument 'catkin_skip_building_tests' from command line to 'False'
[0.277s] DEBUG:colcon.colcon_core.verb:Building package 'hik_camera' with the following arguments: {'ament_cmake_args': None, 'build_base': '/home/rm_autoaim/suep2026/rm_ws/build/hik_camera', 'catkin_cmake_args': None, 'catkin_skip_building_tests': False, 'cmake_args': None, 'cmake_clean_cache': False, 'cmake_clean_first': False, 'cmake_force_configure': False, 'cmake_target': None, 'cmake_target_skip_unavailable': False, 'install_base': '/home/rm_autoaim/suep2026/rm_ws/install/hik_camera', 'merge_install': False, 'path': '/home/rm_autoaim/suep2026/rm_ws/src/hik_camera', 'symlink_install': False, 'test_result_base': None}
[0.278s] Level 5:colcon.colcon_core.verb:set package 'rm_gimbal_description' build argument 'cmake_args' from command line to 'None'
[0.278s] Level 5:colcon.colcon_core.verb:set package 'rm_gimbal_description' build argument 'cmake_target' from command line to 'None'
[0.278s] Level 5:colcon.colcon_core.verb:set package 'rm_gimbal_description' build argument 'cmake_target_skip_unavailable' from command line to 'False'
[0.278s] Level 5:colcon.colcon_core.verb:set package 'rm_gimbal_description' build argument 'cmake_clean_cache' from command line to 'False'
[0.278s] Level 5:colcon.colcon_core.verb:set package 'rm_gimbal_description' build argument 'cmake_clean_first' from command line to 'False'
[0.278s] Level 5:colcon.colcon_core.verb:set package 'rm_gimbal_description' build argument 'cmake_force_configure' from command line to 'False'
[0.278s] Level 5:colcon.colcon_core.verb:set package 'rm_gimbal_description' build argument 'ament_cmake_args' from command line to 'None'
[0.278s] Level 5:colcon.colcon_core.verb:set package 'rm_gimbal_description' build argument 'catkin_cmake_args' from command line to 'None'
[0.278s] Level 5:colcon.colcon_core.verb:set package 'rm_gimbal_description' build argument 'catkin_skip_building_tests' from command line to 'False'
[0.278s] DEBUG:colcon.colcon_core.verb:Building package 'rm_gimbal_description' with the following arguments: {'ament_cmake_args': None, 'build_base': '/home/rm_autoaim/suep2026/rm_ws/build/rm_gimbal_description', 'catkin_cmake_args': None, 'catkin_skip_building_tests': False, 'cmake_args': None, 'cmake_clean_cache': False, 'cmake_clean_first': False, 'cmake_force_configure': False, 'cmake_target': None, 'cmake_target_skip_unavailable': False, 'install_base': '/home/rm_autoaim/suep2026/rm_ws/install/rm_gimbal_description', 'merge_install': False, 'path': '/home/rm_autoaim/suep2026/rm_ws/src/rm_gimbal_description', 'symlink_install': False, 'test_result_base': None}
[0.278s] Level 5:colcon.colcon_core.verb:set package 'armor_detector' build argument 'cmake_args' from command line to 'None'
[0.278s] Level 5:colcon.colcon_core.verb:set package 'armor_detector' build argument 'cmake_target' from command line to 'None'
[0.278s] Level 5:colcon.colcon_core.verb:set package 'armor_detector' build argument 'cmake_target_skip_unavailable' from command line to 'False'
[0.278s] Level 5:colcon.colcon_core.verb:set package 'armor_detector' build argument 'cmake_clean_cache' from command line to 'False'
[0.278s] Level 5:colcon.colcon_core.verb:set package 'armor_detector' build argument 'cmake_clean_first' from command line to 'False'
[0.278s] Level 5:colcon.colcon_core.verb:set package 'armor_detector' build argument 'cmake_force_configure' from command line to 'False'
[0.278s] Level 5:colcon.colcon_core.verb:set package 'armor_detector' build argument 'ament_cmake_args' from command line to 'None'
[0.278s] Level 5:colcon.colcon_core.verb:set package 'armor_detector' build argument 'catkin_cmake_args' from command line to 'None'
[0.278s] Level 5:colcon.colcon_core.verb:set package 'armor_detector' build argument 'catkin_skip_building_tests' from command line to 'False'
[0.278s] DEBUG:colcon.colcon_core.verb:Building package 'armor_detector' with the following arguments: {'ament_cmake_args': None, 'build_base': '/home/rm_autoaim/suep2026/rm_ws/build/armor_detector', 'catkin_cmake_args': None, 'catkin_skip_building_tests': False, 'cmake_args': None, 'cmake_clean_cache': False, 'cmake_clean_first': False, 'cmake_force_configure': False, 'cmake_target': None, 'cmake_target_skip_unavailable': False, 'install_base': '/home/rm_autoaim/suep2026/rm_ws/install/armor_detector', 'merge_install': False, 'path': '/home/rm_autoaim/suep2026/rm_ws/src/rm_auto_aim/armor_detector', 'symlink_install': False, 'test_result_base': None}
[0.278s] Level 5:colcon.colcon_core.verb:set package 'armor_tracker' build argument 'cmake_args' from command line to 'None'
[0.278s] Level 5:colcon.colcon_core.verb:set package 'armor_tracker' build argument 'cmake_target' from command line to 'None'
[0.278s] Level 5:colcon.colcon_core.verb:set package 'armor_tracker' build argument 'cmake_target_skip_unavailable' from command line to 'False'
[0.279s] Level 5:colcon.colcon_core.verb:set package 'armor_tracker' build argument 'cmake_clean_cache' from command line to 'False'
[0.279s] Level 5:colcon.colcon_core.verb:set package 'armor_tracker' build argument 'cmake_clean_first' from command line to 'False'
[0.279s] Level 5:colcon.colcon_core.verb:set package 'armor_tracker' build argument 'cmake_force_configure' from command line to 'False'
[0.279s] Level 5:colcon.colcon_core.verb:set package 'armor_tracker' build argument 'ament_cmake_args' from command line to 'None'
[0.279s] Level 5:colcon.colcon_core.verb:set package 'armor_tracker' build argument 'catkin_cmake_args' from command line to 'None'
[0.279s] Level 5:colcon.colcon_core.verb:set package 'armor_tracker' build argument 'catkin_skip_building_tests' from command line to 'False'
[0.279s] DEBUG:colcon.colcon_core.verb:Building package 'armor_tracker' with the following arguments: {'ament_cmake_args': None, 'build_base': '/home/rm_autoaim/suep2026/rm_ws/build/armor_tracker', 'catkin_cmake_args': None, 'catkin_skip_building_tests': False, 'cmake_args': None, 'cmake_clean_cache': False, 'cmake_clean_first': False, 'cmake_force_configure': False, 'cmake_target': None, 'cmake_target_skip_unavailable': False, 'install_base': '/home/rm_autoaim/suep2026/rm_ws/install/armor_tracker', 'merge_install': False, 'path': '/home/rm_autoaim/suep2026/rm_ws/src/rm_auto_aim/armor_tracker', 'symlink_install': False, 'test_result_base': None}
[0.279s] Level 5:colcon.colcon_core.verb:set package 'rm_serial_driver' build argument 'cmake_args' from command line to 'None'
[0.279s] Level 5:colcon.colcon_core.verb:set package 'rm_serial_driver' build argument 'cmake_target' from command line to 'None'
[0.279s] Level 5:colcon.colcon_core.verb:set package 'rm_serial_driver' build argument 'cmake_target_skip_unavailable' from command line to 'False'
[0.279s] Level 5:colcon.colcon_core.verb:set package 'rm_serial_driver' build argument 'cmake_clean_cache' from command line to 'False'
[0.279s] Level 5:colcon.colcon_core.verb:set package 'rm_serial_driver' build argument 'cmake_clean_first' from command line to 'False'
[0.279s] Level 5:colcon.colcon_core.verb:set package 'rm_serial_driver' build argument 'cmake_force_configure' from command line to 'False'
[0.279s] Level 5:colcon.colcon_core.verb:set package 'rm_serial_driver' build argument 'ament_cmake_args' from command line to 'None'
[0.279s] Level 5:colcon.colcon_core.verb:set package 'rm_serial_driver' build argument 'catkin_cmake_args' from command line to 'None'
[0.279s] Level 5:colcon.colcon_core.verb:set package 'rm_serial_driver' build argument 'catkin_skip_building_tests' from command line to 'False'
[0.279s] DEBUG:colcon.colcon_core.verb:Building package 'rm_serial_driver' with the following arguments: {'ament_cmake_args': None, 'build_base': '/home/rm_autoaim/suep2026/rm_ws/build/rm_serial_driver', 'catkin_cmake_args': None, 'catkin_skip_building_tests': False, 'cmake_args': None, 'cmake_clean_cache': False, 'cmake_clean_first': False, 'cmake_force_configure': False, 'cmake_target': None, 'cmake_target_skip_unavailable': False, 'install_base': '/home/rm_autoaim/suep2026/rm_ws/install/rm_serial_driver', 'merge_install': False, 'path': '/home/rm_autoaim/suep2026/rm_ws/src/rm_serial_driver', 'symlink_install': False, 'test_result_base': None}
[0.279s] Level 5:colcon.colcon_core.verb:set package 'rm_vision_bringup' build argument 'cmake_args' from command line to 'None'
[0.279s] Level 5:colcon.colcon_core.verb:set package 'rm_vision_bringup' build argument 'cmake_target' from command line to 'None'
[0.279s] Level 5:colcon.colcon_core.verb:set package 'rm_vision_bringup' build argument 'cmake_target_skip_unavailable' from command line to 'False'
[0.279s] Level 5:colcon.colcon_core.verb:set package 'rm_vision_bringup' build argument 'cmake_clean_cache' from command line to 'False'
[0.279s] Level 5:colcon.colcon_core.verb:set package 'rm_vision_bringup' build argument 'cmake_clean_first' from command line to 'False'
[0.279s] Level 5:colcon.colcon_core.verb:set package 'rm_vision_bringup' build argument 'cmake_force_configure' from command line to 'False'
[0.279s] Level 5:colcon.colcon_core.verb:set package 'rm_vision_bringup' build argument 'ament_cmake_args' from command line to 'None'
[0.279s] Level 5:colcon.colcon_core.verb:set package 'rm_vision_bringup' build argument 'catkin_cmake_args' from command line to 'None'
[0.279s] Level 5:colcon.colcon_core.verb:set package 'rm_vision_bringup' build argument 'catkin_skip_building_tests' from command line to 'False'
[0.279s] DEBUG:colcon.colcon_core.verb:Building package 'rm_vision_bringup' with the following arguments: {'ament_cmake_args': None, 'build_base': '/home/rm_autoaim/suep2026/rm_ws/build/rm_vision_bringup', 'catkin_cmake_args': None, 'catkin_skip_building_tests': False, 'cmake_args': None, 'cmake_clean_cache': False, 'cmake_clean_first': False, 'cmake_force_configure': False, 'cmake_target': None, 'cmake_target_skip_unavailable': False, 'install_base': '/home/rm_autoaim/suep2026/rm_ws/install/rm_vision_bringup', 'merge_install': False, 'path': '/home/rm_autoaim/suep2026/rm_ws/src/rm_vision/rm_vision_bringup', 'symlink_install': False, 'test_result_base': None}
[0.280s] INFO:colcon.colcon_core.executor:Executing jobs using 'parallel' executor
[0.280s] DEBUG:colcon.colcon_parallel_executor.executor.parallel:run_until_complete
[0.281s] INFO:colcon.colcon_ros.task.ament_cmake.build:Building ROS package in '/home/rm_autoaim/suep2026/rm_ws/src/rm_auto_aim/auto_aim_interfaces' with build type 'ament_cmake'
[0.281s] INFO:colcon.colcon_cmake.task.cmake.build:Building CMake package in '/home/rm_autoaim/suep2026/rm_ws/src/rm_auto_aim/auto_aim_interfaces'
[0.282s] INFO:colcon.colcon_core.plugin_system:Skipping extension 'colcon_core.shell.bat': Not used on non-Windows systems
[0.282s] INFO:colcon.colcon_core.shell:Skip shell extension 'powershell' for command environment: Not usable outside of PowerShell
[0.282s] DEBUG:colcon.colcon_core.shell:Skip shell extension 'dsv' for command environment
[0.285s] INFO:colcon.colcon_ros.task.ament_cmake.build:Building ROS package in '/home/rm_autoaim/suep2026/rm_ws/src/hik_camera' with build type 'ament_cmake'
[0.285s] INFO:colcon.colcon_cmake.task.cmake.build:Building CMake package in '/home/rm_autoaim/suep2026/rm_ws/src/hik_camera'
[0.285s] INFO:colcon.colcon_core.shell:Skip shell extension 'powershell' for command environment: Not usable outside of PowerShell
[0.285s] DEBUG:colcon.colcon_core.shell:Skip shell extension 'dsv' for command environment
[0.288s] INFO:colcon.colcon_ros.task.ament_cmake.build:Building ROS package in '/home/rm_autoaim/suep2026/rm_ws/src/rm_gimbal_description' with build type 'ament_cmake'
[0.288s] INFO:colcon.colcon_cmake.task.cmake.build:Building CMake package in '/home/rm_autoaim/suep2026/rm_ws/src/rm_gimbal_description'
[0.288s] INFO:colcon.colcon_core.shell:Skip shell extension 'powershell' for command environment: Not usable outside of PowerShell
[0.288s] DEBUG:colcon.colcon_core.shell:Skip shell extension 'dsv' for command environment
[0.295s] DEBUG:colcon.colcon_core.event_handler.log_command:Invoking command in '/home/rm_autoaim/suep2026/rm_ws/build/auto_aim_interfaces': CMAKE_PREFIX_PATH=${CMAKE_PREFIX_PATH}:/opt/ros/humble /usr/bin/cmake --build /home/rm_autoaim/suep2026/rm_ws/build/auto_aim_interfaces -- -j8 -l8
[0.299s] DEBUG:colcon.colcon_core.event_handler.log_command:Invoking command in '/home/rm_autoaim/suep2026/rm_ws/build/hik_camera': CMAKE_PREFIX_PATH=${CMAKE_PREFIX_PATH}:/opt/ros/humble /usr/bin/cmake --build /home/rm_autoaim/suep2026/rm_ws/build/hik_camera -- -j8 -l8
[0.302s] DEBUG:colcon.colcon_core.event_handler.log_command:Invoking command in '/home/rm_autoaim/suep2026/rm_ws/build/rm_gimbal_description': CMAKE_PREFIX_PATH=${CMAKE_PREFIX_PATH}:/opt/ros/humble /usr/bin/cmake --build /home/rm_autoaim/suep2026/rm_ws/build/rm_gimbal_description -- -j8 -l8
[0.344s] DEBUG:colcon.colcon_core.event_handler.log_command:Invoked command in '/home/rm_autoaim/suep2026/rm_ws/build/rm_gimbal_description' returned '0': CMAKE_PREFIX_PATH=${CMAKE_PREFIX_PATH}:/opt/ros/humble /usr/bin/cmake --build /home/rm_autoaim/suep2026/rm_ws/build/rm_gimbal_description -- -j8 -l8
[0.358s] DEBUG:colcon.colcon_core.event_handler.log_command:Invoking command in '/home/rm_autoaim/suep2026/rm_ws/build/rm_gimbal_description': CMAKE_PREFIX_PATH=${CMAKE_PREFIX_PATH}:/opt/ros/humble /usr/bin/cmake --install /home/rm_autoaim/suep2026/rm_ws/build/rm_gimbal_description
[0.372s] Level 1:colcon.colcon_core.environment:create_environment_scripts_only(rm_gimbal_description)
[0.375s] Level 1:colcon.colcon_core.environment:checking '/home/rm_autoaim/suep2026/rm_ws/install/rm_gimbal_description' for CMake module files
[0.376s] Level 1:colcon.colcon_core.environment:checking '/home/rm_autoaim/suep2026/rm_ws/install/rm_gimbal_description' for CMake config files
[0.376s] Level 1:colcon.colcon_core.shell:create_environment_hook('rm_gimbal_description', 'cmake_prefix_path')
[0.381s] INFO:colcon.colcon_core.shell:Creating environment hook '/home/rm_autoaim/suep2026/rm_ws/install/rm_gimbal_description/share/rm_gimbal_description/hook/cmake_prefix_path.ps1'
[0.383s] DEBUG:colcon.colcon_core.event_handler.log_command:Invoked command in '/home/rm_autoaim/suep2026/rm_ws/build/rm_gimbal_description' returned '0': CMAKE_PREFIX_PATH=${CMAKE_PREFIX_PATH}:/opt/ros/humble /usr/bin/cmake --install /home/rm_autoaim/suep2026/rm_ws/build/rm_gimbal_description
[0.385s] INFO:colcon.colcon_core.shell:Creating environment descriptor '/home/rm_autoaim/suep2026/rm_ws/install/rm_gimbal_description/share/rm_gimbal_description/hook/cmake_prefix_path.dsv'
[0.386s] INFO:colcon.colcon_core.shell:Creating environment hook '/home/rm_autoaim/suep2026/rm_ws/install/rm_gimbal_description/share/rm_gimbal_description/hook/cmake_prefix_path.sh'
[0.387s] Level 1:colcon.colcon_core.environment:checking '/home/rm_autoaim/suep2026/rm_ws/install/rm_gimbal_description/bin'
[0.388s] Level 1:colcon.colcon_core.environment:checking '/home/rm_autoaim/suep2026/rm_ws/install/rm_gimbal_description/lib/pkgconfig/rm_gimbal_description.pc'
[0.388s] Level 1:colcon.colcon_core.environment:checking '/home/rm_autoaim/suep2026/rm_ws/install/rm_gimbal_description/lib/python3.10/site-packages'
[0.388s] Level 1:colcon.colcon_core.environment:checking '/home/rm_autoaim/suep2026/rm_ws/install/rm_gimbal_description/bin'
[0.389s] INFO:colcon.colcon_core.shell:Creating package script '/home/rm_autoaim/suep2026/rm_ws/install/rm_gimbal_description/share/rm_gimbal_description/package.ps1'
[0.391s] INFO:colcon.colcon_core.shell:Creating package descriptor '/home/rm_autoaim/suep2026/rm_ws/install/rm_gimbal_description/share/rm_gimbal_description/package.dsv'
[0.392s] INFO:colcon.colcon_core.shell:Creating package script '/home/rm_autoaim/suep2026/rm_ws/install/rm_gimbal_description/share/rm_gimbal_description/package.sh'
[0.393s] INFO:colcon.colcon_core.shell:Creating package script '/home/rm_autoaim/suep2026/rm_ws/install/rm_gimbal_description/share/rm_gimbal_description/package.bash'
[0.394s] INFO:colcon.colcon_core.shell:Creating package script '/home/rm_autoaim/suep2026/rm_ws/install/rm_gimbal_description/share/rm_gimbal_description/package.zsh'
[0.395s] Level 1:colcon.colcon_core.environment:create_file_with_runtime_dependencies(/home/rm_autoaim/suep2026/rm_ws/install/rm_gimbal_description/share/colcon-core/packages/rm_gimbal_description)
[0.396s] Level 1:colcon.colcon_core.environment:create_environment_scripts_only(rm_gimbal_description)
[0.397s] Level 1:colcon.colcon_core.environment:checking '/home/rm_autoaim/suep2026/rm_ws/install/rm_gimbal_description' for CMake module files
[0.397s] Level 1:colcon.colcon_core.environment:checking '/home/rm_autoaim/suep2026/rm_ws/install/rm_gimbal_description' for CMake config files
[0.398s] Level 1:colcon.colcon_core.shell:create_environment_hook('rm_gimbal_description', 'cmake_prefix_path')
[0.398s] INFO:colcon.colcon_core.shell:Creating environment hook '/home/rm_autoaim/suep2026/rm_ws/install/rm_gimbal_description/share/rm_gimbal_description/hook/cmake_prefix_path.ps1'
[0.399s] INFO:colcon.colcon_core.shell:Creating environment descriptor '/home/rm_autoaim/suep2026/rm_ws/install/rm_gimbal_description/share/rm_gimbal_description/hook/cmake_prefix_path.dsv'
[0.399s] INFO:colcon.colcon_core.shell:Creating environment hook '/home/rm_autoaim/suep2026/rm_ws/install/rm_gimbal_description/share/rm_gimbal_description/hook/cmake_prefix_path.sh'
[0.400s] Level 1:colcon.colcon_core.environment:checking '/home/rm_autoaim/suep2026/rm_ws/install/rm_gimbal_description/bin'
[0.400s] Level 1:colcon.colcon_core.environment:checking '/home/rm_autoaim/suep2026/rm_ws/install/rm_gimbal_description/lib/pkgconfig/rm_gimbal_description.pc'
[0.400s] Level 1:colcon.colcon_core.environment:checking '/home/rm_autoaim/suep2026/rm_ws/install/rm_gimbal_description/lib/python3.10/site-packages'
[0.401s] Level 1:colcon.colcon_core.environment:checking '/home/rm_autoaim/suep2026/rm_ws/install/rm_gimbal_description/bin'
[0.401s] INFO:colcon.colcon_core.shell:Creating package script '/home/rm_autoaim/suep2026/rm_ws/install/rm_gimbal_description/share/rm_gimbal_description/package.ps1'
[0.402s] INFO:colcon.colcon_core.shell:Creating package descriptor '/home/rm_autoaim/suep2026/rm_ws/install/rm_gimbal_description/share/rm_gimbal_description/package.dsv'
[0.404s] INFO:colcon.colcon_core.shell:Creating package script '/home/rm_autoaim/suep2026/rm_ws/install/rm_gimbal_description/share/rm_gimbal_description/package.sh'
[0.406s] INFO:colcon.colcon_core.shell:Creating package script '/home/rm_autoaim/suep2026/rm_ws/install/rm_gimbal_description/share/rm_gimbal_description/package.bash'
[0.410s] INFO:colcon.colcon_core.shell:Creating package script '/home/rm_autoaim/suep2026/rm_ws/install/rm_gimbal_description/share/rm_gimbal_description/package.zsh'
[0.411s] Level 1:colcon.colcon_core.environment:create_file_with_runtime_dependencies(/home/rm_autoaim/suep2026/rm_ws/install/rm_gimbal_description/share/colcon-core/packages/rm_gimbal_description)
[0.413s] DEBUG:colcon.colcon_core.event_handler.log_command:Invoked command in '/home/rm_autoaim/suep2026/rm_ws/build/hik_camera' returned '0': CMAKE_PREFIX_PATH=${CMAKE_PREFIX_PATH}:/opt/ros/humble /usr/bin/cmake --build /home/rm_autoaim/suep2026/rm_ws/build/hik_camera -- -j8 -l8
[0.415s] DEBUG:colcon.colcon_core.event_handler.log_command:Invoking command in '/home/rm_autoaim/suep2026/rm_ws/build/hik_camera': CMAKE_PREFIX_PATH=${CMAKE_PREFIX_PATH}:/opt/ros/humble /usr/bin/cmake --install /home/rm_autoaim/suep2026/rm_ws/build/hik_camera
[0.429s] Level 1:colcon.colcon_core.environment:create_environment_scripts_only(hik_camera)
[0.429s] Level 1:colcon.colcon_core.environment:checking '/home/rm_autoaim/suep2026/rm_ws/install/hik_camera' for CMake module files
[0.429s] DEBUG:colcon.colcon_core.event_handler.log_command:Invoked command in '/home/rm_autoaim/suep2026/rm_ws/build/hik_camera' returned '0': CMAKE_PREFIX_PATH=${CMAKE_PREFIX_PATH}:/opt/ros/humble /usr/bin/cmake --install /home/rm_autoaim/suep2026/rm_ws/build/hik_camera
[0.430s] Level 1:colcon.colcon_core.environment:checking '/home/rm_autoaim/suep2026/rm_ws/install/hik_camera' for CMake config files
[0.431s] Level 1:colcon.colcon_core.shell:create_environment_hook('hik_camera', 'cmake_prefix_path')
[0.431s] INFO:colcon.colcon_core.shell:Creating environment hook '/home/rm_autoaim/suep2026/rm_ws/install/hik_camera/share/hik_camera/hook/cmake_prefix_path.ps1'
[0.432s] INFO:colcon.colcon_core.shell:Creating environment descriptor '/home/rm_autoaim/suep2026/rm_ws/install/hik_camera/share/hik_camera/hook/cmake_prefix_path.dsv'
[0.432s] INFO:colcon.colcon_core.shell:Creating environment hook '/home/rm_autoaim/suep2026/rm_ws/install/hik_camera/share/hik_camera/hook/cmake_prefix_path.sh'
[0.433s] Level 1:colcon.colcon_core.environment:checking '/home/rm_autoaim/suep2026/rm_ws/install/hik_camera/lib'
[0.433s] Level 1:colcon.colcon_core.shell:create_environment_hook('hik_camera', 'ld_library_path_lib')
[0.433s] INFO:colcon.colcon_core.shell:Creating environment hook '/home/rm_autoaim/suep2026/rm_ws/install/hik_camera/share/hik_camera/hook/ld_library_path_lib.ps1'
[0.434s] INFO:colcon.colcon_core.shell:Creating environment descriptor '/home/rm_autoaim/suep2026/rm_ws/install/hik_camera/share/hik_camera/hook/ld_library_path_lib.dsv'
[0.434s] INFO:colcon.colcon_core.shell:Creating environment hook '/home/rm_autoaim/suep2026/rm_ws/install/hik_camera/share/hik_camera/hook/ld_library_path_lib.sh'
[0.435s] Level 1:colcon.colcon_core.environment:checking '/home/rm_autoaim/suep2026/rm_ws/install/hik_camera/bin'
[0.435s] Level 1:colcon.colcon_core.environment:checking '/home/rm_autoaim/suep2026/rm_ws/install/hik_camera/lib/pkgconfig/hik_camera.pc'
[0.435s] Level 1:colcon.colcon_core.environment:checking '/home/rm_autoaim/suep2026/rm_ws/install/hik_camera/lib/python3.10/site-packages'
[0.435s] Level 1:colcon.colcon_core.environment:checking '/home/rm_autoaim/suep2026/rm_ws/install/hik_camera/bin'
[0.436s] INFO:colcon.colcon_core.shell:Creating package script '/home/rm_autoaim/suep2026/rm_ws/install/hik_camera/share/hik_camera/package.ps1'
[0.436s] INFO:colcon.colcon_core.shell:Creating package descriptor '/home/rm_autoaim/suep2026/rm_ws/install/hik_camera/share/hik_camera/package.dsv'
[0.437s] INFO:colcon.colcon_core.shell:Creating package script '/home/rm_autoaim/suep2026/rm_ws/install/hik_camera/share/hik_camera/package.sh'
[0.438s] INFO:colcon.colcon_core.shell:Creating package script '/home/rm_autoaim/suep2026/rm_ws/install/hik_camera/share/hik_camera/package.bash'
[0.438s] INFO:colcon.colcon_core.shell:Creating package script '/home/rm_autoaim/suep2026/rm_ws/install/hik_camera/share/hik_camera/package.zsh'
[0.438s] Level 1:colcon.colcon_core.environment:create_file_with_runtime_dependencies(/home/rm_autoaim/suep2026/rm_ws/install/hik_camera/share/colcon-core/packages/hik_camera)
[0.439s] Level 1:colcon.colcon_core.environment:create_environment_scripts_only(hik_camera)
[0.439s] Level 1:colcon.colcon_core.environment:checking '/home/rm_autoaim/suep2026/rm_ws/install/hik_camera' for CMake module files
[0.440s] Level 1:colcon.colcon_core.environment:checking '/home/rm_autoaim/suep2026/rm_ws/install/hik_camera' for CMake config files
[0.440s] Level 1:colcon.colcon_core.shell:create_environment_hook('hik_camera', 'cmake_prefix_path')
[0.441s] INFO:colcon.colcon_core.shell:Creating environment hook '/home/rm_autoaim/suep2026/rm_ws/install/hik_camera/share/hik_camera/hook/cmake_prefix_path.ps1'
[0.441s] INFO:colcon.colcon_core.shell:Creating environment descriptor '/home/rm_autoaim/suep2026/rm_ws/install/hik_camera/share/hik_camera/hook/cmake_prefix_path.dsv'
[0.442s] INFO:colcon.colcon_core.shell:Creating environment hook '/home/rm_autoaim/suep2026/rm_ws/install/hik_camera/share/hik_camera/hook/cmake_prefix_path.sh'
[0.442s] Level 1:colcon.colcon_core.environment:checking '/home/rm_autoaim/suep2026/rm_ws/install/hik_camera/lib'
[0.442s] Level 1:colcon.colcon_core.shell:create_environment_hook('hik_camera', 'ld_library_path_lib')
[0.443s] INFO:colcon.colcon_core.shell:Creating environment hook '/home/rm_autoaim/suep2026/rm_ws/install/hik_camera/share/hik_camera/hook/ld_library_path_lib.ps1'
[0.443s] INFO:colcon.colcon_core.shell:Creating environment descriptor '/home/rm_autoaim/suep2026/rm_ws/install/hik_camera/share/hik_camera/hook/ld_library_path_lib.dsv'
[0.443s] INFO:colcon.colcon_core.shell:Creating environment hook '/home/rm_autoaim/suep2026/rm_ws/install/hik_camera/share/hik_camera/hook/ld_library_path_lib.sh'
[0.444s] Level 1:colcon.colcon_core.environment:checking '/home/rm_autoaim/suep2026/rm_ws/install/hik_camera/bin'
[0.444s] Level 1:colcon.colcon_core.environment:checking '/home/rm_autoaim/suep2026/rm_ws/install/hik_camera/lib/pkgconfig/hik_camera.pc'
[0.444s] Level 1:colcon.colcon_core.environment:checking '/home/rm_autoaim/suep2026/rm_ws/install/hik_camera/lib/python3.10/site-packages'
[0.444s] Level 1:colcon.colcon_core.environment:checking '/home/rm_autoaim/suep2026/rm_ws/install/hik_camera/bin'
[0.445s] INFO:colcon.colcon_core.shell:Creating package script '/home/rm_autoaim/suep2026/rm_ws/install/hik_camera/share/hik_camera/package.ps1'
[0.445s] INFO:colcon.colcon_core.shell:Creating package descriptor '/home/rm_autoaim/suep2026/rm_ws/install/hik_camera/share/hik_camera/package.dsv'
[0.446s] INFO:colcon.colcon_core.shell:Creating package script '/home/rm_autoaim/suep2026/rm_ws/install/hik_camera/share/hik_camera/package.sh'
[0.447s] INFO:colcon.colcon_core.shell:Creating package script '/home/rm_autoaim/suep2026/rm_ws/install/hik_camera/share/hik_camera/package.bash'
[0.447s] INFO:colcon.colcon_core.shell:Creating package script '/home/rm_autoaim/suep2026/rm_ws/install/hik_camera/share/hik_camera/package.zsh'
[0.448s] Level 1:colcon.colcon_core.environment:create_file_with_runtime_dependencies(/home/rm_autoaim/suep2026/rm_ws/install/hik_camera/share/colcon-core/packages/hik_camera)
[0.711s] DEBUG:colcon.colcon_core.event_handler.log_command:Invoked command in '/home/rm_autoaim/suep2026/rm_ws/build/auto_aim_interfaces' returned '0': CMAKE_PREFIX_PATH=${CMAKE_PREFIX_PATH}:/opt/ros/humble /usr/bin/cmake --build /home/rm_autoaim/suep2026/rm_ws/build/auto_aim_interfaces -- -j8 -l8
[0.714s] DEBUG:colcon.colcon_core.event_handler.log_command:Invoking command in '/home/rm_autoaim/suep2026/rm_ws/build/auto_aim_interfaces': CMAKE_PREFIX_PATH=${CMAKE_PREFIX_PATH}:/opt/ros/humble /usr/bin/cmake --install /home/rm_autoaim/suep2026/rm_ws/build/auto_aim_interfaces
[0.769s] Level 1:colcon.colcon_core.environment:create_environment_scripts_only(auto_aim_interfaces)
[0.770s] Level 1:colcon.colcon_core.environment:checking '/home/rm_autoaim/suep2026/rm_ws/install/auto_aim_interfaces' for CMake module files
[0.770s] DEBUG:colcon.colcon_core.event_handler.log_command:Invoked command in '/home/rm_autoaim/suep2026/rm_ws/build/auto_aim_interfaces' returned '0': CMAKE_PREFIX_PATH=${CMAKE_PREFIX_PATH}:/opt/ros/humble /usr/bin/cmake --install /home/rm_autoaim/suep2026/rm_ws/build/auto_aim_interfaces
[0.770s] Level 1:colcon.colcon_core.environment:checking '/home/rm_autoaim/suep2026/rm_ws/install/auto_aim_interfaces' for CMake config files
[0.771s] Level 1:colcon.colcon_core.shell:create_environment_hook('auto_aim_interfaces', 'cmake_prefix_path')
[0.771s] INFO:colcon.colcon_core.shell:Creating environment hook '/home/rm_autoaim/suep2026/rm_ws/install/auto_aim_interfaces/share/auto_aim_interfaces/hook/cmake_prefix_path.ps1'
[0.771s] INFO:colcon.colcon_core.shell:Creating environment descriptor '/home/rm_autoaim/suep2026/rm_ws/install/auto_aim_interfaces/share/auto_aim_interfaces/hook/cmake_prefix_path.dsv'
[0.771s] INFO:colcon.colcon_core.shell:Creating environment hook '/home/rm_autoaim/suep2026/rm_ws/install/auto_aim_interfaces/share/auto_aim_interfaces/hook/cmake_prefix_path.sh'
[0.772s] Level 1:colcon.colcon_core.environment:checking '/home/rm_autoaim/suep2026/rm_ws/install/auto_aim_interfaces/lib'
[0.772s] Level 1:colcon.colcon_core.shell:create_environment_hook('auto_aim_interfaces', 'ld_library_path_lib')
[0.772s] INFO:colcon.colcon_core.shell:Creating environment hook '/home/rm_autoaim/suep2026/rm_ws/install/auto_aim_interfaces/share/auto_aim_interfaces/hook/ld_library_path_lib.ps1'
[0.772s] INFO:colcon.colcon_core.shell:Creating environment descriptor '/home/rm_autoaim/suep2026/rm_ws/install/auto_aim_interfaces/share/auto_aim_interfaces/hook/ld_library_path_lib.dsv'
[0.773s] INFO:colcon.colcon_core.shell:Creating environment hook '/home/rm_autoaim/suep2026/rm_ws/install/auto_aim_interfaces/share/auto_aim_interfaces/hook/ld_library_path_lib.sh'
[0.773s] Level 1:colcon.colcon_core.environment:checking '/home/rm_autoaim/suep2026/rm_ws/install/auto_aim_interfaces/bin'
[0.773s] Level 1:colcon.colcon_core.environment:checking '/home/rm_autoaim/suep2026/rm_ws/install/auto_aim_interfaces/lib/pkgconfig/auto_aim_interfaces.pc'
[0.773s] Level 1:colcon.colcon_core.environment:checking '/home/rm_autoaim/suep2026/rm_ws/install/auto_aim_interfaces/lib/python3.10/site-packages'
[0.773s] Level 1:colcon.colcon_core.environment:checking '/home/rm_autoaim/suep2026/rm_ws/install/auto_aim_interfaces/bin'
[0.774s] INFO:colcon.colcon_core.shell:Creating package script '/home/rm_autoaim/suep2026/rm_ws/install/auto_aim_interfaces/share/auto_aim_interfaces/package.ps1'
[0.774s] INFO:colcon.colcon_core.shell:Creating package descriptor '/home/rm_autoaim/suep2026/rm_ws/install/auto_aim_interfaces/share/auto_aim_interfaces/package.dsv'
[0.774s] INFO:colcon.colcon_core.shell:Creating package script '/home/rm_autoaim/suep2026/rm_ws/install/auto_aim_interfaces/share/auto_aim_interfaces/package.sh'
[0.775s] INFO:colcon.colcon_core.shell:Creating package script '/home/rm_autoaim/suep2026/rm_ws/install/auto_aim_interfaces/share/auto_aim_interfaces/package.bash'
[0.775s] INFO:colcon.colcon_core.shell:Creating package script '/home/rm_autoaim/suep2026/rm_ws/install/auto_aim_interfaces/share/auto_aim_interfaces/package.zsh'
[0.775s] Level 1:colcon.colcon_core.environment:create_file_with_runtime_dependencies(/home/rm_autoaim/suep2026/rm_ws/install/auto_aim_interfaces/share/colcon-core/packages/auto_aim_interfaces)
[0.775s] Level 1:colcon.colcon_core.environment:create_environment_scripts_only(auto_aim_interfaces)
[0.776s] Level 1:colcon.colcon_core.environment:checking '/home/rm_autoaim/suep2026/rm_ws/install/auto_aim_interfaces' for CMake module files
[0.776s] Level 1:colcon.colcon_core.environment:checking '/home/rm_autoaim/suep2026/rm_ws/install/auto_aim_interfaces' for CMake config files
[0.776s] Level 1:colcon.colcon_core.shell:create_environment_hook('auto_aim_interfaces', 'cmake_prefix_path')
[0.776s] INFO:colcon.colcon_core.shell:Creating environment hook '/home/rm_autoaim/suep2026/rm_ws/install/auto_aim_interfaces/share/auto_aim_interfaces/hook/cmake_prefix_path.ps1'
[0.777s] INFO:colcon.colcon_core.shell:Creating environment descriptor '/home/rm_autoaim/suep2026/rm_ws/install/auto_aim_interfaces/share/auto_aim_interfaces/hook/cmake_prefix_path.dsv'
[0.777s] INFO:colcon.colcon_core.shell:Creating environment hook '/home/rm_autoaim/suep2026/rm_ws/install/auto_aim_interfaces/share/auto_aim_interfaces/hook/cmake_prefix_path.sh'
[0.777s] Level 1:colcon.colcon_core.environment:checking '/home/rm_autoaim/suep2026/rm_ws/install/auto_aim_interfaces/lib'
[0.777s] Level 1:colcon.colcon_core.shell:create_environment_hook('auto_aim_interfaces', 'ld_library_path_lib')
[0.777s] INFO:colcon.colcon_core.shell:Creating environment hook '/home/rm_autoaim/suep2026/rm_ws/install/auto_aim_interfaces/share/auto_aim_interfaces/hook/ld_library_path_lib.ps1'
[0.778s] INFO:colcon.colcon_core.shell:Creating environment descriptor '/home/rm_autoaim/suep2026/rm_ws/install/auto_aim_interfaces/share/auto_aim_interfaces/hook/ld_library_path_lib.dsv'
[0.778s] INFO:colcon.colcon_core.shell:Creating environment hook '/home/rm_autoaim/suep2026/rm_ws/install/auto_aim_interfaces/share/auto_aim_interfaces/hook/ld_library_path_lib.sh'
[0.778s] Level 1:colcon.colcon_core.environment:checking '/home/rm_autoaim/suep2026/rm_ws/install/auto_aim_interfaces/bin'
[0.778s] Level 1:colcon.colcon_core.environment:checking '/home/rm_autoaim/suep2026/rm_ws/install/auto_aim_interfaces/lib/pkgconfig/auto_aim_interfaces.pc'
[0.778s] Level 1:colcon.colcon_core.environment:checking '/home/rm_autoaim/suep2026/rm_ws/install/auto_aim_interfaces/lib/python3.10/site-packages'
[0.778s] Level 1:colcon.colcon_core.environment:checking '/home/rm_autoaim/suep2026/rm_ws/install/auto_aim_interfaces/bin'
[0.779s] INFO:colcon.colcon_core.shell:Creating package script '/home/rm_autoaim/suep2026/rm_ws/install/auto_aim_interfaces/share/auto_aim_interfaces/package.ps1'
[0.779s] INFO:colcon.colcon_core.shell:Creating package descriptor '/home/rm_autoaim/suep2026/rm_ws/install/auto_aim_interfaces/share/auto_aim_interfaces/package.dsv'
[0.780s] INFO:colcon.colcon_core.shell:Creating package script '/home/rm_autoaim/suep2026/rm_ws/install/auto_aim_interfaces/share/auto_aim_interfaces/package.sh'
[0.780s] INFO:colcon.colcon_core.shell:Creating package script '/home/rm_autoaim/suep2026/rm_ws/install/auto_aim_interfaces/share/auto_aim_interfaces/package.bash'
[0.780s] INFO:colcon.colcon_core.shell:Creating package script '/home/rm_autoaim/suep2026/rm_ws/install/auto_aim_interfaces/share/auto_aim_interfaces/package.zsh'
[0.781s] Level 1:colcon.colcon_core.environment:create_file_with_runtime_dependencies(/home/rm_autoaim/suep2026/rm_ws/install/auto_aim_interfaces/share/colcon-core/packages/auto_aim_interfaces)
[0.781s] INFO:colcon.colcon_ros.task.ament_cmake.build:Building ROS package in '/home/rm_autoaim/suep2026/rm_ws/src/rm_serial_driver' with build type 'ament_cmake'
[0.781s] INFO:colcon.colcon_cmake.task.cmake.build:Building CMake package in '/home/rm_autoaim/suep2026/rm_ws/src/rm_serial_driver'
[0.781s] INFO:colcon.colcon_core.shell:Skip shell extension 'powershell' for command environment: Not usable outside of PowerShell
[0.781s] DEBUG:colcon.colcon_core.shell:Skip shell extension 'dsv' for command environment
[0.785s] INFO:colcon.colcon_ros.task.ament_cmake.build:Building ROS package in '/home/rm_autoaim/suep2026/rm_ws/src/rm_auto_aim/armor_detector' with build type 'ament_cmake'
[0.785s] INFO:colcon.colcon_cmake.task.cmake.build:Building CMake package in '/home/rm_autoaim/suep2026/rm_ws/src/rm_auto_aim/armor_detector'
[0.786s] INFO:colcon.colcon_core.shell:Skip shell extension 'powershell' for command environment: Not usable outside of PowerShell
[0.786s] DEBUG:colcon.colcon_core.shell:Skip shell extension 'dsv' for command environment
[0.789s] INFO:colcon.colcon_ros.task.ament_cmake.build:Building ROS package in '/home/rm_autoaim/suep2026/rm_ws/src/rm_auto_aim/armor_tracker' with build type 'ament_cmake'
[0.789s] INFO:colcon.colcon_cmake.task.cmake.build:Building CMake package in '/home/rm_autoaim/suep2026/rm_ws/src/rm_auto_aim/armor_tracker'
[0.790s] INFO:colcon.colcon_core.shell:Skip shell extension 'powershell' for command environment: Not usable outside of PowerShell
[0.790s] DEBUG:colcon.colcon_core.shell:Skip shell extension 'dsv' for command environment
[0.798s] DEBUG:colcon.colcon_core.event_handler.log_command:Invoking command in '/home/rm_autoaim/suep2026/rm_ws/build/rm_serial_driver': CMAKE_PREFIX_PATH=/home/rm_autoaim/suep2026/rm_ws/install/auto_aim_interfaces:/home/rm_autoaim/suep2026/rm_ws/install/rm_vision_bringup:/home/rm_autoaim/suep2026/rm_ws/install/rm_serial_driver:/home/rm_autoaim/suep2026/rm_ws/install/rm_gimbal_description:/home/rm_autoaim/suep2026/rm_ws/install/hik_camera:/home/rm_autoaim/suep2026/rm_ws/install/armor_tracker:/home/rm_autoaim/suep2026/rm_ws/install/armor_detector:/opt/ros/humble LD_LIBRARY_PATH=/home/rm_autoaim/suep2026/rm_ws/install/auto_aim_interfaces/lib:/home/rm_autoaim/suep2026/rm_ws/install/rm_serial_driver/lib:/home/rm_autoaim/suep2026/rm_ws/install/hik_camera/lib:/home/rm_autoaim/suep2026/rm_ws/install/armor_tracker/lib:/home/rm_autoaim/suep2026/rm_ws/install/armor_detector/lib:/opt/ros/humble/opt/rviz_ogre_vendor/lib:/opt/ros/humble/lib/x86_64-linux-gnu:/opt/ros/humble/lib:/opt/MVS/lib/64:/opt/MVS/lib/32 /usr/bin/cmake --build /home/rm_autoaim/suep2026/rm_ws/build/rm_serial_driver -- -j8 -l8
[0.805s] DEBUG:colcon.colcon_core.event_handler.log_command:Invoking command in '/home/rm_autoaim/suep2026/rm_ws/build/armor_detector': CMAKE_PREFIX_PATH=/home/rm_autoaim/suep2026/rm_ws/install/auto_aim_interfaces:/home/rm_autoaim/suep2026/rm_ws/install/rm_vision_bringup:/home/rm_autoaim/suep2026/rm_ws/install/rm_serial_driver:/home/rm_autoaim/suep2026/rm_ws/install/rm_gimbal_description:/home/rm_autoaim/suep2026/rm_ws/install/hik_camera:/home/rm_autoaim/suep2026/rm_ws/install/armor_tracker:/home/rm_autoaim/suep2026/rm_ws/install/armor_detector:/opt/ros/humble LD_LIBRARY_PATH=/home/rm_autoaim/suep2026/rm_ws/install/auto_aim_interfaces/lib:/home/rm_autoaim/suep2026/rm_ws/install/rm_serial_driver/lib:/home/rm_autoaim/suep2026/rm_ws/install/hik_camera/lib:/home/rm_autoaim/suep2026/rm_ws/install/armor_tracker/lib:/home/rm_autoaim/suep2026/rm_ws/install/armor_detector/lib:/opt/ros/humble/opt/rviz_ogre_vendor/lib:/opt/ros/humble/lib/x86_64-linux-gnu:/opt/ros/humble/lib:/opt/MVS/lib/64:/opt/MVS/lib/32 /usr/bin/cmake --build /home/rm_autoaim/suep2026/rm_ws/build/armor_detector -- -j8 -l8
[0.808s] DEBUG:colcon.colcon_core.event_handler.log_command:Invoking command in '/home/rm_autoaim/suep2026/rm_ws/build/armor_tracker': CMAKE_PREFIX_PATH=/home/rm_autoaim/suep2026/rm_ws/install/auto_aim_interfaces:/home/rm_autoaim/suep2026/rm_ws/install/rm_vision_bringup:/home/rm_autoaim/suep2026/rm_ws/install/rm_serial_driver:/home/rm_autoaim/suep2026/rm_ws/install/rm_gimbal_description:/home/rm_autoaim/suep2026/rm_ws/install/hik_camera:/home/rm_autoaim/suep2026/rm_ws/install/armor_tracker:/home/rm_autoaim/suep2026/rm_ws/install/armor_detector:/opt/ros/humble LD_LIBRARY_PATH=/home/rm_autoaim/suep2026/rm_ws/install/auto_aim_interfaces/lib:/home/rm_autoaim/suep2026/rm_ws/install/rm_serial_driver/lib:/home/rm_autoaim/suep2026/rm_ws/install/hik_camera/lib:/home/rm_autoaim/suep2026/rm_ws/install/armor_tracker/lib:/home/rm_autoaim/suep2026/rm_ws/install/armor_detector/lib:/opt/ros/humble/opt/rviz_ogre_vendor/lib:/opt/ros/humble/lib/x86_64-linux-gnu:/opt/ros/humble/lib:/opt/MVS/lib/64:/opt/MVS/lib/32 /usr/bin/cmake --build /home/rm_autoaim/suep2026/rm_ws/build/armor_tracker -- -j8 -l8
[0.895s] DEBUG:colcon.colcon_core.event_handler.log_command:Invoked command in '/home/rm_autoaim/suep2026/rm_ws/build/rm_serial_driver' returned '0': CMAKE_PREFIX_PATH=/home/rm_autoaim/suep2026/rm_ws/install/auto_aim_interfaces:/home/rm_autoaim/suep2026/rm_ws/install/rm_vision_bringup:/home/rm_autoaim/suep2026/rm_ws/install/rm_serial_driver:/home/rm_autoaim/suep2026/rm_ws/install/rm_gimbal_description:/home/rm_autoaim/suep2026/rm_ws/install/hik_camera:/home/rm_autoaim/suep2026/rm_ws/install/armor_tracker:/home/rm_autoaim/suep2026/rm_ws/install/armor_detector:/opt/ros/humble LD_LIBRARY_PATH=/home/rm_autoaim/suep2026/rm_ws/install/auto_aim_interfaces/lib:/home/rm_autoaim/suep2026/rm_ws/install/rm_serial_driver/lib:/home/rm_autoaim/suep2026/rm_ws/install/hik_camera/lib:/home/rm_autoaim/suep2026/rm_ws/install/armor_tracker/lib:/home/rm_autoaim/suep2026/rm_ws/install/armor_detector/lib:/opt/ros/humble/opt/rviz_ogre_vendor/lib:/opt/ros/humble/lib/x86_64-linux-gnu:/opt/ros/humble/lib:/opt/MVS/lib/64:/opt/MVS/lib/32 /usr/bin/cmake --build /home/rm_autoaim/suep2026/rm_ws/build/rm_serial_driver -- -j8 -l8
[0.898s] DEBUG:colcon.colcon_core.event_handler.log_command:Invoking command in '/home/rm_autoaim/suep2026/rm_ws/build/rm_serial_driver': CMAKE_PREFIX_PATH=/home/rm_autoaim/suep2026/rm_ws/install/auto_aim_interfaces:/home/rm_autoaim/suep2026/rm_ws/install/rm_vision_bringup:/home/rm_autoaim/suep2026/rm_ws/install/rm_serial_driver:/home/rm_autoaim/suep2026/rm_ws/install/rm_gimbal_description:/home/rm_autoaim/suep2026/rm_ws/install/hik_camera:/home/rm_autoaim/suep2026/rm_ws/install/armor_tracker:/home/rm_autoaim/suep2026/rm_ws/install/armor_detector:/opt/ros/humble LD_LIBRARY_PATH=/home/rm_autoaim/suep2026/rm_ws/install/auto_aim_interfaces/lib:/home/rm_autoaim/suep2026/rm_ws/install/rm_serial_driver/lib:/home/rm_autoaim/suep2026/rm_ws/install/hik_camera/lib:/home/rm_autoaim/suep2026/rm_ws/install/armor_tracker/lib:/home/rm_autoaim/suep2026/rm_ws/install/armor_detector/lib:/opt/ros/humble/opt/rviz_ogre_vendor/lib:/opt/ros/humble/lib/x86_64-linux-gnu:/opt/ros/humble/lib:/opt/MVS/lib/64:/opt/MVS/lib/32 /usr/bin/cmake --install /home/rm_autoaim/suep2026/rm_ws/build/rm_serial_driver
[0.912s] DEBUG:colcon.colcon_core.event_handler.log_command:Invoked command in '/home/rm_autoaim/suep2026/rm_ws/build/armor_tracker' returned '0': CMAKE_PREFIX_PATH=/home/rm_autoaim/suep2026/rm_ws/install/auto_aim_interfaces:/home/rm_autoaim/suep2026/rm_ws/install/rm_vision_bringup:/home/rm_autoaim/suep2026/rm_ws/install/rm_serial_driver:/home/rm_autoaim/suep2026/rm_ws/install/rm_gimbal_description:/home/rm_autoaim/suep2026/rm_ws/install/hik_camera:/home/rm_autoaim/suep2026/rm_ws/install/armor_tracker:/home/rm_autoaim/suep2026/rm_ws/install/armor_detector:/opt/ros/humble LD_LIBRARY_PATH=/home/rm_autoaim/suep2026/rm_ws/install/auto_aim_interfaces/lib:/home/rm_autoaim/suep2026/rm_ws/install/rm_serial_driver/lib:/home/rm_autoaim/suep2026/rm_ws/install/hik_camera/lib:/home/rm_autoaim/suep2026/rm_ws/install/armor_tracker/lib:/home/rm_autoaim/suep2026/rm_ws/install/armor_detector/lib:/opt/ros/humble/opt/rviz_ogre_vendor/lib:/opt/ros/humble/lib/x86_64-linux-gnu:/opt/ros/humble/lib:/opt/MVS/lib/64:/opt/MVS/lib/32 /usr/bin/cmake --build /home/rm_autoaim/suep2026/rm_ws/build/armor_tracker -- -j8 -l8
[0.913s] DEBUG:colcon.colcon_core.event_handler.log_command:Invoking command in '/home/rm_autoaim/suep2026/rm_ws/build/armor_tracker': CMAKE_PREFIX_PATH=/home/rm_autoaim/suep2026/rm_ws/install/auto_aim_interfaces:/home/rm_autoaim/suep2026/rm_ws/install/rm_vision_bringup:/home/rm_autoaim/suep2026/rm_ws/install/rm_serial_driver:/home/rm_autoaim/suep2026/rm_ws/install/rm_gimbal_description:/home/rm_autoaim/suep2026/rm_ws/install/hik_camera:/home/rm_autoaim/suep2026/rm_ws/install/armor_tracker:/home/rm_autoaim/suep2026/rm_ws/install/armor_detector:/opt/ros/humble LD_LIBRARY_PATH=/home/rm_autoaim/suep2026/rm_ws/install/auto_aim_interfaces/lib:/home/rm_autoaim/suep2026/rm_ws/install/rm_serial_driver/lib:/home/rm_autoaim/suep2026/rm_ws/install/hik_camera/lib:/home/rm_autoaim/suep2026/rm_ws/install/armor_tracker/lib:/home/rm_autoaim/suep2026/rm_ws/install/armor_detector/lib:/opt/ros/humble/opt/rviz_ogre_vendor/lib:/opt/ros/humble/lib/x86_64-linux-gnu:/opt/ros/humble/lib:/opt/MVS/lib/64:/opt/MVS/lib/32 /usr/bin/cmake --install /home/rm_autoaim/suep2026/rm_ws/build/armor_tracker
[0.913s] Level 1:colcon.colcon_core.environment:create_environment_scripts_only(rm_serial_driver)
[0.915s] Level 1:colcon.colcon_core.environment:checking '/home/rm_autoaim/suep2026/rm_ws/install/rm_serial_driver' for CMake module files
[0.914s] DEBUG:colcon.colcon_core.event_handler.log_command:Invoked command in '/home/rm_autoaim/suep2026/rm_ws/build/rm_serial_driver' returned '0': CMAKE_PREFIX_PATH=/home/rm_autoaim/suep2026/rm_ws/install/auto_aim_interfaces:/home/rm_autoaim/suep2026/rm_ws/install/rm_vision_bringup:/home/rm_autoaim/suep2026/rm_ws/install/rm_serial_driver:/home/rm_autoaim/suep2026/rm_ws/install/rm_gimbal_description:/home/rm_autoaim/suep2026/rm_ws/install/hik_camera:/home/rm_autoaim/suep2026/rm_ws/install/armor_tracker:/home/rm_autoaim/suep2026/rm_ws/install/armor_detector:/opt/ros/humble LD_LIBRARY_PATH=/home/rm_autoaim/suep2026/rm_ws/install/auto_aim_interfaces/lib:/home/rm_autoaim/suep2026/rm_ws/install/rm_serial_driver/lib:/home/rm_autoaim/suep2026/rm_ws/install/hik_camera/lib:/home/rm_autoaim/suep2026/rm_ws/install/armor_tracker/lib:/home/rm_autoaim/suep2026/rm_ws/install/armor_detector/lib:/opt/ros/humble/opt/rviz_ogre_vendor/lib:/opt/ros/humble/lib/x86_64-linux-gnu:/opt/ros/humble/lib:/opt/MVS/lib/64:/opt/MVS/lib/32 /usr/bin/cmake --install /home/rm_autoaim/suep2026/rm_ws/build/rm_serial_driver
[0.917s] Level 1:colcon.colcon_core.environment:checking '/home/rm_autoaim/suep2026/rm_ws/install/rm_serial_driver' for CMake config files
[0.918s] Level 1:colcon.colcon_core.shell:create_environment_hook('rm_serial_driver', 'cmake_prefix_path')
[0.919s] INFO:colcon.colcon_core.shell:Creating environment hook '/home/rm_autoaim/suep2026/rm_ws/install/rm_serial_driver/share/rm_serial_driver/hook/cmake_prefix_path.ps1'
[0.920s] INFO:colcon.colcon_core.shell:Creating environment descriptor '/home/rm_autoaim/suep2026/rm_ws/install/rm_serial_driver/share/rm_serial_driver/hook/cmake_prefix_path.dsv'
[0.922s] INFO:colcon.colcon_core.shell:Creating environment hook '/home/rm_autoaim/suep2026/rm_ws/install/rm_serial_driver/share/rm_serial_driver/hook/cmake_prefix_path.sh'
[0.923s] Level 1:colcon.colcon_core.environment:checking '/home/rm_autoaim/suep2026/rm_ws/install/rm_serial_driver/lib'
[0.923s] Level 1:colcon.colcon_core.shell:create_environment_hook('rm_serial_driver', 'ld_library_path_lib')
[0.924s] INFO:colcon.colcon_core.shell:Creating environment hook '/home/rm_autoaim/suep2026/rm_ws/install/rm_serial_driver/share/rm_serial_driver/hook/ld_library_path_lib.ps1'
[0.925s] INFO:colcon.colcon_core.shell:Creating environment descriptor '/home/rm_autoaim/suep2026/rm_ws/install/rm_serial_driver/share/rm_serial_driver/hook/ld_library_path_lib.dsv'
[0.927s] INFO:colcon.colcon_core.shell:Creating environment hook '/home/rm_autoaim/suep2026/rm_ws/install/rm_serial_driver/share/rm_serial_driver/hook/ld_library_path_lib.sh'
[0.928s] Level 1:colcon.colcon_core.environment:checking '/home/rm_autoaim/suep2026/rm_ws/install/rm_serial_driver/bin'
[0.928s] Level 1:colcon.colcon_core.environment:checking '/home/rm_autoaim/suep2026/rm_ws/install/rm_serial_driver/lib/pkgconfig/rm_serial_driver.pc'
[0.929s] Level 1:colcon.colcon_core.environment:checking '/home/rm_autoaim/suep2026/rm_ws/install/rm_serial_driver/lib/python3.10/site-packages'
[0.929s] Level 1:colcon.colcon_core.environment:checking '/home/rm_autoaim/suep2026/rm_ws/install/rm_serial_driver/bin'
[0.929s] INFO:colcon.colcon_core.shell:Creating package script '/home/rm_autoaim/suep2026/rm_ws/install/rm_serial_driver/share/rm_serial_driver/package.ps1'
[0.930s] INFO:colcon.colcon_core.shell:Creating package descriptor '/home/rm_autoaim/suep2026/rm_ws/install/rm_serial_driver/share/rm_serial_driver/package.dsv'
[0.933s] INFO:colcon.colcon_core.shell:Creating package script '/home/rm_autoaim/suep2026/rm_ws/install/rm_serial_driver/share/rm_serial_driver/package.sh'
[0.934s] INFO:colcon.colcon_core.shell:Creating package script '/home/rm_autoaim/suep2026/rm_ws/install/rm_serial_driver/share/rm_serial_driver/package.bash'
[0.935s] INFO:colcon.colcon_core.shell:Creating package script '/home/rm_autoaim/suep2026/rm_ws/install/rm_serial_driver/share/rm_serial_driver/package.zsh'
[0.935s] Level 1:colcon.colcon_core.environment:create_file_with_runtime_dependencies(/home/rm_autoaim/suep2026/rm_ws/install/rm_serial_driver/share/colcon-core/packages/rm_serial_driver)
[0.936s] Level 1:colcon.colcon_core.environment:create_environment_scripts_only(rm_serial_driver)
[0.936s] Level 1:colcon.colcon_core.environment:checking '/home/rm_autoaim/suep2026/rm_ws/install/rm_serial_driver' for CMake module files
[0.937s] Level 1:colcon.colcon_core.environment:checking '/home/rm_autoaim/suep2026/rm_ws/install/rm_serial_driver' for CMake config files
[0.937s] Level 1:colcon.colcon_core.shell:create_environment_hook('rm_serial_driver', 'cmake_prefix_path')
[0.939s] INFO:colcon.colcon_core.shell:Creating environment hook '/home/rm_autoaim/suep2026/rm_ws/install/rm_serial_driver/share/rm_serial_driver/hook/cmake_prefix_path.ps1'
[0.945s] INFO:colcon.colcon_core.shell:Creating environment descriptor '/home/rm_autoaim/suep2026/rm_ws/install/rm_serial_driver/share/rm_serial_driver/hook/cmake_prefix_path.dsv'
[0.946s] INFO:colcon.colcon_core.shell:Creating environment hook '/home/rm_autoaim/suep2026/rm_ws/install/rm_serial_driver/share/rm_serial_driver/hook/cmake_prefix_path.sh'
[0.946s] Level 1:colcon.colcon_core.environment:checking '/home/rm_autoaim/suep2026/rm_ws/install/rm_serial_driver/lib'
[0.946s] Level 1:colcon.colcon_core.shell:create_environment_hook('rm_serial_driver', 'ld_library_path_lib')
[0.947s] INFO:colcon.colcon_core.shell:Creating environment hook '/home/rm_autoaim/suep2026/rm_ws/install/rm_serial_driver/share/rm_serial_driver/hook/ld_library_path_lib.ps1'
[0.947s] INFO:colcon.colcon_core.shell:Creating environment descriptor '/home/rm_autoaim/suep2026/rm_ws/install/rm_serial_driver/share/rm_serial_driver/hook/ld_library_path_lib.dsv'
[0.948s] INFO:colcon.colcon_core.shell:Creating environment hook '/home/rm_autoaim/suep2026/rm_ws/install/rm_serial_driver/share/rm_serial_driver/hook/ld_library_path_lib.sh'
[0.949s] Level 1:colcon.colcon_core.environment:checking '/home/rm_autoaim/suep2026/rm_ws/install/rm_serial_driver/bin'
[0.950s] Level 1:colcon.colcon_core.environment:checking '/home/rm_autoaim/suep2026/rm_ws/install/rm_serial_driver/lib/pkgconfig/rm_serial_driver.pc'
[0.950s] Level 1:colcon.colcon_core.environment:checking '/home/rm_autoaim/suep2026/rm_ws/install/rm_serial_driver/lib/python3.10/site-packages'
[0.950s] Level 1:colcon.colcon_core.environment:checking '/home/rm_autoaim/suep2026/rm_ws/install/rm_serial_driver/bin'
[0.951s] INFO:colcon.colcon_core.shell:Creating package script '/home/rm_autoaim/suep2026/rm_ws/install/rm_serial_driver/share/rm_serial_driver/package.ps1'
[0.952s] INFO:colcon.colcon_core.shell:Creating package descriptor '/home/rm_autoaim/suep2026/rm_ws/install/rm_serial_driver/share/rm_serial_driver/package.dsv'
[0.952s] INFO:colcon.colcon_core.shell:Creating package script '/home/rm_autoaim/suep2026/rm_ws/install/rm_serial_driver/share/rm_serial_driver/package.sh'
[0.953s] INFO:colcon.colcon_core.shell:Creating package script '/home/rm_autoaim/suep2026/rm_ws/install/rm_serial_driver/share/rm_serial_driver/package.bash'
[0.954s] INFO:colcon.colcon_core.shell:Creating package script '/home/rm_autoaim/suep2026/rm_ws/install/rm_serial_driver/share/rm_serial_driver/package.zsh'
[0.955s] Level 1:colcon.colcon_core.environment:create_file_with_runtime_dependencies(/home/rm_autoaim/suep2026/rm_ws/install/rm_serial_driver/share/colcon-core/packages/rm_serial_driver)
[0.955s] INFO:colcon.colcon_ros.task.ament_cmake.build:Building ROS package in '/home/rm_autoaim/suep2026/rm_ws/src/rm_vision/rm_vision_bringup' with build type 'ament_cmake'
[0.956s] INFO:colcon.colcon_cmake.task.cmake.build:Building CMake package in '/home/rm_autoaim/suep2026/rm_ws/src/rm_vision/rm_vision_bringup'
[0.956s] INFO:colcon.colcon_core.shell:Skip shell extension 'powershell' for command environment: Not usable outside of PowerShell
[0.956s] DEBUG:colcon.colcon_core.shell:Skip shell extension 'dsv' for command environment
[0.970s] Level 1:colcon.colcon_core.environment:create_environment_scripts_only(armor_tracker)
[0.970s] Level 1:colcon.colcon_core.environment:checking '/home/rm_autoaim/suep2026/rm_ws/install/armor_tracker' for CMake module files
[0.971s] Level 1:colcon.colcon_core.environment:checking '/home/rm_autoaim/suep2026/rm_ws/install/armor_tracker' for CMake config files
[0.971s] Level 1:colcon.colcon_core.shell:create_environment_hook('armor_tracker', 'cmake_prefix_path')
[0.972s] INFO:colcon.colcon_core.shell:Creating environment hook '/home/rm_autoaim/suep2026/rm_ws/install/armor_tracker/share/armor_tracker/hook/cmake_prefix_path.ps1'
[0.972s] INFO:colcon.colcon_core.shell:Creating environment descriptor '/home/rm_autoaim/suep2026/rm_ws/install/armor_tracker/share/armor_tracker/hook/cmake_prefix_path.dsv'
[0.973s] INFO:colcon.colcon_core.shell:Creating environment hook '/home/rm_autoaim/suep2026/rm_ws/install/armor_tracker/share/armor_tracker/hook/cmake_prefix_path.sh'
[0.979s] Level 1:colcon.colcon_core.environment:checking '/home/rm_autoaim/suep2026/rm_ws/install/armor_tracker/lib'
[0.979s] Level 1:colcon.colcon_core.shell:create_environment_hook('armor_tracker', 'ld_library_path_lib')
[0.979s] INFO:colcon.colcon_core.shell:Creating environment hook '/home/rm_autoaim/suep2026/rm_ws/install/armor_tracker/share/armor_tracker/hook/ld_library_path_lib.ps1'
[0.980s] DEBUG:colcon.colcon_core.event_handler.log_command:Invoked command in '/home/rm_autoaim/suep2026/rm_ws/build/armor_tracker' returned '0': CMAKE_PREFIX_PATH=/home/rm_autoaim/suep2026/rm_ws/install/auto_aim_interfaces:/home/rm_autoaim/suep2026/rm_ws/install/rm_vision_bringup:/home/rm_autoaim/suep2026/rm_ws/install/rm_serial_driver:/home/rm_autoaim/suep2026/rm_ws/install/rm_gimbal_description:/home/rm_autoaim/suep2026/rm_ws/install/hik_camera:/home/rm_autoaim/suep2026/rm_ws/install/armor_tracker:/home/rm_autoaim/suep2026/rm_ws/install/armor_detector:/opt/ros/humble LD_LIBRARY_PATH=/home/rm_autoaim/suep2026/rm_ws/install/auto_aim_interfaces/lib:/home/rm_autoaim/suep2026/rm_ws/install/rm_serial_driver/lib:/home/rm_autoaim/suep2026/rm_ws/install/hik_camera/lib:/home/rm_autoaim/suep2026/rm_ws/install/armor_tracker/lib:/home/rm_autoaim/suep2026/rm_ws/install/armor_detector/lib:/opt/ros/humble/opt/rviz_ogre_vendor/lib:/opt/ros/humble/lib/x86_64-linux-gnu:/opt/ros/humble/lib:/opt/MVS/lib/64:/opt/MVS/lib/32 /usr/bin/cmake --install /home/rm_autoaim/suep2026/rm_ws/build/armor_tracker
[0.983s] INFO:colcon.colcon_core.shell:Creating environment descriptor '/home/rm_autoaim/suep2026/rm_ws/install/armor_tracker/share/armor_tracker/hook/ld_library_path_lib.dsv'
[0.986s] INFO:colcon.colcon_core.shell:Creating environment hook '/home/rm_autoaim/suep2026/rm_ws/install/armor_tracker/share/armor_tracker/hook/ld_library_path_lib.sh'
[0.987s] Level 1:colcon.colcon_core.environment:checking '/home/rm_autoaim/suep2026/rm_ws/install/armor_tracker/bin'
[0.987s] Level 1:colcon.colcon_core.environment:checking '/home/rm_autoaim/suep2026/rm_ws/install/armor_tracker/lib/pkgconfig/armor_tracker.pc'
[0.987s] Level 1:colcon.colcon_core.environment:checking '/home/rm_autoaim/suep2026/rm_ws/install/armor_tracker/lib/python3.10/site-packages'
[0.987s] Level 1:colcon.colcon_core.environment:checking '/home/rm_autoaim/suep2026/rm_ws/install/armor_tracker/bin'
[0.989s] INFO:colcon.colcon_core.shell:Creating package script '/home/rm_autoaim/suep2026/rm_ws/install/armor_tracker/share/armor_tracker/package.ps1'
[0.993s] INFO:colcon.colcon_core.shell:Creating package descriptor '/home/rm_autoaim/suep2026/rm_ws/install/armor_tracker/share/armor_tracker/package.dsv'
[0.994s] INFO:colcon.colcon_core.shell:Creating package script '/home/rm_autoaim/suep2026/rm_ws/install/armor_tracker/share/armor_tracker/package.sh'
[0.997s] INFO:colcon.colcon_core.shell:Creating package script '/home/rm_autoaim/suep2026/rm_ws/install/armor_tracker/share/armor_tracker/package.bash'
[0.998s] INFO:colcon.colcon_core.shell:Creating package script '/home/rm_autoaim/suep2026/rm_ws/install/armor_tracker/share/armor_tracker/package.zsh'
[0.999s] Level 1:colcon.colcon_core.environment:create_file_with_runtime_dependencies(/home/rm_autoaim/suep2026/rm_ws/install/armor_tracker/share/colcon-core/packages/armor_tracker)
[0.999s] Level 1:colcon.colcon_core.environment:create_environment_scripts_only(armor_tracker)
[1.000s] Level 1:colcon.colcon_core.environment:checking '/home/rm_autoaim/suep2026/rm_ws/install/armor_tracker' for CMake module files
[1.000s] Level 1:colcon.colcon_core.environment:checking '/home/rm_autoaim/suep2026/rm_ws/install/armor_tracker' for CMake config files
[1.000s] Level 1:colcon.colcon_core.shell:create_environment_hook('armor_tracker', 'cmake_prefix_path')
[1.001s] INFO:colcon.colcon_core.shell:Creating environment hook '/home/rm_autoaim/suep2026/rm_ws/install/armor_tracker/share/armor_tracker/hook/cmake_prefix_path.ps1'
[1.001s] INFO:colcon.colcon_core.shell:Creating environment descriptor '/home/rm_autoaim/suep2026/rm_ws/install/armor_tracker/share/armor_tracker/hook/cmake_prefix_path.dsv'
[1.002s] INFO:colcon.colcon_core.shell:Creating environment hook '/home/rm_autoaim/suep2026/rm_ws/install/armor_tracker/share/armor_tracker/hook/cmake_prefix_path.sh'
[1.002s] Level 1:colcon.colcon_core.environment:checking '/home/rm_autoaim/suep2026/rm_ws/install/armor_tracker/lib'
[1.002s] Level 1:colcon.colcon_core.shell:create_environment_hook('armor_tracker', 'ld_library_path_lib')
[1.003s] INFO:colcon.colcon_core.shell:Creating environment hook '/home/rm_autoaim/suep2026/rm_ws/install/armor_tracker/share/armor_tracker/hook/ld_library_path_lib.ps1'
[1.003s] INFO:colcon.colcon_core.shell:Creating environment descriptor '/home/rm_autoaim/suep2026/rm_ws/install/armor_tracker/share/armor_tracker/hook/ld_library_path_lib.dsv'
[1.004s] INFO:colcon.colcon_core.shell:Creating environment hook '/home/rm_autoaim/suep2026/rm_ws/install/armor_tracker/share/armor_tracker/hook/ld_library_path_lib.sh'
[1.004s] Level 1:colcon.colcon_core.environment:checking '/home/rm_autoaim/suep2026/rm_ws/install/armor_tracker/bin'
[1.004s] Level 1:colcon.colcon_core.environment:checking '/home/rm_autoaim/suep2026/rm_ws/install/armor_tracker/lib/pkgconfig/armor_tracker.pc'
[1.004s] Level 1:colcon.colcon_core.environment:checking '/home/rm_autoaim/suep2026/rm_ws/install/armor_tracker/lib/python3.10/site-packages'
[1.005s] Level 1:colcon.colcon_core.environment:checking '/home/rm_autoaim/suep2026/rm_ws/install/armor_tracker/bin'
[1.005s] INFO:colcon.colcon_core.shell:Creating package script '/home/rm_autoaim/suep2026/rm_ws/install/armor_tracker/share/armor_tracker/package.ps1'
[1.006s] INFO:colcon.colcon_core.shell:Creating package descriptor '/home/rm_autoaim/suep2026/rm_ws/install/armor_tracker/share/armor_tracker/package.dsv'
[1.007s] INFO:colcon.colcon_core.shell:Creating package script '/home/rm_autoaim/suep2026/rm_ws/install/armor_tracker/share/armor_tracker/package.sh'
[1.007s] INFO:colcon.colcon_core.shell:Creating package script '/home/rm_autoaim/suep2026/rm_ws/install/armor_tracker/share/armor_tracker/package.bash'
[1.008s] INFO:colcon.colcon_core.shell:Creating package script '/home/rm_autoaim/suep2026/rm_ws/install/armor_tracker/share/armor_tracker/package.zsh'
[1.008s] Level 1:colcon.colcon_core.environment:create_file_with_runtime_dependencies(/home/rm_autoaim/suep2026/rm_ws/install/armor_tracker/share/colcon-core/packages/armor_tracker)
[1.013s] DEBUG:colcon.colcon_core.event_handler.log_command:Invoking command in '/home/rm_autoaim/suep2026/rm_ws/build/rm_vision_bringup': CMAKE_PREFIX_PATH=/home/rm_autoaim/suep2026/rm_ws/install/rm_serial_driver:/home/rm_autoaim/suep2026/rm_ws/install/auto_aim_interfaces:/home/rm_autoaim/suep2026/rm_ws/install/rm_vision_bringup:/home/rm_autoaim/suep2026/rm_ws/install/rm_gimbal_description:/home/rm_autoaim/suep2026/rm_ws/install/hik_camera:/home/rm_autoaim/suep2026/rm_ws/install/armor_tracker:/home/rm_autoaim/suep2026/rm_ws/install/armor_detector:/opt/ros/humble LD_LIBRARY_PATH=/home/rm_autoaim/suep2026/rm_ws/install/rm_serial_driver/lib:/home/rm_autoaim/suep2026/rm_ws/install/auto_aim_interfaces/lib:/home/rm_autoaim/suep2026/rm_ws/install/hik_camera/lib:/home/rm_autoaim/suep2026/rm_ws/install/armor_tracker/lib:/home/rm_autoaim/suep2026/rm_ws/install/armor_detector/lib:/opt/ros/humble/opt/rviz_ogre_vendor/lib:/opt/ros/humble/lib/x86_64-linux-gnu:/opt/ros/humble/lib:/opt/MVS/lib/64:/opt/MVS/lib/32 /usr/bin/cmake --build /home/rm_autoaim/suep2026/rm_ws/build/rm_vision_bringup -- -j8 -l8
[1.052s] DEBUG:colcon.colcon_core.event_handler.log_command:Invoked command in '/home/rm_autoaim/suep2026/rm_ws/build/rm_vision_bringup' returned '0': CMAKE_PREFIX_PATH=/home/rm_autoaim/suep2026/rm_ws/install/rm_serial_driver:/home/rm_autoaim/suep2026/rm_ws/install/auto_aim_interfaces:/home/rm_autoaim/suep2026/rm_ws/install/rm_vision_bringup:/home/rm_autoaim/suep2026/rm_ws/install/rm_gimbal_description:/home/rm_autoaim/suep2026/rm_ws/install/hik_camera:/home/rm_autoaim/suep2026/rm_ws/install/armor_tracker:/home/rm_autoaim/suep2026/rm_ws/install/armor_detector:/opt/ros/humble LD_LIBRARY_PATH=/home/rm_autoaim/suep2026/rm_ws/install/rm_serial_driver/lib:/home/rm_autoaim/suep2026/rm_ws/install/auto_aim_interfaces/lib:/home/rm_autoaim/suep2026/rm_ws/install/hik_camera/lib:/home/rm_autoaim/suep2026/rm_ws/install/armor_tracker/lib:/home/rm_autoaim/suep2026/rm_ws/install/armor_detector/lib:/opt/ros/humble/opt/rviz_ogre_vendor/lib:/opt/ros/humble/lib/x86_64-linux-gnu:/opt/ros/humble/lib:/opt/MVS/lib/64:/opt/MVS/lib/32 /usr/bin/cmake --build /home/rm_autoaim/suep2026/rm_ws/build/rm_vision_bringup -- -j8 -l8
[1.053s] DEBUG:colcon.colcon_core.event_handler.log_command:Invoking command in '/home/rm_autoaim/suep2026/rm_ws/build/rm_vision_bringup': CMAKE_PREFIX_PATH=/home/rm_autoaim/suep2026/rm_ws/install/rm_serial_driver:/home/rm_autoaim/suep2026/rm_ws/install/auto_aim_interfaces:/home/rm_autoaim/suep2026/rm_ws/install/rm_vision_bringup:/home/rm_autoaim/suep2026/rm_ws/install/rm_gimbal_description:/home/rm_autoaim/suep2026/rm_ws/install/hik_camera:/home/rm_autoaim/suep2026/rm_ws/install/armor_tracker:/home/rm_autoaim/suep2026/rm_ws/install/armor_detector:/opt/ros/humble LD_LIBRARY_PATH=/home/rm_autoaim/suep2026/rm_ws/install/rm_serial_driver/lib:/home/rm_autoaim/suep2026/rm_ws/install/auto_aim_interfaces/lib:/home/rm_autoaim/suep2026/rm_ws/install/hik_camera/lib:/home/rm_autoaim/suep2026/rm_ws/install/armor_tracker/lib:/home/rm_autoaim/suep2026/rm_ws/install/armor_detector/lib:/opt/ros/humble/opt/rviz_ogre_vendor/lib:/opt/ros/humble/lib/x86_64-linux-gnu:/opt/ros/humble/lib:/opt/MVS/lib/64:/opt/MVS/lib/32 /usr/bin/cmake --install /home/rm_autoaim/suep2026/rm_ws/build/rm_vision_bringup
[1.063s] Level 1:colcon.colcon_core.environment:create_environment_scripts_only(rm_vision_bringup)
[1.064s] Level 1:colcon.colcon_core.environment:checking '/home/rm_autoaim/suep2026/rm_ws/install/rm_vision_bringup' for CMake module files
[1.065s] DEBUG:colcon.colcon_core.event_handler.log_command:Invoked command in '/home/rm_autoaim/suep2026/rm_ws/build/rm_vision_bringup' returned '0': CMAKE_PREFIX_PATH=/home/rm_autoaim/suep2026/rm_ws/install/rm_serial_driver:/home/rm_autoaim/suep2026/rm_ws/install/auto_aim_interfaces:/home/rm_autoaim/suep2026/rm_ws/install/rm_vision_bringup:/home/rm_autoaim/suep2026/rm_ws/install/rm_gimbal_description:/home/rm_autoaim/suep2026/rm_ws/install/hik_camera:/home/rm_autoaim/suep2026/rm_ws/install/armor_tracker:/home/rm_autoaim/suep2026/rm_ws/install/armor_detector:/opt/ros/humble LD_LIBRARY_PATH=/home/rm_autoaim/suep2026/rm_ws/install/rm_serial_driver/lib:/home/rm_autoaim/suep2026/rm_ws/install/auto_aim_interfaces/lib:/home/rm_autoaim/suep2026/rm_ws/install/hik_camera/lib:/home/rm_autoaim/suep2026/rm_ws/install/armor_tracker/lib:/home/rm_autoaim/suep2026/rm_ws/install/armor_detector/lib:/opt/ros/humble/opt/rviz_ogre_vendor/lib:/opt/ros/humble/lib/x86_64-linux-gnu:/opt/ros/humble/lib:/opt/MVS/lib/64:/opt/MVS/lib/32 /usr/bin/cmake --install /home/rm_autoaim/suep2026/rm_ws/build/rm_vision_bringup
[1.065s] Level 1:colcon.colcon_core.environment:checking '/home/rm_autoaim/suep2026/rm_ws/install/rm_vision_bringup' for CMake config files
[1.065s] Level 1:colcon.colcon_core.shell:create_environment_hook('rm_vision_bringup', 'cmake_prefix_path')
[1.065s] INFO:colcon.colcon_core.shell:Creating environment hook '/home/rm_autoaim/suep2026/rm_ws/install/rm_vision_bringup/share/rm_vision_bringup/hook/cmake_prefix_path.ps1'
[1.066s] INFO:colcon.colcon_core.shell:Creating environment descriptor '/home/rm_autoaim/suep2026/rm_ws/install/rm_vision_bringup/share/rm_vision_bringup/hook/cmake_prefix_path.dsv'
[1.066s] INFO:colcon.colcon_core.shell:Creating environment hook '/home/rm_autoaim/suep2026/rm_ws/install/rm_vision_bringup/share/rm_vision_bringup/hook/cmake_prefix_path.sh'
[1.067s] Level 1:colcon.colcon_core.environment:checking '/home/rm_autoaim/suep2026/rm_ws/install/rm_vision_bringup/bin'
[1.067s] Level 1:colcon.colcon_core.environment:checking '/home/rm_autoaim/suep2026/rm_ws/install/rm_vision_bringup/lib/pkgconfig/rm_vision_bringup.pc'
[1.067s] Level 1:colcon.colcon_core.environment:checking '/home/rm_autoaim/suep2026/rm_ws/install/rm_vision_bringup/lib/python3.10/site-packages'
[1.067s] Level 1:colcon.colcon_core.environment:checking '/home/rm_autoaim/suep2026/rm_ws/install/rm_vision_bringup/bin'
[1.068s] INFO:colcon.colcon_core.shell:Creating package script '/home/rm_autoaim/suep2026/rm_ws/install/rm_vision_bringup/share/rm_vision_bringup/package.ps1'
[1.068s] INFO:colcon.colcon_core.shell:Creating package descriptor '/home/rm_autoaim/suep2026/rm_ws/install/rm_vision_bringup/share/rm_vision_bringup/package.dsv'
[1.068s] INFO:colcon.colcon_core.shell:Creating package script '/home/rm_autoaim/suep2026/rm_ws/install/rm_vision_bringup/share/rm_vision_bringup/package.sh'
[1.069s] INFO:colcon.colcon_core.shell:Creating package script '/home/rm_autoaim/suep2026/rm_ws/install/rm_vision_bringup/share/rm_vision_bringup/package.bash'
[1.069s] INFO:colcon.colcon_core.shell:Creating package script '/home/rm_autoaim/suep2026/rm_ws/install/rm_vision_bringup/share/rm_vision_bringup/package.zsh'
[1.069s] Level 1:colcon.colcon_core.environment:create_file_with_runtime_dependencies(/home/rm_autoaim/suep2026/rm_ws/install/rm_vision_bringup/share/colcon-core/packages/rm_vision_bringup)
[1.070s] Level 1:colcon.colcon_core.environment:create_environment_scripts_only(rm_vision_bringup)
[1.070s] Level 1:colcon.colcon_core.environment:checking '/home/rm_autoaim/suep2026/rm_ws/install/rm_vision_bringup' for CMake module files
[1.070s] Level 1:colcon.colcon_core.environment:checking '/home/rm_autoaim/suep2026/rm_ws/install/rm_vision_bringup' for CMake config files
[1.070s] Level 1:colcon.colcon_core.shell:create_environment_hook('rm_vision_bringup', 'cmake_prefix_path')
[1.071s] INFO:colcon.colcon_core.shell:Creating environment hook '/home/rm_autoaim/suep2026/rm_ws/install/rm_vision_bringup/share/rm_vision_bringup/hook/cmake_prefix_path.ps1'
[1.071s] INFO:colcon.colcon_core.shell:Creating environment descriptor '/home/rm_autoaim/suep2026/rm_ws/install/rm_vision_bringup/share/rm_vision_bringup/hook/cmake_prefix_path.dsv'
[1.071s] INFO:colcon.colcon_core.shell:Creating environment hook '/home/rm_autoaim/suep2026/rm_ws/install/rm_vision_bringup/share/rm_vision_bringup/hook/cmake_prefix_path.sh'
[1.072s] Level 1:colcon.colcon_core.environment:checking '/home/rm_autoaim/suep2026/rm_ws/install/rm_vision_bringup/bin'
[1.072s] Level 1:colcon.colcon_core.environment:checking '/home/rm_autoaim/suep2026/rm_ws/install/rm_vision_bringup/lib/pkgconfig/rm_vision_bringup.pc'
[1.072s] Level 1:colcon.colcon_core.environment:checking '/home/rm_autoaim/suep2026/rm_ws/install/rm_vision_bringup/lib/python3.10/site-packages'
[1.072s] Level 1:colcon.colcon_core.environment:checking '/home/rm_autoaim/suep2026/rm_ws/install/rm_vision_bringup/bin'
[1.072s] INFO:colcon.colcon_core.shell:Creating package script '/home/rm_autoaim/suep2026/rm_ws/install/rm_vision_bringup/share/rm_vision_bringup/package.ps1'
[1.073s] INFO:colcon.colcon_core.shell:Creating package descriptor '/home/rm_autoaim/suep2026/rm_ws/install/rm_vision_bringup/share/rm_vision_bringup/package.dsv'
[1.073s] INFO:colcon.colcon_core.shell:Creating package script '/home/rm_autoaim/suep2026/rm_ws/install/rm_vision_bringup/share/rm_vision_bringup/package.sh'
[1.073s] INFO:colcon.colcon_core.shell:Creating package script '/home/rm_autoaim/suep2026/rm_ws/install/rm_vision_bringup/share/rm_vision_bringup/package.bash'
[1.074s] INFO:colcon.colcon_core.shell:Creating package script '/home/rm_autoaim/suep2026/rm_ws/install/rm_vision_bringup/share/rm_vision_bringup/package.zsh'
[1.074s] Level 1:colcon.colcon_core.environment:create_file_with_runtime_dependencies(/home/rm_autoaim/suep2026/rm_ws/install/rm_vision_bringup/share/colcon-core/packages/rm_vision_bringup)
[11.821s] DEBUG:colcon.colcon_core.event_handler.log_command:Invoked command in '/home/rm_autoaim/suep2026/rm_ws/build/armor_detector' returned '2': CMAKE_PREFIX_PATH=/home/rm_autoaim/suep2026/rm_ws/install/auto_aim_interfaces:/home/rm_autoaim/suep2026/rm_ws/install/rm_vision_bringup:/home/rm_autoaim/suep2026/rm_ws/install/rm_serial_driver:/home/rm_autoaim/suep2026/rm_ws/install/rm_gimbal_description:/home/rm_autoaim/suep2026/rm_ws/install/hik_camera:/home/rm_autoaim/suep2026/rm_ws/install/armor_tracker:/home/rm_autoaim/suep2026/rm_ws/install/armor_detector:/opt/ros/humble LD_LIBRARY_PATH=/home/rm_autoaim/suep2026/rm_ws/install/auto_aim_interfaces/lib:/home/rm_autoaim/suep2026/rm_ws/install/rm_serial_driver/lib:/home/rm_autoaim/suep2026/rm_ws/install/hik_camera/lib:/home/rm_autoaim/suep2026/rm_ws/install/armor_tracker/lib:/home/rm_autoaim/suep2026/rm_ws/install/armor_detector/lib:/opt/ros/humble/opt/rviz_ogre_vendor/lib:/opt/ros/humble/lib/x86_64-linux-gnu:/opt/ros/humble/lib:/opt/MVS/lib/64:/opt/MVS/lib/32 /usr/bin/cmake --build /home/rm_autoaim/suep2026/rm_ws/build/armor_detector -- -j8 -l8
[11.822s] Level 1:colcon.colcon_core.environment:create_environment_scripts_only(armor_detector)
[11.822s] Level 1:colcon.colcon_core.environment:checking '/home/rm_autoaim/suep2026/rm_ws/install/armor_detector' for CMake module files
[11.822s] Level 1:colcon.colcon_core.environment:checking '/home/rm_autoaim/suep2026/rm_ws/install/armor_detector' for CMake config files
[11.822s] Level 1:colcon.colcon_core.shell:create_environment_hook('armor_detector', 'cmake_prefix_path')
[11.823s] INFO:colcon.colcon_core.shell:Creating environment hook '/home/rm_autoaim/suep2026/rm_ws/install/armor_detector/share/armor_detector/hook/cmake_prefix_path.ps1'
[11.823s] INFO:colcon.colcon_core.shell:Creating environment descriptor '/home/rm_autoaim/suep2026/rm_ws/install/armor_detector/share/armor_detector/hook/cmake_prefix_path.dsv'
[11.823s] INFO:colcon.colcon_core.shell:Creating environment hook '/home/rm_autoaim/suep2026/rm_ws/install/armor_detector/share/armor_detector/hook/cmake_prefix_path.sh'
[11.824s] Level 1:colcon.colcon_core.environment:checking '/home/rm_autoaim/suep2026/rm_ws/install/armor_detector/lib'
[11.824s] Level 1:colcon.colcon_core.shell:create_environment_hook('armor_detector', 'ld_library_path_lib')
[11.824s] INFO:colcon.colcon_core.shell:Creating environment hook '/home/rm_autoaim/suep2026/rm_ws/install/armor_detector/share/armor_detector/hook/ld_library_path_lib.ps1'
[11.825s] INFO:colcon.colcon_core.shell:Creating environment descriptor '/home/rm_autoaim/suep2026/rm_ws/install/armor_detector/share/armor_detector/hook/ld_library_path_lib.dsv'
[11.825s] INFO:colcon.colcon_core.shell:Creating environment hook '/home/rm_autoaim/suep2026/rm_ws/install/armor_detector/share/armor_detector/hook/ld_library_path_lib.sh'
[11.825s] Level 1:colcon.colcon_core.environment:checking '/home/rm_autoaim/suep2026/rm_ws/install/armor_detector/bin'
[11.825s] Level 1:colcon.colcon_core.environment:checking '/home/rm_autoaim/suep2026/rm_ws/install/armor_detector/lib/pkgconfig/armor_detector.pc'
[11.826s] Level 1:colcon.colcon_core.environment:checking '/home/rm_autoaim/suep2026/rm_ws/install/armor_detector/lib/python3.10/site-packages'
[11.826s] Level 1:colcon.colcon_core.environment:checking '/home/rm_autoaim/suep2026/rm_ws/install/armor_detector/bin'
[11.826s] INFO:colcon.colcon_core.shell:Creating package script '/home/rm_autoaim/suep2026/rm_ws/install/armor_detector/share/armor_detector/package.ps1'
[11.826s] INFO:colcon.colcon_core.shell:Creating package descriptor '/home/rm_autoaim/suep2026/rm_ws/install/armor_detector/share/armor_detector/package.dsv'
[11.827s] INFO:colcon.colcon_core.shell:Creating package script '/home/rm_autoaim/suep2026/rm_ws/install/armor_detector/share/armor_detector/package.sh'
[11.827s] INFO:colcon.colcon_core.shell:Creating package script '/home/rm_autoaim/suep2026/rm_ws/install/armor_detector/share/armor_detector/package.bash'
[11.828s] INFO:colcon.colcon_core.shell:Creating package script '/home/rm_autoaim/suep2026/rm_ws/install/armor_detector/share/armor_detector/package.zsh'
[11.828s] Level 1:colcon.colcon_core.environment:create_file_with_runtime_dependencies(/home/rm_autoaim/suep2026/rm_ws/install/armor_detector/share/colcon-core/packages/armor_detector)
[11.839s] DEBUG:colcon.colcon_parallel_executor.executor.parallel:closing loop
[11.839s] DEBUG:colcon.colcon_parallel_executor.executor.parallel:loop closed
[11.839s] DEBUG:colcon.colcon_parallel_executor.executor.parallel:run_until_complete finished with '2'
[11.839s] DEBUG:colcon.colcon_core.event_reactor:joining thread
[11.843s] INFO:colcon.colcon_core.plugin_system:Skipping extension 'colcon_notification.desktop_notification.terminal_notifier': Not used on non-Darwin systems
[11.843s] INFO:colcon.colcon_core.plugin_system:Skipping extension 'colcon_notification.desktop_notification.win32': Not used on non-Windows systems
[11.843s] INFO:colcon.colcon_notification.desktop_notification:Sending desktop notification using 'notify2'
[11.851s] DEBUG:colcon.colcon_core.event_reactor:joined thread
[11.851s] INFO:colcon.colcon_core.shell:Creating prefix script '/home/rm_autoaim/suep2026/rm_ws/install/local_setup.ps1'
[11.852s] INFO:colcon.colcon_core.shell:Creating prefix util module '/home/rm_autoaim/suep2026/rm_ws/install/_local_setup_util_ps1.py'
[11.853s] INFO:colcon.colcon_core.shell:Creating prefix chain script '/home/rm_autoaim/suep2026/rm_ws/install/setup.ps1'
[11.854s] INFO:colcon.colcon_core.shell:Creating prefix script '/home/rm_autoaim/suep2026/rm_ws/install/local_setup.sh'
[11.855s] INFO:colcon.colcon_core.shell:Creating prefix util module '/home/rm_autoaim/suep2026/rm_ws/install/_local_setup_util_sh.py'
[11.855s] INFO:colcon.colcon_core.shell:Creating prefix chain script '/home/rm_autoaim/suep2026/rm_ws/install/setup.sh'
[11.856s] INFO:colcon.colcon_core.shell:Creating prefix script '/home/rm_autoaim/suep2026/rm_ws/install/local_setup.bash'
[11.856s] INFO:colcon.colcon_core.shell:Creating prefix chain script '/home/rm_autoaim/suep2026/rm_ws/install/setup.bash'
[11.857s] INFO:colcon.colcon_core.shell:Creating prefix script '/home/rm_autoaim/suep2026/rm_ws/install/local_setup.zsh'
[11.858s] INFO:colcon.colcon_core.shell:Creating prefix chain script '/home/rm_autoaim/suep2026/rm_ws/install/setup.zsh'
