[0.007s] Invoking command in '/home/rm_autoaim/suep2026/rm_ws/build/auto_aim_interfaces': /usr/bin/cmake /home/rm_autoaim/suep2026/rm_ws/src/rm_auto_aim/auto_aim_interfaces -DCMAKE_INSTALL_PREFIX=/home/rm_autoaim/suep2026/rm_ws/install/auto_aim_interfaces
[0.058s] -- The C compiler identification is GNU 11.4.0
[0.100s] -- The CXX compiler identification is GNU 11.4.0
[0.106s] -- Detecting C compiler ABI info
[0.159s] -- Detecting C compiler ABI info - done
[0.169s] -- Check for working C compiler: /usr/bin/cc - skipped
[0.169s] -- Detecting C compile features
[0.170s] -- Detecting C compile features - done
[0.173s] -- Detecting CXX compiler ABI info
[0.231s] -- Detecting CXX compiler ABI info - done
[0.237s] -- Check for working CXX compiler: /usr/bin/c++ - skipped
[0.237s] -- Detecting CXX compile features
[0.238s] -- Detecting CXX compile features - done
[0.244s] [31mCMake Error at CMakeLists.txt:9 (find_package):
[0.244s]   By not providing "Findament_cmake.cmake" in CMAKE_MODULE_PATH this project
[0.244s]   has asked CMake to find a package configuration file provided by
[0.244s]   "ament_cmake", but CMake did not find one.
[0.244s] 
[0.244s]   Could not find a package configuration file provided by "ament_cmake" with
[0.244s]   any of the following names:
[0.244s] 
[0.244s]     ament_cmakeConfig.cmake
[0.244s]     ament_cmake-config.cmake
[0.244s] 
[0.244s]   Add the installation prefix of "ament_cmake" to CMAKE_PREFIX_PATH or set
[0.244s]   "ament_cmake_DIR" to a directory containing one of the above files.  If
[0.245s]   "ament_cmake" provides a separate development package or SDK, be sure it
[0.245s]   has been installed.
[0.245s] 
[0.245s] [0m
[0.245s] -- Configuring incomplete, errors occurred!
[0.245s] See also "/home/rm_autoaim/suep2026/rm_ws/build/auto_aim_interfaces/CMakeFiles/CMakeOutput.log".
[0.248s] Invoked command in '/home/rm_autoaim/suep2026/rm_ws/build/auto_aim_interfaces' returned '1': /usr/bin/cmake /home/rm_autoaim/suep2026/rm_ws/src/rm_auto_aim/auto_aim_interfaces -DCMAKE_INSTALL_PREFIX=/home/rm_autoaim/suep2026/rm_ws/install/auto_aim_interfaces
