[0.009s] Invoking command in '/home/rm_autoaim/suep2026/rm_ws/build/rm_gimbal_description': /usr/bin/cmake /home/rm_autoaim/suep2026/rm_ws/src/rm_gimbal_description -DCMAKE_INSTALL_PREFIX=/home/rm_autoaim/suep2026/rm_ws/install/rm_gimbal_description
[0.024s] [31mCMake Error at CMakeLists.txt:5 (find_package):
[0.025s]   By not providing "Findament_cmake_auto.cmake" in CMAKE_MODULE_PATH this
[0.025s]   project has asked CMake to find a package configuration file provided by
[0.025s]   "ament_cmake_auto", but CMake did not find one.
[0.025s] 
[0.025s]   Could not find a package configuration file provided by "ament_cmake_auto"
[0.025s]   with any of the following names:
[0.025s] 
[0.025s]     ament_cmake_autoConfig.cmake
[0.025s]     ament_cmake_auto-config.cmake
[0.025s] 
[0.025s]   Add the installation prefix of "ament_cmake_auto" to CMAKE_PREFIX_PATH or
[0.025s]   set "ament_cmake_auto_DIR" to a directory containing one of the above
[0.025s]   files.  If "ament_cmake_auto" provides a separate development package or
[0.025s]   SDK, be sure it has been installed.
[0.025s] 
[0.026s] [0m
[0.026s] -- Configuring incomplete, errors occurred!
[0.026s] See also "/home/rm_autoaim/suep2026/rm_ws/build/rm_gimbal_description/CMakeFiles/CMakeOutput.log".
[0.027s] Invoked command in '/home/rm_autoaim/suep2026/rm_ws/build/rm_gimbal_description' returned '1': /usr/bin/cmake /home/rm_autoaim/suep2026/rm_ws/src/rm_gimbal_description -DCMAKE_INSTALL_PREFIX=/home/rm_autoaim/suep2026/rm_ws/install/rm_gimbal_description
