[0.028s] Invoking command in '/home/rm_autoaim/suep2026/rm_ws/build/rm_vision_bringup': CMAKE_PREFIX_PATH=/home/rm_autoaim/suep2026/rm_ws/install/rm_serial_driver:/home/rm_autoaim/suep2026/rm_ws/install/auto_aim_interfaces:/home/rm_autoaim/suep2026/rm_ws/install/rm_vision_bringup:/home/rm_autoaim/suep2026/rm_ws/install/rm_gimbal_description:/home/rm_autoaim/suep2026/rm_ws/install/hik_camera:/home/rm_autoaim/suep2026/rm_ws/install/armor_tracker:/home/rm_autoaim/suep2026/rm_ws/install/armor_detector:/opt/ros/humble LD_LIBRARY_PATH=/home/rm_autoaim/suep2026/rm_ws/install/rm_serial_driver/lib:/home/rm_autoaim/suep2026/rm_ws/install/auto_aim_interfaces/lib:/home/rm_autoaim/suep2026/rm_ws/install/hik_camera/lib:/home/rm_autoaim/suep2026/rm_ws/install/armor_tracker/lib:/home/rm_autoaim/suep2026/rm_ws/install/armor_detector/lib:/opt/ros/humble/opt/rviz_ogre_vendor/lib:/opt/ros/humble/lib/x86_64-linux-gnu:/opt/ros/humble/lib:/opt/MVS/lib/64:/opt/MVS/lib/32 /usr/bin/cmake --build /home/rm_autoaim/suep2026/rm_ws/build/rm_vision_bringup -- -j8 -l8
[0.063s] Invoked command in '/home/rm_autoaim/suep2026/rm_ws/build/rm_vision_bringup' returned '0': CMAKE_PREFIX_PATH=/home/rm_autoaim/suep2026/rm_ws/install/rm_serial_driver:/home/rm_autoaim/suep2026/rm_ws/install/auto_aim_interfaces:/home/rm_autoaim/suep2026/rm_ws/install/rm_vision_bringup:/home/rm_autoaim/suep2026/rm_ws/install/rm_gimbal_description:/home/rm_autoaim/suep2026/rm_ws/install/hik_camera:/home/rm_autoaim/suep2026/rm_ws/install/armor_tracker:/home/rm_autoaim/suep2026/rm_ws/install/armor_detector:/opt/ros/humble LD_LIBRARY_PATH=/home/rm_autoaim/suep2026/rm_ws/install/rm_serial_driver/lib:/home/rm_autoaim/suep2026/rm_ws/install/auto_aim_interfaces/lib:/home/rm_autoaim/suep2026/rm_ws/install/hik_camera/lib:/home/rm_autoaim/suep2026/rm_ws/install/armor_tracker/lib:/home/rm_autoaim/suep2026/rm_ws/install/armor_detector/lib:/opt/ros/humble/opt/rviz_ogre_vendor/lib:/opt/ros/humble/lib/x86_64-linux-gnu:/opt/ros/humble/lib:/opt/MVS/lib/64:/opt/MVS/lib/32 /usr/bin/cmake --build /home/rm_autoaim/suep2026/rm_ws/build/rm_vision_bringup -- -j8 -l8
[0.064s] Invoking command in '/home/rm_autoaim/suep2026/rm_ws/build/rm_vision_bringup': CMAKE_PREFIX_PATH=/home/rm_autoaim/suep2026/rm_ws/install/rm_serial_driver:/home/rm_autoaim/suep2026/rm_ws/install/auto_aim_interfaces:/home/rm_autoaim/suep2026/rm_ws/install/rm_vision_bringup:/home/rm_autoaim/suep2026/rm_ws/install/rm_gimbal_description:/home/rm_autoaim/suep2026/rm_ws/install/hik_camera:/home/rm_autoaim/suep2026/rm_ws/install/armor_tracker:/home/rm_autoaim/suep2026/rm_ws/install/armor_detector:/opt/ros/humble LD_LIBRARY_PATH=/home/rm_autoaim/suep2026/rm_ws/install/rm_serial_driver/lib:/home/rm_autoaim/suep2026/rm_ws/install/auto_aim_interfaces/lib:/home/rm_autoaim/suep2026/rm_ws/install/hik_camera/lib:/home/rm_autoaim/suep2026/rm_ws/install/armor_tracker/lib:/home/rm_autoaim/suep2026/rm_ws/install/armor_detector/lib:/opt/ros/humble/opt/rviz_ogre_vendor/lib:/opt/ros/humble/lib/x86_64-linux-gnu:/opt/ros/humble/lib:/opt/MVS/lib/64:/opt/MVS/lib/32 /usr/bin/cmake --install /home/rm_autoaim/suep2026/rm_ws/build/rm_vision_bringup
[0.073s] -- Install configuration: ""
[0.073s] -- Up-to-date: /home/rm_autoaim/suep2026/rm_ws/install/rm_vision_bringup/share/rm_vision_bringup/launch
[0.074s] -- Up-to-date: /home/rm_autoaim/suep2026/rm_ws/install/rm_vision_bringup/share/rm_vision_bringup/launch/no_hardware.launch.py
[0.074s] -- Up-to-date: /home/rm_autoaim/suep2026/rm_ws/install/rm_vision_bringup/share/rm_vision_bringup/launch/common.py
[0.074s] -- Up-to-date: /home/rm_autoaim/suep2026/rm_ws/install/rm_vision_bringup/share/rm_vision_bringup/launch/vision_bringup.launch.py
[0.074s] -- Up-to-date: /home/rm_autoaim/suep2026/rm_ws/install/rm_vision_bringup/share/rm_vision_bringup/config
[0.074s] -- Up-to-date: /home/rm_autoaim/suep2026/rm_ws/install/rm_vision_bringup/share/rm_vision_bringup/config/node_params.yaml
[0.074s] -- Up-to-date: /home/rm_autoaim/suep2026/rm_ws/install/rm_vision_bringup/share/rm_vision_bringup/config/camera_info.yaml
[0.074s] -- Up-to-date: /home/rm_autoaim/suep2026/rm_ws/install/rm_vision_bringup/share/rm_vision_bringup/config/launch_params.yaml
[0.074s] -- Up-to-date: /home/rm_autoaim/suep2026/rm_ws/install/rm_vision_bringup/share/ament_index/resource_index/package_run_dependencies/rm_vision_bringup
[0.074s] -- Up-to-date: /home/rm_autoaim/suep2026/rm_ws/install/rm_vision_bringup/share/ament_index/resource_index/parent_prefix_path/rm_vision_bringup
[0.075s] -- Up-to-date: /home/rm_autoaim/suep2026/rm_ws/install/rm_vision_bringup/share/rm_vision_bringup/environment/ament_prefix_path.sh
[0.075s] -- Up-to-date: /home/rm_autoaim/suep2026/rm_ws/install/rm_vision_bringup/share/rm_vision_bringup/environment/ament_prefix_path.dsv
[0.075s] -- Up-to-date: /home/rm_autoaim/suep2026/rm_ws/install/rm_vision_bringup/share/rm_vision_bringup/environment/path.sh
[0.075s] -- Up-to-date: /home/rm_autoaim/suep2026/rm_ws/install/rm_vision_bringup/share/rm_vision_bringup/environment/path.dsv
[0.075s] -- Up-to-date: /home/rm_autoaim/suep2026/rm_ws/install/rm_vision_bringup/share/rm_vision_bringup/local_setup.bash
[0.075s] -- Up-to-date: /home/rm_autoaim/suep2026/rm_ws/install/rm_vision_bringup/share/rm_vision_bringup/local_setup.sh
[0.075s] -- Up-to-date: /home/rm_autoaim/suep2026/rm_ws/install/rm_vision_bringup/share/rm_vision_bringup/local_setup.zsh
[0.075s] -- Up-to-date: /home/rm_autoaim/suep2026/rm_ws/install/rm_vision_bringup/share/rm_vision_bringup/local_setup.dsv
[0.075s] -- Installing: /home/rm_autoaim/suep2026/rm_ws/install/rm_vision_bringup/share/rm_vision_bringup/package.dsv
[0.075s] -- Up-to-date: /home/rm_autoaim/suep2026/rm_ws/install/rm_vision_bringup/share/ament_index/resource_index/packages/rm_vision_bringup
[0.075s] -- Up-to-date: /home/rm_autoaim/suep2026/rm_ws/install/rm_vision_bringup/share/rm_vision_bringup/cmake/rm_vision_bringupConfig.cmake
[0.075s] -- Up-to-date: /home/rm_autoaim/suep2026/rm_ws/install/rm_vision_bringup/share/rm_vision_bringup/cmake/rm_vision_bringupConfig-version.cmake
[0.075s] -- Up-to-date: /home/rm_autoaim/suep2026/rm_ws/install/rm_vision_bringup/share/rm_vision_bringup/package.xml
[0.078s] Invoked command in '/home/rm_autoaim/suep2026/rm_ws/build/rm_vision_bringup' returned '0': CMAKE_PREFIX_PATH=/home/rm_autoaim/suep2026/rm_ws/install/rm_serial_driver:/home/rm_autoaim/suep2026/rm_ws/install/auto_aim_interfaces:/home/rm_autoaim/suep2026/rm_ws/install/rm_vision_bringup:/home/rm_autoaim/suep2026/rm_ws/install/rm_gimbal_description:/home/rm_autoaim/suep2026/rm_ws/install/hik_camera:/home/rm_autoaim/suep2026/rm_ws/install/armor_tracker:/home/rm_autoaim/suep2026/rm_ws/install/armor_detector:/opt/ros/humble LD_LIBRARY_PATH=/home/rm_autoaim/suep2026/rm_ws/install/rm_serial_driver/lib:/home/rm_autoaim/suep2026/rm_ws/install/auto_aim_interfaces/lib:/home/rm_autoaim/suep2026/rm_ws/install/hik_camera/lib:/home/rm_autoaim/suep2026/rm_ws/install/armor_tracker/lib:/home/rm_autoaim/suep2026/rm_ws/install/armor_detector/lib:/opt/ros/humble/opt/rviz_ogre_vendor/lib:/opt/ros/humble/lib/x86_64-linux-gnu:/opt/ros/humble/lib:/opt/MVS/lib/64:/opt/MVS/lib/32 /usr/bin/cmake --install /home/rm_autoaim/suep2026/rm_ws/build/rm_vision_bringup
