[0.073s] Invoking command in '/home/rm_autoaim/suep2026/2025_ws/build/armor_detector': CMAKE_PREFIX_PATH=/home/rm_autoaim/suep2026/2025_ws/install/auto_aim_interfaces:/home/rm_autoaim/suep2026/2025_ws/install/rm_vision_bringup:/home/rm_autoaim/suep2026/2025_ws/install/rm_buff_bringup:/home/rm_autoaim/suep2026/2025_ws/install/rm_serial_driver:/home/rm_autoaim/suep2026/2025_ws/install/rm_gimbal_description:/home/rm_autoaim/suep2026/2025_ws/install/rm_buff:/home/rm_autoaim/suep2026/2025_ws/install/rm_auto_record:/home/rm_autoaim/suep2026/2025_ws/install/rm_auto_aim:/home/rm_autoaim/suep2026/2025_ws/install/hik_camera:/home/rm_autoaim/suep2026/2025_ws/install/buff_tracker:/home/rm_autoaim/suep2026/2025_ws/install/buff_detector:/home/rm_autoaim/suep2026/2025_ws/install/buff_interfaces:/home/rm_autoaim/suep2026/2025_ws/install/armor_tracker:/home/rm_autoaim/suep2026/2025_ws/install/armor_detector:/opt/ros/humble LD_LIBRARY_PATH=/home/rm_autoaim/suep2026/2025_ws/install/auto_aim_interfaces/lib:/home/rm_autoaim/suep2026/2025_ws/install/rm_serial_driver/lib:/home/rm_autoaim/suep2026/2025_ws/install/rm_auto_record/lib:/home/rm_autoaim/suep2026/2025_ws/install/hik_camera/lib:/home/rm_autoaim/suep2026/2025_ws/install/buff_tracker/lib:/home/rm_autoaim/suep2026/2025_ws/install/buff_detector/lib:/home/rm_autoaim/suep2026/2025_ws/install/buff_interfaces/lib:/home/rm_autoaim/suep2026/2025_ws/install/armor_tracker/lib:/home/rm_autoaim/suep2026/2025_ws/install/armor_detector/lib:/opt/ros/humble/opt/rviz_ogre_vendor/lib:/opt/ros/humble/lib/x86_64-linux-gnu:/opt/ros/humble/lib:/opt/MVS/lib/64:/opt/MVS/lib/32 /usr/bin/cmake --build /home/rm_autoaim/suep2026/2025_ws/build/armor_detector -- -j8 -l8
[0.152s] [ 11%] Built target gtest_main
[0.163s] [ 23%] Built target gtest
[0.174s] [ 35%] Built target armor_detector_node
[0.176s] [ 76%] Built target armor_detector
[0.216s] [ 88%] Built target test_number_cls
[0.217s] [100%] Built target test_node_startup
[0.261s] Invoked command in '/home/rm_autoaim/suep2026/2025_ws/build/armor_detector' returned '0': CMAKE_PREFIX_PATH=/home/rm_autoaim/suep2026/2025_ws/install/auto_aim_interfaces:/home/rm_autoaim/suep2026/2025_ws/install/rm_vision_bringup:/home/rm_autoaim/suep2026/2025_ws/install/rm_buff_bringup:/home/rm_autoaim/suep2026/2025_ws/install/rm_serial_driver:/home/rm_autoaim/suep2026/2025_ws/install/rm_gimbal_description:/home/rm_autoaim/suep2026/2025_ws/install/rm_buff:/home/rm_autoaim/suep2026/2025_ws/install/rm_auto_record:/home/rm_autoaim/suep2026/2025_ws/install/rm_auto_aim:/home/rm_autoaim/suep2026/2025_ws/install/hik_camera:/home/rm_autoaim/suep2026/2025_ws/install/buff_tracker:/home/rm_autoaim/suep2026/2025_ws/install/buff_detector:/home/rm_autoaim/suep2026/2025_ws/install/buff_interfaces:/home/rm_autoaim/suep2026/2025_ws/install/armor_tracker:/home/rm_autoaim/suep2026/2025_ws/install/armor_detector:/opt/ros/humble LD_LIBRARY_PATH=/home/rm_autoaim/suep2026/2025_ws/install/auto_aim_interfaces/lib:/home/rm_autoaim/suep2026/2025_ws/install/rm_serial_driver/lib:/home/rm_autoaim/suep2026/2025_ws/install/rm_auto_record/lib:/home/rm_autoaim/suep2026/2025_ws/install/hik_camera/lib:/home/rm_autoaim/suep2026/2025_ws/install/buff_tracker/lib:/home/rm_autoaim/suep2026/2025_ws/install/buff_detector/lib:/home/rm_autoaim/suep2026/2025_ws/install/buff_interfaces/lib:/home/rm_autoaim/suep2026/2025_ws/install/armor_tracker/lib:/home/rm_autoaim/suep2026/2025_ws/install/armor_detector/lib:/opt/ros/humble/opt/rviz_ogre_vendor/lib:/opt/ros/humble/lib/x86_64-linux-gnu:/opt/ros/humble/lib:/opt/MVS/lib/64:/opt/MVS/lib/32 /usr/bin/cmake --build /home/rm_autoaim/suep2026/2025_ws/build/armor_detector -- -j8 -l8
[0.262s] Invoking command in '/home/rm_autoaim/suep2026/2025_ws/build/armor_detector': CMAKE_PREFIX_PATH=/home/rm_autoaim/suep2026/2025_ws/install/auto_aim_interfaces:/home/rm_autoaim/suep2026/2025_ws/install/rm_vision_bringup:/home/rm_autoaim/suep2026/2025_ws/install/rm_buff_bringup:/home/rm_autoaim/suep2026/2025_ws/install/rm_serial_driver:/home/rm_autoaim/suep2026/2025_ws/install/rm_gimbal_description:/home/rm_autoaim/suep2026/2025_ws/install/rm_buff:/home/rm_autoaim/suep2026/2025_ws/install/rm_auto_record:/home/rm_autoaim/suep2026/2025_ws/install/rm_auto_aim:/home/rm_autoaim/suep2026/2025_ws/install/hik_camera:/home/rm_autoaim/suep2026/2025_ws/install/buff_tracker:/home/rm_autoaim/suep2026/2025_ws/install/buff_detector:/home/rm_autoaim/suep2026/2025_ws/install/buff_interfaces:/home/rm_autoaim/suep2026/2025_ws/install/armor_tracker:/home/rm_autoaim/suep2026/2025_ws/install/armor_detector:/opt/ros/humble LD_LIBRARY_PATH=/home/rm_autoaim/suep2026/2025_ws/install/auto_aim_interfaces/lib:/home/rm_autoaim/suep2026/2025_ws/install/rm_serial_driver/lib:/home/rm_autoaim/suep2026/2025_ws/install/rm_auto_record/lib:/home/rm_autoaim/suep2026/2025_ws/install/hik_camera/lib:/home/rm_autoaim/suep2026/2025_ws/install/buff_tracker/lib:/home/rm_autoaim/suep2026/2025_ws/install/buff_detector/lib:/home/rm_autoaim/suep2026/2025_ws/install/buff_interfaces/lib:/home/rm_autoaim/suep2026/2025_ws/install/armor_tracker/lib:/home/rm_autoaim/suep2026/2025_ws/install/armor_detector/lib:/opt/ros/humble/opt/rviz_ogre_vendor/lib:/opt/ros/humble/lib/x86_64-linux-gnu:/opt/ros/humble/lib:/opt/MVS/lib/64:/opt/MVS/lib/32 /usr/bin/cmake --install /home/rm_autoaim/suep2026/2025_ws/build/armor_detector
[0.272s] -- Install configuration: ""
[0.272s] -- Up-to-date: /home/rm_autoaim/suep2026/2025_ws/install/armor_detector/lib/armor_detector/armor_detector_node
[0.272s] -- Up-to-date: /home/rm_autoaim/suep2026/2025_ws/install/armor_detector/include
[0.272s] -- Up-to-date: /home/rm_autoaim/suep2026/2025_ws/install/armor_detector/include/armor_detector
[0.272s] -- Up-to-date: /home/rm_autoaim/suep2026/2025_ws/install/armor_detector/include/armor_detector/armor.hpp
[0.272s] -- Up-to-date: /home/rm_autoaim/suep2026/2025_ws/install/armor_detector/include/armor_detector/tradition.hpp
[0.272s] -- Up-to-date: /home/rm_autoaim/suep2026/2025_ws/install/armor_detector/include/armor_detector/detector_node.hpp
[0.272s] -- Up-to-date: /home/rm_autoaim/suep2026/2025_ws/install/armor_detector/include/armor_detector/pnp_solver.hpp
[0.272s] -- Up-to-date: /home/rm_autoaim/suep2026/2025_ws/install/armor_detector/include/armor_detector/detector.hpp
[0.273s] -- Up-to-date: /home/rm_autoaim/suep2026/2025_ws/install/armor_detector/include/armor_detector/number_classifier.hpp
[0.273s] -- Up-to-date: /home/rm_autoaim/suep2026/2025_ws/install/armor_detector/share/armor_detector/environment/library_path.sh
[0.273s] -- Up-to-date: /home/rm_autoaim/suep2026/2025_ws/install/armor_detector/share/armor_detector/environment/library_path.dsv
[0.273s] -- Up-to-date: /home/rm_autoaim/suep2026/2025_ws/install/armor_detector/lib/libarmor_detector.so
[0.273s] -- Up-to-date: /home/rm_autoaim/suep2026/2025_ws/install/armor_detector/share/armor_detector/model
[0.273s] -- Up-to-date: /home/rm_autoaim/suep2026/2025_ws/install/armor_detector/share/armor_detector/model/mobilenetv3_last_int_all_new
[0.273s] -- Up-to-date: /home/rm_autoaim/suep2026/2025_ws/install/armor_detector/share/armor_detector/model/mobilenetv3_last_int_all_new/last.xml
[0.273s] -- Up-to-date: /home/rm_autoaim/suep2026/2025_ws/install/armor_detector/share/armor_detector/model/mobilenetv3_last_int_all_new/last.bin
[0.273s] -- Up-to-date: /home/rm_autoaim/suep2026/2025_ws/install/armor_detector/share/armor_detector/model/mobilenetv3_last_int_all_new/metadata.yaml
[0.273s] -- Up-to-date: /home/rm_autoaim/suep2026/2025_ws/install/armor_detector/share/armor_detector/model/label.txt
[0.273s] -- Up-to-date: /home/rm_autoaim/suep2026/2025_ws/install/armor_detector/share/armor_detector/model/mlp.onnx
[0.273s] -- Up-to-date: /home/rm_autoaim/suep2026/2025_ws/install/armor_detector/share/ament_index/resource_index/package_run_dependencies/armor_detector
[0.273s] -- Up-to-date: /home/rm_autoaim/suep2026/2025_ws/install/armor_detector/share/ament_index/resource_index/parent_prefix_path/armor_detector
[0.273s] -- Up-to-date: /home/rm_autoaim/suep2026/2025_ws/install/armor_detector/share/armor_detector/environment/ament_prefix_path.sh
[0.273s] -- Up-to-date: /home/rm_autoaim/suep2026/2025_ws/install/armor_detector/share/armor_detector/environment/ament_prefix_path.dsv
[0.273s] -- Up-to-date: /home/rm_autoaim/suep2026/2025_ws/install/armor_detector/share/armor_detector/environment/path.sh
[0.273s] -- Up-to-date: /home/rm_autoaim/suep2026/2025_ws/install/armor_detector/share/armor_detector/environment/path.dsv
[0.273s] -- Up-to-date: /home/rm_autoaim/suep2026/2025_ws/install/armor_detector/share/armor_detector/local_setup.bash
[0.274s] -- Up-to-date: /home/rm_autoaim/suep2026/2025_ws/install/armor_detector/share/armor_detector/local_setup.sh
[0.274s] -- Up-to-date: /home/rm_autoaim/suep2026/2025_ws/install/armor_detector/share/armor_detector/local_setup.zsh
[0.274s] -- Up-to-date: /home/rm_autoaim/suep2026/2025_ws/install/armor_detector/share/armor_detector/local_setup.dsv
[0.274s] -- Installing: /home/rm_autoaim/suep2026/2025_ws/install/armor_detector/share/armor_detector/package.dsv
[0.274s] -- Up-to-date: /home/rm_autoaim/suep2026/2025_ws/install/armor_detector/share/ament_index/resource_index/packages/armor_detector
[0.274s] -- Up-to-date: /home/rm_autoaim/suep2026/2025_ws/install/armor_detector/share/ament_index/resource_index/rclcpp_components/armor_detector
[0.274s] -- Up-to-date: /home/rm_autoaim/suep2026/2025_ws/install/armor_detector/share/armor_detector/cmake/ament_cmake_export_dependencies-extras.cmake
[0.274s] -- Up-to-date: /home/rm_autoaim/suep2026/2025_ws/install/armor_detector/share/armor_detector/cmake/ament_cmake_export_include_directories-extras.cmake
[0.274s] -- Up-to-date: /home/rm_autoaim/suep2026/2025_ws/install/armor_detector/share/armor_detector/cmake/ament_cmake_export_libraries-extras.cmake
[0.274s] -- Up-to-date: /home/rm_autoaim/suep2026/2025_ws/install/armor_detector/share/armor_detector/cmake/armor_detectorConfig.cmake
[0.274s] -- Up-to-date: /home/rm_autoaim/suep2026/2025_ws/install/armor_detector/share/armor_detector/cmake/armor_detectorConfig-version.cmake
[0.274s] -- Up-to-date: /home/rm_autoaim/suep2026/2025_ws/install/armor_detector/share/armor_detector/package.xml
[0.293s] Invoked command in '/home/rm_autoaim/suep2026/2025_ws/build/armor_detector' returned '0': CMAKE_PREFIX_PATH=/home/rm_autoaim/suep2026/2025_ws/install/auto_aim_interfaces:/home/rm_autoaim/suep2026/2025_ws/install/rm_vision_bringup:/home/rm_autoaim/suep2026/2025_ws/install/rm_buff_bringup:/home/rm_autoaim/suep2026/2025_ws/install/rm_serial_driver:/home/rm_autoaim/suep2026/2025_ws/install/rm_gimbal_description:/home/rm_autoaim/suep2026/2025_ws/install/rm_buff:/home/rm_autoaim/suep2026/2025_ws/install/rm_auto_record:/home/rm_autoaim/suep2026/2025_ws/install/rm_auto_aim:/home/rm_autoaim/suep2026/2025_ws/install/hik_camera:/home/rm_autoaim/suep2026/2025_ws/install/buff_tracker:/home/rm_autoaim/suep2026/2025_ws/install/buff_detector:/home/rm_autoaim/suep2026/2025_ws/install/buff_interfaces:/home/rm_autoaim/suep2026/2025_ws/install/armor_tracker:/home/rm_autoaim/suep2026/2025_ws/install/armor_detector:/opt/ros/humble LD_LIBRARY_PATH=/home/rm_autoaim/suep2026/2025_ws/install/auto_aim_interfaces/lib:/home/rm_autoaim/suep2026/2025_ws/install/rm_serial_driver/lib:/home/rm_autoaim/suep2026/2025_ws/install/rm_auto_record/lib:/home/rm_autoaim/suep2026/2025_ws/install/hik_camera/lib:/home/rm_autoaim/suep2026/2025_ws/install/buff_tracker/lib:/home/rm_autoaim/suep2026/2025_ws/install/buff_detector/lib:/home/rm_autoaim/suep2026/2025_ws/install/buff_interfaces/lib:/home/rm_autoaim/suep2026/2025_ws/install/armor_tracker/lib:/home/rm_autoaim/suep2026/2025_ws/install/armor_detector/lib:/opt/ros/humble/opt/rviz_ogre_vendor/lib:/opt/ros/humble/lib/x86_64-linux-gnu:/opt/ros/humble/lib:/opt/MVS/lib/64:/opt/MVS/lib/32 /usr/bin/cmake --install /home/rm_autoaim/suep2026/2025_ws/build/armor_detector
