[0.020s] Invoking command in '/home/rm_autoaim/suep2026/2025_ws/build/auto_aim_interfaces': CMAKE_PREFIX_PATH=${CMAKE_PREFIX_PATH}:/opt/ros/humble /usr/bin/cmake /home/rm_autoaim/suep2026/2025_ws/src/rm_auto_aim/auto_aim_interfaces -DCMAKE_INSTALL_PREFIX=/home/rm_autoaim/suep2026/2025_ws/install/auto_aim_interfaces
[0.100s] -- The C compiler identification is GNU 11.4.0
[0.157s] -- The CXX compiler identification is GNU 11.4.0
[0.166s] -- Detecting C compiler ABI info
[0.240s] -- Detecting C compiler ABI info - done
[0.251s] -- Check for working C compiler: /usr/bin/cc - skipped
[0.251s] -- Detecting C compile features
[0.251s] -- Detecting C compile features - done
[0.255s] -- Detecting CXX compiler ABI info
[0.351s] -- Detecting CXX compiler ABI info - done
[0.357s] -- Check for working CXX compiler: /usr/bin/c++ - skipped
[0.358s] -- Detecting CXX compile features
[0.358s] -- Detecting CXX compile features - done
[0.359s] -- Found ament_cmake: 1.3.12 (/opt/ros/humble/share/ament_cmake/cmake)
[0.535s] -- Found Python3: /usr/bin/python3 (found version "3.10.12") found components: Interpreter 
[0.611s] -- Found rosidl_default_generators: 1.2.0 (/opt/ros/humble/share/rosidl_default_generators/cmake)
[0.615s] -- Using all available rosidl_typesupport_c: rosidl_typesupport_fastrtps_c;rosidl_typesupport_introspection_c
[0.621s] -- Found rosidl_adapter: 3.1.7 (/opt/ros/humble/share/rosidl_adapter/cmake)
[0.660s] -- Using all available rosidl_typesupport_cpp: rosidl_typesupport_fastrtps_cpp;rosidl_typesupport_introspection_cpp
[0.690s] -- Found geometry_msgs: 4.9.0 (/opt/ros/humble/share/geometry_msgs/cmake)
[1.114s] -- Found ament_cmake_ros: 0.10.0 (/opt/ros/humble/share/ament_cmake_ros/cmake)
[1.373s] -- Using all available rosidl_typesupport_c: rosidl_typesupport_fastrtps_c;rosidl_typesupport_introspection_c
[1.786s] -- Using all available rosidl_typesupport_cpp: rosidl_typesupport_fastrtps_cpp;rosidl_typesupport_introspection_cpp
[1.817s] -- Found PythonInterp: /usr/bin/python3 (found suitable version "3.10.12", minimum required is "3.6") 
[1.819s] -- Found python_cmake_module: 0.10.0 (/opt/ros/humble/share/python_cmake_module/cmake)
[1.856s] -- Found PythonLibs: /usr/lib/x86_64-linux-gnu/libpython3.10.so (found suitable version "3.10.12", minimum required is "3.5") 
[1.856s] -- Using PYTHON_EXECUTABLE: /usr/bin/python3
[1.856s] -- Using PYTHON_INCLUDE_DIRS: /usr/include/python3.10
[1.856s] -- Using PYTHON_LIBRARIES: /usr/lib/x86_64-linux-gnu/libpython3.10.so
[1.886s] -- Found PythonExtra: .so  
[2.012s] -- Configuring done
[2.071s] -- Generating done
[2.089s] -- Build files have been written to: /home/rm_autoaim/suep2026/2025_ws/build/auto_aim_interfaces
[2.110s] Invoked command in '/home/rm_autoaim/suep2026/2025_ws/build/auto_aim_interfaces' returned '0': CMAKE_PREFIX_PATH=${CMAKE_PREFIX_PATH}:/opt/ros/humble /usr/bin/cmake /home/rm_autoaim/suep2026/2025_ws/src/rm_auto_aim/auto_aim_interfaces -DCMAKE_INSTALL_PREFIX=/home/rm_autoaim/suep2026/2025_ws/install/auto_aim_interfaces
[2.111s] Invoking command in '/home/rm_autoaim/suep2026/2025_ws/build/auto_aim_interfaces': CMAKE_PREFIX_PATH=${CMAKE_PREFIX_PATH}:/opt/ros/humble /usr/bin/cmake --build /home/rm_autoaim/suep2026/2025_ws/build/auto_aim_interfaces -- -j8 -l8
[2.178s] [  1%] [34m[1mGenerating C code for ROS interfaces[0m
[2.196s] [  2%] [34m[1mGenerating C++ code for ROS interfaces[0m
[2.240s] [  2%] Built target ament_cmake_python_copy_auto_aim_interfaces
[2.655s] running egg_info
[2.656s] creating auto_aim_interfaces.egg-info
[2.656s] writing auto_aim_interfaces.egg-info/PKG-INFO
[2.657s] writing dependency_links to auto_aim_interfaces.egg-info/dependency_links.txt
[2.657s] writing top-level names to auto_aim_interfaces.egg-info/top_level.txt
[2.657s] writing manifest file 'auto_aim_interfaces.egg-info/SOURCES.txt'
[2.660s] reading manifest file 'auto_aim_interfaces.egg-info/SOURCES.txt'
[2.661s] writing manifest file 'auto_aim_interfaces.egg-info/SOURCES.txt'
[2.708s] [  2%] Built target ament_cmake_python_build_auto_aim_interfaces_egg
[3.984s] [  2%] Built target auto_aim_interfaces__cpp
[4.010s] [  3%] [34m[1mGenerating C++ type support dispatch for ROS interfaces[0m
[4.019s] [  4%] [32mBuilding C object CMakeFiles/auto_aim_interfaces__rosidl_generator_c.dir/rosidl_generator_c/auto_aim_interfaces/msg/detail/armor__functions.c.o[0m
[4.020s] [  5%] [34m[1mGenerating C++ type support for eProsima Fast-RTPS[0m
[4.028s] [  6%] [32mBuilding C object CMakeFiles/auto_aim_interfaces__rosidl_generator_c.dir/rosidl_generator_c/auto_aim_interfaces/msg/detail/debug_light__functions.c.o[0m
[4.028s] [  7%] [34m[1mGenerating C++ introspection for ROS interfaces[0m
[4.028s] [  8%] [32mBuilding C object CMakeFiles/auto_aim_interfaces__rosidl_generator_c.dir/rosidl_generator_c/auto_aim_interfaces/msg/detail/target__functions.c.o[0m
[4.031s] [  9%] [32mBuilding C object CMakeFiles/auto_aim_interfaces__rosidl_generator_c.dir/rosidl_generator_c/auto_aim_interfaces/msg/detail/armors__functions.c.o[0m
[4.042s] [ 10%] [32mBuilding C object CMakeFiles/auto_aim_interfaces__rosidl_generator_c.dir/rosidl_generator_c/auto_aim_interfaces/msg/detail/debug_lights__functions.c.o[0m
[4.164s] [ 11%] [32mBuilding C object CMakeFiles/auto_aim_interfaces__rosidl_generator_c.dir/rosidl_generator_c/auto_aim_interfaces/msg/detail/debug_armor__functions.c.o[0m
[4.187s] [ 12%] [32mBuilding C object CMakeFiles/auto_aim_interfaces__rosidl_generator_c.dir/rosidl_generator_c/auto_aim_interfaces/msg/detail/debug_armors__functions.c.o[0m
[4.207s] [ 13%] [32mBuilding C object CMakeFiles/auto_aim_interfaces__rosidl_generator_c.dir/rosidl_generator_c/auto_aim_interfaces/msg/detail/time_info__functions.c.o[0m
[4.216s] [ 14%] [32mBuilding C object CMakeFiles/auto_aim_interfaces__rosidl_generator_c.dir/rosidl_generator_c/auto_aim_interfaces/msg/detail/tracker_info__functions.c.o[0m
[4.389s] [ 15%] [32m[1mLinking C shared library libauto_aim_interfaces__rosidl_generator_c.so[0m
[4.540s] [ 15%] Built target auto_aim_interfaces__rosidl_generator_c
[4.576s] [ 16%] [34m[1mGenerating C type support for eProsima Fast-RTPS[0m
[4.582s] [ 17%] [34m[1mGenerating C type support dispatch for ROS interfaces[0m
[4.591s] [ 18%] [34m[1mGenerating C introspection for ROS interfaces[0m
[5.735s] [ 20%] [32mBuilding CXX object CMakeFiles/auto_aim_interfaces__rosidl_typesupport_cpp.dir/rosidl_typesupport_cpp/auto_aim_interfaces/msg/armor__type_support.cpp.o[0m
[5.747s] [ 22%] [32mBuilding CXX object CMakeFiles/auto_aim_interfaces__rosidl_typesupport_cpp.dir/rosidl_typesupport_cpp/auto_aim_interfaces/msg/armors__type_support.cpp.o[0m
[5.752s] [ 21%] [32mBuilding CXX object CMakeFiles/auto_aim_interfaces__rosidl_typesupport_cpp.dir/rosidl_typesupport_cpp/auto_aim_interfaces/msg/target__type_support.cpp.o[0m
[6.174s] [ 23%] [32mBuilding CXX object CMakeFiles/auto_aim_interfaces__rosidl_typesupport_cpp.dir/rosidl_typesupport_cpp/auto_aim_interfaces/msg/debug_light__type_support.cpp.o[0m
[6.881s] [ 24%] [32mBuilding CXX object CMakeFiles/auto_aim_interfaces__rosidl_typesupport_cpp.dir/rosidl_typesupport_cpp/auto_aim_interfaces/msg/debug_lights__type_support.cpp.o[0m
[6.930s] [ 25%] [32mBuilding CXX object CMakeFiles/auto_aim_interfaces__rosidl_typesupport_introspection_cpp.dir/rosidl_typesupport_introspection_cpp/auto_aim_interfaces/msg/detail/armor__type_support.cpp.o[0m
[6.953s] [ 26%] [32mBuilding CXX object CMakeFiles/auto_aim_interfaces__rosidl_typesupport_c.dir/rosidl_typesupport_c/auto_aim_interfaces/msg/armor__type_support.cpp.o[0m
[7.015s] [ 27%] [32mBuilding CXX object CMakeFiles/auto_aim_interfaces__rosidl_typesupport_fastrtps_cpp.dir/rosidl_typesupport_fastrtps_cpp/auto_aim_interfaces/msg/detail/dds_fastrtps/armor__type_support.cpp.o[0m
[7.016s] [ 28%] [32mBuilding CXX object CMakeFiles/auto_aim_interfaces__rosidl_typesupport_c.dir/rosidl_typesupport_c/auto_aim_interfaces/msg/armors__type_support.cpp.o[0m
[7.102s] [ 29%] [32mBuilding CXX object CMakeFiles/auto_aim_interfaces__rosidl_typesupport_introspection_cpp.dir/rosidl_typesupport_introspection_cpp/auto_aim_interfaces/msg/detail/armors__type_support.cpp.o[0m
[7.105s] [ 30%] [32mBuilding CXX object CMakeFiles/auto_aim_interfaces__rosidl_typesupport_c.dir/rosidl_typesupport_c/auto_aim_interfaces/msg/target__type_support.cpp.o[0m
[7.157s] [ 31%] [32mBuilding CXX object CMakeFiles/auto_aim_interfaces__rosidl_typesupport_c.dir/rosidl_typesupport_c/auto_aim_interfaces/msg/debug_light__type_support.cpp.o[0m
[7.281s] [ 32%] [32mBuilding CXX object CMakeFiles/auto_aim_interfaces__rosidl_typesupport_c.dir/rosidl_typesupport_c/auto_aim_interfaces/msg/debug_lights__type_support.cpp.o[0m
[7.306s] [ 33%] [32mBuilding CXX object CMakeFiles/auto_aim_interfaces__rosidl_typesupport_fastrtps_cpp.dir/rosidl_typesupport_fastrtps_cpp/auto_aim_interfaces/msg/detail/dds_fastrtps/armors__type_support.cpp.o[0m
[7.426s] [ 34%] [32mBuilding CXX object CMakeFiles/auto_aim_interfaces__rosidl_typesupport_c.dir/rosidl_typesupport_c/auto_aim_interfaces/msg/debug_armor__type_support.cpp.o[0m
[7.620s] [ 35%] [32mBuilding CXX object CMakeFiles/auto_aim_interfaces__rosidl_typesupport_c.dir/rosidl_typesupport_c/auto_aim_interfaces/msg/debug_armors__type_support.cpp.o[0m
[7.765s] [ 36%] [32mBuilding CXX object CMakeFiles/auto_aim_interfaces__rosidl_typesupport_c.dir/rosidl_typesupport_c/auto_aim_interfaces/msg/tracker_info__type_support.cpp.o[0m
[7.875s] [ 37%] [32mBuilding C object CMakeFiles/auto_aim_interfaces__rosidl_typesupport_introspection_c.dir/rosidl_typesupport_introspection_c/auto_aim_interfaces/msg/detail/armor__type_support.c.o[0m
[7.921s] [ 38%] [32mBuilding CXX object CMakeFiles/auto_aim_interfaces__rosidl_typesupport_c.dir/rosidl_typesupport_c/auto_aim_interfaces/msg/time_info__type_support.cpp.o[0m
[8.069s] [ 40%] [32mBuilding C object CMakeFiles/auto_aim_interfaces__rosidl_typesupport_introspection_c.dir/rosidl_typesupport_introspection_c/auto_aim_interfaces/msg/detail/armors__type_support.c.o[0m
[8.070s] [ 41%] [32m[1mLinking CXX shared library libauto_aim_interfaces__rosidl_typesupport_c.so[0m
[8.088s] [ 42%] [32mBuilding CXX object CMakeFiles/auto_aim_interfaces__rosidl_typesupport_cpp.dir/rosidl_typesupport_cpp/auto_aim_interfaces/msg/debug_armor__type_support.cpp.o[0m
[8.238s] [ 43%] [32mBuilding CXX object CMakeFiles/auto_aim_interfaces__rosidl_typesupport_fastrtps_c.dir/rosidl_typesupport_fastrtps_c/auto_aim_interfaces/msg/detail/armor__type_support_c.cpp.o[0m
[8.279s] [ 43%] Built target auto_aim_interfaces__rosidl_typesupport_c
[8.285s] [ 44%] [32mBuilding C object CMakeFiles/auto_aim_interfaces__rosidl_typesupport_introspection_c.dir/rosidl_typesupport_introspection_c/auto_aim_interfaces/msg/detail/target__type_support.c.o[0m
[8.320s] [ 45%] [32mBuilding C object CMakeFiles/auto_aim_interfaces__rosidl_typesupport_introspection_c.dir/rosidl_typesupport_introspection_c/auto_aim_interfaces/msg/detail/debug_light__type_support.c.o[0m
[8.464s] [ 46%] [32mBuilding CXX object CMakeFiles/auto_aim_interfaces__rosidl_typesupport_fastrtps_c.dir/rosidl_typesupport_fastrtps_c/auto_aim_interfaces/msg/detail/armors__type_support_c.cpp.o[0m
[8.470s] [ 47%] [32mBuilding C object CMakeFiles/auto_aim_interfaces__rosidl_typesupport_introspection_c.dir/rosidl_typesupport_introspection_c/auto_aim_interfaces/msg/detail/debug_lights__type_support.c.o[0m
[8.498s] [ 48%] [32mBuilding CXX object CMakeFiles/auto_aim_interfaces__rosidl_typesupport_cpp.dir/rosidl_typesupport_cpp/auto_aim_interfaces/msg/debug_armors__type_support.cpp.o[0m
[8.669s] [ 49%] [32mBuilding C object CMakeFiles/auto_aim_interfaces__rosidl_typesupport_introspection_c.dir/rosidl_typesupport_introspection_c/auto_aim_interfaces/msg/detail/debug_armor__type_support.c.o[0m
[8.800s] [ 50%] [32mBuilding C object CMakeFiles/auto_aim_interfaces__rosidl_typesupport_introspection_c.dir/rosidl_typesupport_introspection_c/auto_aim_interfaces/msg/detail/debug_armors__type_support.c.o[0m
[8.884s] [ 51%] [32mBuilding CXX object CMakeFiles/auto_aim_interfaces__rosidl_typesupport_cpp.dir/rosidl_typesupport_cpp/auto_aim_interfaces/msg/tracker_info__type_support.cpp.o[0m
[8.923s] [ 52%] [32mBuilding CXX object CMakeFiles/auto_aim_interfaces__rosidl_typesupport_fastrtps_cpp.dir/rosidl_typesupport_fastrtps_cpp/auto_aim_interfaces/msg/detail/dds_fastrtps/target__type_support.cpp.o[0m
[9.002s] [ 53%] [32mBuilding C object CMakeFiles/auto_aim_interfaces__rosidl_typesupport_introspection_c.dir/rosidl_typesupport_introspection_c/auto_aim_interfaces/msg/detail/tracker_info__type_support.c.o[0m
[9.120s] [ 54%] [32mBuilding CXX object CMakeFiles/auto_aim_interfaces__rosidl_typesupport_introspection_cpp.dir/rosidl_typesupport_introspection_cpp/auto_aim_interfaces/msg/detail/target__type_support.cpp.o[0m
[9.139s] [ 55%] [32mBuilding C object CMakeFiles/auto_aim_interfaces__rosidl_typesupport_introspection_c.dir/rosidl_typesupport_introspection_c/auto_aim_interfaces/msg/detail/time_info__type_support.c.o[0m
[9.245s] [ 56%] [32m[1mLinking C shared library libauto_aim_interfaces__rosidl_typesupport_introspection_c.so[0m
[9.315s] [ 57%] [32mBuilding CXX object CMakeFiles/auto_aim_interfaces__rosidl_typesupport_cpp.dir/rosidl_typesupport_cpp/auto_aim_interfaces/msg/time_info__type_support.cpp.o[0m
[9.416s] [ 57%] Built target auto_aim_interfaces__rosidl_typesupport_introspection_c
[9.484s] [ 58%] [32mBuilding CXX object CMakeFiles/auto_aim_interfaces__rosidl_typesupport_introspection_cpp.dir/rosidl_typesupport_introspection_cpp/auto_aim_interfaces/msg/detail/debug_light__type_support.cpp.o[0m
[9.500s] [ 60%] [32mBuilding CXX object CMakeFiles/auto_aim_interfaces__rosidl_typesupport_fastrtps_c.dir/rosidl_typesupport_fastrtps_c/auto_aim_interfaces/msg/detail/target__type_support_c.cpp.o[0m
[9.825s] [ 61%] [32mBuilding CXX object CMakeFiles/auto_aim_interfaces__rosidl_typesupport_fastrtps_c.dir/rosidl_typesupport_fastrtps_c/auto_aim_interfaces/msg/detail/debug_light__type_support_c.cpp.o[0m
[9.837s] [ 62%] [32mBuilding CXX object CMakeFiles/auto_aim_interfaces__rosidl_typesupport_fastrtps_c.dir/rosidl_typesupport_fastrtps_c/auto_aim_interfaces/msg/detail/debug_lights__type_support_c.cpp.o[0m
[10.188s] [ 63%] [32mBuilding CXX object CMakeFiles/auto_aim_interfaces__rosidl_typesupport_introspection_cpp.dir/rosidl_typesupport_introspection_cpp/auto_aim_interfaces/msg/detail/debug_lights__type_support.cpp.o[0m
[10.493s] [ 64%] [32m[1mLinking CXX shared library libauto_aim_interfaces__rosidl_typesupport_cpp.so[0m
[10.575s] [ 65%] [32mBuilding CXX object CMakeFiles/auto_aim_interfaces__rosidl_typesupport_fastrtps_cpp.dir/rosidl_typesupport_fastrtps_cpp/auto_aim_interfaces/msg/detail/dds_fastrtps/debug_light__type_support.cpp.o[0m
[10.661s] [ 65%] Built target auto_aim_interfaces__rosidl_typesupport_cpp
[10.690s] [ 66%] [32mBuilding CXX object CMakeFiles/auto_aim_interfaces__rosidl_typesupport_fastrtps_c.dir/rosidl_typesupport_fastrtps_c/auto_aim_interfaces/msg/detail/debug_armor__type_support_c.cpp.o[0m
[10.817s] [ 67%] [32mBuilding CXX object CMakeFiles/auto_aim_interfaces__rosidl_typesupport_fastrtps_cpp.dir/rosidl_typesupport_fastrtps_cpp/auto_aim_interfaces/msg/detail/dds_fastrtps/debug_lights__type_support.cpp.o[0m
[11.032s] [ 68%] [32mBuilding CXX object CMakeFiles/auto_aim_interfaces__rosidl_typesupport_fastrtps_c.dir/rosidl_typesupport_fastrtps_c/auto_aim_interfaces/msg/detail/debug_armors__type_support_c.cpp.o[0m
[11.032s] [ 69%] [32mBuilding CXX object CMakeFiles/auto_aim_interfaces__rosidl_typesupport_introspection_cpp.dir/rosidl_typesupport_introspection_cpp/auto_aim_interfaces/msg/detail/debug_armor__type_support.cpp.o[0m
[11.104s] [ 70%] [32mBuilding CXX object CMakeFiles/auto_aim_interfaces__rosidl_typesupport_fastrtps_cpp.dir/rosidl_typesupport_fastrtps_cpp/auto_aim_interfaces/msg/detail/dds_fastrtps/debug_armor__type_support.cpp.o[0m
[11.179s] [ 71%] [32mBuilding CXX object CMakeFiles/auto_aim_interfaces__rosidl_typesupport_introspection_cpp.dir/rosidl_typesupport_introspection_cpp/auto_aim_interfaces/msg/detail/debug_armors__type_support.cpp.o[0m
[11.337s] [ 72%] [32mBuilding CXX object CMakeFiles/auto_aim_interfaces__rosidl_typesupport_introspection_cpp.dir/rosidl_typesupport_introspection_cpp/auto_aim_interfaces/msg/detail/tracker_info__type_support.cpp.o[0m
[11.563s] [ 73%] [32mBuilding CXX object CMakeFiles/auto_aim_interfaces__rosidl_typesupport_fastrtps_cpp.dir/rosidl_typesupport_fastrtps_cpp/auto_aim_interfaces/msg/detail/dds_fastrtps/debug_armors__type_support.cpp.o[0m
[11.672s] [ 74%] [32mBuilding CXX object CMakeFiles/auto_aim_interfaces__rosidl_typesupport_fastrtps_cpp.dir/rosidl_typesupport_fastrtps_cpp/auto_aim_interfaces/msg/detail/dds_fastrtps/tracker_info__type_support.cpp.o[0m
[11.700s] [ 75%] [32mBuilding CXX object CMakeFiles/auto_aim_interfaces__rosidl_typesupport_fastrtps_c.dir/rosidl_typesupport_fastrtps_c/auto_aim_interfaces/msg/detail/tracker_info__type_support_c.cpp.o[0m
[11.773s] [ 76%] [32mBuilding CXX object CMakeFiles/auto_aim_interfaces__rosidl_typesupport_introspection_cpp.dir/rosidl_typesupport_introspection_cpp/auto_aim_interfaces/msg/detail/time_info__type_support.cpp.o[0m
[11.810s] [ 77%] [32mBuilding CXX object CMakeFiles/auto_aim_interfaces__rosidl_typesupport_fastrtps_cpp.dir/rosidl_typesupport_fastrtps_cpp/auto_aim_interfaces/msg/detail/dds_fastrtps/time_info__type_support.cpp.o[0m
[11.871s] [ 78%] [32mBuilding CXX object CMakeFiles/auto_aim_interfaces__rosidl_typesupport_fastrtps_c.dir/rosidl_typesupport_fastrtps_c/auto_aim_interfaces/msg/detail/time_info__type_support_c.cpp.o[0m
[12.547s] [ 80%] [32m[1mLinking CXX shared library libauto_aim_interfaces__rosidl_typesupport_introspection_cpp.so[0m
[12.592s] [ 81%] [32m[1mLinking CXX shared library libauto_aim_interfaces__rosidl_typesupport_fastrtps_cpp.so[0m
[12.620s] [ 82%] [32m[1mLinking CXX shared library libauto_aim_interfaces__rosidl_typesupport_fastrtps_c.so[0m
[12.681s] [ 82%] Built target auto_aim_interfaces__rosidl_typesupport_introspection_cpp
[12.723s] [ 82%] Built target auto_aim_interfaces__rosidl_typesupport_fastrtps_c
[12.729s] [ 82%] Built target auto_aim_interfaces__rosidl_typesupport_fastrtps_cpp
[12.755s] [ 82%] Built target auto_aim_interfaces
[12.779s] [ 83%] [34m[1mGenerating Python code for ROS interfaces[0m
[13.938s] [ 83%] Built target auto_aim_interfaces__py
[13.972s] [ 84%] [32mBuilding C object CMakeFiles/auto_aim_interfaces__rosidl_generator_py.dir/rosidl_generator_py/auto_aim_interfaces/msg/_target_s.c.o[0m
[13.973s] [ 85%] [32mBuilding C object CMakeFiles/auto_aim_interfaces__rosidl_generator_py.dir/rosidl_generator_py/auto_aim_interfaces/msg/_debug_light_s.c.o[0m
[13.976s] [ 86%] [32mBuilding C object CMakeFiles/auto_aim_interfaces__rosidl_generator_py.dir/rosidl_generator_py/auto_aim_interfaces/msg/_debug_lights_s.c.o[0m
[13.976s] [ 87%] [32mBuilding C object CMakeFiles/auto_aim_interfaces__rosidl_generator_py.dir/rosidl_generator_py/auto_aim_interfaces/msg/_armor_s.c.o[0m
[13.979s] [ 88%] [32mBuilding C object CMakeFiles/auto_aim_interfaces__rosidl_generator_py.dir/rosidl_generator_py/auto_aim_interfaces/msg/_armors_s.c.o[0m
[13.981s] [ 89%] [32mBuilding C object CMakeFiles/auto_aim_interfaces__rosidl_generator_py.dir/rosidl_generator_py/auto_aim_interfaces/msg/_debug_armors_s.c.o[0m
[13.984s] [ 90%] [32mBuilding C object CMakeFiles/auto_aim_interfaces__rosidl_generator_py.dir/rosidl_generator_py/auto_aim_interfaces/msg/_debug_armor_s.c.o[0m
[13.992s] [ 91%] [32mBuilding C object CMakeFiles/auto_aim_interfaces__rosidl_generator_py.dir/rosidl_generator_py/auto_aim_interfaces/msg/_tracker_info_s.c.o[0m
[14.151s] [ 92%] [32mBuilding C object CMakeFiles/auto_aim_interfaces__rosidl_generator_py.dir/rosidl_generator_py/auto_aim_interfaces/msg/_time_info_s.c.o[0m
[14.285s] [ 93%] [32m[1mLinking C shared library rosidl_generator_py/auto_aim_interfaces/libauto_aim_interfaces__rosidl_generator_py.so[0m
[14.345s] [ 93%] Built target auto_aim_interfaces__rosidl_generator_py
[14.409s] [ 94%] [32mBuilding C object CMakeFiles/auto_aim_interfaces__rosidl_typesupport_introspection_c__pyext.dir/rosidl_generator_py/auto_aim_interfaces/_auto_aim_interfaces_s.ep.rosidl_typesupport_introspection_c.c.o[0m
[14.425s] [ 95%] [32mBuilding C object CMakeFiles/auto_aim_interfaces__rosidl_typesupport_fastrtps_c__pyext.dir/rosidl_generator_py/auto_aim_interfaces/_auto_aim_interfaces_s.ep.rosidl_typesupport_fastrtps_c.c.o[0m
[14.434s] [ 96%] [32mBuilding C object CMakeFiles/auto_aim_interfaces__rosidl_typesupport_c__pyext.dir/rosidl_generator_py/auto_aim_interfaces/_auto_aim_interfaces_s.ep.rosidl_typesupport_c.c.o[0m
[14.589s] [ 97%] [32m[1mLinking C shared library rosidl_generator_py/auto_aim_interfaces/auto_aim_interfaces_s__rosidl_typesupport_introspection_c.cpython-310-x86_64-linux-gnu.so[0m
[14.604s] [ 98%] [32m[1mLinking C shared library rosidl_generator_py/auto_aim_interfaces/auto_aim_interfaces_s__rosidl_typesupport_fastrtps_c.cpython-310-x86_64-linux-gnu.so[0m
[14.619s] [100%] [32m[1mLinking C shared library rosidl_generator_py/auto_aim_interfaces/auto_aim_interfaces_s__rosidl_typesupport_c.cpython-310-x86_64-linux-gnu.so[0m
[14.648s] [100%] Built target auto_aim_interfaces__rosidl_typesupport_introspection_c__pyext
[14.657s] [100%] Built target auto_aim_interfaces__rosidl_typesupport_fastrtps_c__pyext
[14.673s] [100%] Built target auto_aim_interfaces__rosidl_typesupport_c__pyext
[14.691s] Invoked command in '/home/rm_autoaim/suep2026/2025_ws/build/auto_aim_interfaces' returned '0': CMAKE_PREFIX_PATH=${CMAKE_PREFIX_PATH}:/opt/ros/humble /usr/bin/cmake --build /home/rm_autoaim/suep2026/2025_ws/build/auto_aim_interfaces -- -j8 -l8
[14.694s] Invoking command in '/home/rm_autoaim/suep2026/2025_ws/build/auto_aim_interfaces': CMAKE_PREFIX_PATH=${CMAKE_PREFIX_PATH}:/opt/ros/humble /usr/bin/cmake --install /home/rm_autoaim/suep2026/2025_ws/build/auto_aim_interfaces
[14.706s] -- Install configuration: ""
[14.706s] -- Installing: /home/rm_autoaim/suep2026/2025_ws/install/auto_aim_interfaces/share/ament_index/resource_index/rosidl_interfaces/auto_aim_interfaces
[14.706s] -- Installing: /home/rm_autoaim/suep2026/2025_ws/install/auto_aim_interfaces/include/auto_aim_interfaces/auto_aim_interfaces
[14.706s] -- Installing: /home/rm_autoaim/suep2026/2025_ws/install/auto_aim_interfaces/include/auto_aim_interfaces/auto_aim_interfaces/msg
[14.707s] -- Installing: /home/rm_autoaim/suep2026/2025_ws/install/auto_aim_interfaces/include/auto_aim_interfaces/auto_aim_interfaces/msg/debug_light.h
[14.707s] -- Installing: /home/rm_autoaim/suep2026/2025_ws/install/auto_aim_interfaces/include/auto_aim_interfaces/auto_aim_interfaces/msg/target.h
[14.707s] -- Installing: /home/rm_autoaim/suep2026/2025_ws/install/auto_aim_interfaces/include/auto_aim_interfaces/auto_aim_interfaces/msg/debug_lights.h
[14.707s] -- Installing: /home/rm_autoaim/suep2026/2025_ws/install/auto_aim_interfaces/include/auto_aim_interfaces/auto_aim_interfaces/msg/armors.h
[14.707s] -- Installing: /home/rm_autoaim/suep2026/2025_ws/install/auto_aim_interfaces/include/auto_aim_interfaces/auto_aim_interfaces/msg/rosidl_generator_c__visibility_control.h
[14.707s] -- Installing: /home/rm_autoaim/suep2026/2025_ws/install/auto_aim_interfaces/include/auto_aim_interfaces/auto_aim_interfaces/msg/time_info.h
[14.708s] -- Installing: /home/rm_autoaim/suep2026/2025_ws/install/auto_aim_interfaces/include/auto_aim_interfaces/auto_aim_interfaces/msg/tracker_info.h
[14.708s] -- Installing: /home/rm_autoaim/suep2026/2025_ws/install/auto_aim_interfaces/include/auto_aim_interfaces/auto_aim_interfaces/msg/debug_armors.h
[14.708s] -- Installing: /home/rm_autoaim/suep2026/2025_ws/install/auto_aim_interfaces/include/auto_aim_interfaces/auto_aim_interfaces/msg/debug_armor.h
[14.708s] -- Installing: /home/rm_autoaim/suep2026/2025_ws/install/auto_aim_interfaces/include/auto_aim_interfaces/auto_aim_interfaces/msg/armor.h
[14.708s] -- Installing: /home/rm_autoaim/suep2026/2025_ws/install/auto_aim_interfaces/include/auto_aim_interfaces/auto_aim_interfaces/msg/detail
[14.708s] -- Installing: /home/rm_autoaim/suep2026/2025_ws/install/auto_aim_interfaces/include/auto_aim_interfaces/auto_aim_interfaces/msg/detail/armor__functions.c
[14.708s] -- Installing: /home/rm_autoaim/suep2026/2025_ws/install/auto_aim_interfaces/include/auto_aim_interfaces/auto_aim_interfaces/msg/detail/tracker_info__functions.h
[14.708s] -- Installing: /home/rm_autoaim/suep2026/2025_ws/install/auto_aim_interfaces/include/auto_aim_interfaces/auto_aim_interfaces/msg/detail/time_info__functions.h
[14.709s] -- Installing: /home/rm_autoaim/suep2026/2025_ws/install/auto_aim_interfaces/include/auto_aim_interfaces/auto_aim_interfaces/msg/detail/armor__functions.h
[14.709s] -- Installing: /home/rm_autoaim/suep2026/2025_ws/install/auto_aim_interfaces/include/auto_aim_interfaces/auto_aim_interfaces/msg/detail/target__functions.h
[14.709s] -- Installing: /home/rm_autoaim/suep2026/2025_ws/install/auto_aim_interfaces/include/auto_aim_interfaces/auto_aim_interfaces/msg/detail/debug_light__struct.h
[14.709s] -- Installing: /home/rm_autoaim/suep2026/2025_ws/install/auto_aim_interfaces/include/auto_aim_interfaces/auto_aim_interfaces/msg/detail/target__struct.h
[14.709s] -- Installing: /home/rm_autoaim/suep2026/2025_ws/install/auto_aim_interfaces/include/auto_aim_interfaces/auto_aim_interfaces/msg/detail/time_info__struct.h
[14.709s] -- Installing: /home/rm_autoaim/suep2026/2025_ws/install/auto_aim_interfaces/include/auto_aim_interfaces/auto_aim_interfaces/msg/detail/time_info__type_support.h
[14.709s] -- Installing: /home/rm_autoaim/suep2026/2025_ws/install/auto_aim_interfaces/include/auto_aim_interfaces/auto_aim_interfaces/msg/detail/armors__functions.h
[14.710s] -- Installing: /home/rm_autoaim/suep2026/2025_ws/install/auto_aim_interfaces/include/auto_aim_interfaces/auto_aim_interfaces/msg/detail/debug_lights__type_support.h
[14.710s] -- Installing: /home/rm_autoaim/suep2026/2025_ws/install/auto_aim_interfaces/include/auto_aim_interfaces/auto_aim_interfaces/msg/detail/debug_light__functions.h
[14.710s] -- Installing: /home/rm_autoaim/suep2026/2025_ws/install/auto_aim_interfaces/include/auto_aim_interfaces/auto_aim_interfaces/msg/detail/debug_armor__struct.h
[14.710s] -- Installing: /home/rm_autoaim/suep2026/2025_ws/install/auto_aim_interfaces/include/auto_aim_interfaces/auto_aim_interfaces/msg/detail/debug_armors__struct.h
[14.710s] -- Installing: /home/rm_autoaim/suep2026/2025_ws/install/auto_aim_interfaces/include/auto_aim_interfaces/auto_aim_interfaces/msg/detail/target__type_support.h
[14.710s] -- Installing: /home/rm_autoaim/suep2026/2025_ws/install/auto_aim_interfaces/include/auto_aim_interfaces/auto_aim_interfaces/msg/detail/armors__type_support.h
[14.710s] -- Installing: /home/rm_autoaim/suep2026/2025_ws/install/auto_aim_interfaces/include/auto_aim_interfaces/auto_aim_interfaces/msg/detail/time_info__functions.c
[14.710s] -- Installing: /home/rm_autoaim/suep2026/2025_ws/install/auto_aim_interfaces/include/auto_aim_interfaces/auto_aim_interfaces/msg/detail/debug_armors__functions.c
[14.710s] -- Installing: /home/rm_autoaim/suep2026/2025_ws/install/auto_aim_interfaces/include/auto_aim_interfaces/auto_aim_interfaces/msg/detail/tracker_info__type_support.h
[14.711s] -- Installing: /home/rm_autoaim/suep2026/2025_ws/install/auto_aim_interfaces/include/auto_aim_interfaces/auto_aim_interfaces/msg/detail/debug_armor__functions.h
[14.711s] -- Installing: /home/rm_autoaim/suep2026/2025_ws/install/auto_aim_interfaces/include/auto_aim_interfaces/auto_aim_interfaces/msg/detail/debug_light__type_support.h
[14.711s] -- Installing: /home/rm_autoaim/suep2026/2025_ws/install/auto_aim_interfaces/include/auto_aim_interfaces/auto_aim_interfaces/msg/detail/target__functions.c
[14.711s] -- Installing: /home/rm_autoaim/suep2026/2025_ws/install/auto_aim_interfaces/include/auto_aim_interfaces/auto_aim_interfaces/msg/detail/debug_lights__functions.c
[14.711s] -- Installing: /home/rm_autoaim/suep2026/2025_ws/install/auto_aim_interfaces/include/auto_aim_interfaces/auto_aim_interfaces/msg/detail/debug_armors__type_support.h
[14.711s] -- Installing: /home/rm_autoaim/suep2026/2025_ws/install/auto_aim_interfaces/include/auto_aim_interfaces/auto_aim_interfaces/msg/detail/armors__struct.h
[14.711s] -- Installing: /home/rm_autoaim/suep2026/2025_ws/install/auto_aim_interfaces/include/auto_aim_interfaces/auto_aim_interfaces/msg/detail/armor__type_support.h
[14.711s] -- Installing: /home/rm_autoaim/suep2026/2025_ws/install/auto_aim_interfaces/include/auto_aim_interfaces/auto_aim_interfaces/msg/detail/debug_light__functions.c
[14.711s] -- Installing: /home/rm_autoaim/suep2026/2025_ws/install/auto_aim_interfaces/include/auto_aim_interfaces/auto_aim_interfaces/msg/detail/debug_armor__type_support.h
[14.712s] -- Installing: /home/rm_autoaim/suep2026/2025_ws/install/auto_aim_interfaces/include/auto_aim_interfaces/auto_aim_interfaces/msg/detail/tracker_info__functions.c
[14.712s] -- Installing: /home/rm_autoaim/suep2026/2025_ws/install/auto_aim_interfaces/include/auto_aim_interfaces/auto_aim_interfaces/msg/detail/tracker_info__struct.h
[14.712s] -- Installing: /home/rm_autoaim/suep2026/2025_ws/install/auto_aim_interfaces/include/auto_aim_interfaces/auto_aim_interfaces/msg/detail/armor__struct.h
[14.712s] -- Installing: /home/rm_autoaim/suep2026/2025_ws/install/auto_aim_interfaces/include/auto_aim_interfaces/auto_aim_interfaces/msg/detail/debug_lights__functions.h
[14.712s] -- Installing: /home/rm_autoaim/suep2026/2025_ws/install/auto_aim_interfaces/include/auto_aim_interfaces/auto_aim_interfaces/msg/detail/debug_lights__struct.h
[14.712s] -- Installing: /home/rm_autoaim/suep2026/2025_ws/install/auto_aim_interfaces/include/auto_aim_interfaces/auto_aim_interfaces/msg/detail/armors__functions.c
[14.712s] -- Installing: /home/rm_autoaim/suep2026/2025_ws/install/auto_aim_interfaces/include/auto_aim_interfaces/auto_aim_interfaces/msg/detail/debug_armor__functions.c
[14.712s] -- Installing: /home/rm_autoaim/suep2026/2025_ws/install/auto_aim_interfaces/include/auto_aim_interfaces/auto_aim_interfaces/msg/detail/debug_armors__functions.h
[14.713s] -- Installing: /home/rm_autoaim/suep2026/2025_ws/install/auto_aim_interfaces/share/auto_aim_interfaces/environment/library_path.sh
[14.713s] -- Installing: /home/rm_autoaim/suep2026/2025_ws/install/auto_aim_interfaces/share/auto_aim_interfaces/environment/library_path.dsv
[14.713s] -- Installing: /home/rm_autoaim/suep2026/2025_ws/install/auto_aim_interfaces/lib/libauto_aim_interfaces__rosidl_generator_c.so
[14.713s] -- Set runtime path of "/home/rm_autoaim/suep2026/2025_ws/install/auto_aim_interfaces/lib/libauto_aim_interfaces__rosidl_generator_c.so" to ""
[14.714s] -- Up-to-date: /home/rm_autoaim/suep2026/2025_ws/install/auto_aim_interfaces/include/auto_aim_interfaces/auto_aim_interfaces
[14.714s] -- Up-to-date: /home/rm_autoaim/suep2026/2025_ws/install/auto_aim_interfaces/include/auto_aim_interfaces/auto_aim_interfaces/msg
[14.714s] -- Installing: /home/rm_autoaim/suep2026/2025_ws/install/auto_aim_interfaces/include/auto_aim_interfaces/auto_aim_interfaces/msg/rosidl_typesupport_fastrtps_c__visibility_control.h
[14.714s] -- Up-to-date: /home/rm_autoaim/suep2026/2025_ws/install/auto_aim_interfaces/include/auto_aim_interfaces/auto_aim_interfaces/msg/detail
[14.714s] -- Installing: /home/rm_autoaim/suep2026/2025_ws/install/auto_aim_interfaces/include/auto_aim_interfaces/auto_aim_interfaces/msg/detail/debug_armors__rosidl_typesupport_fastrtps_c.h
[14.714s] -- Installing: /home/rm_autoaim/suep2026/2025_ws/install/auto_aim_interfaces/include/auto_aim_interfaces/auto_aim_interfaces/msg/detail/target__rosidl_typesupport_fastrtps_c.h
[14.714s] -- Installing: /home/rm_autoaim/suep2026/2025_ws/install/auto_aim_interfaces/include/auto_aim_interfaces/auto_aim_interfaces/msg/detail/time_info__rosidl_typesupport_fastrtps_c.h
[14.714s] -- Installing: /home/rm_autoaim/suep2026/2025_ws/install/auto_aim_interfaces/include/auto_aim_interfaces/auto_aim_interfaces/msg/detail/armors__rosidl_typesupport_fastrtps_c.h
[14.714s] -- Installing: /home/rm_autoaim/suep2026/2025_ws/install/auto_aim_interfaces/include/auto_aim_interfaces/auto_aim_interfaces/msg/detail/debug_light__rosidl_typesupport_fastrtps_c.h
[14.714s] -- Installing: /home/rm_autoaim/suep2026/2025_ws/install/auto_aim_interfaces/include/auto_aim_interfaces/auto_aim_interfaces/msg/detail/debug_armor__rosidl_typesupport_fastrtps_c.h
[14.715s] -- Installing: /home/rm_autoaim/suep2026/2025_ws/install/auto_aim_interfaces/include/auto_aim_interfaces/auto_aim_interfaces/msg/detail/armor__rosidl_typesupport_fastrtps_c.h
[14.715s] -- Installing: /home/rm_autoaim/suep2026/2025_ws/install/auto_aim_interfaces/include/auto_aim_interfaces/auto_aim_interfaces/msg/detail/tracker_info__rosidl_typesupport_fastrtps_c.h
[14.715s] -- Installing: /home/rm_autoaim/suep2026/2025_ws/install/auto_aim_interfaces/include/auto_aim_interfaces/auto_aim_interfaces/msg/detail/debug_lights__rosidl_typesupport_fastrtps_c.h
[14.715s] -- Installing: /home/rm_autoaim/suep2026/2025_ws/install/auto_aim_interfaces/lib/libauto_aim_interfaces__rosidl_typesupport_fastrtps_c.so
[14.715s] -- Set runtime path of "/home/rm_autoaim/suep2026/2025_ws/install/auto_aim_interfaces/lib/libauto_aim_interfaces__rosidl_typesupport_fastrtps_c.so" to ""
[14.715s] -- Up-to-date: /home/rm_autoaim/suep2026/2025_ws/install/auto_aim_interfaces/include/auto_aim_interfaces/auto_aim_interfaces
[14.716s] -- Up-to-date: /home/rm_autoaim/suep2026/2025_ws/install/auto_aim_interfaces/include/auto_aim_interfaces/auto_aim_interfaces/msg
[14.716s] -- Installing: /home/rm_autoaim/suep2026/2025_ws/install/auto_aim_interfaces/include/auto_aim_interfaces/auto_aim_interfaces/msg/rosidl_typesupport_introspection_c__visibility_control.h
[14.716s] -- Up-to-date: /home/rm_autoaim/suep2026/2025_ws/install/auto_aim_interfaces/include/auto_aim_interfaces/auto_aim_interfaces/msg/detail
[14.716s] -- Installing: /home/rm_autoaim/suep2026/2025_ws/install/auto_aim_interfaces/include/auto_aim_interfaces/auto_aim_interfaces/msg/detail/debug_lights__type_support.c
[14.716s] -- Installing: /home/rm_autoaim/suep2026/2025_ws/install/auto_aim_interfaces/include/auto_aim_interfaces/auto_aim_interfaces/msg/detail/tracker_info__rosidl_typesupport_introspection_c.h
[14.716s] -- Installing: /home/rm_autoaim/suep2026/2025_ws/install/auto_aim_interfaces/include/auto_aim_interfaces/auto_aim_interfaces/msg/detail/debug_armors__type_support.c
[14.716s] -- Installing: /home/rm_autoaim/suep2026/2025_ws/install/auto_aim_interfaces/include/auto_aim_interfaces/auto_aim_interfaces/msg/detail/armors__rosidl_typesupport_introspection_c.h
[14.717s] -- Installing: /home/rm_autoaim/suep2026/2025_ws/install/auto_aim_interfaces/include/auto_aim_interfaces/auto_aim_interfaces/msg/detail/time_info__type_support.c
[14.717s] -- Installing: /home/rm_autoaim/suep2026/2025_ws/install/auto_aim_interfaces/include/auto_aim_interfaces/auto_aim_interfaces/msg/detail/debug_light__type_support.c
[14.717s] -- Installing: /home/rm_autoaim/suep2026/2025_ws/install/auto_aim_interfaces/include/auto_aim_interfaces/auto_aim_interfaces/msg/detail/armor__type_support.c
[14.717s] -- Installing: /home/rm_autoaim/suep2026/2025_ws/install/auto_aim_interfaces/include/auto_aim_interfaces/auto_aim_interfaces/msg/detail/target__type_support.c
[14.717s] -- Installing: /home/rm_autoaim/suep2026/2025_ws/install/auto_aim_interfaces/include/auto_aim_interfaces/auto_aim_interfaces/msg/detail/debug_light__rosidl_typesupport_introspection_c.h
[14.717s] -- Installing: /home/rm_autoaim/suep2026/2025_ws/install/auto_aim_interfaces/include/auto_aim_interfaces/auto_aim_interfaces/msg/detail/debug_lights__rosidl_typesupport_introspection_c.h
[14.717s] -- Installing: /home/rm_autoaim/suep2026/2025_ws/install/auto_aim_interfaces/include/auto_aim_interfaces/auto_aim_interfaces/msg/detail/debug_armor__rosidl_typesupport_introspection_c.h
[14.717s] -- Installing: /home/rm_autoaim/suep2026/2025_ws/install/auto_aim_interfaces/include/auto_aim_interfaces/auto_aim_interfaces/msg/detail/debug_armors__rosidl_typesupport_introspection_c.h
[14.717s] -- Installing: /home/rm_autoaim/suep2026/2025_ws/install/auto_aim_interfaces/include/auto_aim_interfaces/auto_aim_interfaces/msg/detail/armor__rosidl_typesupport_introspection_c.h
[14.717s] -- Installing: /home/rm_autoaim/suep2026/2025_ws/install/auto_aim_interfaces/include/auto_aim_interfaces/auto_aim_interfaces/msg/detail/target__rosidl_typesupport_introspection_c.h
[14.717s] -- Installing: /home/rm_autoaim/suep2026/2025_ws/install/auto_aim_interfaces/include/auto_aim_interfaces/auto_aim_interfaces/msg/detail/debug_armor__type_support.c
[14.717s] -- Installing: /home/rm_autoaim/suep2026/2025_ws/install/auto_aim_interfaces/include/auto_aim_interfaces/auto_aim_interfaces/msg/detail/time_info__rosidl_typesupport_introspection_c.h
[14.718s] -- Installing: /home/rm_autoaim/suep2026/2025_ws/install/auto_aim_interfaces/include/auto_aim_interfaces/auto_aim_interfaces/msg/detail/armors__type_support.c
[14.718s] -- Installing: /home/rm_autoaim/suep2026/2025_ws/install/auto_aim_interfaces/include/auto_aim_interfaces/auto_aim_interfaces/msg/detail/tracker_info__type_support.c
[14.718s] -- Installing: /home/rm_autoaim/suep2026/2025_ws/install/auto_aim_interfaces/lib/libauto_aim_interfaces__rosidl_typesupport_introspection_c.so
[14.718s] -- Set runtime path of "/home/rm_autoaim/suep2026/2025_ws/install/auto_aim_interfaces/lib/libauto_aim_interfaces__rosidl_typesupport_introspection_c.so" to ""
[14.718s] -- Installing: /home/rm_autoaim/suep2026/2025_ws/install/auto_aim_interfaces/lib/libauto_aim_interfaces__rosidl_typesupport_c.so
[14.718s] -- Set runtime path of "/home/rm_autoaim/suep2026/2025_ws/install/auto_aim_interfaces/lib/libauto_aim_interfaces__rosidl_typesupport_c.so" to ""
[14.718s] -- Up-to-date: /home/rm_autoaim/suep2026/2025_ws/install/auto_aim_interfaces/include/auto_aim_interfaces/auto_aim_interfaces
[14.718s] -- Up-to-date: /home/rm_autoaim/suep2026/2025_ws/install/auto_aim_interfaces/include/auto_aim_interfaces/auto_aim_interfaces/msg
[14.719s] -- Installing: /home/rm_autoaim/suep2026/2025_ws/install/auto_aim_interfaces/include/auto_aim_interfaces/auto_aim_interfaces/msg/debug_lights.hpp
[14.719s] -- Installing: /home/rm_autoaim/suep2026/2025_ws/install/auto_aim_interfaces/include/auto_aim_interfaces/auto_aim_interfaces/msg/armor.hpp
[14.719s] -- Installing: /home/rm_autoaim/suep2026/2025_ws/install/auto_aim_interfaces/include/auto_aim_interfaces/auto_aim_interfaces/msg/tracker_info.hpp
[14.719s] -- Installing: /home/rm_autoaim/suep2026/2025_ws/install/auto_aim_interfaces/include/auto_aim_interfaces/auto_aim_interfaces/msg/armors.hpp
[14.719s] -- Installing: /home/rm_autoaim/suep2026/2025_ws/install/auto_aim_interfaces/include/auto_aim_interfaces/auto_aim_interfaces/msg/time_info.hpp
[14.719s] -- Installing: /home/rm_autoaim/suep2026/2025_ws/install/auto_aim_interfaces/include/auto_aim_interfaces/auto_aim_interfaces/msg/debug_armor.hpp
[14.719s] -- Installing: /home/rm_autoaim/suep2026/2025_ws/install/auto_aim_interfaces/include/auto_aim_interfaces/auto_aim_interfaces/msg/debug_armors.hpp
[14.719s] -- Installing: /home/rm_autoaim/suep2026/2025_ws/install/auto_aim_interfaces/include/auto_aim_interfaces/auto_aim_interfaces/msg/debug_light.hpp
[14.719s] -- Installing: /home/rm_autoaim/suep2026/2025_ws/install/auto_aim_interfaces/include/auto_aim_interfaces/auto_aim_interfaces/msg/target.hpp
[14.719s] -- Installing: /home/rm_autoaim/suep2026/2025_ws/install/auto_aim_interfaces/include/auto_aim_interfaces/auto_aim_interfaces/msg/rosidl_generator_cpp__visibility_control.hpp
[14.719s] -- Up-to-date: /home/rm_autoaim/suep2026/2025_ws/install/auto_aim_interfaces/include/auto_aim_interfaces/auto_aim_interfaces/msg/detail
[14.720s] -- Installing: /home/rm_autoaim/suep2026/2025_ws/install/auto_aim_interfaces/include/auto_aim_interfaces/auto_aim_interfaces/msg/detail/debug_armor__traits.hpp
[14.720s] -- Installing: /home/rm_autoaim/suep2026/2025_ws/install/auto_aim_interfaces/include/auto_aim_interfaces/auto_aim_interfaces/msg/detail/armors__builder.hpp
[14.720s] -- Installing: /home/rm_autoaim/suep2026/2025_ws/install/auto_aim_interfaces/include/auto_aim_interfaces/auto_aim_interfaces/msg/detail/debug_light__type_support.hpp
[14.720s] -- Installing: /home/rm_autoaim/suep2026/2025_ws/install/auto_aim_interfaces/include/auto_aim_interfaces/auto_aim_interfaces/msg/detail/armor__type_support.hpp
[14.720s] -- Installing: /home/rm_autoaim/suep2026/2025_ws/install/auto_aim_interfaces/include/auto_aim_interfaces/auto_aim_interfaces/msg/detail/debug_light__traits.hpp
[14.720s] -- Installing: /home/rm_autoaim/suep2026/2025_ws/install/auto_aim_interfaces/include/auto_aim_interfaces/auto_aim_interfaces/msg/detail/target__builder.hpp
[14.720s] -- Installing: /home/rm_autoaim/suep2026/2025_ws/install/auto_aim_interfaces/include/auto_aim_interfaces/auto_aim_interfaces/msg/detail/target__type_support.hpp
[14.720s] -- Installing: /home/rm_autoaim/suep2026/2025_ws/install/auto_aim_interfaces/include/auto_aim_interfaces/auto_aim_interfaces/msg/detail/armors__type_support.hpp
[14.720s] -- Installing: /home/rm_autoaim/suep2026/2025_ws/install/auto_aim_interfaces/include/auto_aim_interfaces/auto_aim_interfaces/msg/detail/debug_armor__type_support.hpp
[14.721s] -- Installing: /home/rm_autoaim/suep2026/2025_ws/install/auto_aim_interfaces/include/auto_aim_interfaces/auto_aim_interfaces/msg/detail/debug_armors__struct.hpp
[14.721s] -- Installing: /home/rm_autoaim/suep2026/2025_ws/install/auto_aim_interfaces/include/auto_aim_interfaces/auto_aim_interfaces/msg/detail/tracker_info__type_support.hpp
[14.721s] -- Installing: /home/rm_autoaim/suep2026/2025_ws/install/auto_aim_interfaces/include/auto_aim_interfaces/auto_aim_interfaces/msg/detail/armor__traits.hpp
[14.721s] -- Installing: /home/rm_autoaim/suep2026/2025_ws/install/auto_aim_interfaces/include/auto_aim_interfaces/auto_aim_interfaces/msg/detail/armors__traits.hpp
[14.721s] -- Installing: /home/rm_autoaim/suep2026/2025_ws/install/auto_aim_interfaces/include/auto_aim_interfaces/auto_aim_interfaces/msg/detail/debug_lights__type_support.hpp
[14.722s] -- Installing: /home/rm_autoaim/suep2026/2025_ws/install/auto_aim_interfaces/include/auto_aim_interfaces/auto_aim_interfaces/msg/detail/debug_light__struct.hpp
[14.722s] -- Installing: /home/rm_autoaim/suep2026/2025_ws/install/auto_aim_interfaces/include/auto_aim_interfaces/auto_aim_interfaces/msg/detail/debug_armors__type_support.hpp
[14.722s] -- Installing: /home/rm_autoaim/suep2026/2025_ws/install/auto_aim_interfaces/include/auto_aim_interfaces/auto_aim_interfaces/msg/detail/debug_armors__traits.hpp
[14.722s] -- Installing: /home/rm_autoaim/suep2026/2025_ws/install/auto_aim_interfaces/include/auto_aim_interfaces/auto_aim_interfaces/msg/detail/armor__struct.hpp
[14.722s] -- Installing: /home/rm_autoaim/suep2026/2025_ws/install/auto_aim_interfaces/include/auto_aim_interfaces/auto_aim_interfaces/msg/detail/target__struct.hpp
[14.723s] -- Installing: /home/rm_autoaim/suep2026/2025_ws/install/auto_aim_interfaces/include/auto_aim_interfaces/auto_aim_interfaces/msg/detail/debug_armor__struct.hpp
[14.723s] -- Installing: /home/rm_autoaim/suep2026/2025_ws/install/auto_aim_interfaces/include/auto_aim_interfaces/auto_aim_interfaces/msg/detail/tracker_info__struct.hpp
[14.723s] -- Installing: /home/rm_autoaim/suep2026/2025_ws/install/auto_aim_interfaces/include/auto_aim_interfaces/auto_aim_interfaces/msg/detail/time_info__builder.hpp
[14.723s] -- Installing: /home/rm_autoaim/suep2026/2025_ws/install/auto_aim_interfaces/include/auto_aim_interfaces/auto_aim_interfaces/msg/detail/debug_lights__traits.hpp
[14.723s] -- Installing: /home/rm_autoaim/suep2026/2025_ws/install/auto_aim_interfaces/include/auto_aim_interfaces/auto_aim_interfaces/msg/detail/armors__struct.hpp
[14.723s] -- Installing: /home/rm_autoaim/suep2026/2025_ws/install/auto_aim_interfaces/include/auto_aim_interfaces/auto_aim_interfaces/msg/detail/armor__builder.hpp
[14.723s] -- Installing: /home/rm_autoaim/suep2026/2025_ws/install/auto_aim_interfaces/include/auto_aim_interfaces/auto_aim_interfaces/msg/detail/time_info__type_support.hpp
[14.723s] -- Installing: /home/rm_autoaim/suep2026/2025_ws/install/auto_aim_interfaces/include/auto_aim_interfaces/auto_aim_interfaces/msg/detail/tracker_info__builder.hpp
[14.724s] -- Installing: /home/rm_autoaim/suep2026/2025_ws/install/auto_aim_interfaces/include/auto_aim_interfaces/auto_aim_interfaces/msg/detail/debug_lights__builder.hpp
[14.724s] -- Installing: /home/rm_autoaim/suep2026/2025_ws/install/auto_aim_interfaces/include/auto_aim_interfaces/auto_aim_interfaces/msg/detail/debug_armor__builder.hpp
[14.724s] -- Installing: /home/rm_autoaim/suep2026/2025_ws/install/auto_aim_interfaces/include/auto_aim_interfaces/auto_aim_interfaces/msg/detail/debug_armors__builder.hpp
[14.724s] -- Installing: /home/rm_autoaim/suep2026/2025_ws/install/auto_aim_interfaces/include/auto_aim_interfaces/auto_aim_interfaces/msg/detail/target__traits.hpp
[14.724s] -- Installing: /home/rm_autoaim/suep2026/2025_ws/install/auto_aim_interfaces/include/auto_aim_interfaces/auto_aim_interfaces/msg/detail/debug_lights__struct.hpp
[14.724s] -- Installing: /home/rm_autoaim/suep2026/2025_ws/install/auto_aim_interfaces/include/auto_aim_interfaces/auto_aim_interfaces/msg/detail/time_info__struct.hpp
[14.724s] -- Installing: /home/rm_autoaim/suep2026/2025_ws/install/auto_aim_interfaces/include/auto_aim_interfaces/auto_aim_interfaces/msg/detail/debug_light__builder.hpp
[14.724s] -- Installing: /home/rm_autoaim/suep2026/2025_ws/install/auto_aim_interfaces/include/auto_aim_interfaces/auto_aim_interfaces/msg/detail/tracker_info__traits.hpp
[14.724s] -- Installing: /home/rm_autoaim/suep2026/2025_ws/install/auto_aim_interfaces/include/auto_aim_interfaces/auto_aim_interfaces/msg/detail/time_info__traits.hpp
[14.724s] -- Up-to-date: /home/rm_autoaim/suep2026/2025_ws/install/auto_aim_interfaces/include/auto_aim_interfaces/auto_aim_interfaces
[14.725s] -- Up-to-date: /home/rm_autoaim/suep2026/2025_ws/install/auto_aim_interfaces/include/auto_aim_interfaces/auto_aim_interfaces/msg
[14.725s] -- Installing: /home/rm_autoaim/suep2026/2025_ws/install/auto_aim_interfaces/include/auto_aim_interfaces/auto_aim_interfaces/msg/rosidl_typesupport_fastrtps_cpp__visibility_control.h
[14.725s] -- Up-to-date: /home/rm_autoaim/suep2026/2025_ws/install/auto_aim_interfaces/include/auto_aim_interfaces/auto_aim_interfaces/msg/detail
[14.725s] -- Installing: /home/rm_autoaim/suep2026/2025_ws/install/auto_aim_interfaces/include/auto_aim_interfaces/auto_aim_interfaces/msg/detail/tracker_info__rosidl_typesupport_fastrtps_cpp.hpp
[14.725s] -- Installing: /home/rm_autoaim/suep2026/2025_ws/install/auto_aim_interfaces/include/auto_aim_interfaces/auto_aim_interfaces/msg/detail/debug_lights__rosidl_typesupport_fastrtps_cpp.hpp
[14.725s] -- Installing: /home/rm_autoaim/suep2026/2025_ws/install/auto_aim_interfaces/include/auto_aim_interfaces/auto_aim_interfaces/msg/detail/target__rosidl_typesupport_fastrtps_cpp.hpp
[14.726s] -- Installing: /home/rm_autoaim/suep2026/2025_ws/install/auto_aim_interfaces/include/auto_aim_interfaces/auto_aim_interfaces/msg/detail/debug_light__rosidl_typesupport_fastrtps_cpp.hpp
[14.726s] -- Installing: /home/rm_autoaim/suep2026/2025_ws/install/auto_aim_interfaces/include/auto_aim_interfaces/auto_aim_interfaces/msg/detail/armor__rosidl_typesupport_fastrtps_cpp.hpp
[14.726s] -- Installing: /home/rm_autoaim/suep2026/2025_ws/install/auto_aim_interfaces/include/auto_aim_interfaces/auto_aim_interfaces/msg/detail/debug_armor__rosidl_typesupport_fastrtps_cpp.hpp
[14.726s] -- Installing: /home/rm_autoaim/suep2026/2025_ws/install/auto_aim_interfaces/include/auto_aim_interfaces/auto_aim_interfaces/msg/detail/dds_fastrtps
[14.726s] -- Installing: /home/rm_autoaim/suep2026/2025_ws/install/auto_aim_interfaces/include/auto_aim_interfaces/auto_aim_interfaces/msg/detail/armors__rosidl_typesupport_fastrtps_cpp.hpp
[14.726s] -- Installing: /home/rm_autoaim/suep2026/2025_ws/install/auto_aim_interfaces/include/auto_aim_interfaces/auto_aim_interfaces/msg/detail/time_info__rosidl_typesupport_fastrtps_cpp.hpp
[14.726s] -- Installing: /home/rm_autoaim/suep2026/2025_ws/install/auto_aim_interfaces/include/auto_aim_interfaces/auto_aim_interfaces/msg/detail/debug_armors__rosidl_typesupport_fastrtps_cpp.hpp
[14.726s] -- Installing: /home/rm_autoaim/suep2026/2025_ws/install/auto_aim_interfaces/lib/libauto_aim_interfaces__rosidl_typesupport_fastrtps_cpp.so
[14.726s] -- Set runtime path of "/home/rm_autoaim/suep2026/2025_ws/install/auto_aim_interfaces/lib/libauto_aim_interfaces__rosidl_typesupport_fastrtps_cpp.so" to ""
[14.727s] -- Up-to-date: /home/rm_autoaim/suep2026/2025_ws/install/auto_aim_interfaces/include/auto_aim_interfaces/auto_aim_interfaces
[14.727s] -- Up-to-date: /home/rm_autoaim/suep2026/2025_ws/install/auto_aim_interfaces/include/auto_aim_interfaces/auto_aim_interfaces/msg
[14.727s] -- Up-to-date: /home/rm_autoaim/suep2026/2025_ws/install/auto_aim_interfaces/include/auto_aim_interfaces/auto_aim_interfaces/msg/detail
[14.727s] -- Installing: /home/rm_autoaim/suep2026/2025_ws/install/auto_aim_interfaces/include/auto_aim_interfaces/auto_aim_interfaces/msg/detail/debug_lights__type_support.cpp
[14.727s] -- Installing: /home/rm_autoaim/suep2026/2025_ws/install/auto_aim_interfaces/include/auto_aim_interfaces/auto_aim_interfaces/msg/detail/debug_light__rosidl_typesupport_introspection_cpp.hpp
[14.727s] -- Installing: /home/rm_autoaim/suep2026/2025_ws/install/auto_aim_interfaces/include/auto_aim_interfaces/auto_aim_interfaces/msg/detail/armors__type_support.cpp
[14.727s] -- Installing: /home/rm_autoaim/suep2026/2025_ws/install/auto_aim_interfaces/include/auto_aim_interfaces/auto_aim_interfaces/msg/detail/armor__rosidl_typesupport_introspection_cpp.hpp
[14.727s] -- Installing: /home/rm_autoaim/suep2026/2025_ws/install/auto_aim_interfaces/include/auto_aim_interfaces/auto_aim_interfaces/msg/detail/tracker_info__rosidl_typesupport_introspection_cpp.hpp
[14.727s] -- Installing: /home/rm_autoaim/suep2026/2025_ws/install/auto_aim_interfaces/include/auto_aim_interfaces/auto_aim_interfaces/msg/detail/debug_armor__rosidl_typesupport_introspection_cpp.hpp
[14.727s] -- Installing: /home/rm_autoaim/suep2026/2025_ws/install/auto_aim_interfaces/include/auto_aim_interfaces/auto_aim_interfaces/msg/detail/debug_lights__rosidl_typesupport_introspection_cpp.hpp
[14.727s] -- Installing: /home/rm_autoaim/suep2026/2025_ws/install/auto_aim_interfaces/include/auto_aim_interfaces/auto_aim_interfaces/msg/detail/debug_armors__rosidl_typesupport_introspection_cpp.hpp
[14.728s] -- Installing: /home/rm_autoaim/suep2026/2025_ws/install/auto_aim_interfaces/include/auto_aim_interfaces/auto_aim_interfaces/msg/detail/debug_armors__type_support.cpp
[14.728s] -- Installing: /home/rm_autoaim/suep2026/2025_ws/install/auto_aim_interfaces/include/auto_aim_interfaces/auto_aim_interfaces/msg/detail/debug_light__type_support.cpp
[14.728s] -- Installing: /home/rm_autoaim/suep2026/2025_ws/install/auto_aim_interfaces/include/auto_aim_interfaces/auto_aim_interfaces/msg/detail/time_info__rosidl_typesupport_introspection_cpp.hpp
[14.728s] -- Installing: /home/rm_autoaim/suep2026/2025_ws/install/auto_aim_interfaces/include/auto_aim_interfaces/auto_aim_interfaces/msg/detail/tracker_info__type_support.cpp
[14.728s] -- Installing: /home/rm_autoaim/suep2026/2025_ws/install/auto_aim_interfaces/include/auto_aim_interfaces/auto_aim_interfaces/msg/detail/debug_armor__type_support.cpp
[14.728s] -- Installing: /home/rm_autoaim/suep2026/2025_ws/install/auto_aim_interfaces/include/auto_aim_interfaces/auto_aim_interfaces/msg/detail/target__rosidl_typesupport_introspection_cpp.hpp
[14.728s] -- Installing: /home/rm_autoaim/suep2026/2025_ws/install/auto_aim_interfaces/include/auto_aim_interfaces/auto_aim_interfaces/msg/detail/time_info__type_support.cpp
[14.728s] -- Installing: /home/rm_autoaim/suep2026/2025_ws/install/auto_aim_interfaces/include/auto_aim_interfaces/auto_aim_interfaces/msg/detail/armor__type_support.cpp
[14.728s] -- Installing: /home/rm_autoaim/suep2026/2025_ws/install/auto_aim_interfaces/include/auto_aim_interfaces/auto_aim_interfaces/msg/detail/target__type_support.cpp
[14.729s] -- Installing: /home/rm_autoaim/suep2026/2025_ws/install/auto_aim_interfaces/include/auto_aim_interfaces/auto_aim_interfaces/msg/detail/armors__rosidl_typesupport_introspection_cpp.hpp
[14.729s] -- Installing: /home/rm_autoaim/suep2026/2025_ws/install/auto_aim_interfaces/lib/libauto_aim_interfaces__rosidl_typesupport_introspection_cpp.so
[14.730s] -- Set runtime path of "/home/rm_autoaim/suep2026/2025_ws/install/auto_aim_interfaces/lib/libauto_aim_interfaces__rosidl_typesupport_introspection_cpp.so" to ""
[14.731s] -- Installing: /home/rm_autoaim/suep2026/2025_ws/install/auto_aim_interfaces/lib/libauto_aim_interfaces__rosidl_typesupport_cpp.so
[14.731s] -- Set runtime path of "/home/rm_autoaim/suep2026/2025_ws/install/auto_aim_interfaces/lib/libauto_aim_interfaces__rosidl_typesupport_cpp.so" to ""
[14.732s] -- Installing: /home/rm_autoaim/suep2026/2025_ws/install/auto_aim_interfaces/share/auto_aim_interfaces/environment/pythonpath.sh
[14.732s] -- Installing: /home/rm_autoaim/suep2026/2025_ws/install/auto_aim_interfaces/share/auto_aim_interfaces/environment/pythonpath.dsv
[14.732s] -- Installing: /home/rm_autoaim/suep2026/2025_ws/install/auto_aim_interfaces/local/lib/python3.10/dist-packages/auto_aim_interfaces-2.0.0-py3.10.egg-info
[14.732s] -- Installing: /home/rm_autoaim/suep2026/2025_ws/install/auto_aim_interfaces/local/lib/python3.10/dist-packages/auto_aim_interfaces-2.0.0-py3.10.egg-info/PKG-INFO
[14.732s] -- Installing: /home/rm_autoaim/suep2026/2025_ws/install/auto_aim_interfaces/local/lib/python3.10/dist-packages/auto_aim_interfaces-2.0.0-py3.10.egg-info/top_level.txt
[14.732s] -- Installing: /home/rm_autoaim/suep2026/2025_ws/install/auto_aim_interfaces/local/lib/python3.10/dist-packages/auto_aim_interfaces-2.0.0-py3.10.egg-info/dependency_links.txt
[14.732s] -- Installing: /home/rm_autoaim/suep2026/2025_ws/install/auto_aim_interfaces/local/lib/python3.10/dist-packages/auto_aim_interfaces-2.0.0-py3.10.egg-info/SOURCES.txt
[14.732s] -- Installing: /home/rm_autoaim/suep2026/2025_ws/install/auto_aim_interfaces/local/lib/python3.10/dist-packages/auto_aim_interfaces
[14.732s] -- Installing: /home/rm_autoaim/suep2026/2025_ws/install/auto_aim_interfaces/local/lib/python3.10/dist-packages/auto_aim_interfaces/msg
[14.733s] -- Installing: /home/rm_autoaim/suep2026/2025_ws/install/auto_aim_interfaces/local/lib/python3.10/dist-packages/auto_aim_interfaces/msg/_target_s.c
[14.733s] -- Installing: /home/rm_autoaim/suep2026/2025_ws/install/auto_aim_interfaces/local/lib/python3.10/dist-packages/auto_aim_interfaces/msg/_armors_s.c
[14.733s] -- Installing: /home/rm_autoaim/suep2026/2025_ws/install/auto_aim_interfaces/local/lib/python3.10/dist-packages/auto_aim_interfaces/msg/_debug_lights_s.c
[14.733s] -- Installing: /home/rm_autoaim/suep2026/2025_ws/install/auto_aim_interfaces/local/lib/python3.10/dist-packages/auto_aim_interfaces/msg/_time_info_s.c
[14.733s] -- Installing: /home/rm_autoaim/suep2026/2025_ws/install/auto_aim_interfaces/local/lib/python3.10/dist-packages/auto_aim_interfaces/msg/_target.py
[14.733s] -- Installing: /home/rm_autoaim/suep2026/2025_ws/install/auto_aim_interfaces/local/lib/python3.10/dist-packages/auto_aim_interfaces/msg/_armors.py
[14.733s] -- Installing: /home/rm_autoaim/suep2026/2025_ws/install/auto_aim_interfaces/local/lib/python3.10/dist-packages/auto_aim_interfaces/msg/_armor.py
[14.733s] -- Installing: /home/rm_autoaim/suep2026/2025_ws/install/auto_aim_interfaces/local/lib/python3.10/dist-packages/auto_aim_interfaces/msg/_armor_s.c
[14.733s] -- Installing: /home/rm_autoaim/suep2026/2025_ws/install/auto_aim_interfaces/local/lib/python3.10/dist-packages/auto_aim_interfaces/msg/_debug_armors.py
[14.733s] -- Installing: /home/rm_autoaim/suep2026/2025_ws/install/auto_aim_interfaces/local/lib/python3.10/dist-packages/auto_aim_interfaces/msg/__init__.py
[14.733s] -- Installing: /home/rm_autoaim/suep2026/2025_ws/install/auto_aim_interfaces/local/lib/python3.10/dist-packages/auto_aim_interfaces/msg/_debug_armor_s.c
[14.733s] -- Installing: /home/rm_autoaim/suep2026/2025_ws/install/auto_aim_interfaces/local/lib/python3.10/dist-packages/auto_aim_interfaces/msg/_debug_armors_s.c
[14.733s] -- Installing: /home/rm_autoaim/suep2026/2025_ws/install/auto_aim_interfaces/local/lib/python3.10/dist-packages/auto_aim_interfaces/msg/_debug_light.py
[14.733s] -- Installing: /home/rm_autoaim/suep2026/2025_ws/install/auto_aim_interfaces/local/lib/python3.10/dist-packages/auto_aim_interfaces/msg/_time_info.py
[14.734s] -- Installing: /home/rm_autoaim/suep2026/2025_ws/install/auto_aim_interfaces/local/lib/python3.10/dist-packages/auto_aim_interfaces/msg/_tracker_info.py
[14.734s] -- Installing: /home/rm_autoaim/suep2026/2025_ws/install/auto_aim_interfaces/local/lib/python3.10/dist-packages/auto_aim_interfaces/msg/_tracker_info_s.c
[14.734s] -- Installing: /home/rm_autoaim/suep2026/2025_ws/install/auto_aim_interfaces/local/lib/python3.10/dist-packages/auto_aim_interfaces/msg/_debug_light_s.c
[14.734s] -- Installing: /home/rm_autoaim/suep2026/2025_ws/install/auto_aim_interfaces/local/lib/python3.10/dist-packages/auto_aim_interfaces/msg/_debug_lights.py
[14.734s] -- Installing: /home/rm_autoaim/suep2026/2025_ws/install/auto_aim_interfaces/local/lib/python3.10/dist-packages/auto_aim_interfaces/msg/_debug_armor.py
[14.734s] -- Installing: /home/rm_autoaim/suep2026/2025_ws/install/auto_aim_interfaces/local/lib/python3.10/dist-packages/auto_aim_interfaces/__init__.py
[14.734s] -- Installing: /home/rm_autoaim/suep2026/2025_ws/install/auto_aim_interfaces/local/lib/python3.10/dist-packages/auto_aim_interfaces/auto_aim_interfaces_s__rosidl_typesupport_fastrtps_c.cpython-310-x86_64-linux-gnu.so
[14.734s] -- Installing: /home/rm_autoaim/suep2026/2025_ws/install/auto_aim_interfaces/local/lib/python3.10/dist-packages/auto_aim_interfaces/_auto_aim_interfaces_s.ep.rosidl_typesupport_fastrtps_c.c
[14.734s] -- Installing: /home/rm_autoaim/suep2026/2025_ws/install/auto_aim_interfaces/local/lib/python3.10/dist-packages/auto_aim_interfaces/_auto_aim_interfaces_s.ep.rosidl_typesupport_introspection_c.c
[14.735s] -- Installing: /home/rm_autoaim/suep2026/2025_ws/install/auto_aim_interfaces/local/lib/python3.10/dist-packages/auto_aim_interfaces/auto_aim_interfaces_s__rosidl_typesupport_c.cpython-310-x86_64-linux-gnu.so
[14.735s] -- Installing: /home/rm_autoaim/suep2026/2025_ws/install/auto_aim_interfaces/local/lib/python3.10/dist-packages/auto_aim_interfaces/auto_aim_interfaces_s__rosidl_typesupport_introspection_c.cpython-310-x86_64-linux-gnu.so
[14.735s] -- Installing: /home/rm_autoaim/suep2026/2025_ws/install/auto_aim_interfaces/local/lib/python3.10/dist-packages/auto_aim_interfaces/_auto_aim_interfaces_s.ep.rosidl_typesupport_c.c
[14.735s] -- Installing: /home/rm_autoaim/suep2026/2025_ws/install/auto_aim_interfaces/local/lib/python3.10/dist-packages/auto_aim_interfaces/libauto_aim_interfaces__rosidl_generator_py.so
[14.790s] Listing '/home/rm_autoaim/suep2026/2025_ws/install/auto_aim_interfaces/local/lib/python3.10/dist-packages/auto_aim_interfaces'...
[14.790s] Compiling '/home/rm_autoaim/suep2026/2025_ws/install/auto_aim_interfaces/local/lib/python3.10/dist-packages/auto_aim_interfaces/__init__.py'...
[14.790s] Listing '/home/rm_autoaim/suep2026/2025_ws/install/auto_aim_interfaces/local/lib/python3.10/dist-packages/auto_aim_interfaces/msg'...
[14.790s] Compiling '/home/rm_autoaim/suep2026/2025_ws/install/auto_aim_interfaces/local/lib/python3.10/dist-packages/auto_aim_interfaces/msg/__init__.py'...
[14.790s] Compiling '/home/rm_autoaim/suep2026/2025_ws/install/auto_aim_interfaces/local/lib/python3.10/dist-packages/auto_aim_interfaces/msg/_armor.py'...
[14.791s] Compiling '/home/rm_autoaim/suep2026/2025_ws/install/auto_aim_interfaces/local/lib/python3.10/dist-packages/auto_aim_interfaces/msg/_armors.py'...
[14.791s] Compiling '/home/rm_autoaim/suep2026/2025_ws/install/auto_aim_interfaces/local/lib/python3.10/dist-packages/auto_aim_interfaces/msg/_debug_armor.py'...
[14.791s] Compiling '/home/rm_autoaim/suep2026/2025_ws/install/auto_aim_interfaces/local/lib/python3.10/dist-packages/auto_aim_interfaces/msg/_debug_armors.py'...
[14.791s] Compiling '/home/rm_autoaim/suep2026/2025_ws/install/auto_aim_interfaces/local/lib/python3.10/dist-packages/auto_aim_interfaces/msg/_debug_light.py'...
[14.791s] Compiling '/home/rm_autoaim/suep2026/2025_ws/install/auto_aim_interfaces/local/lib/python3.10/dist-packages/auto_aim_interfaces/msg/_debug_lights.py'...
[14.791s] Compiling '/home/rm_autoaim/suep2026/2025_ws/install/auto_aim_interfaces/local/lib/python3.10/dist-packages/auto_aim_interfaces/msg/_target.py'...
[14.791s] Compiling '/home/rm_autoaim/suep2026/2025_ws/install/auto_aim_interfaces/local/lib/python3.10/dist-packages/auto_aim_interfaces/msg/_time_info.py'...
[14.791s] Compiling '/home/rm_autoaim/suep2026/2025_ws/install/auto_aim_interfaces/local/lib/python3.10/dist-packages/auto_aim_interfaces/msg/_tracker_info.py'...
[14.796s] -- Installing: /home/rm_autoaim/suep2026/2025_ws/install/auto_aim_interfaces/local/lib/python3.10/dist-packages/auto_aim_interfaces/auto_aim_interfaces_s__rosidl_typesupport_fastrtps_c.cpython-310-x86_64-linux-gnu.so
[14.797s] -- Set runtime path of "/home/rm_autoaim/suep2026/2025_ws/install/auto_aim_interfaces/local/lib/python3.10/dist-packages/auto_aim_interfaces/auto_aim_interfaces_s__rosidl_typesupport_fastrtps_c.cpython-310-x86_64-linux-gnu.so" to ""
[14.797s] -- Installing: /home/rm_autoaim/suep2026/2025_ws/install/auto_aim_interfaces/local/lib/python3.10/dist-packages/auto_aim_interfaces/auto_aim_interfaces_s__rosidl_typesupport_introspection_c.cpython-310-x86_64-linux-gnu.so
[14.797s] -- Set runtime path of "/home/rm_autoaim/suep2026/2025_ws/install/auto_aim_interfaces/local/lib/python3.10/dist-packages/auto_aim_interfaces/auto_aim_interfaces_s__rosidl_typesupport_introspection_c.cpython-310-x86_64-linux-gnu.so" to ""
[14.797s] -- Installing: /home/rm_autoaim/suep2026/2025_ws/install/auto_aim_interfaces/local/lib/python3.10/dist-packages/auto_aim_interfaces/auto_aim_interfaces_s__rosidl_typesupport_c.cpython-310-x86_64-linux-gnu.so
[14.798s] -- Set runtime path of "/home/rm_autoaim/suep2026/2025_ws/install/auto_aim_interfaces/local/lib/python3.10/dist-packages/auto_aim_interfaces/auto_aim_interfaces_s__rosidl_typesupport_c.cpython-310-x86_64-linux-gnu.so" to ""
[14.798s] -- Installing: /home/rm_autoaim/suep2026/2025_ws/install/auto_aim_interfaces/lib/libauto_aim_interfaces__rosidl_generator_py.so
[14.798s] -- Set runtime path of "/home/rm_autoaim/suep2026/2025_ws/install/auto_aim_interfaces/lib/libauto_aim_interfaces__rosidl_generator_py.so" to ""
[14.798s] -- Installing: /home/rm_autoaim/suep2026/2025_ws/install/auto_aim_interfaces/share/auto_aim_interfaces/msg/Armor.idl
[14.799s] -- Installing: /home/rm_autoaim/suep2026/2025_ws/install/auto_aim_interfaces/share/auto_aim_interfaces/msg/Armors.idl
[14.799s] -- Installing: /home/rm_autoaim/suep2026/2025_ws/install/auto_aim_interfaces/share/auto_aim_interfaces/msg/Target.idl
[14.799s] -- Installing: /home/rm_autoaim/suep2026/2025_ws/install/auto_aim_interfaces/share/auto_aim_interfaces/msg/DebugLight.idl
[14.799s] -- Installing: /home/rm_autoaim/suep2026/2025_ws/install/auto_aim_interfaces/share/auto_aim_interfaces/msg/DebugLights.idl
[14.799s] -- Installing: /home/rm_autoaim/suep2026/2025_ws/install/auto_aim_interfaces/share/auto_aim_interfaces/msg/DebugArmor.idl
[14.799s] -- Installing: /home/rm_autoaim/suep2026/2025_ws/install/auto_aim_interfaces/share/auto_aim_interfaces/msg/DebugArmors.idl
[14.799s] -- Installing: /home/rm_autoaim/suep2026/2025_ws/install/auto_aim_interfaces/share/auto_aim_interfaces/msg/TrackerInfo.idl
[14.799s] -- Installing: /home/rm_autoaim/suep2026/2025_ws/install/auto_aim_interfaces/share/auto_aim_interfaces/msg/TimeInfo.idl
[14.800s] -- Installing: /home/rm_autoaim/suep2026/2025_ws/install/auto_aim_interfaces/share/auto_aim_interfaces/msg/Armor.msg
[14.800s] -- Installing: /home/rm_autoaim/suep2026/2025_ws/install/auto_aim_interfaces/share/auto_aim_interfaces/msg/Armors.msg
[14.800s] -- Installing: /home/rm_autoaim/suep2026/2025_ws/install/auto_aim_interfaces/share/auto_aim_interfaces/msg/Target.msg
[14.800s] -- Installing: /home/rm_autoaim/suep2026/2025_ws/install/auto_aim_interfaces/share/auto_aim_interfaces/msg/DebugLight.msg
[14.800s] -- Installing: /home/rm_autoaim/suep2026/2025_ws/install/auto_aim_interfaces/share/auto_aim_interfaces/msg/DebugLights.msg
[14.800s] -- Installing: /home/rm_autoaim/suep2026/2025_ws/install/auto_aim_interfaces/share/auto_aim_interfaces/msg/DebugArmor.msg
[14.800s] -- Installing: /home/rm_autoaim/suep2026/2025_ws/install/auto_aim_interfaces/share/auto_aim_interfaces/msg/DebugArmors.msg
[14.801s] -- Installing: /home/rm_autoaim/suep2026/2025_ws/install/auto_aim_interfaces/share/auto_aim_interfaces/msg/TrackerInfo.msg
[14.801s] -- Installing: /home/rm_autoaim/suep2026/2025_ws/install/auto_aim_interfaces/share/auto_aim_interfaces/msg/TimeInfo.msg
[14.801s] -- Installing: /home/rm_autoaim/suep2026/2025_ws/install/auto_aim_interfaces/share/ament_index/resource_index/package_run_dependencies/auto_aim_interfaces
[14.801s] -- Installing: /home/rm_autoaim/suep2026/2025_ws/install/auto_aim_interfaces/share/ament_index/resource_index/parent_prefix_path/auto_aim_interfaces
[14.801s] -- Installing: /home/rm_autoaim/suep2026/2025_ws/install/auto_aim_interfaces/share/auto_aim_interfaces/environment/ament_prefix_path.sh
[14.801s] -- Installing: /home/rm_autoaim/suep2026/2025_ws/install/auto_aim_interfaces/share/auto_aim_interfaces/environment/ament_prefix_path.dsv
[14.802s] -- Installing: /home/rm_autoaim/suep2026/2025_ws/install/auto_aim_interfaces/share/auto_aim_interfaces/environment/path.sh
[14.802s] -- Installing: /home/rm_autoaim/suep2026/2025_ws/install/auto_aim_interfaces/share/auto_aim_interfaces/environment/path.dsv
[14.802s] -- Installing: /home/rm_autoaim/suep2026/2025_ws/install/auto_aim_interfaces/share/auto_aim_interfaces/local_setup.bash
[14.802s] -- Installing: /home/rm_autoaim/suep2026/2025_ws/install/auto_aim_interfaces/share/auto_aim_interfaces/local_setup.sh
[14.802s] -- Installing: /home/rm_autoaim/suep2026/2025_ws/install/auto_aim_interfaces/share/auto_aim_interfaces/local_setup.zsh
[14.802s] -- Installing: /home/rm_autoaim/suep2026/2025_ws/install/auto_aim_interfaces/share/auto_aim_interfaces/local_setup.dsv
[14.802s] -- Installing: /home/rm_autoaim/suep2026/2025_ws/install/auto_aim_interfaces/share/auto_aim_interfaces/package.dsv
[14.803s] -- Installing: /home/rm_autoaim/suep2026/2025_ws/install/auto_aim_interfaces/share/ament_index/resource_index/packages/auto_aim_interfaces
[14.803s] -- Installing: /home/rm_autoaim/suep2026/2025_ws/install/auto_aim_interfaces/share/auto_aim_interfaces/cmake/export_auto_aim_interfaces__rosidl_generator_cExport.cmake
[14.803s] -- Installing: /home/rm_autoaim/suep2026/2025_ws/install/auto_aim_interfaces/share/auto_aim_interfaces/cmake/export_auto_aim_interfaces__rosidl_generator_cExport-noconfig.cmake
[14.803s] -- Installing: /home/rm_autoaim/suep2026/2025_ws/install/auto_aim_interfaces/share/auto_aim_interfaces/cmake/export_auto_aim_interfaces__rosidl_typesupport_fastrtps_cExport.cmake
[14.803s] -- Installing: /home/rm_autoaim/suep2026/2025_ws/install/auto_aim_interfaces/share/auto_aim_interfaces/cmake/export_auto_aim_interfaces__rosidl_typesupport_fastrtps_cExport-noconfig.cmake
[14.803s] -- Installing: /home/rm_autoaim/suep2026/2025_ws/install/auto_aim_interfaces/share/auto_aim_interfaces/cmake/auto_aim_interfaces__rosidl_typesupport_introspection_cExport.cmake
[14.804s] -- Installing: /home/rm_autoaim/suep2026/2025_ws/install/auto_aim_interfaces/share/auto_aim_interfaces/cmake/auto_aim_interfaces__rosidl_typesupport_introspection_cExport-noconfig.cmake
[14.804s] -- Installing: /home/rm_autoaim/suep2026/2025_ws/install/auto_aim_interfaces/share/auto_aim_interfaces/cmake/auto_aim_interfaces__rosidl_typesupport_cExport.cmake
[14.804s] -- Installing: /home/rm_autoaim/suep2026/2025_ws/install/auto_aim_interfaces/share/auto_aim_interfaces/cmake/auto_aim_interfaces__rosidl_typesupport_cExport-noconfig.cmake
[14.804s] -- Installing: /home/rm_autoaim/suep2026/2025_ws/install/auto_aim_interfaces/share/auto_aim_interfaces/cmake/export_auto_aim_interfaces__rosidl_generator_cppExport.cmake
[14.804s] -- Installing: /home/rm_autoaim/suep2026/2025_ws/install/auto_aim_interfaces/share/auto_aim_interfaces/cmake/export_auto_aim_interfaces__rosidl_typesupport_fastrtps_cppExport.cmake
[14.804s] -- Installing: /home/rm_autoaim/suep2026/2025_ws/install/auto_aim_interfaces/share/auto_aim_interfaces/cmake/export_auto_aim_interfaces__rosidl_typesupport_fastrtps_cppExport-noconfig.cmake
[14.804s] -- Installing: /home/rm_autoaim/suep2026/2025_ws/install/auto_aim_interfaces/share/auto_aim_interfaces/cmake/auto_aim_interfaces__rosidl_typesupport_introspection_cppExport.cmake
[14.805s] -- Installing: /home/rm_autoaim/suep2026/2025_ws/install/auto_aim_interfaces/share/auto_aim_interfaces/cmake/auto_aim_interfaces__rosidl_typesupport_introspection_cppExport-noconfig.cmake
[14.805s] -- Installing: /home/rm_autoaim/suep2026/2025_ws/install/auto_aim_interfaces/share/auto_aim_interfaces/cmake/auto_aim_interfaces__rosidl_typesupport_cppExport.cmake
[14.805s] -- Installing: /home/rm_autoaim/suep2026/2025_ws/install/auto_aim_interfaces/share/auto_aim_interfaces/cmake/auto_aim_interfaces__rosidl_typesupport_cppExport-noconfig.cmake
[14.805s] -- Installing: /home/rm_autoaim/suep2026/2025_ws/install/auto_aim_interfaces/share/auto_aim_interfaces/cmake/export_auto_aim_interfaces__rosidl_generator_pyExport.cmake
[14.805s] -- Installing: /home/rm_autoaim/suep2026/2025_ws/install/auto_aim_interfaces/share/auto_aim_interfaces/cmake/export_auto_aim_interfaces__rosidl_generator_pyExport-noconfig.cmake
[14.805s] -- Installing: /home/rm_autoaim/suep2026/2025_ws/install/auto_aim_interfaces/share/auto_aim_interfaces/cmake/rosidl_cmake-extras.cmake
[14.806s] -- Installing: /home/rm_autoaim/suep2026/2025_ws/install/auto_aim_interfaces/share/auto_aim_interfaces/cmake/ament_cmake_export_dependencies-extras.cmake
[14.806s] -- Installing: /home/rm_autoaim/suep2026/2025_ws/install/auto_aim_interfaces/share/auto_aim_interfaces/cmake/ament_cmake_export_include_directories-extras.cmake
[14.806s] -- Installing: /home/rm_autoaim/suep2026/2025_ws/install/auto_aim_interfaces/share/auto_aim_interfaces/cmake/ament_cmake_export_libraries-extras.cmake
[14.806s] -- Installing: /home/rm_autoaim/suep2026/2025_ws/install/auto_aim_interfaces/share/auto_aim_interfaces/cmake/ament_cmake_export_targets-extras.cmake
[14.806s] -- Installing: /home/rm_autoaim/suep2026/2025_ws/install/auto_aim_interfaces/share/auto_aim_interfaces/cmake/rosidl_cmake_export_typesupport_targets-extras.cmake
[14.806s] -- Installing: /home/rm_autoaim/suep2026/2025_ws/install/auto_aim_interfaces/share/auto_aim_interfaces/cmake/rosidl_cmake_export_typesupport_libraries-extras.cmake
[14.806s] -- Installing: /home/rm_autoaim/suep2026/2025_ws/install/auto_aim_interfaces/share/auto_aim_interfaces/cmake/auto_aim_interfacesConfig.cmake
[14.807s] -- Installing: /home/rm_autoaim/suep2026/2025_ws/install/auto_aim_interfaces/share/auto_aim_interfaces/cmake/auto_aim_interfacesConfig-version.cmake
[14.807s] -- Installing: /home/rm_autoaim/suep2026/2025_ws/install/auto_aim_interfaces/share/auto_aim_interfaces/package.xml
[14.810s] Invoked command in '/home/rm_autoaim/suep2026/2025_ws/build/auto_aim_interfaces' returned '0': CMAKE_PREFIX_PATH=${CMAKE_PREFIX_PATH}:/opt/ros/humble /usr/bin/cmake --install /home/rm_autoaim/suep2026/2025_ws/build/auto_aim_interfaces
