[0.012s] Invoking command in '/home/rm_autoaim/suep2026/rm_ws/build/rm_vision_bringup': AMENT_PREFIX_PATH=/home/rm_autoaim/suep2026/rm_ws/install/rm_serial_driver:/home/rm_autoaim/suep2026/rm_ws/install/auto_aim_interfaces:${AMENT_PREFIX_PATH} CMAKE_PREFIX_PATH=/home/rm_autoaim/suep2026/rm_ws/install/rm_serial_driver:/home/rm_autoaim/suep2026/rm_ws/install/auto_aim_interfaces:/opt/ros/humble LD_LIBRARY_PATH=/home/rm_autoaim/suep2026/rm_ws/install/rm_serial_driver/lib:/home/rm_autoaim/suep2026/rm_ws/install/auto_aim_interfaces/lib:/opt/ros/humble/opt/rviz_ogre_vendor/lib:/opt/ros/humble/lib/x86_64-linux-gnu:/opt/ros/humble/lib:/opt/MVS/lib/64:/opt/MVS/lib/32 PYTHONPATH=/home/rm_autoaim/suep2026/rm_ws/install/auto_aim_interfaces/local/lib/python3.10/dist-packages:${PYTHONPATH} /usr/bin/cmake /home/rm_autoaim/suep2026/rm_ws/src/rm_vision/rm_vision_bringup -DCMAKE_INSTALL_PREFIX=/home/rm_autoaim/suep2026/rm_ws/install/rm_vision_bringup
[0.058s] -- The C compiler identification is GNU 11.4.0
[0.105s] -- The CXX compiler identification is GNU 11.4.0
[0.112s] -- Detecting C compiler ABI info
[0.172s] -- Detecting C compiler ABI info - done
[0.177s] -- Check for working C compiler: /usr/bin/cc - skipped
[0.178s] -- Detecting C compile features
[0.178s] -- Detecting C compile features - done
[0.180s] -- Detecting CXX compiler ABI info
[0.247s] -- Detecting CXX compiler ABI info - done
[0.253s] -- Check for working CXX compiler: /usr/bin/c++ - skipped
[0.253s] -- Detecting CXX compile features
[0.253s] -- Detecting CXX compile features - done
[0.256s] -- Found ament_cmake_auto: 1.3.12 (/opt/ros/humble/share/ament_cmake_auto/cmake)
[0.381s] -- Found Python3: /usr/bin/python3 (found version "3.10.12") found components: Interpreter 
[0.466s] -- Found ament_lint_auto: 0.12.14 (/opt/ros/humble/share/ament_lint_auto/cmake)
[0.522s] -- Configuring done
[0.524s] -- Generating done
[0.525s] -- Build files have been written to: /home/rm_autoaim/suep2026/rm_ws/build/rm_vision_bringup
[0.528s] Invoked command in '/home/rm_autoaim/suep2026/rm_ws/build/rm_vision_bringup' returned '0': AMENT_PREFIX_PATH=/home/rm_autoaim/suep2026/rm_ws/install/rm_serial_driver:/home/rm_autoaim/suep2026/rm_ws/install/auto_aim_interfaces:${AMENT_PREFIX_PATH} CMAKE_PREFIX_PATH=/home/rm_autoaim/suep2026/rm_ws/install/rm_serial_driver:/home/rm_autoaim/suep2026/rm_ws/install/auto_aim_interfaces:/opt/ros/humble LD_LIBRARY_PATH=/home/rm_autoaim/suep2026/rm_ws/install/rm_serial_driver/lib:/home/rm_autoaim/suep2026/rm_ws/install/auto_aim_interfaces/lib:/opt/ros/humble/opt/rviz_ogre_vendor/lib:/opt/ros/humble/lib/x86_64-linux-gnu:/opt/ros/humble/lib:/opt/MVS/lib/64:/opt/MVS/lib/32 PYTHONPATH=/home/rm_autoaim/suep2026/rm_ws/install/auto_aim_interfaces/local/lib/python3.10/dist-packages:${PYTHONPATH} /usr/bin/cmake /home/rm_autoaim/suep2026/rm_ws/src/rm_vision/rm_vision_bringup -DCMAKE_INSTALL_PREFIX=/home/rm_autoaim/suep2026/rm_ws/install/rm_vision_bringup
[0.529s] Invoking command in '/home/rm_autoaim/suep2026/rm_ws/build/rm_vision_bringup': AMENT_PREFIX_PATH=/home/rm_autoaim/suep2026/rm_ws/install/rm_serial_driver:/home/rm_autoaim/suep2026/rm_ws/install/auto_aim_interfaces:${AMENT_PREFIX_PATH} CMAKE_PREFIX_PATH=/home/rm_autoaim/suep2026/rm_ws/install/rm_serial_driver:/home/rm_autoaim/suep2026/rm_ws/install/auto_aim_interfaces:/opt/ros/humble LD_LIBRARY_PATH=/home/rm_autoaim/suep2026/rm_ws/install/rm_serial_driver/lib:/home/rm_autoaim/suep2026/rm_ws/install/auto_aim_interfaces/lib:/opt/ros/humble/opt/rviz_ogre_vendor/lib:/opt/ros/humble/lib/x86_64-linux-gnu:/opt/ros/humble/lib:/opt/MVS/lib/64:/opt/MVS/lib/32 PYTHONPATH=/home/rm_autoaim/suep2026/rm_ws/install/auto_aim_interfaces/local/lib/python3.10/dist-packages:${PYTHONPATH} /usr/bin/cmake --build /home/rm_autoaim/suep2026/rm_ws/build/rm_vision_bringup -- -j8 -l8
[0.559s] Invoked command in '/home/rm_autoaim/suep2026/rm_ws/build/rm_vision_bringup' returned '0': AMENT_PREFIX_PATH=/home/rm_autoaim/suep2026/rm_ws/install/rm_serial_driver:/home/rm_autoaim/suep2026/rm_ws/install/auto_aim_interfaces:${AMENT_PREFIX_PATH} CMAKE_PREFIX_PATH=/home/rm_autoaim/suep2026/rm_ws/install/rm_serial_driver:/home/rm_autoaim/suep2026/rm_ws/install/auto_aim_interfaces:/opt/ros/humble LD_LIBRARY_PATH=/home/rm_autoaim/suep2026/rm_ws/install/rm_serial_driver/lib:/home/rm_autoaim/suep2026/rm_ws/install/auto_aim_interfaces/lib:/opt/ros/humble/opt/rviz_ogre_vendor/lib:/opt/ros/humble/lib/x86_64-linux-gnu:/opt/ros/humble/lib:/opt/MVS/lib/64:/opt/MVS/lib/32 PYTHONPATH=/home/rm_autoaim/suep2026/rm_ws/install/auto_aim_interfaces/local/lib/python3.10/dist-packages:${PYTHONPATH} /usr/bin/cmake --build /home/rm_autoaim/suep2026/rm_ws/build/rm_vision_bringup -- -j8 -l8
[0.560s] Invoking command in '/home/rm_autoaim/suep2026/rm_ws/build/rm_vision_bringup': AMENT_PREFIX_PATH=/home/rm_autoaim/suep2026/rm_ws/install/rm_serial_driver:/home/rm_autoaim/suep2026/rm_ws/install/auto_aim_interfaces:${AMENT_PREFIX_PATH} CMAKE_PREFIX_PATH=/home/rm_autoaim/suep2026/rm_ws/install/rm_serial_driver:/home/rm_autoaim/suep2026/rm_ws/install/auto_aim_interfaces:/opt/ros/humble LD_LIBRARY_PATH=/home/rm_autoaim/suep2026/rm_ws/install/rm_serial_driver/lib:/home/rm_autoaim/suep2026/rm_ws/install/auto_aim_interfaces/lib:/opt/ros/humble/opt/rviz_ogre_vendor/lib:/opt/ros/humble/lib/x86_64-linux-gnu:/opt/ros/humble/lib:/opt/MVS/lib/64:/opt/MVS/lib/32 PYTHONPATH=/home/rm_autoaim/suep2026/rm_ws/install/auto_aim_interfaces/local/lib/python3.10/dist-packages:${PYTHONPATH} /usr/bin/cmake --install /home/rm_autoaim/suep2026/rm_ws/build/rm_vision_bringup
[0.566s] -- Install configuration: ""
[0.566s] -- Installing: /home/rm_autoaim/suep2026/rm_ws/install/rm_vision_bringup/share/rm_vision_bringup/launch
[0.566s] -- Installing: /home/rm_autoaim/suep2026/rm_ws/install/rm_vision_bringup/share/rm_vision_bringup/launch/no_hardware.launch.py
[0.566s] -- Installing: /home/rm_autoaim/suep2026/rm_ws/install/rm_vision_bringup/share/rm_vision_bringup/launch/common.py
[0.566s] -- Installing: /home/rm_autoaim/suep2026/rm_ws/install/rm_vision_bringup/share/rm_vision_bringup/launch/vision_bringup.launch.py
[0.566s] -- Installing: /home/rm_autoaim/suep2026/rm_ws/install/rm_vision_bringup/share/rm_vision_bringup/config
[0.566s] -- Installing: /home/rm_autoaim/suep2026/rm_ws/install/rm_vision_bringup/share/rm_vision_bringup/config/node_params.yaml
[0.566s] -- Installing: /home/rm_autoaim/suep2026/rm_ws/install/rm_vision_bringup/share/rm_vision_bringup/config/camera_info.yaml
[0.566s] -- Installing: /home/rm_autoaim/suep2026/rm_ws/install/rm_vision_bringup/share/rm_vision_bringup/config/launch_params.yaml
[0.567s] -- Installing: /home/rm_autoaim/suep2026/rm_ws/install/rm_vision_bringup/share/ament_index/resource_index/package_run_dependencies/rm_vision_bringup
[0.567s] -- Installing: /home/rm_autoaim/suep2026/rm_ws/install/rm_vision_bringup/share/ament_index/resource_index/parent_prefix_path/rm_vision_bringup
[0.567s] -- Installing: /home/rm_autoaim/suep2026/rm_ws/install/rm_vision_bringup/share/rm_vision_bringup/environment/ament_prefix_path.sh
[0.567s] -- Installing: /home/rm_autoaim/suep2026/rm_ws/install/rm_vision_bringup/share/rm_vision_bringup/environment/ament_prefix_path.dsv
[0.567s] -- Installing: /home/rm_autoaim/suep2026/rm_ws/install/rm_vision_bringup/share/rm_vision_bringup/environment/path.sh
[0.567s] -- Installing: /home/rm_autoaim/suep2026/rm_ws/install/rm_vision_bringup/share/rm_vision_bringup/environment/path.dsv
[0.567s] -- Installing: /home/rm_autoaim/suep2026/rm_ws/install/rm_vision_bringup/share/rm_vision_bringup/local_setup.bash
[0.567s] -- Installing: /home/rm_autoaim/suep2026/rm_ws/install/rm_vision_bringup/share/rm_vision_bringup/local_setup.sh
[0.567s] -- Installing: /home/rm_autoaim/suep2026/rm_ws/install/rm_vision_bringup/share/rm_vision_bringup/local_setup.zsh
[0.567s] -- Installing: /home/rm_autoaim/suep2026/rm_ws/install/rm_vision_bringup/share/rm_vision_bringup/local_setup.dsv
[0.567s] -- Installing: /home/rm_autoaim/suep2026/rm_ws/install/rm_vision_bringup/share/rm_vision_bringup/package.dsv
[0.567s] -- Installing: /home/rm_autoaim/suep2026/rm_ws/install/rm_vision_bringup/share/ament_index/resource_index/packages/rm_vision_bringup
[0.567s] -- Installing: /home/rm_autoaim/suep2026/rm_ws/install/rm_vision_bringup/share/rm_vision_bringup/cmake/rm_vision_bringupConfig.cmake
[0.567s] -- Installing: /home/rm_autoaim/suep2026/rm_ws/install/rm_vision_bringup/share/rm_vision_bringup/cmake/rm_vision_bringupConfig-version.cmake
[0.568s] -- Installing: /home/rm_autoaim/suep2026/rm_ws/install/rm_vision_bringup/share/rm_vision_bringup/package.xml
[0.570s] Invoked command in '/home/rm_autoaim/suep2026/rm_ws/build/rm_vision_bringup' returned '0': AMENT_PREFIX_PATH=/home/rm_autoaim/suep2026/rm_ws/install/rm_serial_driver:/home/rm_autoaim/suep2026/rm_ws/install/auto_aim_interfaces:${AMENT_PREFIX_PATH} CMAKE_PREFIX_PATH=/home/rm_autoaim/suep2026/rm_ws/install/rm_serial_driver:/home/rm_autoaim/suep2026/rm_ws/install/auto_aim_interfaces:/opt/ros/humble LD_LIBRARY_PATH=/home/rm_autoaim/suep2026/rm_ws/install/rm_serial_driver/lib:/home/rm_autoaim/suep2026/rm_ws/install/auto_aim_interfaces/lib:/opt/ros/humble/opt/rviz_ogre_vendor/lib:/opt/ros/humble/lib/x86_64-linux-gnu:/opt/ros/humble/lib:/opt/MVS/lib/64:/opt/MVS/lib/32 PYTHONPATH=/home/rm_autoaim/suep2026/rm_ws/install/auto_aim_interfaces/local/lib/python3.10/dist-packages:${PYTHONPATH} /usr/bin/cmake --install /home/rm_autoaim/suep2026/rm_ws/build/rm_vision_bringup
