[0.010s] Invoking command in '/home/rm_autoaim/suep2026/rm_ws/build/hik_camera': CMAKE_PREFIX_PATH=/opt/ros/humble /usr/bin/cmake /home/rm_autoaim/suep2026/rm_ws/src/hik_camera -DCMAKE_INSTALL_PREFIX=/home/rm_autoaim/suep2026/rm_ws/install/hik_camera
[0.021s] -- Found cv_bridge: 3.2.1 (/opt/ros/humble/share/cv_bridge/cmake)
[0.139s] -- Found Python3: /usr/bin/python3 (found version "3.10.12") found components: Interpreter 
[0.238s] -- Found rosidl_generator_c: 3.1.7 (/opt/ros/humble/share/rosidl_generator_c/cmake)
[0.241s] -- Found rosidl_adapter: 3.1.7 (/opt/ros/humble/share/rosidl_adapter/cmake)
[0.246s] -- Found rosidl_generator_cpp: 3.1.7 (/opt/ros/humble/share/rosidl_generator_cpp/cmake)
[0.255s] -- Using all available rosidl_typesupport_c: rosidl_typesupport_fastrtps_c;rosidl_typesupport_introspection_c
[0.266s] -- Using all available rosidl_typesupport_cpp: rosidl_typesupport_fastrtps_cpp;rosidl_typesupport_introspection_cpp
[0.323s] -- Found OpenCV: /usr (found version "4.5.4") 
[0.324s] -- Found ament_cmake_auto: 1.3.12 (/opt/ros/humble/share/ament_cmake_auto/cmake)
[0.419s] -- Found rmw_implementation_cmake: 6.1.2 (/opt/ros/humble/share/rmw_implementation_cmake/cmake)
[0.421s] -- Found rmw_fastrtps_cpp: 6.2.8 (/opt/ros/humble/share/rmw_fastrtps_cpp/cmake)
[0.497s] -- Found OpenSSL: /usr/lib/x86_64-linux-gnu/libcrypto.so (found version "3.0.2")  
[0.517s] -- Found FastRTPS: /opt/ros/humble/include  
[0.548s] -- Using RMW implementation 'rmw_fastrtps_cpp' as default
[0.555s] -- Looking for pthread.h
[0.617s] -- Looking for pthread.h - found
[0.617s] -- Performing Test CMAKE_HAVE_LIBC_PTHREAD
[0.678s] -- Performing Test CMAKE_HAVE_LIBC_PTHREAD - Success
[0.680s] -- Found Threads: TRUE  
[0.774s] -- Found ament_lint_auto: 0.12.14 (/opt/ros/humble/share/ament_lint_auto/cmake)
[0.787s] -- Added test 'cppcheck' to perform static code analysis on C / C++ code
[0.787s] -- Configured cppcheck include dirs: $<BUILD_INTERFACE:/home/rm_autoaim/suep2026/rm_ws/src/hik_camera/hikSDK/include>
[0.787s] -- Configured cppcheck exclude dirs and/or files: 
[0.787s] -- Added test 'flake8' to check Python code syntax and style conventions
[0.788s] -- Added test 'lint_cmake' to check CMake code style
[0.788s] -- Added test 'pep257' to check Python code against some of the docstring style conventions in PEP 257
[0.788s] -- Added test 'xmllint' to check XML markup files
[0.790s] -- Configuring done
[0.798s] [33mCMake Warning (dev):
[0.798s]   The library that is being linked to, yaml-cpp, is marked as being
[0.798s]   deprecated by the owner.  The message provided by the developer is:
[0.798s] 
[0.798s]   The target yaml-cpp is deprecated and will be removed in version 0.10.0.
[0.798s]   Use the yaml-cpp::yaml-cpp target instead.
[0.799s] 
[0.799s] This warning is for project developers.  Use -Wno-dev to suppress it.
[0.799s] [0m
[0.804s] -- Generating done
[0.809s] -- Build files have been written to: /home/rm_autoaim/suep2026/rm_ws/build/hik_camera
[0.815s] Invoked command in '/home/rm_autoaim/suep2026/rm_ws/build/hik_camera' returned '0': CMAKE_PREFIX_PATH=/opt/ros/humble /usr/bin/cmake /home/rm_autoaim/suep2026/rm_ws/src/hik_camera -DCMAKE_INSTALL_PREFIX=/home/rm_autoaim/suep2026/rm_ws/install/hik_camera
[0.816s] Invoking command in '/home/rm_autoaim/suep2026/rm_ws/build/hik_camera': CMAKE_PREFIX_PATH=/opt/ros/humble /usr/bin/cmake --build /home/rm_autoaim/suep2026/rm_ws/build/hik_camera -- -j8 -l8
[0.860s] [ 50%] [32mBuilding CXX object CMakeFiles/hik_camera_node.dir/rclcpp_components/node_main_hik_camera_node.cpp.o[0m
[0.861s] [ 50%] [32mBuilding CXX object CMakeFiles/hik_camera.dir/src/hik_camera_node.cpp.o[0m
[6.178s] [ 75%] [32m[1mLinking CXX executable hik_camera_node[0m
[6.299s] [ 75%] Built target hik_camera_node
[6.361s] [100%] [32m[1mLinking CXX shared library libhik_camera.so[0m
[6.500s] [100%] Built target hik_camera
[6.510s] Invoked command in '/home/rm_autoaim/suep2026/rm_ws/build/hik_camera' returned '0': CMAKE_PREFIX_PATH=/opt/ros/humble /usr/bin/cmake --build /home/rm_autoaim/suep2026/rm_ws/build/hik_camera -- -j8 -l8
[6.511s] Invoking command in '/home/rm_autoaim/suep2026/rm_ws/build/hik_camera': CMAKE_PREFIX_PATH=/opt/ros/humble /usr/bin/cmake --install /home/rm_autoaim/suep2026/rm_ws/build/hik_camera
[6.517s] -- Install configuration: ""
[6.517s] -- Installing: /home/rm_autoaim/suep2026/rm_ws/install/hik_camera/lib
[6.517s] -- Installing: /home/rm_autoaim/suep2026/rm_ws/install/hik_camera/lib/libMvUsb3vTL.so
[6.522s] -- Installing: /home/rm_autoaim/suep2026/rm_ws/install/hik_camera/lib/libFormatConversion.so
[6.523s] -- Installing: /home/rm_autoaim/suep2026/rm_ws/install/hik_camera/lib/libMVRender.so
[6.523s] -- Installing: /home/rm_autoaim/suep2026/rm_ws/install/hik_camera/lib/libMvCameraControl.so
[6.529s] -- Installing: /home/rm_autoaim/suep2026/rm_ws/install/hik_camera/lib/libMediaProcess.so
[6.531s] -- Installing: /home/rm_autoaim/suep2026/rm_ws/install/hik_camera/lib/hik_camera/hik_camera_node
[6.531s] -- Set runtime path of "/home/rm_autoaim/suep2026/rm_ws/install/hik_camera/lib/hik_camera/hik_camera_node" to ""
[6.531s] -- Installing: /home/rm_autoaim/suep2026/rm_ws/install/hik_camera/share/hik_camera/environment/library_path.sh
[6.531s] -- Installing: /home/rm_autoaim/suep2026/rm_ws/install/hik_camera/share/hik_camera/environment/library_path.dsv
[6.532s] -- Installing: /home/rm_autoaim/suep2026/rm_ws/install/hik_camera/lib/libhik_camera.so
[6.532s] -- Set runtime path of "/home/rm_autoaim/suep2026/rm_ws/install/hik_camera/lib/libhik_camera.so" to ""
[6.532s] -- Installing: /home/rm_autoaim/suep2026/rm_ws/install/hik_camera/share/hik_camera/config
[6.532s] -- Installing: /home/rm_autoaim/suep2026/rm_ws/install/hik_camera/share/hik_camera/config/camera_params.yaml
[6.532s] -- Installing: /home/rm_autoaim/suep2026/rm_ws/install/hik_camera/share/hik_camera/config/camera_info.yaml
[6.532s] -- Installing: /home/rm_autoaim/suep2026/rm_ws/install/hik_camera/share/hik_camera/launch
[6.532s] -- Installing: /home/rm_autoaim/suep2026/rm_ws/install/hik_camera/share/hik_camera/launch/hik_camera.launch.py
[6.532s] -- Installing: /home/rm_autoaim/suep2026/rm_ws/install/hik_camera/share/ament_index/resource_index/package_run_dependencies/hik_camera
[6.533s] -- Installing: /home/rm_autoaim/suep2026/rm_ws/install/hik_camera/share/ament_index/resource_index/parent_prefix_path/hik_camera
[6.533s] -- Installing: /home/rm_autoaim/suep2026/rm_ws/install/hik_camera/share/hik_camera/environment/ament_prefix_path.sh
[6.533s] -- Installing: /home/rm_autoaim/suep2026/rm_ws/install/hik_camera/share/hik_camera/environment/ament_prefix_path.dsv
[6.533s] -- Installing: /home/rm_autoaim/suep2026/rm_ws/install/hik_camera/share/hik_camera/environment/path.sh
[6.533s] -- Installing: /home/rm_autoaim/suep2026/rm_ws/install/hik_camera/share/hik_camera/environment/path.dsv
[6.533s] -- Installing: /home/rm_autoaim/suep2026/rm_ws/install/hik_camera/share/hik_camera/local_setup.bash
[6.533s] -- Installing: /home/rm_autoaim/suep2026/rm_ws/install/hik_camera/share/hik_camera/local_setup.sh
[6.533s] -- Installing: /home/rm_autoaim/suep2026/rm_ws/install/hik_camera/share/hik_camera/local_setup.zsh
[6.533s] -- Installing: /home/rm_autoaim/suep2026/rm_ws/install/hik_camera/share/hik_camera/local_setup.dsv
[6.533s] -- Installing: /home/rm_autoaim/suep2026/rm_ws/install/hik_camera/share/hik_camera/package.dsv
[6.533s] -- Installing: /home/rm_autoaim/suep2026/rm_ws/install/hik_camera/share/ament_index/resource_index/packages/hik_camera
[6.533s] -- Installing: /home/rm_autoaim/suep2026/rm_ws/install/hik_camera/share/ament_index/resource_index/rclcpp_components/hik_camera
[6.534s] -- Installing: /home/rm_autoaim/suep2026/rm_ws/install/hik_camera/share/hik_camera/cmake/ament_cmake_export_dependencies-extras.cmake
[6.534s] -- Installing: /home/rm_autoaim/suep2026/rm_ws/install/hik_camera/share/hik_camera/cmake/ament_cmake_export_libraries-extras.cmake
[6.534s] -- Installing: /home/rm_autoaim/suep2026/rm_ws/install/hik_camera/share/hik_camera/cmake/hik_cameraConfig.cmake
[6.534s] -- Installing: /home/rm_autoaim/suep2026/rm_ws/install/hik_camera/share/hik_camera/cmake/hik_cameraConfig-version.cmake
[6.534s] -- Installing: /home/rm_autoaim/suep2026/rm_ws/install/hik_camera/share/hik_camera/package.xml
[6.536s] Invoked command in '/home/rm_autoaim/suep2026/rm_ws/build/hik_camera' returned '0': CMAKE_PREFIX_PATH=/opt/ros/humble /usr/bin/cmake --install /home/rm_autoaim/suep2026/rm_ws/build/hik_camera
