[0.015s] Invoking command in '/home/rm_autoaim/suep2026/2025_ws/build/buff_tracker': CMAKE_PREFIX_PATH=/home/rm_autoaim/suep2026/2025_ws/install/buff_interfaces:/home/rm_autoaim/suep2026/2025_ws/install/rm_vision_bringup:/home/rm_autoaim/suep2026/2025_ws/install/rm_buff_bringup:/home/rm_autoaim/suep2026/2025_ws/install/rm_serial_driver:/home/rm_autoaim/suep2026/2025_ws/install/rm_gimbal_description:/home/rm_autoaim/suep2026/2025_ws/install/rm_buff:/home/rm_autoaim/suep2026/2025_ws/install/rm_auto_record:/home/rm_autoaim/suep2026/2025_ws/install/rm_auto_aim:/home/rm_autoaim/suep2026/2025_ws/install/hik_camera:/home/rm_autoaim/suep2026/2025_ws/install/buff_tracker:/home/rm_autoaim/suep2026/2025_ws/install/buff_detector:/home/rm_autoaim/suep2026/2025_ws/install/armor_tracker:/home/rm_autoaim/suep2026/2025_ws/install/armor_detector:/home/rm_autoaim/suep2026/2025_ws/install/auto_aim_interfaces:/opt/ros/humble LD_LIBRARY_PATH=/home/rm_autoaim/suep2026/2025_ws/install/buff_interfaces/lib:/home/rm_autoaim/suep2026/2025_ws/install/rm_serial_driver/lib:/home/rm_autoaim/suep2026/2025_ws/install/rm_auto_record/lib:/home/rm_autoaim/suep2026/2025_ws/install/hik_camera/lib:/home/rm_autoaim/suep2026/2025_ws/install/buff_tracker/lib:/home/rm_autoaim/suep2026/2025_ws/install/buff_detector/lib:/home/rm_autoaim/suep2026/2025_ws/install/armor_tracker/lib:/home/rm_autoaim/suep2026/2025_ws/install/armor_detector/lib:/home/rm_autoaim/suep2026/2025_ws/install/auto_aim_interfaces/lib:/opt/ros/humble/opt/rviz_ogre_vendor/lib:/opt/ros/humble/lib/x86_64-linux-gnu:/opt/ros/humble/lib:/opt/MVS/lib/64:/opt/MVS/lib/32 /usr/bin/cmake /home/rm_autoaim/suep2026/2025_ws/src/rm_buff/buff_tracker -DCMAKE_INSTALL_PREFIX=/home/rm_autoaim/suep2026/2025_ws/install/buff_tracker
[0.079s] -- The C compiler identification is GNU 11.4.0
[0.148s] -- The CXX compiler identification is GNU 11.4.0
[0.157s] -- Detecting C compiler ABI info
[0.249s] -- Detecting C compiler ABI info - done
[0.258s] -- Check for working C compiler: /usr/bin/cc - skipped
[0.258s] -- Detecting C compile features
[0.259s] -- Detecting C compile features - done
[0.262s] -- Detecting CXX compiler ABI info
[0.388s] -- Detecting CXX compiler ABI info - done
[0.405s] -- Check for working CXX compiler: /usr/bin/c++ - skipped
[0.406s] -- Detecting CXX compile features
[0.407s] -- Detecting CXX compile features - done
[0.411s] -- Found ament_cmake_auto: 1.3.12 (/opt/ros/humble/share/ament_cmake_auto/cmake)
[0.649s] -- Found Python3: /usr/bin/python3 (found version "3.10.12") found components: Interpreter 
[0.755s] -- Found OpenCV: /usr (found version "4.5.4") 
[0.937s] -- Found rosidl_generator_c: 3.1.7 (/opt/ros/humble/share/rosidl_generator_c/cmake)
[0.947s] -- Found rosidl_adapter: 3.1.7 (/opt/ros/humble/share/rosidl_adapter/cmake)
[0.961s] -- Found rosidl_generator_cpp: 3.1.7 (/opt/ros/humble/share/rosidl_generator_cpp/cmake)
[0.977s] -- Using all available rosidl_typesupport_c: rosidl_typesupport_fastrtps_c;rosidl_typesupport_introspection_c
[0.999s] -- Using all available rosidl_typesupport_cpp: rosidl_typesupport_fastrtps_cpp;rosidl_typesupport_introspection_cpp
[1.048s] -- Found rmw_implementation_cmake: 6.1.2 (/opt/ros/humble/share/rmw_implementation_cmake/cmake)
[1.051s] -- Found rmw_fastrtps_cpp: 6.2.8 (/opt/ros/humble/share/rmw_fastrtps_cpp/cmake)
[1.162s] -- Found OpenSSL: /usr/lib/x86_64-linux-gnu/libcrypto.so (found version "3.0.2")  
[1.184s] -- Found FastRTPS: /opt/ros/humble/include  
[1.225s] -- Using RMW implementation 'rmw_fastrtps_cpp' as default
[1.231s] -- Looking for pthread.h
[1.331s] -- Looking for pthread.h - found
[1.331s] -- Performing Test CMAKE_HAVE_LIBC_PTHREAD
[1.438s] -- Performing Test CMAKE_HAVE_LIBC_PTHREAD - Success
[1.439s] -- Found Threads: TRUE  
[1.761s] -- Found eigen3_cmake_module: 0.1.1 (/opt/ros/humble/share/eigen3_cmake_module/cmake)
[1.762s] -- Found Eigen3: TRUE (found version "3.4.0") 
[1.762s] -- Ensuring Eigen3 include directory is part of orocos-kdl CMake target
[1.950s] -- Found ament_lint_auto: 0.12.14 (/opt/ros/humble/share/ament_lint_auto/cmake)
[1.977s] [0mIn this package, headers install destination is set to `include` by ament_auto_package. It is recommended to install `include/buff_tracker` instead and will be the default behavior of ament_auto_package from ROS 2 Kilted Kaiju. On distributions before Kilted, ament_auto_package behaves the same way when you use USE_SCOPED_HEADER_INSTALL_DIR option.[0m
[1.982s] -- Added test 'cppcheck' to perform static code analysis on C / C++ code
[1.982s] -- Configured cppcheck include dirs: /home/rm_autoaim/suep2026/2025_ws/src/rm_buff/buff_tracker/include
[1.982s] -- Configured cppcheck exclude dirs and/or files: 
[1.984s] -- Added test 'lint_cmake' to check CMake code style
[1.985s] -- Added test 'xmllint' to check XML markup files
[1.988s] -- Configuring done
[2.020s] -- Generating done
[2.029s] -- Build files have been written to: /home/rm_autoaim/suep2026/2025_ws/build/buff_tracker
[2.041s] Invoked command in '/home/rm_autoaim/suep2026/2025_ws/build/buff_tracker' returned '0': CMAKE_PREFIX_PATH=/home/rm_autoaim/suep2026/2025_ws/install/buff_interfaces:/home/rm_autoaim/suep2026/2025_ws/install/rm_vision_bringup:/home/rm_autoaim/suep2026/2025_ws/install/rm_buff_bringup:/home/rm_autoaim/suep2026/2025_ws/install/rm_serial_driver:/home/rm_autoaim/suep2026/2025_ws/install/rm_gimbal_description:/home/rm_autoaim/suep2026/2025_ws/install/rm_buff:/home/rm_autoaim/suep2026/2025_ws/install/rm_auto_record:/home/rm_autoaim/suep2026/2025_ws/install/rm_auto_aim:/home/rm_autoaim/suep2026/2025_ws/install/hik_camera:/home/rm_autoaim/suep2026/2025_ws/install/buff_tracker:/home/rm_autoaim/suep2026/2025_ws/install/buff_detector:/home/rm_autoaim/suep2026/2025_ws/install/armor_tracker:/home/rm_autoaim/suep2026/2025_ws/install/armor_detector:/home/rm_autoaim/suep2026/2025_ws/install/auto_aim_interfaces:/opt/ros/humble LD_LIBRARY_PATH=/home/rm_autoaim/suep2026/2025_ws/install/buff_interfaces/lib:/home/rm_autoaim/suep2026/2025_ws/install/rm_serial_driver/lib:/home/rm_autoaim/suep2026/2025_ws/install/rm_auto_record/lib:/home/rm_autoaim/suep2026/2025_ws/install/hik_camera/lib:/home/rm_autoaim/suep2026/2025_ws/install/buff_tracker/lib:/home/rm_autoaim/suep2026/2025_ws/install/buff_detector/lib:/home/rm_autoaim/suep2026/2025_ws/install/armor_tracker/lib:/home/rm_autoaim/suep2026/2025_ws/install/armor_detector/lib:/home/rm_autoaim/suep2026/2025_ws/install/auto_aim_interfaces/lib:/opt/ros/humble/opt/rviz_ogre_vendor/lib:/opt/ros/humble/lib/x86_64-linux-gnu:/opt/ros/humble/lib:/opt/MVS/lib/64:/opt/MVS/lib/32 /usr/bin/cmake /home/rm_autoaim/suep2026/2025_ws/src/rm_buff/buff_tracker -DCMAKE_INSTALL_PREFIX=/home/rm_autoaim/suep2026/2025_ws/install/buff_tracker
[2.043s] Invoking command in '/home/rm_autoaim/suep2026/2025_ws/build/buff_tracker': CMAKE_PREFIX_PATH=/home/rm_autoaim/suep2026/2025_ws/install/buff_interfaces:/home/rm_autoaim/suep2026/2025_ws/install/rm_vision_bringup:/home/rm_autoaim/suep2026/2025_ws/install/rm_buff_bringup:/home/rm_autoaim/suep2026/2025_ws/install/rm_serial_driver:/home/rm_autoaim/suep2026/2025_ws/install/rm_gimbal_description:/home/rm_autoaim/suep2026/2025_ws/install/rm_buff:/home/rm_autoaim/suep2026/2025_ws/install/rm_auto_record:/home/rm_autoaim/suep2026/2025_ws/install/rm_auto_aim:/home/rm_autoaim/suep2026/2025_ws/install/hik_camera:/home/rm_autoaim/suep2026/2025_ws/install/buff_tracker:/home/rm_autoaim/suep2026/2025_ws/install/buff_detector:/home/rm_autoaim/suep2026/2025_ws/install/armor_tracker:/home/rm_autoaim/suep2026/2025_ws/install/armor_detector:/home/rm_autoaim/suep2026/2025_ws/install/auto_aim_interfaces:/opt/ros/humble LD_LIBRARY_PATH=/home/rm_autoaim/suep2026/2025_ws/install/buff_interfaces/lib:/home/rm_autoaim/suep2026/2025_ws/install/rm_serial_driver/lib:/home/rm_autoaim/suep2026/2025_ws/install/rm_auto_record/lib:/home/rm_autoaim/suep2026/2025_ws/install/hik_camera/lib:/home/rm_autoaim/suep2026/2025_ws/install/buff_tracker/lib:/home/rm_autoaim/suep2026/2025_ws/install/buff_detector/lib:/home/rm_autoaim/suep2026/2025_ws/install/armor_tracker/lib:/home/rm_autoaim/suep2026/2025_ws/install/armor_detector/lib:/home/rm_autoaim/suep2026/2025_ws/install/auto_aim_interfaces/lib:/opt/ros/humble/opt/rviz_ogre_vendor/lib:/opt/ros/humble/lib/x86_64-linux-gnu:/opt/ros/humble/lib:/opt/MVS/lib/64:/opt/MVS/lib/32 /usr/bin/cmake --build /home/rm_autoaim/suep2026/2025_ws/build/buff_tracker -- -j8 -l8
[2.168s] [ 14%] [32mBuilding CXX object CMakeFiles/buff_tracker_node.dir/rclcpp_components/node_main_buff_tracker_node.cpp.o[0m
[2.188s] [ 28%] [32mBuilding CXX object CMakeFiles/buff_tracker.dir/src/tracker_node.cpp.o[0m
[2.191s] [ 42%] [32mBuilding CXX object CMakeFiles/buff_tracker.dir/src/extended_kalman_filter.cpp.o[0m
[2.192s] [ 57%] [32mBuilding CXX object CMakeFiles/buff_tracker.dir/src/gauss_newton_solver.cpp.o[0m
[2.213s] [ 71%] [32mBuilding CXX object CMakeFiles/buff_tracker.dir/src/tracker.cpp.o[0m
[14.356s] [ 85%] [32m[1mLinking CXX executable buff_tracker_node[0m
[14.621s] [ 85%] Built target buff_tracker_node
[31.300s] [100%] [32m[1mLinking CXX shared library libbuff_tracker.so[0m
[33.038s] [100%] Built target buff_tracker
[33.052s] Invoked command in '/home/rm_autoaim/suep2026/2025_ws/build/buff_tracker' returned '0': CMAKE_PREFIX_PATH=/home/rm_autoaim/suep2026/2025_ws/install/buff_interfaces:/home/rm_autoaim/suep2026/2025_ws/install/rm_vision_bringup:/home/rm_autoaim/suep2026/2025_ws/install/rm_buff_bringup:/home/rm_autoaim/suep2026/2025_ws/install/rm_serial_driver:/home/rm_autoaim/suep2026/2025_ws/install/rm_gimbal_description:/home/rm_autoaim/suep2026/2025_ws/install/rm_buff:/home/rm_autoaim/suep2026/2025_ws/install/rm_auto_record:/home/rm_autoaim/suep2026/2025_ws/install/rm_auto_aim:/home/rm_autoaim/suep2026/2025_ws/install/hik_camera:/home/rm_autoaim/suep2026/2025_ws/install/buff_tracker:/home/rm_autoaim/suep2026/2025_ws/install/buff_detector:/home/rm_autoaim/suep2026/2025_ws/install/armor_tracker:/home/rm_autoaim/suep2026/2025_ws/install/armor_detector:/home/rm_autoaim/suep2026/2025_ws/install/auto_aim_interfaces:/opt/ros/humble LD_LIBRARY_PATH=/home/rm_autoaim/suep2026/2025_ws/install/buff_interfaces/lib:/home/rm_autoaim/suep2026/2025_ws/install/rm_serial_driver/lib:/home/rm_autoaim/suep2026/2025_ws/install/rm_auto_record/lib:/home/rm_autoaim/suep2026/2025_ws/install/hik_camera/lib:/home/rm_autoaim/suep2026/2025_ws/install/buff_tracker/lib:/home/rm_autoaim/suep2026/2025_ws/install/buff_detector/lib:/home/rm_autoaim/suep2026/2025_ws/install/armor_tracker/lib:/home/rm_autoaim/suep2026/2025_ws/install/armor_detector/lib:/home/rm_autoaim/suep2026/2025_ws/install/auto_aim_interfaces/lib:/opt/ros/humble/opt/rviz_ogre_vendor/lib:/opt/ros/humble/lib/x86_64-linux-gnu:/opt/ros/humble/lib:/opt/MVS/lib/64:/opt/MVS/lib/32 /usr/bin/cmake --build /home/rm_autoaim/suep2026/2025_ws/build/buff_tracker -- -j8 -l8
[33.054s] Invoking command in '/home/rm_autoaim/suep2026/2025_ws/build/buff_tracker': CMAKE_PREFIX_PATH=/home/rm_autoaim/suep2026/2025_ws/install/buff_interfaces:/home/rm_autoaim/suep2026/2025_ws/install/rm_vision_bringup:/home/rm_autoaim/suep2026/2025_ws/install/rm_buff_bringup:/home/rm_autoaim/suep2026/2025_ws/install/rm_serial_driver:/home/rm_autoaim/suep2026/2025_ws/install/rm_gimbal_description:/home/rm_autoaim/suep2026/2025_ws/install/rm_buff:/home/rm_autoaim/suep2026/2025_ws/install/rm_auto_record:/home/rm_autoaim/suep2026/2025_ws/install/rm_auto_aim:/home/rm_autoaim/suep2026/2025_ws/install/hik_camera:/home/rm_autoaim/suep2026/2025_ws/install/buff_tracker:/home/rm_autoaim/suep2026/2025_ws/install/buff_detector:/home/rm_autoaim/suep2026/2025_ws/install/armor_tracker:/home/rm_autoaim/suep2026/2025_ws/install/armor_detector:/home/rm_autoaim/suep2026/2025_ws/install/auto_aim_interfaces:/opt/ros/humble LD_LIBRARY_PATH=/home/rm_autoaim/suep2026/2025_ws/install/buff_interfaces/lib:/home/rm_autoaim/suep2026/2025_ws/install/rm_serial_driver/lib:/home/rm_autoaim/suep2026/2025_ws/install/rm_auto_record/lib:/home/rm_autoaim/suep2026/2025_ws/install/hik_camera/lib:/home/rm_autoaim/suep2026/2025_ws/install/buff_tracker/lib:/home/rm_autoaim/suep2026/2025_ws/install/buff_detector/lib:/home/rm_autoaim/suep2026/2025_ws/install/armor_tracker/lib:/home/rm_autoaim/suep2026/2025_ws/install/armor_detector/lib:/home/rm_autoaim/suep2026/2025_ws/install/auto_aim_interfaces/lib:/opt/ros/humble/opt/rviz_ogre_vendor/lib:/opt/ros/humble/lib/x86_64-linux-gnu:/opt/ros/humble/lib:/opt/MVS/lib/64:/opt/MVS/lib/32 /usr/bin/cmake --install /home/rm_autoaim/suep2026/2025_ws/build/buff_tracker
[33.061s] -- Install configuration: ""
[33.061s] -- Installing: /home/rm_autoaim/suep2026/2025_ws/install/buff_tracker/lib/buff_tracker/buff_tracker_node
[33.061s] -- Set runtime path of "/home/rm_autoaim/suep2026/2025_ws/install/buff_tracker/lib/buff_tracker/buff_tracker_node" to ""
[33.061s] -- Installing: /home/rm_autoaim/suep2026/2025_ws/install/buff_tracker/include
[33.061s] -- Installing: /home/rm_autoaim/suep2026/2025_ws/install/buff_tracker/include/buff_tracker
[33.062s] -- Installing: /home/rm_autoaim/suep2026/2025_ws/install/buff_tracker/include/buff_tracker/tracker.hpp
[33.062s] -- Installing: /home/rm_autoaim/suep2026/2025_ws/install/buff_tracker/include/buff_tracker/tracker_node.hpp
[33.062s] -- Installing: /home/rm_autoaim/suep2026/2025_ws/install/buff_tracker/include/buff_tracker/gauss_newton_solver.hpp
[33.062s] -- Installing: /home/rm_autoaim/suep2026/2025_ws/install/buff_tracker/include/buff_tracker/extended_kalman_filter.hpp
[33.064s] -- Installing: /home/rm_autoaim/suep2026/2025_ws/install/buff_tracker/share/buff_tracker/environment/library_path.sh
[33.064s] -- Installing: /home/rm_autoaim/suep2026/2025_ws/install/buff_tracker/share/buff_tracker/environment/library_path.dsv
[33.064s] -- Installing: /home/rm_autoaim/suep2026/2025_ws/install/buff_tracker/lib/libbuff_tracker.so
[33.073s] -- Set runtime path of "/home/rm_autoaim/suep2026/2025_ws/install/buff_tracker/lib/libbuff_tracker.so" to ""
[33.073s] -- Installing: /home/rm_autoaim/suep2026/2025_ws/install/buff_tracker/share/ament_index/resource_index/package_run_dependencies/buff_tracker
[33.073s] -- Installing: /home/rm_autoaim/suep2026/2025_ws/install/buff_tracker/share/ament_index/resource_index/parent_prefix_path/buff_tracker
[33.074s] -- Installing: /home/rm_autoaim/suep2026/2025_ws/install/buff_tracker/share/buff_tracker/environment/ament_prefix_path.sh
[33.074s] -- Installing: /home/rm_autoaim/suep2026/2025_ws/install/buff_tracker/share/buff_tracker/environment/ament_prefix_path.dsv
[33.074s] -- Installing: /home/rm_autoaim/suep2026/2025_ws/install/buff_tracker/share/buff_tracker/environment/path.sh
[33.074s] -- Installing: /home/rm_autoaim/suep2026/2025_ws/install/buff_tracker/share/buff_tracker/environment/path.dsv
[33.074s] -- Installing: /home/rm_autoaim/suep2026/2025_ws/install/buff_tracker/share/buff_tracker/local_setup.bash
[33.074s] -- Installing: /home/rm_autoaim/suep2026/2025_ws/install/buff_tracker/share/buff_tracker/local_setup.sh
[33.074s] -- Installing: /home/rm_autoaim/suep2026/2025_ws/install/buff_tracker/share/buff_tracker/local_setup.zsh
[33.074s] -- Installing: /home/rm_autoaim/suep2026/2025_ws/install/buff_tracker/share/buff_tracker/local_setup.dsv
[33.074s] -- Installing: /home/rm_autoaim/suep2026/2025_ws/install/buff_tracker/share/buff_tracker/package.dsv
[33.074s] -- Installing: /home/rm_autoaim/suep2026/2025_ws/install/buff_tracker/share/ament_index/resource_index/packages/buff_tracker
[33.074s] -- Installing: /home/rm_autoaim/suep2026/2025_ws/install/buff_tracker/share/ament_index/resource_index/rclcpp_components/buff_tracker
[33.075s] -- Installing: /home/rm_autoaim/suep2026/2025_ws/install/buff_tracker/share/buff_tracker/cmake/ament_cmake_export_dependencies-extras.cmake
[33.075s] -- Installing: /home/rm_autoaim/suep2026/2025_ws/install/buff_tracker/share/buff_tracker/cmake/ament_cmake_export_include_directories-extras.cmake
[33.075s] -- Installing: /home/rm_autoaim/suep2026/2025_ws/install/buff_tracker/share/buff_tracker/cmake/ament_cmake_export_libraries-extras.cmake
[33.075s] -- Installing: /home/rm_autoaim/suep2026/2025_ws/install/buff_tracker/share/buff_tracker/cmake/buff_trackerConfig.cmake
[33.075s] -- Installing: /home/rm_autoaim/suep2026/2025_ws/install/buff_tracker/share/buff_tracker/cmake/buff_trackerConfig-version.cmake
[33.075s] -- Installing: /home/rm_autoaim/suep2026/2025_ws/install/buff_tracker/share/buff_tracker/package.xml
[33.077s] Invoked command in '/home/rm_autoaim/suep2026/2025_ws/build/buff_tracker' returned '0': CMAKE_PREFIX_PATH=/home/rm_autoaim/suep2026/2025_ws/install/buff_interfaces:/home/rm_autoaim/suep2026/2025_ws/install/rm_vision_bringup:/home/rm_autoaim/suep2026/2025_ws/install/rm_buff_bringup:/home/rm_autoaim/suep2026/2025_ws/install/rm_serial_driver:/home/rm_autoaim/suep2026/2025_ws/install/rm_gimbal_description:/home/rm_autoaim/suep2026/2025_ws/install/rm_buff:/home/rm_autoaim/suep2026/2025_ws/install/rm_auto_record:/home/rm_autoaim/suep2026/2025_ws/install/rm_auto_aim:/home/rm_autoaim/suep2026/2025_ws/install/hik_camera:/home/rm_autoaim/suep2026/2025_ws/install/buff_tracker:/home/rm_autoaim/suep2026/2025_ws/install/buff_detector:/home/rm_autoaim/suep2026/2025_ws/install/armor_tracker:/home/rm_autoaim/suep2026/2025_ws/install/armor_detector:/home/rm_autoaim/suep2026/2025_ws/install/auto_aim_interfaces:/opt/ros/humble LD_LIBRARY_PATH=/home/rm_autoaim/suep2026/2025_ws/install/buff_interfaces/lib:/home/rm_autoaim/suep2026/2025_ws/install/rm_serial_driver/lib:/home/rm_autoaim/suep2026/2025_ws/install/rm_auto_record/lib:/home/rm_autoaim/suep2026/2025_ws/install/hik_camera/lib:/home/rm_autoaim/suep2026/2025_ws/install/buff_tracker/lib:/home/rm_autoaim/suep2026/2025_ws/install/buff_detector/lib:/home/rm_autoaim/suep2026/2025_ws/install/armor_tracker/lib:/home/rm_autoaim/suep2026/2025_ws/install/armor_detector/lib:/home/rm_autoaim/suep2026/2025_ws/install/auto_aim_interfaces/lib:/opt/ros/humble/opt/rviz_ogre_vendor/lib:/opt/ros/humble/lib/x86_64-linux-gnu:/opt/ros/humble/lib:/opt/MVS/lib/64:/opt/MVS/lib/32 /usr/bin/cmake --install /home/rm_autoaim/suep2026/2025_ws/build/buff_tracker
