[0.046s] Invoking command in '/home/rm_autoaim/suep2026/2025_ws/build/armor_detector': CMAKE_PREFIX_PATH=/home/rm_autoaim/suep2026/2025_ws/install/auto_aim_interfaces:/home/rm_autoaim/suep2026/2025_ws/install/rm_vision_bringup:/home/rm_autoaim/suep2026/2025_ws/install/rm_buff_bringup:/home/rm_autoaim/suep2026/2025_ws/install/rm_serial_driver:/home/rm_autoaim/suep2026/2025_ws/install/rm_gimbal_description:/home/rm_autoaim/suep2026/2025_ws/install/rm_buff:/home/rm_autoaim/suep2026/2025_ws/install/rm_auto_record:/home/rm_autoaim/suep2026/2025_ws/install/rm_auto_aim:/home/rm_autoaim/suep2026/2025_ws/install/hik_camera:/home/rm_autoaim/suep2026/2025_ws/install/buff_tracker:/home/rm_autoaim/suep2026/2025_ws/install/buff_detector:/home/rm_autoaim/suep2026/2025_ws/install/buff_interfaces:/home/rm_autoaim/suep2026/2025_ws/install/armor_tracker:/home/rm_autoaim/suep2026/2025_ws/install/armor_detector:/opt/ros/humble LD_LIBRARY_PATH=/home/rm_autoaim/suep2026/2025_ws/install/auto_aim_interfaces/lib:/home/rm_autoaim/suep2026/2025_ws/install/rm_serial_driver/lib:/home/rm_autoaim/suep2026/2025_ws/install/rm_auto_record/lib:/home/rm_autoaim/suep2026/2025_ws/install/hik_camera/lib:/home/rm_autoaim/suep2026/2025_ws/install/buff_tracker/lib:/home/rm_autoaim/suep2026/2025_ws/install/buff_detector/lib:/home/rm_autoaim/suep2026/2025_ws/install/buff_interfaces/lib:/home/rm_autoaim/suep2026/2025_ws/install/armor_tracker/lib:/home/rm_autoaim/suep2026/2025_ws/install/armor_detector/lib:/opt/ros/humble/opt/rviz_ogre_vendor/lib:/opt/ros/humble/lib/x86_64-linux-gnu:/opt/ros/humble/lib:/opt/MVS/lib/64:/opt/MVS/lib/32 /usr/bin/cmake --build /home/rm_autoaim/suep2026/2025_ws/build/armor_detector -- -j8 -l8
[0.178s] [  5%] [32mBuilding CXX object CMakeFiles/armor_detector.dir/src/inference.cpp.o[0m
[0.189s] In file included from [01m[K/home/rm_autoaim/suep2026/2025_ws/src/rm_auto_aim/armor_detector/src/inference.cpp:1[m[K:
[0.190s] [01m[K/opt/intel/openvino_2023.3.0/runtime/include/ie/ie_core.hpp:18:10:[m[K [01;35m[Kwarning: [m[K#warning ("The Inference Engine API is deprecated and will be removed in the 2024.0 release. For instructions on transitioning to the new API, please refer to https://docs.openvino.ai/latest/openvino_2_0_transition_guide.html") [[01;35m[K]8;;https://gcc.gnu.org/onlinedocs/gcc/Warning-Options.html#index-Wcpp-Wcpp]8;;[m[K]
[0.190s]    18 | #        [01;35m[Kwarning[m[K("The Inference Engine API is deprecated and will be removed in the 2024.0 release. For instructions on transitioning to the new API, please refer to https://docs.openvino.ai/latest/openvino_2_0_transition_guide.html")
[0.190s]       |          [01;35m[K^~~~~~~[m[K
[0.315s] In file included from [01m[K/opt/intel/openvino_2023.3.0/runtime/include/ie/ie_icnn_network.hpp:30[m[K,
[0.315s]                  from [01m[K/opt/intel/openvino_2023.3.0/runtime/include/ie/cpp/ie_cnn_network.h:31[m[K,
[0.315s]                  from [01m[K/opt/intel/openvino_2023.3.0/runtime/include/ie/cpp/ie_executable_network.hpp:29[m[K,
[0.315s]                  from [01m[K/opt/intel/openvino_2023.3.0/runtime/include/ie/ie_core.hpp:28[m[K,
[0.315s]                  from [01m[K/home/rm_autoaim/suep2026/2025_ws/src/rm_auto_aim/armor_detector/src/inference.cpp:1[m[K:
[0.316s] [01m[K/opt/intel/openvino_2023.3.0/runtime/include/ngraph/function.hpp:13:10:[m[K [01;35m[Kwarning: [m[K#warning ("The nGraph API is deprecated and will be removed in the 2024.0 release. For instructions on transitioning to the new API, please refer to https://docs.openvino.ai/latest/openvino_2_0_transition_guide.html") [[01;35m[K]8;;https://gcc.gnu.org/onlinedocs/gcc/Warning-Options.html#index-Wcpp-Wcpp]8;;[m[K]
[0.316s]    13 | #        [01;35m[Kwarning[m[K("The nGraph API is deprecated and will be removed in the 2024.0 release. For instructions on transitioning to the new API, please refer to https://docs.openvino.ai/latest/openvino_2_0_transition_guide.html")
[0.316s]       |          [01;35m[K^~~~~~~[m[K
[3.236s] [ 11%] [32m[1mLinking CXX shared library libarmor_detector.so[0m
[4.834s] [ 41%] Built target armor_detector
[4.858s] [ 52%] Built target gtest
[4.882s] [ 64%] Built target gtest_main
[4.909s] [ 76%] Built target armor_detector_node
[4.935s] [ 82%] [32m[1mLinking CXX executable test_number_cls[0m
[5.972s] [ 88%] Built target test_number_cls
[6.003s] [ 94%] [32m[1mLinking CXX executable test_node_startup[0m
[7.356s] [100%] Built target test_node_startup
[7.368s] Invoked command in '/home/rm_autoaim/suep2026/2025_ws/build/armor_detector' returned '0': CMAKE_PREFIX_PATH=/home/rm_autoaim/suep2026/2025_ws/install/auto_aim_interfaces:/home/rm_autoaim/suep2026/2025_ws/install/rm_vision_bringup:/home/rm_autoaim/suep2026/2025_ws/install/rm_buff_bringup:/home/rm_autoaim/suep2026/2025_ws/install/rm_serial_driver:/home/rm_autoaim/suep2026/2025_ws/install/rm_gimbal_description:/home/rm_autoaim/suep2026/2025_ws/install/rm_buff:/home/rm_autoaim/suep2026/2025_ws/install/rm_auto_record:/home/rm_autoaim/suep2026/2025_ws/install/rm_auto_aim:/home/rm_autoaim/suep2026/2025_ws/install/hik_camera:/home/rm_autoaim/suep2026/2025_ws/install/buff_tracker:/home/rm_autoaim/suep2026/2025_ws/install/buff_detector:/home/rm_autoaim/suep2026/2025_ws/install/buff_interfaces:/home/rm_autoaim/suep2026/2025_ws/install/armor_tracker:/home/rm_autoaim/suep2026/2025_ws/install/armor_detector:/opt/ros/humble LD_LIBRARY_PATH=/home/rm_autoaim/suep2026/2025_ws/install/auto_aim_interfaces/lib:/home/rm_autoaim/suep2026/2025_ws/install/rm_serial_driver/lib:/home/rm_autoaim/suep2026/2025_ws/install/rm_auto_record/lib:/home/rm_autoaim/suep2026/2025_ws/install/hik_camera/lib:/home/rm_autoaim/suep2026/2025_ws/install/buff_tracker/lib:/home/rm_autoaim/suep2026/2025_ws/install/buff_detector/lib:/home/rm_autoaim/suep2026/2025_ws/install/buff_interfaces/lib:/home/rm_autoaim/suep2026/2025_ws/install/armor_tracker/lib:/home/rm_autoaim/suep2026/2025_ws/install/armor_detector/lib:/opt/ros/humble/opt/rviz_ogre_vendor/lib:/opt/ros/humble/lib/x86_64-linux-gnu:/opt/ros/humble/lib:/opt/MVS/lib/64:/opt/MVS/lib/32 /usr/bin/cmake --build /home/rm_autoaim/suep2026/2025_ws/build/armor_detector -- -j8 -l8
[7.369s] Invoking command in '/home/rm_autoaim/suep2026/2025_ws/build/armor_detector': CMAKE_PREFIX_PATH=/home/rm_autoaim/suep2026/2025_ws/install/auto_aim_interfaces:/home/rm_autoaim/suep2026/2025_ws/install/rm_vision_bringup:/home/rm_autoaim/suep2026/2025_ws/install/rm_buff_bringup:/home/rm_autoaim/suep2026/2025_ws/install/rm_serial_driver:/home/rm_autoaim/suep2026/2025_ws/install/rm_gimbal_description:/home/rm_autoaim/suep2026/2025_ws/install/rm_buff:/home/rm_autoaim/suep2026/2025_ws/install/rm_auto_record:/home/rm_autoaim/suep2026/2025_ws/install/rm_auto_aim:/home/rm_autoaim/suep2026/2025_ws/install/hik_camera:/home/rm_autoaim/suep2026/2025_ws/install/buff_tracker:/home/rm_autoaim/suep2026/2025_ws/install/buff_detector:/home/rm_autoaim/suep2026/2025_ws/install/buff_interfaces:/home/rm_autoaim/suep2026/2025_ws/install/armor_tracker:/home/rm_autoaim/suep2026/2025_ws/install/armor_detector:/opt/ros/humble LD_LIBRARY_PATH=/home/rm_autoaim/suep2026/2025_ws/install/auto_aim_interfaces/lib:/home/rm_autoaim/suep2026/2025_ws/install/rm_serial_driver/lib:/home/rm_autoaim/suep2026/2025_ws/install/rm_auto_record/lib:/home/rm_autoaim/suep2026/2025_ws/install/hik_camera/lib:/home/rm_autoaim/suep2026/2025_ws/install/buff_tracker/lib:/home/rm_autoaim/suep2026/2025_ws/install/buff_detector/lib:/home/rm_autoaim/suep2026/2025_ws/install/buff_interfaces/lib:/home/rm_autoaim/suep2026/2025_ws/install/armor_tracker/lib:/home/rm_autoaim/suep2026/2025_ws/install/armor_detector/lib:/opt/ros/humble/opt/rviz_ogre_vendor/lib:/opt/ros/humble/lib/x86_64-linux-gnu:/opt/ros/humble/lib:/opt/MVS/lib/64:/opt/MVS/lib/32 /usr/bin/cmake --install /home/rm_autoaim/suep2026/2025_ws/build/armor_detector
[7.377s] -- Install configuration: ""
[7.377s] -- Up-to-date: /home/rm_autoaim/suep2026/2025_ws/install/armor_detector/lib/armor_detector/armor_detector_node
[7.377s] -- Up-to-date: /home/rm_autoaim/suep2026/2025_ws/install/armor_detector/include
[7.377s] -- Up-to-date: /home/rm_autoaim/suep2026/2025_ws/install/armor_detector/include/armor_detector
[7.377s] -- Up-to-date: /home/rm_autoaim/suep2026/2025_ws/install/armor_detector/include/armor_detector/armor.hpp
[7.378s] -- Up-to-date: /home/rm_autoaim/suep2026/2025_ws/install/armor_detector/include/armor_detector/tradition.hpp
[7.378s] -- Up-to-date: /home/rm_autoaim/suep2026/2025_ws/install/armor_detector/include/armor_detector/detector_node.hpp
[7.378s] -- Up-to-date: /home/rm_autoaim/suep2026/2025_ws/install/armor_detector/include/armor_detector/pnp_solver.hpp
[7.378s] -- Up-to-date: /home/rm_autoaim/suep2026/2025_ws/install/armor_detector/include/armor_detector/detector.hpp
[7.378s] -- Up-to-date: /home/rm_autoaim/suep2026/2025_ws/install/armor_detector/include/armor_detector/number_classifier.hpp
[7.378s] -- Up-to-date: /home/rm_autoaim/suep2026/2025_ws/install/armor_detector/share/armor_detector/environment/library_path.sh
[7.378s] -- Up-to-date: /home/rm_autoaim/suep2026/2025_ws/install/armor_detector/share/armor_detector/environment/library_path.dsv
[7.378s] -- Installing: /home/rm_autoaim/suep2026/2025_ws/install/armor_detector/lib/libarmor_detector.so
[7.389s] -- Set runtime path of "/home/rm_autoaim/suep2026/2025_ws/install/armor_detector/lib/libarmor_detector.so" to ""
[7.389s] -- Up-to-date: /home/rm_autoaim/suep2026/2025_ws/install/armor_detector/share/armor_detector/model
[7.389s] -- Up-to-date: /home/rm_autoaim/suep2026/2025_ws/install/armor_detector/share/armor_detector/model/mobilenetv3_last_int_all_new
[7.389s] -- Up-to-date: /home/rm_autoaim/suep2026/2025_ws/install/armor_detector/share/armor_detector/model/mobilenetv3_last_int_all_new/last.xml
[7.389s] -- Up-to-date: /home/rm_autoaim/suep2026/2025_ws/install/armor_detector/share/armor_detector/model/mobilenetv3_last_int_all_new/last.bin
[7.389s] -- Up-to-date: /home/rm_autoaim/suep2026/2025_ws/install/armor_detector/share/armor_detector/model/mobilenetv3_last_int_all_new/metadata.yaml
[7.389s] -- Up-to-date: /home/rm_autoaim/suep2026/2025_ws/install/armor_detector/share/armor_detector/model/label.txt
[7.389s] -- Up-to-date: /home/rm_autoaim/suep2026/2025_ws/install/armor_detector/share/armor_detector/model/mlp.onnx
[7.389s] -- Up-to-date: /home/rm_autoaim/suep2026/2025_ws/install/armor_detector/share/ament_index/resource_index/package_run_dependencies/armor_detector
[7.390s] -- Up-to-date: /home/rm_autoaim/suep2026/2025_ws/install/armor_detector/share/ament_index/resource_index/parent_prefix_path/armor_detector
[7.390s] -- Up-to-date: /home/rm_autoaim/suep2026/2025_ws/install/armor_detector/share/armor_detector/environment/ament_prefix_path.sh
[7.390s] -- Up-to-date: /home/rm_autoaim/suep2026/2025_ws/install/armor_detector/share/armor_detector/environment/ament_prefix_path.dsv
[7.390s] -- Up-to-date: /home/rm_autoaim/suep2026/2025_ws/install/armor_detector/share/armor_detector/environment/path.sh
[7.390s] -- Up-to-date: /home/rm_autoaim/suep2026/2025_ws/install/armor_detector/share/armor_detector/environment/path.dsv
[7.390s] -- Up-to-date: /home/rm_autoaim/suep2026/2025_ws/install/armor_detector/share/armor_detector/local_setup.bash
[7.390s] -- Up-to-date: /home/rm_autoaim/suep2026/2025_ws/install/armor_detector/share/armor_detector/local_setup.sh
[7.390s] -- Up-to-date: /home/rm_autoaim/suep2026/2025_ws/install/armor_detector/share/armor_detector/local_setup.zsh
[7.390s] -- Up-to-date: /home/rm_autoaim/suep2026/2025_ws/install/armor_detector/share/armor_detector/local_setup.dsv
[7.390s] -- Installing: /home/rm_autoaim/suep2026/2025_ws/install/armor_detector/share/armor_detector/package.dsv
[7.390s] -- Up-to-date: /home/rm_autoaim/suep2026/2025_ws/install/armor_detector/share/ament_index/resource_index/packages/armor_detector
[7.390s] -- Up-to-date: /home/rm_autoaim/suep2026/2025_ws/install/armor_detector/share/ament_index/resource_index/rclcpp_components/armor_detector
[7.390s] -- Up-to-date: /home/rm_autoaim/suep2026/2025_ws/install/armor_detector/share/armor_detector/cmake/ament_cmake_export_dependencies-extras.cmake
[7.390s] -- Up-to-date: /home/rm_autoaim/suep2026/2025_ws/install/armor_detector/share/armor_detector/cmake/ament_cmake_export_include_directories-extras.cmake
[7.390s] -- Up-to-date: /home/rm_autoaim/suep2026/2025_ws/install/armor_detector/share/armor_detector/cmake/ament_cmake_export_libraries-extras.cmake
[7.390s] -- Up-to-date: /home/rm_autoaim/suep2026/2025_ws/install/armor_detector/share/armor_detector/cmake/armor_detectorConfig.cmake
[7.391s] -- Up-to-date: /home/rm_autoaim/suep2026/2025_ws/install/armor_detector/share/armor_detector/cmake/armor_detectorConfig-version.cmake
[7.391s] -- Up-to-date: /home/rm_autoaim/suep2026/2025_ws/install/armor_detector/share/armor_detector/package.xml
[7.392s] Invoked command in '/home/rm_autoaim/suep2026/2025_ws/build/armor_detector' returned '0': CMAKE_PREFIX_PATH=/home/rm_autoaim/suep2026/2025_ws/install/auto_aim_interfaces:/home/rm_autoaim/suep2026/2025_ws/install/rm_vision_bringup:/home/rm_autoaim/suep2026/2025_ws/install/rm_buff_bringup:/home/rm_autoaim/suep2026/2025_ws/install/rm_serial_driver:/home/rm_autoaim/suep2026/2025_ws/install/rm_gimbal_description:/home/rm_autoaim/suep2026/2025_ws/install/rm_buff:/home/rm_autoaim/suep2026/2025_ws/install/rm_auto_record:/home/rm_autoaim/suep2026/2025_ws/install/rm_auto_aim:/home/rm_autoaim/suep2026/2025_ws/install/hik_camera:/home/rm_autoaim/suep2026/2025_ws/install/buff_tracker:/home/rm_autoaim/suep2026/2025_ws/install/buff_detector:/home/rm_autoaim/suep2026/2025_ws/install/buff_interfaces:/home/rm_autoaim/suep2026/2025_ws/install/armor_tracker:/home/rm_autoaim/suep2026/2025_ws/install/armor_detector:/opt/ros/humble LD_LIBRARY_PATH=/home/rm_autoaim/suep2026/2025_ws/install/auto_aim_interfaces/lib:/home/rm_autoaim/suep2026/2025_ws/install/rm_serial_driver/lib:/home/rm_autoaim/suep2026/2025_ws/install/rm_auto_record/lib:/home/rm_autoaim/suep2026/2025_ws/install/hik_camera/lib:/home/rm_autoaim/suep2026/2025_ws/install/buff_tracker/lib:/home/rm_autoaim/suep2026/2025_ws/install/buff_detector/lib:/home/rm_autoaim/suep2026/2025_ws/install/buff_interfaces/lib:/home/rm_autoaim/suep2026/2025_ws/install/armor_tracker/lib:/home/rm_autoaim/suep2026/2025_ws/install/armor_detector/lib:/opt/ros/humble/opt/rviz_ogre_vendor/lib:/opt/ros/humble/lib/x86_64-linux-gnu:/opt/ros/humble/lib:/opt/MVS/lib/64:/opt/MVS/lib/32 /usr/bin/cmake --install /home/rm_autoaim/suep2026/2025_ws/build/armor_detector
