[0.024s] Invoking command in '/home/rm_autoaim/suep2026/2025_ws/build/rm_auto_record': CMAKE_PREFIX_PATH=${CMAKE_PREFIX_PATH}:/opt/ros/humble /usr/bin/cmake --build /home/rm_autoaim/suep2026/2025_ws/build/rm_auto_record -- -j8 -l8
[0.097s] [ 50%] Built target rm_auto_record_node
[0.116s] [100%] Built target rm_auto_record
[0.154s] Invoked command in '/home/rm_autoaim/suep2026/2025_ws/build/rm_auto_record' returned '0': CMAKE_PREFIX_PATH=${CMAKE_PREFIX_PATH}:/opt/ros/humble /usr/bin/cmake --build /home/rm_autoaim/suep2026/2025_ws/build/rm_auto_record -- -j8 -l8
[0.155s] Invoking command in '/home/rm_autoaim/suep2026/2025_ws/build/rm_auto_record': CMAKE_PREFIX_PATH=${CMAKE_PREFIX_PATH}:/opt/ros/humble /usr/bin/cmake --install /home/rm_autoaim/suep2026/2025_ws/build/rm_auto_record
[0.180s] -- Install configuration: ""
[0.181s] -- Up-to-date: /home/rm_autoaim/suep2026/2025_ws/install/rm_auto_record/lib/rm_auto_record/rm_auto_record_node
[0.181s] -- Up-to-date: /home/rm_autoaim/suep2026/2025_ws/install/rm_auto_record/include
[0.181s] -- Up-to-date: /home/rm_autoaim/suep2026/2025_ws/install/rm_auto_record/include/rm_auto_record
[0.181s] -- Up-to-date: /home/rm_autoaim/suep2026/2025_ws/install/rm_auto_record/include/rm_auto_record/record_node.hpp
[0.181s] -- Up-to-date: /home/rm_autoaim/suep2026/2025_ws/install/rm_auto_record/share/rm_auto_record/environment/library_path.sh
[0.181s] -- Up-to-date: /home/rm_autoaim/suep2026/2025_ws/install/rm_auto_record/share/rm_auto_record/environment/library_path.dsv
[0.182s] -- Up-to-date: /home/rm_autoaim/suep2026/2025_ws/install/rm_auto_record/lib/librm_auto_record.so
[0.182s] -- Up-to-date: /home/rm_autoaim/suep2026/2025_ws/install/rm_auto_record/share/rm_auto_record/config
[0.182s] -- Up-to-date: /home/rm_autoaim/suep2026/2025_ws/install/rm_auto_record/share/rm_auto_record/config/node_params.yaml
[0.182s] -- Up-to-date: /home/rm_autoaim/suep2026/2025_ws/install/rm_auto_record/share/rm_auto_record/launch
[0.182s] -- Up-to-date: /home/rm_autoaim/suep2026/2025_ws/install/rm_auto_record/share/rm_auto_record/launch/auto_record.launch.py
[0.182s] -- Up-to-date: /home/rm_autoaim/suep2026/2025_ws/install/rm_auto_record/share/ament_index/resource_index/package_run_dependencies/rm_auto_record
[0.182s] -- Up-to-date: /home/rm_autoaim/suep2026/2025_ws/install/rm_auto_record/share/ament_index/resource_index/parent_prefix_path/rm_auto_record
[0.182s] -- Up-to-date: /home/rm_autoaim/suep2026/2025_ws/install/rm_auto_record/share/rm_auto_record/environment/ament_prefix_path.sh
[0.182s] -- Up-to-date: /home/rm_autoaim/suep2026/2025_ws/install/rm_auto_record/share/rm_auto_record/environment/ament_prefix_path.dsv
[0.182s] -- Up-to-date: /home/rm_autoaim/suep2026/2025_ws/install/rm_auto_record/share/rm_auto_record/environment/path.sh
[0.182s] -- Up-to-date: /home/rm_autoaim/suep2026/2025_ws/install/rm_auto_record/share/rm_auto_record/environment/path.dsv
[0.182s] -- Up-to-date: /home/rm_autoaim/suep2026/2025_ws/install/rm_auto_record/share/rm_auto_record/local_setup.bash
[0.182s] -- Up-to-date: /home/rm_autoaim/suep2026/2025_ws/install/rm_auto_record/share/rm_auto_record/local_setup.sh
[0.182s] -- Up-to-date: /home/rm_autoaim/suep2026/2025_ws/install/rm_auto_record/share/rm_auto_record/local_setup.zsh
[0.183s] -- Up-to-date: /home/rm_autoaim/suep2026/2025_ws/install/rm_auto_record/share/rm_auto_record/local_setup.dsv
[0.183s] -- Installing: /home/rm_autoaim/suep2026/2025_ws/install/rm_auto_record/share/rm_auto_record/package.dsv
[0.183s] -- Up-to-date: /home/rm_autoaim/suep2026/2025_ws/install/rm_auto_record/share/ament_index/resource_index/packages/rm_auto_record
[0.183s] -- Up-to-date: /home/rm_autoaim/suep2026/2025_ws/install/rm_auto_record/share/ament_index/resource_index/rclcpp_components/rm_auto_record
[0.183s] -- Up-to-date: /home/rm_autoaim/suep2026/2025_ws/install/rm_auto_record/share/rm_auto_record/cmake/ament_cmake_export_dependencies-extras.cmake
[0.188s] -- Up-to-date: /home/rm_autoaim/suep2026/2025_ws/install/rm_auto_record/share/rm_auto_record/cmake/ament_cmake_export_include_directories-extras.cmake
[0.189s] -- Up-to-date: /home/rm_autoaim/suep2026/2025_ws/install/rm_auto_record/share/rm_auto_record/cmake/ament_cmake_export_libraries-extras.cmake
[0.190s] -- Up-to-date: /home/rm_autoaim/suep2026/2025_ws/install/rm_auto_record/share/rm_auto_record/cmake/rm_auto_recordConfig.cmake
[0.190s] -- Up-to-date: /home/rm_autoaim/suep2026/2025_ws/install/rm_auto_record/share/rm_auto_record/cmake/rm_auto_recordConfig-version.cmake
[0.190s] -- Up-to-date: /home/rm_autoaim/suep2026/2025_ws/install/rm_auto_record/share/rm_auto_record/package.xml
[0.190s] Invoked command in '/home/rm_autoaim/suep2026/2025_ws/build/rm_auto_record' returned '0': CMAKE_PREFIX_PATH=${CMAKE_PREFIX_PATH}:/opt/ros/humble /usr/bin/cmake --install /home/rm_autoaim/suep2026/2025_ws/build/rm_auto_record
